2026-03-26 17:38:05,559  Run ID        : 20260326_173805
2026-03-26 17:38:05,559  Args          : {'network': 'MK_UNet_GIK', 'train_path': './data/polyp/target/ClinicDB/train', 'test_path': './data/polyp/target/ClinicDB/test', 'save_path': './snapshots/', 'plot_root': './plots', 'num_vis_samples': 4, 'ckpt_freq': 5, 'epoch': 100, 'batch_size': 16, 'lr': 0.0001, 'min_lr': 1e-06, 'weight_decay': 0.0001, 'clip': 0.5, 'trainsize': 352, 'val_freq': 5, 'channels': [8, 16, 32, 64, 128], 'kernels': [3, 5, 7], 'expand_ratio': 2.0, 'num_workers': 4, 'num_classes': 1, 'in_channels': 3, 'run_id': '20260326_173805'}
2026-03-26 17:38:05,559  Plot root     : ./plots
2026-03-26 17:38:05,559  Ckpt freq     : every 5 epochs
2026-03-26 17:38:09,433  #Params       : 194,234  (0.194 M)
2026-03-26 17:38:20,639  [Train] Epoch [001/100] Step [0031/0031] Loss: 3.0198
2026-03-26 17:38:22,303  [Vis] Train grid saved → ./plots/20260326_173805/train/epoch_001.png
2026-03-26 17:38:32,350  [Train] Epoch [002/100] Step [0031/0031] Loss: 2.9138
2026-03-26 17:38:33,804  [Vis] Train grid saved → ./plots/20260326_173805/train/epoch_002.png
2026-03-26 17:38:43,756  [Train] Epoch [003/100] Step [0031/0031] Loss: 2.8314
2026-03-26 17:38:45,328  [Vis] Train grid saved → ./plots/20260326_173805/train/epoch_003.png
2026-03-26 17:38:55,320  [Train] Epoch [004/100] Step [0031/0031] Loss: 2.7663
2026-03-26 17:38:56,778  [Vis] Train grid saved → ./plots/20260326_173805/train/epoch_004.png
2026-03-26 17:39:06,787  [Train] Epoch [005/100] Step [0031/0031] Loss: 2.7156
2026-03-26 17:39:08,375  [Vis] Train grid saved → ./plots/20260326_173805/train/epoch_005.png
2026-03-26 17:39:08,504  [Ckpt] Periodic checkpoint → ./snapshots/MK_UNet_GIK/20260326_173805/ckpt_epoch_005.pth
2026-03-26 17:39:18,045  [Vis] Val grid saved → ./plots/20260326_173805/val/epoch_005.png
2026-03-26 17:39:18,047  [Val] Epoch [005/100] Dice = 0.2986  (best = 0.0000)
2026-03-26 17:39:18,114  [Ckpt] Best model saved → ./snapshots/MK_UNet_GIK/20260326_173805/best.pth
2026-03-26 17:39:28,059  [Train] Epoch [006/100] Step [0031/0031] Loss: 2.6746
2026-03-26 17:39:29,669  [Vis] Train grid saved → ./plots/20260326_173805/train/epoch_006.png
2026-03-26 17:39:39,682  [Train] Epoch [007/100] Step [0031/0031] Loss: 2.6370
2026-03-26 17:39:41,194  [Vis] Train grid saved → ./plots/20260326_173805/train/epoch_007.png
2026-03-26 17:39:51,157  [Train] Epoch [008/100] Step [0031/0031] Loss: 2.5983
2026-03-26 17:39:52,741  [Vis] Train grid saved → ./plots/20260326_173805/train/epoch_008.png
2026-03-26 17:40:02,755  [Train] Epoch [009/100] Step [0031/0031] Loss: 2.5652
2026-03-26 17:40:04,220  [Vis] Train grid saved → ./plots/20260326_173805/train/epoch_009.png
2026-03-26 17:40:14,224  [Train] Epoch [010/100] Step [0031/0031] Loss: 2.5238
2026-03-26 17:40:15,822  [Vis] Train grid saved → ./plots/20260326_173805/train/epoch_010.png
2026-03-26 17:40:15,922  [Ckpt] Periodic checkpoint → ./snapshots/MK_UNet_GIK/20260326_173805/ckpt_epoch_010.pth
2026-03-26 17:40:25,386  [Vis] Val grid saved → ./plots/20260326_173805/val/epoch_010.png
2026-03-26 17:40:25,387  [Val] Epoch [010/100] Dice = 0.3241  (best = 0.2986)
2026-03-26 17:40:25,431  [Ckpt] Best model saved → ./snapshots/MK_UNet_GIK/20260326_173805/best.pth
2026-03-26 17:40:35,378  [Train] Epoch [011/100] Step [0031/0031] Loss: 2.4969
2026-03-26 17:40:36,996  [Vis] Train grid saved → ./plots/20260326_173805/train/epoch_011.png
2026-03-26 17:40:47,000  [Train] Epoch [012/100] Step [0031/0031] Loss: 2.4633
2026-03-26 17:40:48,491  [Vis] Train grid saved → ./plots/20260326_173805/train/epoch_012.png
2026-03-26 17:40:58,483  [Train] Epoch [013/100] Step [0031/0031] Loss: 2.4303
2026-03-26 17:41:00,037  [Vis] Train grid saved → ./plots/20260326_173805/train/epoch_013.png
2026-03-26 17:41:10,021  [Train] Epoch [014/100] Step [0031/0031] Loss: 2.3944
2026-03-26 17:41:11,485  [Vis] Train grid saved → ./plots/20260326_173805/train/epoch_014.png
2026-03-26 17:41:21,502  [Train] Epoch [015/100] Step [0031/0031] Loss: 2.3622
2026-03-26 17:41:23,070  [Vis] Train grid saved → ./plots/20260326_173805/train/epoch_015.png
2026-03-26 17:41:23,182  [Ckpt] Periodic checkpoint → ./snapshots/MK_UNet_GIK/20260326_173805/ckpt_epoch_015.pth
2026-03-26 17:41:32,633  [Vis] Val grid saved → ./plots/20260326_173805/val/epoch_015.png
2026-03-26 17:41:32,633  [Val] Epoch [015/100] Dice = 0.4147  (best = 0.3241)
2026-03-26 17:41:32,672  [Ckpt] Best model saved → ./snapshots/MK_UNet_GIK/20260326_173805/best.pth
2026-03-26 17:41:42,603  [Train] Epoch [016/100] Step [0031/0031] Loss: 2.3133
2026-03-26 17:41:44,144  [Vis] Train grid saved → ./plots/20260326_173805/train/epoch_016.png
2026-03-26 17:41:54,152  [Train] Epoch [017/100] Step [0031/0031] Loss: 2.2751
2026-03-26 17:41:55,586  [Vis] Train grid saved → ./plots/20260326_173805/train/epoch_017.png
2026-03-26 17:42:05,541  [Train] Epoch [018/100] Step [0031/0031] Loss: 2.2306
2026-03-26 17:42:07,092  [Vis] Train grid saved → ./plots/20260326_173805/train/epoch_018.png
2026-03-26 17:42:17,055  [Train] Epoch [019/100] Step [0031/0031] Loss: 2.1581
2026-03-26 17:42:18,542  [Vis] Train grid saved → ./plots/20260326_173805/train/epoch_019.png
2026-03-26 17:42:28,511  [Train] Epoch [020/100] Step [0031/0031] Loss: 2.0876
2026-03-26 17:42:29,992  [Vis] Train grid saved → ./plots/20260326_173805/train/epoch_020.png
2026-03-26 17:42:30,204  [Ckpt] Periodic checkpoint → ./snapshots/MK_UNet_GIK/20260326_173805/ckpt_epoch_020.pth
2026-03-26 17:42:39,610  [Vis] Val grid saved → ./plots/20260326_173805/val/epoch_020.png
2026-03-26 17:42:39,611  [Val] Epoch [020/100] Dice = 0.6404  (best = 0.4147)
2026-03-26 17:42:39,652  [Ckpt] Best model saved → ./snapshots/MK_UNet_GIK/20260326_173805/best.pth
2026-03-26 17:42:49,595  [Train] Epoch [021/100] Step [0031/0031] Loss: 1.9742
2026-03-26 17:42:51,074  [Vis] Train grid saved → ./plots/20260326_173805/train/epoch_021.png
2026-03-26 17:43:01,024  [Train] Epoch [022/100] Step [0031/0031] Loss: 1.8238
2026-03-26 17:43:02,590  [Vis] Train grid saved → ./plots/20260326_173805/train/epoch_022.png
2026-03-26 17:43:12,549  [Train] Epoch [023/100] Step [0031/0031] Loss: 1.5557
2026-03-26 17:43:14,050  [Vis] Train grid saved → ./plots/20260326_173805/train/epoch_023.png
2026-03-26 17:43:24,022  [Train] Epoch [024/100] Step [0031/0031] Loss: 1.3359
2026-03-26 17:43:25,548  [Vis] Train grid saved → ./plots/20260326_173805/train/epoch_024.png
2026-03-26 17:43:35,609  [Train] Epoch [025/100] Step [0031/0031] Loss: 1.2970
2026-03-26 17:43:37,055  [Vis] Train grid saved → ./plots/20260326_173805/train/epoch_025.png
2026-03-26 17:43:37,171  [Ckpt] Periodic checkpoint → ./snapshots/MK_UNet_GIK/20260326_173805/ckpt_epoch_025.pth
2026-03-26 17:43:46,664  [Vis] Val grid saved → ./plots/20260326_173805/val/epoch_025.png
2026-03-26 17:43:46,664  [Val] Epoch [025/100] Dice = 0.7324  (best = 0.6404)
2026-03-26 17:43:46,710  [Ckpt] Best model saved → ./snapshots/MK_UNet_GIK/20260326_173805/best.pth
2026-03-26 17:43:56,649  [Train] Epoch [026/100] Step [0031/0031] Loss: 1.2026
2026-03-26 17:43:58,074  [Vis] Train grid saved → ./plots/20260326_173805/train/epoch_026.png
2026-03-26 17:44:08,037  [Train] Epoch [027/100] Step [0031/0031] Loss: 1.1674
2026-03-26 17:44:09,606  [Vis] Train grid saved → ./plots/20260326_173805/train/epoch_027.png
2026-03-26 17:44:19,663  [Train] Epoch [028/100] Step [0031/0031] Loss: 1.1130
2026-03-26 17:44:21,151  [Vis] Train grid saved → ./plots/20260326_173805/train/epoch_028.png
2026-03-26 17:44:31,154  [Train] Epoch [029/100] Step [0031/0031] Loss: 1.0464
2026-03-26 17:44:32,702  [Vis] Train grid saved → ./plots/20260326_173805/train/epoch_029.png
2026-03-26 17:44:42,706  [Train] Epoch [030/100] Step [0031/0031] Loss: 1.0282
2026-03-26 17:44:44,147  [Vis] Train grid saved → ./plots/20260326_173805/train/epoch_030.png
2026-03-26 17:44:44,244  [Ckpt] Periodic checkpoint → ./snapshots/MK_UNet_GIK/20260326_173805/ckpt_epoch_030.pth
2026-03-26 17:44:53,761  [Vis] Val grid saved → ./plots/20260326_173805/val/epoch_030.png
2026-03-26 17:44:53,762  [Val] Epoch [030/100] Dice = 0.8410  (best = 0.7324)
2026-03-26 17:44:53,807  [Ckpt] Best model saved → ./snapshots/MK_UNet_GIK/20260326_173805/best.pth
2026-03-26 17:45:03,804  [Train] Epoch [031/100] Step [0031/0031] Loss: 1.0007
2026-03-26 17:45:05,273  [Vis] Train grid saved → ./plots/20260326_173805/train/epoch_031.png
2026-03-26 17:45:15,254  [Train] Epoch [032/100] Step [0031/0031] Loss: 0.9461
2026-03-26 17:45:16,772  [Vis] Train grid saved → ./plots/20260326_173805/train/epoch_032.png
2026-03-26 17:45:26,761  [Train] Epoch [033/100] Step [0031/0031] Loss: 0.9276
2026-03-26 17:45:28,190  [Vis] Train grid saved → ./plots/20260326_173805/train/epoch_033.png
2026-03-26 17:45:38,157  [Train] Epoch [034/100] Step [0031/0031] Loss: 0.9202
2026-03-26 17:45:39,686  [Vis] Train grid saved → ./plots/20260326_173805/train/epoch_034.png
2026-03-26 17:45:49,663  [Train] Epoch [035/100] Step [0031/0031] Loss: 0.8944
2026-03-26 17:45:51,079  [Vis] Train grid saved → ./plots/20260326_173805/train/epoch_035.png
2026-03-26 17:45:51,170  [Ckpt] Periodic checkpoint → ./snapshots/MK_UNet_GIK/20260326_173805/ckpt_epoch_035.pth
2026-03-26 17:46:00,693  [Vis] Val grid saved → ./plots/20260326_173805/val/epoch_035.png
2026-03-26 17:46:00,694  [Val] Epoch [035/100] Dice = 0.8697  (best = 0.8410)
2026-03-26 17:46:00,762  [Ckpt] Best model saved → ./snapshots/MK_UNet_GIK/20260326_173805/best.pth
2026-03-26 17:46:10,723  [Train] Epoch [036/100] Step [0031/0031] Loss: 0.8680
2026-03-26 17:46:12,163  [Vis] Train grid saved → ./plots/20260326_173805/train/epoch_036.png
2026-03-26 17:46:22,188  [Train] Epoch [037/100] Step [0031/0031] Loss: 0.8129
2026-03-26 17:46:23,673  [Vis] Train grid saved → ./plots/20260326_173805/train/epoch_037.png
2026-03-26 17:46:33,702  [Train] Epoch [038/100] Step [0031/0031] Loss: 0.8133
2026-03-26 17:46:35,109  [Vis] Train grid saved → ./plots/20260326_173805/train/epoch_038.png
2026-03-26 17:46:45,078  [Train] Epoch [039/100] Step [0031/0031] Loss: 0.8257
2026-03-26 17:46:46,625  [Vis] Train grid saved → ./plots/20260326_173805/train/epoch_039.png
2026-03-26 17:46:56,695  [Train] Epoch [040/100] Step [0031/0031] Loss: 0.8031
2026-03-26 17:46:58,138  [Vis] Train grid saved → ./plots/20260326_173805/train/epoch_040.png
2026-03-26 17:46:58,243  [Ckpt] Periodic checkpoint → ./snapshots/MK_UNet_GIK/20260326_173805/ckpt_epoch_040.pth
2026-03-26 17:47:07,776  [Vis] Val grid saved → ./plots/20260326_173805/val/epoch_040.png
2026-03-26 17:47:07,777  [Val] Epoch [040/100] Dice = 0.9011  (best = 0.8697)
2026-03-26 17:47:07,831  [Ckpt] Best model saved → ./snapshots/MK_UNet_GIK/20260326_173805/best.pth
2026-03-26 17:47:17,772  [Train] Epoch [041/100] Step [0031/0031] Loss: 0.8018
2026-03-26 17:47:19,184  [Vis] Train grid saved → ./plots/20260326_173805/train/epoch_041.png
2026-03-26 17:47:29,142  [Train] Epoch [042/100] Step [0031/0031] Loss: 0.7643
2026-03-26 17:47:30,647  [Vis] Train grid saved → ./plots/20260326_173805/train/epoch_042.png
2026-03-26 17:47:40,679  [Train] Epoch [043/100] Step [0031/0031] Loss: 0.7542
2026-03-26 17:47:42,106  [Vis] Train grid saved → ./plots/20260326_173805/train/epoch_043.png
2026-03-26 17:47:52,068  [Train] Epoch [044/100] Step [0031/0031] Loss: 0.7689
2026-03-26 17:47:53,560  [Vis] Train grid saved → ./plots/20260326_173805/train/epoch_044.png
2026-03-26 17:48:03,576  [Train] Epoch [045/100] Step [0031/0031] Loss: 0.7265
2026-03-26 17:48:05,001  [Vis] Train grid saved → ./plots/20260326_173805/train/epoch_045.png
2026-03-26 17:48:05,107  [Ckpt] Periodic checkpoint → ./snapshots/MK_UNet_GIK/20260326_173805/ckpt_epoch_045.pth
2026-03-26 17:48:14,446  [Vis] Val grid saved → ./plots/20260326_173805/val/epoch_045.png
2026-03-26 17:48:14,447  [Val] Epoch [045/100] Dice = 0.9132  (best = 0.9011)
2026-03-26 17:48:14,577  [Ckpt] Best model saved → ./snapshots/MK_UNet_GIK/20260326_173805/best.pth
2026-03-26 17:48:24,555  [Train] Epoch [046/100] Step [0031/0031] Loss: 0.7260
2026-03-26 17:48:25,971  [Vis] Train grid saved → ./plots/20260326_173805/train/epoch_046.png
2026-03-26 17:48:35,977  [Train] Epoch [047/100] Step [0031/0031] Loss: 0.7011
2026-03-26 17:48:37,378  [Vis] Train grid saved → ./plots/20260326_173805/train/epoch_047.png
2026-03-26 17:48:47,490  [Train] Epoch [048/100] Step [0031/0031] Loss: 0.7119
2026-03-26 17:48:48,885  [Vis] Train grid saved → ./plots/20260326_173805/train/epoch_048.png
2026-03-26 17:48:58,851  [Train] Epoch [049/100] Step [0031/0031] Loss: 0.6904
2026-03-26 17:49:00,285  [Vis] Train grid saved → ./plots/20260326_173805/train/epoch_049.png
2026-03-26 17:49:10,279  [Train] Epoch [050/100] Step [0031/0031] Loss: 0.6741
2026-03-26 17:49:11,792  [Vis] Train grid saved → ./plots/20260326_173805/train/epoch_050.png
2026-03-26 17:49:11,882  [Ckpt] Periodic checkpoint → ./snapshots/MK_UNet_GIK/20260326_173805/ckpt_epoch_050.pth
2026-03-26 17:49:21,257  [Vis] Val grid saved → ./plots/20260326_173805/val/epoch_050.png
2026-03-26 17:49:21,257  [Val] Epoch [050/100] Dice = 0.9109  (best = 0.9132)
2026-03-26 17:49:31,214  [Train] Epoch [051/100] Step [0031/0031] Loss: 0.6848
2026-03-26 17:49:32,696  [Vis] Train grid saved → ./plots/20260326_173805/train/epoch_051.png
2026-03-26 17:49:42,658  [Train] Epoch [052/100] Step [0031/0031] Loss: 0.6656
2026-03-26 17:49:44,102  [Vis] Train grid saved → ./plots/20260326_173805/train/epoch_052.png
2026-03-26 17:49:54,079  [Train] Epoch [053/100] Step [0031/0031] Loss: 0.6636
2026-03-26 17:49:55,609  [Vis] Train grid saved → ./plots/20260326_173805/train/epoch_053.png
2026-03-26 17:50:05,578  [Train] Epoch [054/100] Step [0031/0031] Loss: 0.6622
2026-03-26 17:50:07,004  [Vis] Train grid saved → ./plots/20260326_173805/train/epoch_054.png
2026-03-26 17:50:17,031  [Train] Epoch [055/100] Step [0031/0031] Loss: 0.6235
2026-03-26 17:50:18,580  [Vis] Train grid saved → ./plots/20260326_173805/train/epoch_055.png
2026-03-26 17:50:18,711  [Ckpt] Periodic checkpoint → ./snapshots/MK_UNet_GIK/20260326_173805/ckpt_epoch_055.pth
2026-03-26 17:50:28,156  [Vis] Val grid saved → ./plots/20260326_173805/val/epoch_055.png
2026-03-26 17:50:28,157  [Val] Epoch [055/100] Dice = 0.9172  (best = 0.9132)
2026-03-26 17:50:28,205  [Ckpt] Best model saved → ./snapshots/MK_UNet_GIK/20260326_173805/best.pth
2026-03-26 17:50:38,141  [Train] Epoch [056/100] Step [0031/0031] Loss: 0.6481
2026-03-26 17:50:39,766  [Vis] Train grid saved → ./plots/20260326_173805/train/epoch_056.png
2026-03-26 17:50:49,778  [Train] Epoch [057/100] Step [0031/0031] Loss: 0.6246
2026-03-26 17:50:51,183  [Vis] Train grid saved → ./plots/20260326_173805/train/epoch_057.png
2026-03-26 17:51:01,137  [Train] Epoch [058/100] Step [0031/0031] Loss: 0.6149
2026-03-26 17:51:02,637  [Vis] Train grid saved → ./plots/20260326_173805/train/epoch_058.png
2026-03-26 17:51:12,601  [Train] Epoch [059/100] Step [0031/0031] Loss: 0.6295
2026-03-26 17:51:14,035  [Vis] Train grid saved → ./plots/20260326_173805/train/epoch_059.png
2026-03-26 17:51:24,010  [Train] Epoch [060/100] Step [0031/0031] Loss: 0.6131
2026-03-26 17:51:25,557  [Vis] Train grid saved → ./plots/20260326_173805/train/epoch_060.png
2026-03-26 17:51:25,704  [Ckpt] Periodic checkpoint → ./snapshots/MK_UNet_GIK/20260326_173805/ckpt_epoch_060.pth
2026-03-26 17:51:35,085  [Vis] Val grid saved → ./plots/20260326_173805/val/epoch_060.png
2026-03-26 17:51:35,086  [Val] Epoch [060/100] Dice = 0.9297  (best = 0.9172)
2026-03-26 17:51:35,135  [Ckpt] Best model saved → ./snapshots/MK_UNet_GIK/20260326_173805/best.pth
2026-03-26 17:51:45,113  [Train] Epoch [061/100] Step [0031/0031] Loss: 0.6081
2026-03-26 17:51:46,666  [Vis] Train grid saved → ./plots/20260326_173805/train/epoch_061.png
2026-03-26 17:51:56,658  [Train] Epoch [062/100] Step [0031/0031] Loss: 0.6143
2026-03-26 17:51:58,072  [Vis] Train grid saved → ./plots/20260326_173805/train/epoch_062.png
2026-03-26 17:52:08,051  [Train] Epoch [063/100] Step [0031/0031] Loss: 0.6063
2026-03-26 17:52:09,594  [Vis] Train grid saved → ./plots/20260326_173805/train/epoch_063.png
2026-03-26 17:52:19,566  [Train] Epoch [064/100] Step [0031/0031] Loss: 0.6010
2026-03-26 17:52:21,007  [Vis] Train grid saved → ./plots/20260326_173805/train/epoch_064.png
2026-03-26 17:52:30,983  [Train] Epoch [065/100] Step [0031/0031] Loss: 0.5844
2026-03-26 17:52:32,567  [Vis] Train grid saved → ./plots/20260326_173805/train/epoch_065.png
2026-03-26 17:52:32,747  [Ckpt] Periodic checkpoint → ./snapshots/MK_UNet_GIK/20260326_173805/ckpt_epoch_065.pth
2026-03-26 17:52:42,227  [Vis] Val grid saved → ./plots/20260326_173805/val/epoch_065.png
2026-03-26 17:52:42,228  [Val] Epoch [065/100] Dice = 0.9318  (best = 0.9297)
2026-03-26 17:52:42,294  [Ckpt] Best model saved → ./snapshots/MK_UNet_GIK/20260326_173805/best.pth
2026-03-26 17:52:52,289  [Train] Epoch [066/100] Step [0031/0031] Loss: 0.5812
2026-03-26 17:52:53,826  [Vis] Train grid saved → ./plots/20260326_173805/train/epoch_066.png
2026-03-26 17:53:03,848  [Train] Epoch [067/100] Step [0031/0031] Loss: 0.5909
2026-03-26 17:53:05,264  [Vis] Train grid saved → ./plots/20260326_173805/train/epoch_067.png
2026-03-26 17:53:15,236  [Train] Epoch [068/100] Step [0031/0031] Loss: 0.5857
2026-03-26 17:53:16,762  [Vis] Train grid saved → ./plots/20260326_173805/train/epoch_068.png
2026-03-26 17:53:26,788  [Train] Epoch [069/100] Step [0031/0031] Loss: 0.5802
2026-03-26 17:53:28,208  [Vis] Train grid saved → ./plots/20260326_173805/train/epoch_069.png
2026-03-26 17:53:38,177  [Train] Epoch [070/100] Step [0031/0031] Loss: 0.5637
2026-03-26 17:53:39,638  [Vis] Train grid saved → ./plots/20260326_173805/train/epoch_070.png
2026-03-26 17:53:39,833  [Ckpt] Periodic checkpoint → ./snapshots/MK_UNet_GIK/20260326_173805/ckpt_epoch_070.pth
2026-03-26 17:53:49,267  [Vis] Val grid saved → ./plots/20260326_173805/val/epoch_070.png
2026-03-26 17:53:49,267  [Val] Epoch [070/100] Dice = 0.9423  (best = 0.9318)
2026-03-26 17:53:49,344  [Ckpt] Best model saved → ./snapshots/MK_UNet_GIK/20260326_173805/best.pth
2026-03-26 17:53:59,322  [Train] Epoch [071/100] Step [0031/0031] Loss: 0.5554
2026-03-26 17:54:00,782  [Vis] Train grid saved → ./plots/20260326_173805/train/epoch_071.png
2026-03-26 17:54:10,865  [Train] Epoch [072/100] Step [0031/0031] Loss: 0.5691
2026-03-26 17:54:12,267  [Vis] Train grid saved → ./plots/20260326_173805/train/epoch_072.png
2026-03-26 17:54:22,221  [Train] Epoch [073/100] Step [0031/0031] Loss: 0.5364
2026-03-26 17:54:23,652  [Vis] Train grid saved → ./plots/20260326_173805/train/epoch_073.png
2026-03-26 17:54:33,707  [Train] Epoch [074/100] Step [0031/0031] Loss: 0.5565
2026-03-26 17:54:35,272  [Vis] Train grid saved → ./plots/20260326_173805/train/epoch_074.png
2026-03-26 17:54:45,294  [Train] Epoch [075/100] Step [0031/0031] Loss: 0.5504
2026-03-26 17:54:46,733  [Vis] Train grid saved → ./plots/20260326_173805/train/epoch_075.png
2026-03-26 17:54:46,839  [Ckpt] Periodic checkpoint → ./snapshots/MK_UNet_GIK/20260326_173805/ckpt_epoch_075.pth
2026-03-26 17:54:56,361  [Vis] Val grid saved → ./plots/20260326_173805/val/epoch_075.png
2026-03-26 17:54:56,361  [Val] Epoch [075/100] Dice = 0.9448  (best = 0.9423)
2026-03-26 17:54:56,425  [Ckpt] Best model saved → ./snapshots/MK_UNet_GIK/20260326_173805/best.pth
2026-03-26 17:55:06,357  [Train] Epoch [076/100] Step [0031/0031] Loss: 0.5367
2026-03-26 17:55:07,772  [Vis] Train grid saved → ./plots/20260326_173805/train/epoch_076.png
2026-03-26 17:55:17,741  [Train] Epoch [077/100] Step [0031/0031] Loss: 0.5543
2026-03-26 17:55:19,282  [Vis] Train grid saved → ./plots/20260326_173805/train/epoch_077.png
2026-03-26 17:55:29,304  [Train] Epoch [078/100] Step [0031/0031] Loss: 0.5346
2026-03-26 17:55:31,164  [Vis] Train grid saved → ./plots/20260326_173805/train/epoch_078.png
2026-03-26 17:55:41,196  [Train] Epoch [079/100] Step [0031/0031] Loss: 0.5132
2026-03-26 17:55:42,692  [Vis] Train grid saved → ./plots/20260326_173805/train/epoch_079.png
2026-03-26 17:55:52,672  [Train] Epoch [080/100] Step [0031/0031] Loss: 0.5428
2026-03-26 17:55:54,085  [Vis] Train grid saved → ./plots/20260326_173805/train/epoch_080.png
2026-03-26 17:55:54,202  [Ckpt] Periodic checkpoint → ./snapshots/MK_UNet_GIK/20260326_173805/ckpt_epoch_080.pth
2026-03-26 17:56:03,714  [Vis] Val grid saved → ./plots/20260326_173805/val/epoch_080.png
2026-03-26 17:56:03,714  [Val] Epoch [080/100] Dice = 0.9466  (best = 0.9448)
2026-03-26 17:56:03,798  [Ckpt] Best model saved → ./snapshots/MK_UNet_GIK/20260326_173805/best.pth
2026-03-26 17:56:13,775  [Train] Epoch [081/100] Step [0031/0031] Loss: 0.5473
2026-03-26 17:56:15,287  [Vis] Train grid saved → ./plots/20260326_173805/train/epoch_081.png
2026-03-26 17:56:25,244  [Train] Epoch [082/100] Step [0031/0031] Loss: 0.5293
2026-03-26 17:56:26,751  [Vis] Train grid saved → ./plots/20260326_173805/train/epoch_082.png
2026-03-26 17:56:36,707  [Train] Epoch [083/100] Step [0031/0031] Loss: 0.5433
2026-03-26 17:56:38,140  [Vis] Train grid saved → ./plots/20260326_173805/train/epoch_083.png
2026-03-26 17:56:48,108  [Train] Epoch [084/100] Step [0031/0031] Loss: 0.5339
2026-03-26 17:56:49,620  [Vis] Train grid saved → ./plots/20260326_173805/train/epoch_084.png
2026-03-26 17:56:59,646  [Train] Epoch [085/100] Step [0031/0031] Loss: 0.5286
2026-03-26 17:57:01,090  [Vis] Train grid saved → ./plots/20260326_173805/train/epoch_085.png
2026-03-26 17:57:01,215  [Ckpt] Periodic checkpoint → ./snapshots/MK_UNet_GIK/20260326_173805/ckpt_epoch_085.pth
2026-03-26 17:57:10,700  [Vis] Val grid saved → ./plots/20260326_173805/val/epoch_085.png
2026-03-26 17:57:10,701  [Val] Epoch [085/100] Dice = 0.9449  (best = 0.9466)
2026-03-26 17:57:20,663  [Train] Epoch [086/100] Step [0031/0031] Loss: 0.5193
2026-03-26 17:57:22,102  [Vis] Train grid saved → ./plots/20260326_173805/train/epoch_086.png
2026-03-26 17:57:32,136  [Train] Epoch [087/100] Step [0031/0031] Loss: 0.5347
2026-03-26 17:57:33,664  [Vis] Train grid saved → ./plots/20260326_173805/train/epoch_087.png
2026-03-26 17:57:43,676  [Train] Epoch [088/100] Step [0031/0031] Loss: 0.5230
2026-03-26 17:57:45,079  [Vis] Train grid saved → ./plots/20260326_173805/train/epoch_088.png
2026-03-26 17:57:55,045  [Train] Epoch [089/100] Step [0031/0031] Loss: 0.5298
2026-03-26 17:57:56,571  [Vis] Train grid saved → ./plots/20260326_173805/train/epoch_089.png
2026-03-26 17:58:06,590  [Train] Epoch [090/100] Step [0031/0031] Loss: 0.5194
2026-03-26 17:58:08,010  [Vis] Train grid saved → ./plots/20260326_173805/train/epoch_090.png
2026-03-26 17:58:08,189  [Ckpt] Periodic checkpoint → ./snapshots/MK_UNet_GIK/20260326_173805/ckpt_epoch_090.pth
2026-03-26 17:58:17,733  [Vis] Val grid saved → ./plots/20260326_173805/val/epoch_090.png
2026-03-26 17:58:17,733  [Val] Epoch [090/100] Dice = 0.9496  (best = 0.9466)
2026-03-26 17:58:17,780  [Ckpt] Best model saved → ./snapshots/MK_UNet_GIK/20260326_173805/best.pth
2026-03-26 17:58:27,715  [Train] Epoch [091/100] Step [0031/0031] Loss: 0.5304
2026-03-26 17:58:29,139  [Vis] Train grid saved → ./plots/20260326_173805/train/epoch_091.png
2026-03-26 17:58:39,114  [Train] Epoch [092/100] Step [0031/0031] Loss: 0.5280
2026-03-26 17:58:40,641  [Vis] Train grid saved → ./plots/20260326_173805/train/epoch_092.png
2026-03-26 17:58:50,660  [Train] Epoch [093/100] Step [0031/0031] Loss: 0.5284
2026-03-26 17:58:52,068  [Vis] Train grid saved → ./plots/20260326_173805/train/epoch_093.png
2026-03-26 17:59:02,031  [Train] Epoch [094/100] Step [0031/0031] Loss: 0.5112
2026-03-26 17:59:03,430  [Vis] Train grid saved → ./plots/20260326_173805/train/epoch_094.png
2026-03-26 17:59:13,553  [Train] Epoch [095/100] Step [0031/0031] Loss: 0.5151
2026-03-26 17:59:15,105  [Vis] Train grid saved → ./plots/20260326_173805/train/epoch_095.png
2026-03-26 17:59:15,217  [Ckpt] Periodic checkpoint → ./snapshots/MK_UNet_GIK/20260326_173805/ckpt_epoch_095.pth
2026-03-26 17:59:24,739  [Vis] Val grid saved → ./plots/20260326_173805/val/epoch_095.png
2026-03-26 17:59:24,740  [Val] Epoch [095/100] Dice = 0.9480  (best = 0.9496)
2026-03-26 17:59:34,846  [Train] Epoch [096/100] Step [0031/0031] Loss: 0.5181
2026-03-26 17:59:36,319  [Vis] Train grid saved → ./plots/20260326_173805/train/epoch_096.png
2026-03-26 17:59:46,358  [Train] Epoch [097/100] Step [0031/0031] Loss: 0.5213
2026-03-26 17:59:47,795  [Vis] Train grid saved → ./plots/20260326_173805/train/epoch_097.png
2026-03-26 17:59:57,773  [Train] Epoch [098/100] Step [0031/0031] Loss: 0.5299
2026-03-26 17:59:59,262  [Vis] Train grid saved → ./plots/20260326_173805/train/epoch_098.png
2026-03-26 18:00:09,284  [Train] Epoch [099/100] Step [0031/0031] Loss: 0.5153
2026-03-26 18:00:10,699  [Vis] Train grid saved → ./plots/20260326_173805/train/epoch_099.png
2026-03-26 18:00:20,663  [Train] Epoch [100/100] Step [0031/0031] Loss: 0.5296
2026-03-26 18:00:22,293  [Vis] Train grid saved → ./plots/20260326_173805/train/epoch_100.png
2026-03-26 18:00:22,401  [Ckpt] Periodic checkpoint → ./snapshots/MK_UNet_GIK/20260326_173805/ckpt_epoch_100.pth
2026-03-26 18:00:31,800  [Vis] Val grid saved → ./plots/20260326_173805/val/epoch_100.png
2026-03-26 18:00:31,801  [Val] Epoch [100/100] Dice = 0.9483  (best = 0.9496)
2026-03-26 18:00:31,844  Training complete. Best Val Dice = 0.9496
2026-03-26 18:00:31,844  Run ID (use with test_polyp_gik.py): 20260326_173805
