2026-03-26 17:27:45,150  Run ID        : 20260326_172745
2026-03-26 17:27:45,150  Args          : {'network': 'MK_UNet_GIK', 'train_path': './data/polyp/target/ClinicDB/train', 'test_path': './data/polyp/target/ClinicDB/test', 'save_path': './snapshots/', 'plot_root': './plots', 'num_vis_samples': 4, 'ckpt_freq': 5, 'epoch': 100, 'batch_size': 16, 'lr': 0.0001, 'min_lr': 1e-06, 'weight_decay': 0.0001, 'clip': 0.5, 'trainsize': 352, 'val_freq': 5, 'channels': [8, 16, 32, 64, 128], 'kernels': [3, 5, 7], 'expand_ratio': 2.0, 'num_workers': 4, 'num_classes': 1, 'in_channels': 3, 'run_id': '20260326_172745'}
2026-03-26 17:27:45,150  Plot root     : ./plots
2026-03-26 17:27:45,150  Ckpt freq     : every 5 epochs
2026-03-26 17:27:49,189  #Params       : 194,234  (0.194 M)
Traceback (most recent call last):
  File "/scratch/b23cs1001/mkunetenv/lib/python3.8/multiprocessing/util.py", line 300, in _run_finalizers
    finalizer()
  File "/scratch/b23cs1001/mkunetenv/lib/python3.8/multiprocessing/util.py", line 224, in __call__
    res = self._callback(*self._args, **self._kwargs)
  File "/scratch/b23cs1001/mkunetenv/lib/python3.8/multiprocessing/util.py", line 133, in _remove_temp_dir
    rmtree(tempdir)
  File "/scratch/b23cs1001/mkunetenv/lib/python3.8/shutil.py", line 718, in rmtree
    _rmtree_safe_fd(fd, path, onerror)
  File "/scratch/b23cs1001/mkunetenv/lib/python3.8/shutil.py", line 675, in _rmtree_safe_fd
    onerror(os.unlink, fullname, sys.exc_info())
  File "/scratch/b23cs1001/mkunetenv/lib/python3.8/shutil.py", line 673, in _rmtree_safe_fd
    os.unlink(entry.name, dir_fd=topfd)
OSError: [Errno 16] Device or resource busy: '.nfs0000000a031f15f40000002f'
Traceback (most recent call last):
  File "train_polyp_gik.py", line 179, in <module>
    main()
  File "train_polyp_gik.py", line 156, in main
    train_loss = train(train_loader, model, optimizer, epoch, args)
  File "train_polyp_gik.py", line 48, in train
    loss = (structure_loss(p1, gts)
  File "train_polyp_gik.py", line 30, in structure_loss
    weit = 1 + 5 * torch.abs(F.avg_pool2d(mask, kernel_size=31, stride=1, padding=15) - mask)
RuntimeError: "avg_pool2d_out_cuda_frame" not implemented for 'Long'

ERROR conda.cli.main_run:execute(124): `conda run python train_polyp_gik.py` failed. (See above for error)
