[2026-03-26 23:20:38,859] flops: 0.539834932, params: 0.333637, Total params: : 0.3370M
[2026-03-26 23:21:05,940] Epoch 001 | val  | Dice 0.4641 | IoU 0.3292 | N=61
[2026-03-26 23:21:06,996] Epoch 001 | test | Dice 0.3802 | IoU 0.2633 | N=62
[2026-03-26 23:21:06,996] Best model saved  val_dice 0.0000 → 0.4641
[2026-03-26 23:21:31,524] Epoch 002 | val  | Dice 0.4939 | IoU 0.3658 | N=61
[2026-03-26 23:21:32,484] Epoch 002 | test | Dice 0.4797 | IoU 0.3452 | N=62
[2026-03-26 23:21:32,484] Best model saved  val_dice 0.4641 → 0.4939
[2026-03-26 23:21:56,846] Epoch 003 | val  | Dice 0.4441 | IoU 0.3297 | N=61
[2026-03-26 23:21:57,802] Epoch 003 | test | Dice 0.3938 | IoU 0.2888 | N=62
[2026-03-26 23:22:22,072] Epoch 004 | val  | Dice 0.4771 | IoU 0.3486 | N=61
[2026-03-26 23:22:23,029] Epoch 004 | test | Dice 0.4182 | IoU 0.2896 | N=62
[2026-03-26 23:22:47,396] Epoch 005 | val  | Dice 0.4804 | IoU 0.3604 | N=61
[2026-03-26 23:22:48,354] Epoch 005 | test | Dice 0.4595 | IoU 0.3320 | N=62
[2026-03-26 23:23:12,664] Epoch 006 | val  | Dice 0.6274 | IoU 0.5063 | N=61
[2026-03-26 23:23:13,622] Epoch 006 | test | Dice 0.6131 | IoU 0.4857 | N=62
[2026-03-26 23:23:13,622] Best model saved  val_dice 0.4939 → 0.6274
[2026-03-26 23:23:38,100] Epoch 007 | val  | Dice 0.5110 | IoU 0.3792 | N=61
[2026-03-26 23:23:39,058] Epoch 007 | test | Dice 0.5018 | IoU 0.3686 | N=62
[2026-03-26 23:24:03,385] Epoch 008 | val  | Dice 0.5696 | IoU 0.4543 | N=61
[2026-03-26 23:24:04,354] Epoch 008 | test | Dice 0.5893 | IoU 0.4749 | N=62
[2026-03-26 23:24:28,737] Epoch 009 | val  | Dice 0.5195 | IoU 0.3847 | N=61
[2026-03-26 23:24:29,741] Epoch 009 | test | Dice 0.5304 | IoU 0.3975 | N=62
[2026-03-26 23:24:54,084] Epoch 010 | val  | Dice 0.6711 | IoU 0.5474 | N=61
[2026-03-26 23:24:55,043] Epoch 010 | test | Dice 0.7017 | IoU 0.5771 | N=62
[2026-03-26 23:24:55,043] Best model saved  val_dice 0.6274 → 0.6711
[2026-03-26 23:25:19,425] Epoch 011 | val  | Dice 0.6576 | IoU 0.5273 | N=61
[2026-03-26 23:25:20,372] Epoch 011 | test | Dice 0.7238 | IoU 0.6141 | N=62
[2026-03-26 23:25:44,715] Epoch 012 | val  | Dice 0.6241 | IoU 0.4960 | N=61
[2026-03-26 23:25:45,673] Epoch 012 | test | Dice 0.6130 | IoU 0.4850 | N=62
[2026-03-26 23:26:10,003] Epoch 013 | val  | Dice 0.5636 | IoU 0.4321 | N=61
[2026-03-26 23:26:10,959] Epoch 013 | test | Dice 0.5711 | IoU 0.4551 | N=62
[2026-03-26 23:26:35,286] Epoch 014 | val  | Dice 0.7005 | IoU 0.5730 | N=61
[2026-03-26 23:26:36,248] Epoch 014 | test | Dice 0.6939 | IoU 0.5734 | N=62
[2026-03-26 23:26:36,248] Best model saved  val_dice 0.6711 → 0.7005
[2026-03-26 23:27:00,645] Epoch 015 | val  | Dice 0.7060 | IoU 0.5878 | N=61
[2026-03-26 23:27:01,609] Epoch 015 | test | Dice 0.7398 | IoU 0.6241 | N=62
[2026-03-26 23:27:01,609] Best model saved  val_dice 0.7005 → 0.7060
[2026-03-26 23:27:25,953] Epoch 016 | val  | Dice 0.7046 | IoU 0.5873 | N=61
[2026-03-26 23:27:26,944] Epoch 016 | test | Dice 0.7585 | IoU 0.6498 | N=62
[2026-03-26 23:27:51,253] Epoch 017 | val  | Dice 0.7417 | IoU 0.6321 | N=61
[2026-03-26 23:27:52,217] Epoch 017 | test | Dice 0.7536 | IoU 0.6526 | N=62
[2026-03-26 23:27:52,217] Best model saved  val_dice 0.7060 → 0.7417
[2026-03-26 23:28:16,623] Epoch 018 | val  | Dice 0.7277 | IoU 0.6115 | N=61
[2026-03-26 23:28:17,598] Epoch 018 | test | Dice 0.7482 | IoU 0.6429 | N=62
[2026-03-26 23:28:41,940] Epoch 019 | val  | Dice 0.6736 | IoU 0.5483 | N=61
[2026-03-26 23:28:43,124] Epoch 019 | test | Dice 0.7227 | IoU 0.6080 | N=62
[2026-03-26 23:29:07,507] Epoch 020 | val  | Dice 0.7469 | IoU 0.6403 | N=61
[2026-03-26 23:29:08,469] Epoch 020 | test | Dice 0.7867 | IoU 0.6951 | N=62
[2026-03-26 23:29:08,469] Best model saved  val_dice 0.7417 → 0.7469
[2026-03-26 23:29:32,945] Epoch 021 | val  | Dice 0.7550 | IoU 0.6427 | N=61
[2026-03-26 23:29:33,913] Epoch 021 | test | Dice 0.8050 | IoU 0.7048 | N=62
[2026-03-26 23:29:33,913] Best model saved  val_dice 0.7469 → 0.7550
[2026-03-26 23:29:58,322] Epoch 022 | val  | Dice 0.7065 | IoU 0.5829 | N=61
[2026-03-26 23:29:59,295] Epoch 022 | test | Dice 0.7404 | IoU 0.6343 | N=62
[2026-03-26 23:30:23,630] Epoch 023 | val  | Dice 0.7885 | IoU 0.6947 | N=61
[2026-03-26 23:30:24,605] Epoch 023 | test | Dice 0.8449 | IoU 0.7622 | N=62
[2026-03-26 23:30:24,605] Best model saved  val_dice 0.7550 → 0.7885
[2026-03-26 23:30:49,241] Epoch 024 | val  | Dice 0.7178 | IoU 0.6021 | N=61
[2026-03-26 23:30:50,216] Epoch 024 | test | Dice 0.7732 | IoU 0.6684 | N=62
[2026-03-26 23:31:14,592] Epoch 025 | val  | Dice 0.7532 | IoU 0.6478 | N=61
[2026-03-26 23:31:15,554] Epoch 025 | test | Dice 0.8112 | IoU 0.7208 | N=62
[2026-03-26 23:31:39,917] Epoch 026 | val  | Dice 0.7675 | IoU 0.6594 | N=61
[2026-03-26 23:31:40,876] Epoch 026 | test | Dice 0.8220 | IoU 0.7282 | N=62
[2026-03-26 23:32:05,195] Epoch 027 | val  | Dice 0.7654 | IoU 0.6551 | N=61
[2026-03-26 23:32:06,153] Epoch 027 | test | Dice 0.7987 | IoU 0.7044 | N=62
[2026-03-26 23:32:30,514] Epoch 028 | val  | Dice 0.7498 | IoU 0.6404 | N=61
[2026-03-26 23:32:31,481] Epoch 028 | test | Dice 0.8192 | IoU 0.7317 | N=62
[2026-03-26 23:32:55,794] Epoch 029 | val  | Dice 0.7447 | IoU 0.6424 | N=61
[2026-03-26 23:32:56,786] Epoch 029 | test | Dice 0.8508 | IoU 0.7662 | N=62
[2026-03-26 23:33:21,153] Epoch 030 | val  | Dice 0.7359 | IoU 0.6229 | N=61
[2026-03-26 23:33:22,117] Epoch 030 | test | Dice 0.7721 | IoU 0.6673 | N=62
[2026-03-26 23:33:46,947] Epoch 031 | val  | Dice 0.7827 | IoU 0.6820 | N=61
[2026-03-26 23:33:47,904] Epoch 031 | test | Dice 0.7916 | IoU 0.6962 | N=62
[2026-03-26 23:34:12,213] Epoch 032 | val  | Dice 0.7783 | IoU 0.6721 | N=61
[2026-03-26 23:34:13,202] Epoch 032 | test | Dice 0.8347 | IoU 0.7441 | N=62
[2026-03-26 23:34:37,610] Epoch 033 | val  | Dice 0.7630 | IoU 0.6575 | N=61
[2026-03-26 23:34:38,614] Epoch 033 | test | Dice 0.8131 | IoU 0.7197 | N=62
[2026-03-26 23:35:02,978] Epoch 034 | val  | Dice 0.7640 | IoU 0.6586 | N=61
[2026-03-26 23:35:03,953] Epoch 034 | test | Dice 0.8172 | IoU 0.7264 | N=62
[2026-03-26 23:35:28,524] Epoch 035 | val  | Dice 0.7798 | IoU 0.6814 | N=61
[2026-03-26 23:35:29,488] Epoch 035 | test | Dice 0.8337 | IoU 0.7492 | N=62
[2026-03-26 23:35:53,905] Epoch 036 | val  | Dice 0.8441 | IoU 0.7566 | N=61
[2026-03-26 23:35:54,865] Epoch 036 | test | Dice 0.8761 | IoU 0.8018 | N=62
[2026-03-26 23:35:54,866] Best model saved  val_dice 0.7885 → 0.8441
[2026-03-26 23:36:19,317] Epoch 037 | val  | Dice 0.8267 | IoU 0.7307 | N=61
[2026-03-26 23:36:20,281] Epoch 037 | test | Dice 0.8805 | IoU 0.8005 | N=62
[2026-03-26 23:36:47,040] Epoch 038 | val  | Dice 0.7810 | IoU 0.6881 | N=61
[2026-03-26 23:36:49,683] Epoch 038 | test | Dice 0.8441 | IoU 0.7606 | N=62
[2026-03-26 23:37:17,220] Epoch 039 | val  | Dice 0.8419 | IoU 0.7540 | N=61
[2026-03-26 23:37:18,498] Epoch 039 | test | Dice 0.8779 | IoU 0.7986 | N=62
[2026-03-26 23:37:43,046] Epoch 040 | val  | Dice 0.7644 | IoU 0.6603 | N=61
[2026-03-26 23:37:44,023] Epoch 040 | test | Dice 0.8096 | IoU 0.7230 | N=62
[2026-03-26 23:38:08,571] Epoch 041 | val  | Dice 0.7987 | IoU 0.6979 | N=61
[2026-03-26 23:38:09,556] Epoch 041 | test | Dice 0.8138 | IoU 0.7189 | N=62
[2026-03-26 23:38:35,541] Epoch 042 | val  | Dice 0.8130 | IoU 0.7183 | N=61
[2026-03-26 23:38:37,133] Epoch 042 | test | Dice 0.8532 | IoU 0.7641 | N=62
[2026-03-26 23:39:01,560] Epoch 043 | val  | Dice 0.8238 | IoU 0.7353 | N=61
[2026-03-26 23:39:02,528] Epoch 043 | test | Dice 0.8650 | IoU 0.7815 | N=62
[2026-03-26 23:39:27,041] Epoch 044 | val  | Dice 0.7683 | IoU 0.6659 | N=61
[2026-03-26 23:39:28,020] Epoch 044 | test | Dice 0.8629 | IoU 0.7807 | N=62
[2026-03-26 23:39:52,513] Epoch 045 | val  | Dice 0.7975 | IoU 0.7099 | N=61
[2026-03-26 23:39:53,495] Epoch 045 | test | Dice 0.8604 | IoU 0.7807 | N=62
[2026-03-26 23:40:17,863] Epoch 046 | val  | Dice 0.8208 | IoU 0.7261 | N=61
[2026-03-26 23:40:19,118] Epoch 046 | test | Dice 0.8840 | IoU 0.8072 | N=62
[2026-03-26 23:40:43,735] Epoch 047 | val  | Dice 0.8288 | IoU 0.7390 | N=61
[2026-03-26 23:40:44,762] Epoch 047 | test | Dice 0.9091 | IoU 0.8390 | N=62
[2026-03-26 23:41:09,586] Epoch 048 | val  | Dice 0.8383 | IoU 0.7467 | N=61
[2026-03-26 23:41:10,611] Epoch 048 | test | Dice 0.9040 | IoU 0.8346 | N=62
[2026-03-26 23:41:34,972] Epoch 049 | val  | Dice 0.8262 | IoU 0.7394 | N=61
[2026-03-26 23:41:35,948] Epoch 049 | test | Dice 0.8777 | IoU 0.7984 | N=62
[2026-03-26 23:42:00,321] Epoch 050 | val  | Dice 0.8341 | IoU 0.7456 | N=61
[2026-03-26 23:42:01,289] Epoch 050 | test | Dice 0.9063 | IoU 0.8407 | N=62
[2026-03-26 23:42:25,672] Epoch 051 | val  | Dice 0.8344 | IoU 0.7462 | N=61
[2026-03-26 23:42:26,640] Epoch 051 | test | Dice 0.8883 | IoU 0.8146 | N=62
[2026-03-26 23:42:50,989] Epoch 052 | val  | Dice 0.8306 | IoU 0.7443 | N=61
[2026-03-26 23:42:52,276] Epoch 052 | test | Dice 0.8789 | IoU 0.7999 | N=62
[2026-03-26 23:43:16,654] Epoch 053 | val  | Dice 0.8231 | IoU 0.7367 | N=61
[2026-03-26 23:43:17,618] Epoch 053 | test | Dice 0.8794 | IoU 0.8048 | N=62
[2026-03-26 23:43:41,980] Epoch 054 | val  | Dice 0.8568 | IoU 0.7734 | N=61
[2026-03-26 23:43:42,946] Epoch 054 | test | Dice 0.9025 | IoU 0.8324 | N=62
[2026-03-26 23:43:42,946] Best model saved  val_dice 0.8441 → 0.8568
[2026-03-26 23:44:07,375] Epoch 055 | val  | Dice 0.8518 | IoU 0.7674 | N=61
[2026-03-26 23:44:08,341] Epoch 055 | test | Dice 0.9015 | IoU 0.8312 | N=62
[2026-03-26 23:44:32,682] Epoch 056 | val  | Dice 0.8406 | IoU 0.7522 | N=61
[2026-03-26 23:44:33,650] Epoch 056 | test | Dice 0.8983 | IoU 0.8280 | N=62
[2026-03-26 23:44:57,998] Epoch 057 | val  | Dice 0.8440 | IoU 0.7666 | N=61
[2026-03-26 23:44:58,977] Epoch 057 | test | Dice 0.9166 | IoU 0.8516 | N=62
[2026-03-26 23:45:23,320] Epoch 058 | val  | Dice 0.8334 | IoU 0.7423 | N=61
[2026-03-26 23:45:24,289] Epoch 058 | test | Dice 0.8993 | IoU 0.8277 | N=62
[2026-03-26 23:45:48,692] Epoch 059 | val  | Dice 0.7731 | IoU 0.6710 | N=61
[2026-03-26 23:45:49,657] Epoch 059 | test | Dice 0.7987 | IoU 0.7025 | N=62
[2026-03-26 23:46:14,087] Epoch 060 | val  | Dice 0.8497 | IoU 0.7644 | N=61
[2026-03-26 23:46:15,057] Epoch 060 | test | Dice 0.8969 | IoU 0.8310 | N=62
[2026-03-26 23:46:39,893] Epoch 061 | val  | Dice 0.8247 | IoU 0.7294 | N=61
[2026-03-26 23:46:41,002] Epoch 061 | test | Dice 0.8565 | IoU 0.7692 | N=62
[2026-03-26 23:47:05,526] Epoch 062 | val  | Dice 0.8352 | IoU 0.7548 | N=61
[2026-03-26 23:47:06,541] Epoch 062 | test | Dice 0.8957 | IoU 0.8332 | N=62
[2026-03-26 23:47:32,411] Epoch 063 | val  | Dice 0.8379 | IoU 0.7519 | N=61
[2026-03-26 23:47:33,383] Epoch 063 | test | Dice 0.9186 | IoU 0.8555 | N=62
[2026-03-26 23:47:57,716] Epoch 064 | val  | Dice 0.8428 | IoU 0.7626 | N=61
[2026-03-26 23:47:58,675] Epoch 064 | test | Dice 0.9096 | IoU 0.8427 | N=62
[2026-03-26 23:48:23,037] Epoch 065 | val  | Dice 0.8675 | IoU 0.7894 | N=61
[2026-03-26 23:48:24,001] Epoch 065 | test | Dice 0.9131 | IoU 0.8461 | N=62
[2026-03-26 23:48:24,001] Best model saved  val_dice 0.8568 → 0.8675
[2026-03-26 23:48:48,378] Epoch 066 | val  | Dice 0.8613 | IoU 0.7792 | N=61
[2026-03-26 23:48:49,341] Epoch 066 | test | Dice 0.9019 | IoU 0.8319 | N=62
[2026-03-26 23:49:13,803] Epoch 067 | val  | Dice 0.8547 | IoU 0.7794 | N=61
[2026-03-26 23:49:14,778] Epoch 067 | test | Dice 0.9038 | IoU 0.8353 | N=62
[2026-03-26 23:49:39,089] Epoch 068 | val  | Dice 0.8524 | IoU 0.7677 | N=61
[2026-03-26 23:49:40,054] Epoch 068 | test | Dice 0.9000 | IoU 0.8309 | N=62
[2026-03-26 23:50:04,392] Epoch 069 | val  | Dice 0.8514 | IoU 0.7710 | N=61
[2026-03-26 23:50:05,357] Epoch 069 | test | Dice 0.8949 | IoU 0.8256 | N=62
[2026-03-26 23:50:30,027] Epoch 070 | val  | Dice 0.8247 | IoU 0.7387 | N=61
[2026-03-26 23:50:30,982] Epoch 070 | test | Dice 0.8651 | IoU 0.7958 | N=62
[2026-03-26 23:50:55,312] Epoch 071 | val  | Dice 0.8406 | IoU 0.7588 | N=61
[2026-03-26 23:50:56,270] Epoch 071 | test | Dice 0.9183 | IoU 0.8545 | N=62
[2026-03-26 23:51:20,635] Epoch 072 | val  | Dice 0.8553 | IoU 0.7742 | N=61
[2026-03-26 23:51:21,638] Epoch 072 | test | Dice 0.8861 | IoU 0.8197 | N=62
[2026-03-26 23:51:45,963] Epoch 073 | val  | Dice 0.8556 | IoU 0.7759 | N=61
[2026-03-26 23:51:46,942] Epoch 073 | test | Dice 0.8971 | IoU 0.8246 | N=62
[2026-03-26 23:52:11,363] Epoch 074 | val  | Dice 0.8713 | IoU 0.7967 | N=61
[2026-03-26 23:52:12,324] Epoch 074 | test | Dice 0.8810 | IoU 0.8120 | N=62
[2026-03-26 23:52:12,324] Best model saved  val_dice 0.8675 → 0.8713
[2026-03-26 23:52:36,818] Epoch 075 | val  | Dice 0.8606 | IoU 0.7772 | N=61
[2026-03-26 23:52:37,782] Epoch 075 | test | Dice 0.8850 | IoU 0.8162 | N=62
[2026-03-26 23:53:02,174] Epoch 076 | val  | Dice 0.8366 | IoU 0.7447 | N=61
[2026-03-26 23:53:03,147] Epoch 076 | test | Dice 0.8788 | IoU 0.8075 | N=62
[2026-03-26 23:53:27,491] Epoch 077 | val  | Dice 0.8303 | IoU 0.7477 | N=61
[2026-03-26 23:53:28,465] Epoch 077 | test | Dice 0.8808 | IoU 0.8150 | N=62
[2026-03-26 23:53:52,817] Epoch 078 | val  | Dice 0.8632 | IoU 0.7860 | N=61
[2026-03-26 23:53:53,799] Epoch 078 | test | Dice 0.8967 | IoU 0.8275 | N=62
[2026-03-26 23:54:18,170] Epoch 079 | val  | Dice 0.8667 | IoU 0.7894 | N=61
[2026-03-26 23:54:19,132] Epoch 079 | test | Dice 0.9088 | IoU 0.8444 | N=62
[2026-03-26 23:54:43,545] Epoch 080 | val  | Dice 0.8696 | IoU 0.7938 | N=61
[2026-03-26 23:54:44,542] Epoch 080 | test | Dice 0.9076 | IoU 0.8424 | N=62
[2026-03-26 23:55:08,987] Epoch 081 | val  | Dice 0.8662 | IoU 0.7908 | N=61
[2026-03-26 23:55:09,973] Epoch 081 | test | Dice 0.9152 | IoU 0.8551 | N=62
[2026-03-26 23:55:34,892] Epoch 082 | val  | Dice 0.8594 | IoU 0.7826 | N=61
[2026-03-26 23:55:36,045] Epoch 082 | test | Dice 0.9223 | IoU 0.8596 | N=62
[2026-03-26 23:56:00,474] Epoch 083 | val  | Dice 0.8638 | IoU 0.7870 | N=61
[2026-03-26 23:56:01,504] Epoch 083 | test | Dice 0.8891 | IoU 0.8195 | N=62
[2026-03-26 23:56:25,974] Epoch 084 | val  | Dice 0.8663 | IoU 0.7890 | N=61
[2026-03-26 23:56:26,952] Epoch 084 | test | Dice 0.8971 | IoU 0.8324 | N=62
[2026-03-26 23:56:51,549] Epoch 085 | val  | Dice 0.8753 | IoU 0.8004 | N=61
[2026-03-26 23:56:52,538] Epoch 085 | test | Dice 0.8947 | IoU 0.8302 | N=62
[2026-03-26 23:56:52,538] Best model saved  val_dice 0.8713 → 0.8753
[2026-03-26 23:57:17,346] Epoch 086 | val  | Dice 0.8380 | IoU 0.7574 | N=61
[2026-03-26 23:57:18,557] Epoch 086 | test | Dice 0.8802 | IoU 0.8089 | N=62
[2026-03-26 23:57:42,947] Epoch 087 | val  | Dice 0.8671 | IoU 0.7877 | N=61
[2026-03-26 23:57:43,920] Epoch 087 | test | Dice 0.9158 | IoU 0.8517 | N=62
[2026-03-26 23:58:08,699] Epoch 088 | val  | Dice 0.8491 | IoU 0.7655 | N=61
[2026-03-26 23:58:09,685] Epoch 088 | test | Dice 0.8931 | IoU 0.8236 | N=62
[2026-03-26 23:58:34,078] Epoch 089 | val  | Dice 0.8820 | IoU 0.8104 | N=61
[2026-03-26 23:58:35,449] Epoch 089 | test | Dice 0.8986 | IoU 0.8295 | N=62
[2026-03-26 23:58:35,450] Best model saved  val_dice 0.8753 → 0.8820
[2026-03-26 23:59:00,171] Epoch 090 | val  | Dice 0.8797 | IoU 0.8055 | N=61
[2026-03-26 23:59:01,148] Epoch 090 | test | Dice 0.9104 | IoU 0.8451 | N=62
[2026-03-26 23:59:25,760] Epoch 091 | val  | Dice 0.8761 | IoU 0.8009 | N=61
[2026-03-26 23:59:26,726] Epoch 091 | test | Dice 0.8978 | IoU 0.8290 | N=62
[2026-03-26 23:59:51,177] Epoch 092 | val  | Dice 0.8482 | IoU 0.7644 | N=61
[2026-03-26 23:59:52,165] Epoch 092 | test | Dice 0.8892 | IoU 0.8170 | N=62
[2026-03-27 00:00:16,945] Epoch 093 | val  | Dice 0.8586 | IoU 0.7819 | N=61
[2026-03-27 00:00:17,934] Epoch 093 | test | Dice 0.8972 | IoU 0.8260 | N=62
[2026-03-27 00:00:42,725] Epoch 094 | val  | Dice 0.8696 | IoU 0.7988 | N=61
[2026-03-27 00:00:43,703] Epoch 094 | test | Dice 0.9201 | IoU 0.8572 | N=62
[2026-03-27 00:01:08,361] Epoch 095 | val  | Dice 0.8741 | IoU 0.7987 | N=61
[2026-03-27 00:01:09,456] Epoch 095 | test | Dice 0.9226 | IoU 0.8608 | N=62
[2026-03-27 00:01:34,182] Epoch 096 | val  | Dice 0.8683 | IoU 0.7954 | N=61
[2026-03-27 00:01:35,251] Epoch 096 | test | Dice 0.9163 | IoU 0.8534 | N=62
[2026-03-27 00:02:00,898] Epoch 097 | val  | Dice 0.8845 | IoU 0.8129 | N=61
[2026-03-27 00:02:02,094] Epoch 097 | test | Dice 0.9282 | IoU 0.8696 | N=62
[2026-03-27 00:02:02,094] Best model saved  val_dice 0.8820 → 0.8845
[2026-03-27 00:02:26,670] Epoch 098 | val  | Dice 0.8780 | IoU 0.8050 | N=61
[2026-03-27 00:02:27,667] Epoch 098 | test | Dice 0.9268 | IoU 0.8671 | N=62
[2026-03-27 00:02:52,353] Epoch 099 | val  | Dice 0.8802 | IoU 0.8064 | N=61
[2026-03-27 00:02:53,650] Epoch 099 | test | Dice 0.9162 | IoU 0.8527 | N=62
[2026-03-27 00:03:18,460] Epoch 100 | val  | Dice 0.8725 | IoU 0.7996 | N=61
[2026-03-27 00:03:19,468] Epoch 100 | test | Dice 0.9219 | IoU 0.8604 | N=62
[2026-03-27 00:03:44,395] Epoch 101 | val  | Dice 0.7982 | IoU 0.7028 | N=61
[2026-03-27 00:03:45,373] Epoch 101 | test | Dice 0.8580 | IoU 0.7827 | N=62
[2026-03-27 00:04:10,047] Epoch 102 | val  | Dice 0.8657 | IoU 0.7926 | N=61
[2026-03-27 00:04:11,104] Epoch 102 | test | Dice 0.9302 | IoU 0.8727 | N=62
[2026-03-27 00:04:35,587] Epoch 103 | val  | Dice 0.8397 | IoU 0.7572 | N=61
[2026-03-27 00:04:37,076] Epoch 103 | test | Dice 0.9019 | IoU 0.8394 | N=62
[2026-03-27 00:05:02,173] Epoch 104 | val  | Dice 0.8729 | IoU 0.8035 | N=61
[2026-03-27 00:05:03,150] Epoch 104 | test | Dice 0.9291 | IoU 0.8717 | N=62
[2026-03-27 00:05:27,999] Epoch 105 | val  | Dice 0.8767 | IoU 0.8051 | N=61
[2026-03-27 00:05:29,235] Epoch 105 | test | Dice 0.9206 | IoU 0.8599 | N=62
[2026-03-27 00:05:54,024] Epoch 106 | val  | Dice 0.8526 | IoU 0.7707 | N=61
[2026-03-27 00:05:55,076] Epoch 106 | test | Dice 0.8873 | IoU 0.8130 | N=62
[2026-03-27 00:06:20,042] Epoch 107 | val  | Dice 0.8897 | IoU 0.8208 | N=61
[2026-03-27 00:06:21,303] Epoch 107 | test | Dice 0.9188 | IoU 0.8563 | N=62
[2026-03-27 00:06:21,304] Best model saved  val_dice 0.8845 → 0.8897
[2026-03-27 00:06:46,357] Epoch 108 | val  | Dice 0.8816 | IoU 0.8148 | N=61
[2026-03-27 00:06:47,649] Epoch 108 | test | Dice 0.9221 | IoU 0.8605 | N=62
[2026-03-27 00:07:12,380] Epoch 109 | val  | Dice 0.8679 | IoU 0.7933 | N=61
[2026-03-27 00:07:13,348] Epoch 109 | test | Dice 0.9143 | IoU 0.8489 | N=62
[2026-03-27 00:07:37,851] Epoch 110 | val  | Dice 0.8632 | IoU 0.7931 | N=61
[2026-03-27 00:07:39,541] Epoch 110 | test | Dice 0.9137 | IoU 0.8511 | N=62
[2026-03-27 00:08:04,124] Epoch 111 | val  | Dice 0.8780 | IoU 0.8071 | N=61
[2026-03-27 00:08:05,100] Epoch 111 | test | Dice 0.8953 | IoU 0.8336 | N=62
[2026-03-27 00:08:29,548] Epoch 112 | val  | Dice 0.8923 | IoU 0.8239 | N=61
[2026-03-27 00:08:30,703] Epoch 112 | test | Dice 0.9196 | IoU 0.8601 | N=62
[2026-03-27 00:08:30,703] Best model saved  val_dice 0.8897 → 0.8923
[2026-03-27 00:08:55,377] Epoch 113 | val  | Dice 0.8860 | IoU 0.8136 | N=61
[2026-03-27 00:08:56,616] Epoch 113 | test | Dice 0.9161 | IoU 0.8533 | N=62
[2026-03-27 00:09:21,329] Epoch 114 | val  | Dice 0.8805 | IoU 0.8055 | N=61
[2026-03-27 00:09:22,384] Epoch 114 | test | Dice 0.9165 | IoU 0.8532 | N=62
[2026-03-27 00:09:47,730] Epoch 115 | val  | Dice 0.8898 | IoU 0.8201 | N=61
[2026-03-27 00:09:49,017] Epoch 115 | test | Dice 0.9104 | IoU 0.8443 | N=62
[2026-03-27 00:10:13,474] Epoch 116 | val  | Dice 0.8907 | IoU 0.8221 | N=61
[2026-03-27 00:10:14,450] Epoch 116 | test | Dice 0.9207 | IoU 0.8592 | N=62
[2026-03-27 00:10:38,888] Epoch 117 | val  | Dice 0.8664 | IoU 0.7924 | N=61
[2026-03-27 00:10:40,642] Epoch 117 | test | Dice 0.9236 | IoU 0.8664 | N=62
[2026-03-27 00:11:05,138] Epoch 118 | val  | Dice 0.8691 | IoU 0.7962 | N=61
[2026-03-27 00:11:06,111] Epoch 118 | test | Dice 0.9213 | IoU 0.8594 | N=62
[2026-03-27 00:11:31,405] Epoch 119 | val  | Dice 0.8694 | IoU 0.7926 | N=61
[2026-03-27 00:11:32,642] Epoch 119 | test | Dice 0.9187 | IoU 0.8566 | N=62
[2026-03-27 00:11:57,234] Epoch 120 | val  | Dice 0.8647 | IoU 0.7912 | N=61
[2026-03-27 00:11:58,451] Epoch 120 | test | Dice 0.9156 | IoU 0.8503 | N=62
[2026-03-27 00:12:23,016] Epoch 121 | val  | Dice 0.8709 | IoU 0.7964 | N=61
[2026-03-27 00:12:24,270] Epoch 121 | test | Dice 0.9073 | IoU 0.8428 | N=62
[2026-03-27 00:12:48,823] Epoch 122 | val  | Dice 0.8787 | IoU 0.8077 | N=61
[2026-03-27 00:12:50,249] Epoch 122 | test | Dice 0.9279 | IoU 0.8692 | N=62
[2026-03-27 00:13:14,975] Epoch 123 | val  | Dice 0.8806 | IoU 0.8120 | N=61
[2026-03-27 00:13:16,313] Epoch 123 | test | Dice 0.9326 | IoU 0.8762 | N=62
[2026-03-27 00:13:40,837] Epoch 124 | val  | Dice 0.8685 | IoU 0.7963 | N=61
[2026-03-27 00:13:41,904 Epoch 124 | test | Dice 0.9170 | IoU 0.8521 | N=62
[2026-03-27 00:14:06,511] Epoch 125 | val  | Dice 0.8555 | IoU 0.7806 | N=61
[2026-03-27 00:14:07,476] Epoch 125 | test | Dice 0.8801 | IoU 0.8123 | N=62
[2026-03-27 00:14:32,174] Epoch 126 | val  | Dice 0.8903 | IoU 0.8206 | N=61
[2026-03-27 00:14:33,175] Epoch 126 | test | Dice 0.9212 | IoU 0.8584 | N=62
[2026-03-27 00:14:57,822] Epoch 127 | val  | Dice 0.8811 | IoU 0.8114 | N=61
[2026-03-27 00:14:58,835] Epoch 127 | test | Dice 0.9195 | IoU 0.8577 | N=62
[2026-03-27 00:15:23,298] Epoch 128 | val  | Dice 0.8905 | IoU 0.8217 | N=61
[2026-03-27 00:15:24,272] Epoch 128 | test | Dice 0.9182 | IoU 0.8558 | N=62
[2026-03-27 00:15:48,812] Epoch 129 | val  | Dice 0.8716 | IoU 0.8024 | N=61
[2026-03-27 00:15:49,843] Epoch 129 | test | Dice 0.9196 | IoU 0.8575 | N=62
[2026-03-27 00:16:14,244] Epoch 130 | val  | Dice 0.8621 | IoU 0.7904 | N=61
[2026-03-27 00:16:15,219] Epoch 130 | test | Dice 0.9171 | IoU 0.8547 | N=62
[2026-03-27 00:16:40,051] Epoch 131 | val  | Dice 0.8717 | IoU 0.8018 | N=61
[2026-03-27 00:16:41,045] Epoch 131 | test | Dice 0.9059 | IoU 0.8410 | N=62
[2026-03-27 00:17:05,687] Epoch 132 | val  | Dice 0.8881 | IoU 0.8196 | N=61
[2026-03-27 00:17:06,814] Epoch 132 | test | Dice 0.9179 | IoU 0.8591 | N=62
[2026-03-27 00:17:31,797] Epoch 133 | val  | Dice 0.8859 | IoU 0.8171 | N=61
[2026-03-27 00:17:32,784] Epoch 133 | test | Dice 0.9264 | IoU 0.8673 | N=62
[2026-03-27 00:17:57,537] Epoch 134 | val  | Dice 0.8870 | IoU 0.8175 | N=61
[2026-03-27 00:17:58,699] Epoch 134 | test | Dice 0.9225 | IoU 0.8612 | N=62
[2026-03-27 00:18:23,104] Epoch 135 | val  | Dice 0.8888 | IoU 0.8202 | N=61
[2026-03-27 00:18:24,118] Epoch 135 | test | Dice 0.9222 | IoU 0.8626 | N=62
[2026-03-27 00:18:48,984] Epoch 136 | val  | Dice 0.8848 | IoU 0.8161 | N=61
[2026-03-27 00:18:49,956] Epoch 136 | test | Dice 0.9221 | IoU 0.8611 | N=62
[2026-03-27 00:19:14,695] Epoch 137 | val  | Dice 0.8624 | IoU 0.7860 | N=61
[2026-03-27 00:19:16,374] Epoch 137 | test | Dice 0.9143 | IoU 0.8496 | N=62
[2026-03-27 00:19:41,032] Epoch 138 | val  | Dice 0.8823 | IoU 0.8145 | N=61
[2026-03-27 00:19:42,006] Epoch 138 | test | Dice 0.9275 | IoU 0.8694 | N=62
[2026-03-27 00:20:06,721] Epoch 139 | val  | Dice 0.8855 | IoU 0.8151 | N=61
[2026-03-27 00:20:07,919] Epoch 139 | test | Dice 0.9240 | IoU 0.8630 | N=62
 [2026-03-27 00:20:32,532] Epoch 140 | val  | Dice 0.8782 | IoU 0.8091 | N=61
[2026-03-27 00:20:33,549] Epoch 140 | test | Dice 0.9256 | IoU 0.8662 | N=62
[2026-03-27 00:20:57,938] Epoch 141 | val  | Dice 0.8922 | IoU 0.8262 | N=61
[2026-03-27 00:20:58,910] Epoch 141 | test | Dice 0.9260 | IoU 0.8664 | N=62
[2026-03-27 00:21:23,264] Epoch 142 | val  | Dice 0.8851 | IoU 0.8198 | N=61
[2026-03-27 00:21:24,251] Epoch 142 | test | Dice 0.9284 | IoU 0.8701 | N=62
[2026-03-27 00:21:48,735] Epoch 143 | val  | Dice 0.8688 | IoU 0.7995 | N=61
[2026-03-27 00:21:49,718] Epoch 143 | test | Dice 0.9174 | IoU 0.8548 | N=62
[2026-03-27 00:22:14,686] Epoch 144 | val  | Dice 0.8700 | IoU 0.8019 | N=61
[2026-03-27 00:22:15,838] Epoch 144 | test | Dice 0.9261 | IoU 0.8671 | N=62
[2026-03-27 00:22:40,495] Epoch 145 | val  | Dice 0.8625 | IoU 0.7920 | N=61
[2026-03-27 00:22:41,802] Epoch 145 | test | Dice 0.9248 | IoU 0.8651 | N=62
[2026-03-27 00:23:06,246] Epoch 146 | val  | Dice 0.8852 | IoU 0.8177 | N=61
[2026-03-27 00:23:07,225] Epoch 146 | test | Dice 0.9240 | IoU 0.8629 | N=62
[2026-03-27 00:23:31,773] Epoch 147 | val  | Dice 0.8837 | IoU 0.8150 | N=61
[2026-03-27 00:23:32,965] Epoch 147 | test | Dice 0.9280 | IoU 0.8696 | N=62
[2026-03-27 00:23:57,554] Epoch 148 | val  | Dice 0.8813 | IoU 0.8125 | N=61
[2026-03-27 00:23:58,650] Epoch 148 | test | Dice 0.9238 | IoU 0.8633 | N=62
[2026-03-27 00:24:23,429] Epoch 149 | val  | Dice 0.8692 | IoU 0.8021 | N=61
[2026-03-27 00:24:24,426] Epoch 149 | test | Dice 0.9319 | IoU 0.8751 | N=62
[2026-03-27 00:24:48,814] Epoch 150 | val  | Dice 0.8683 | IoU 0.8010 | N=61
[2026-03-27 00:24:49,873] Epoch 150 | test | Dice 0.9306 | IoU 0.8738 | N=62
[2026-03-27 00:25:14,313] Epoch 151 | val  | Dice 0.8705 | IoU 0.8041 | N=61
[2026-03-27 00:25:15,559] Epoch 151 | test | Dice 0.9308 | IoU 0.8734 | N=62
[2026-03-27 00:25:40,116] Epoch 152 | val  | Dice 0.8836 | IoU 0.8172 | N=61
[2026-03-27 00:25:41,148] Epoch 152 | test | Dice 0.9213 | IoU 0.8595 | N=62
[2026-03-27 00:26:05,587] Epoch 153 | val  | Dice 0.8798 | IoU 0.8146 | N=61
[2026-03-27 00:26:06,572] Epoch 153 | test | Dice 0.9270 | IoU 0.8678 | N=62
[2026-03-27 00:26:31,100] Epoch 154 | val  | Dice 0.8791 | IoU 0.8125 | N=61
[2026-03-27 00:26:32,075] Epoch 154 | test | Dice 0.9289 | IoU 0.8706 | N=62
[2026-03-27 00:26:56,490] Epoch 155 | val  | Dice 0.8809 | IoU 0.8098 | N=61
[2026-03-27 00:26:57,674] Epoch 155 | test | Dice 0.9184 | IoU 0.8553 | N=62
[2026-03-27 00:27:22,165] Epoch 156 | val  | Dice 0.8629 | IoU 0.7958 | N=61
[2026-03-27 00:27:23,131] Epoch 156 | test | Dice 0.9297 | IoU 0.8726 | N=62
[2026-03-27 00:27:48,455] Epoch 157 | val  | Dice 0.8753 | IoU 0.8088 | N=61
[2026-03-27 00:27:49,689] Epoch 157 | test | Dice 0.9316 | IoU 0.8746 | N=62
[2026-03-27 00:28:14,513] Epoch 158 | val  | Dice 0.8711 | IoU 0.8016 | N=61
[2026-03-27 00:28:15,531] Epoch 158 | test | Dice 0.9248 | IoU 0.8646 | N=62
[2026-03-27 00:28:40,966] Epoch 159 | val  | Dice 0.8879 | IoU 0.8232 | N=61
[2026-03-27 00:28:42,190] Epoch 159 | test | Dice 0.9300 | IoU 0.8722 | N=62
[2026-03-27 00:29:07,029] Epoch 160 | val  | Dice 0.8914 | IoU 0.8271 | N=61
[2026-03-27 00:29:08,319] Epoch 160 | test | Dice 0.9273 | IoU 0.8689 | N=62
[2026-03-27 00:29:32,766] Epoch 161 | val  | Dice 0.8944 | IoU 0.8320 | N=61
[2026-03-27 00:29:33,739] Epoch 161 | test | Dice 0.9300 | IoU 0.8725 | N=62
[2026-03-27 00:29:33,739] Best model saved  val_dice 0.8923 → 0.8944
[2026-03-27 00:29:58,255] Epoch 162 | val  | Dice 0.8932 | IoU 0.8279 | N=61
[2026-03-27 00:29:59,479] Epoch 162 | test | Dice 0.9259 | IoU 0.8661 | N=62
[2026-03-27 00:30:24,385] Epoch 163 | val  | Dice 0.8944 | IoU 0.8324 | N=61
[2026-03-27 00:30:25,363] Epoch 163 | test | Dice 0.9329 | IoU 0.8773 | N=62
[2026-03-27 00:30:50,060] Epoch 164 | val  | Dice 0.8885 | IoU 0.8224 | N=61
[2026-03-27 00:30:51,023] Epoch 164 | test | Dice 0.9307 | IoU 0.8740 | N=62
[2026-03-27 00:31:15,519] Epoch 165 | val  | Dice 0.8878 | IoU 0.8258 | N=61
[2026-03-27 00:31:16,511] Epoch 165 | test | Dice 0.9262 | IoU 0.8668 | N=62
[2026-03-27 00:31:41,636] Epoch 166 | val  | Dice 0.8843 | IoU 0.8201 | N=61
[2026-03-27 00:31:42,694] Epoch 166 | test | Dice 0.9348 | IoU 0.8800 | N=62
[2026-03-27 00:32:07,210] Epoch 167 | val  | Dice 0.8804 | IoU 0.8140 | N=61
[2026-03-27 00:32:08,174] Epoch 167 | test | Dice 0.9322 | IoU 0.8755 | N=62
[2026-03-27 00:32:32,820] Epoch 168 | val  | Dice 0.8793 | IoU 0.8136 | N=61
[2026-03-27 00:32:34,077] Epoch 168 | test | Dice 0.9338 | IoU 0.8782 | N=62
[2026-03-27 00:32:58,510] Epoch 169 | val  | Dice 0.8797 | IoU 0.8134 | N=61
[2026-03-27 00:32:59,520] Epoch 169 | test | Dice 0.9325 | IoU 0.8763 | N=62
[2026-03-27 00:33:24,232] Epoch 170 | val  | Dice 0.8815 | IoU 0.8169 | N=61
[2026-03-27 00:33:25,324] Epoch 170 | test | Dice 0.9305 | IoU 0.8733 | N=62
[2026-03-27 00:33:50,218] Epoch 171 | val  | Dice 0.8834 | IoU 0.8152 | N=61
[2026-03-27 00:33:51,215] Epoch 171 | test | Dice 0.9275 | IoU 0.8686 | N=62
[2026-03-27 00:34:15,613] Epoch 172 | val  | Dice 0.8836 | IoU 0.8159 | N=61
[2026-03-27 00:34:16,586] Epoch 172 | test | Dice 0.9305 | IoU 0.8732 | N=62
[2026-03-27 00:34:41,151] Epoch 173 | val  | Dice 0.8814 | IoU 0.8157 | N=61
[2026-03-27 00:34:42,580] Epoch 173 | test | Dice 0.9285 | IoU 0.8703 | N=62
[2026-03-27 00:35:07,186] Epoch 174 | val  | Dice 0.8800 | IoU 0.8142 | N=61
[2026-03-27 00:35:08,353] Epoch 174 | test | Dice 0.9277 | IoU 0.8693 | N=62
[2026-03-27 00:35:32,785] Epoch 175 | val  | Dice 0.8866 | IoU 0.8180 | N=61
[2026-03-27 00:35:33,766] Epoch 175 | test | Dice 0.9288 | IoU 0.8716 | N=62
[2026-03-27 00:35:58,201] Epoch 176 | val  | Dice 0.8863 | IoU 0.8185 | N=61
[2026-03-27 00:35:59,329] Epoch 176 | test | Dice 0.9187 | IoU 0.8558 | N=62
[2026-03-27 00:36:24,346] Epoch 177 | val  | Dice 0.8855 | IoU 0.8193 | N=61
[2026-03-27 00:36:25,568] Epoch 177 | test | Dice 0.9339 | IoU 0.8782 | N=62
[2026-03-27 00:36:50,316] Epoch 178 | val  | Dice 0.8843 | IoU 0.8191 | N=61
[2026-03-27 00:36:51,488] Epoch 178 | test | Dice 0.9279 | IoU 0.8696 | N=62
[2026-03-27 00:37:15,903] Epoch 179 | val  | Dice 0.8850 | IoU 0.8193 | N=61
[2026-03-27 00:37:16,894] Epoch 179 | test | Dice 0.9311 | IoU 0.8741 | N=62
[2026-03-27 00:37:41,424] Epoch 180 | val  | Dice 0.8846 | IoU 0.8211 | N=61
[2026-03-27 00:37:42,407] Epoch 180 | test | Dice 0.9307 | IoU 0.8737 | N=62
[2026-03-27 00:38:07,047] Epoch 181 | val  | Dice 0.8827 | IoU 0.8192 | N=61
[2026-03-27 00:38:08,019] Epoch 181 | test | Dice 0.9313 | IoU 0.8744 | N=62
[2026-03-27 00:38:32,420] Epoch 182 | val  | Dice 0.8861 | IoU 0.8208 | N=61
[2026-03-27 00:38:33,412] Epoch 182 | test | Dice 0.9338 | IoU 0.8787 | N=62
[2026-03-27 00:38:58,154] Epoch 183 | val  | Dice 0.8855 | IoU 0.8210 | N=61
[2026-03-27 00:38:59,385] Epoch 183 | test | Dice 0.9298 | IoU 0.8721 | N=62
[2026-03-27 00:39:24,196] Epoch 184 | val  | Dice 0.8849 | IoU 0.8202 | N=61
[2026-03-27 00:39:25,389] Epoch 184 | test | Dice 0.9340 | IoU 0.8783 | N=62
[2026-03-27 00:39:51,331] Epoch 185 | val  | Dice 0.8824 | IoU 0.8183 | N=61
[2026-03-27 00:39:52,796] Epoch 185 | test | Dice 0.9292 | IoU 0.8719 | N=62
[2026-03-27 00:40:17,593] Epoch 186 | val  | Dice 0.8830 | IoU 0.8166 | N=61
[2026-03-27 00:40:18,966] Epoch 186 | test | Dice 0.9251 | IoU 0.8653 | N=62
[2026-03-27 00:40:43,892] Epoch 187 | val  | Dice 0.8866 | IoU 0.8200 | N=61
[2026-03-27 00:40:44,897] Epoch 187 | test | Dice 0.9341 | IoU 0.8789 | N=62
[2026-03-27 00:41:09,307] Epoch 188 | val  | Dice 0.8920 | IoU 0.8265 | N=61
[2026-03-27 00:41:10,326] Epoch 188 | test | Dice 0.9309 | IoU 0.8737 | N=62
[2026-03-27 00:41:34,747] Epoch 189 | val  | Dice 0.8919 | IoU 0.8287 | N=61
[2026-03-27 00:41:35,729] Epoch 189 | test | Dice 0.9312 | IoU 0.8742 | N=62
[2026-03-27 00:42:00,441] Epoch 190 | val  | Dice 0.8904 | IoU 0.8278 | N=61
[2026-03-27 00:42:01,669] Epoch 190 | test | Dice 0.9295 | IoU 0.8717 | N=62
[2026-03-27 00:42:26,554] Epoch 191 | val  | Dice 0.8780 | IoU 0.8127 | N=61
[2026-03-27 00:42:27,525] Epoch 191 | test | Dice 0.9308 | IoU 0.8750 | N=62
[2026-03-27 00:42:52,130] Epoch 192 | val  | Dice 0.8873 | IoU 0.8181 | N=61
[2026-03-27 00:42:53,133] Epoch 192 | test | Dice 0.9269 | IoU 0.8678 | N=62
[2026-03-27 00:43:17,809] Epoch 193 | val  | Dice 0.8866 | IoU 0.8183 | N=61
[2026-03-27 00:43:18,779] Epoch 193 | test | Dice 0.9301 | IoU 0.8728 | N=62
[2026-03-27 00:43:43,422] Epoch 194 | val  | Dice 0.8772 | IoU 0.8109 | N=61
[2026-03-27 00:43:44,415] Epoch 194 | test | Dice 0.9352 | IoU 0.8803 | N=62
[2026-03-27 00:44:09,210] Epoch 195 | val  | Dice 0.8741 | IoU 0.8061 | N=61
[2026-03-27 00:44:10,342] Epoch 195 | test | Dice 0.9297 | IoU 0.8725 | N=62
[2026-03-27 00:44:35,129] Epoch 196 | val  | Dice 0.8832 | IoU 0.8192 | N=61
[2026-03-27 00:44:36,298] Epoch 196 | test | Dice 0.9348 | IoU 0.8797 | N=62
[2026-03-27 00:45:00,885] Epoch 197 | val  | Dice 0.8833 | IoU 0.8166 | N=61
[2026-03-27 00:45:01,851] Epoch 197 | test | Dice 0.9300 | IoU 0.8720 | N=62
[2026-03-27 00:45:26,280] Epoch 198 | val  | Dice 0.8848 | IoU 0.8182 | N=61
[2026-03-27 00:45:27,411] Epoch 198 | test | Dice 0.9337 | IoU 0.8782 | N=62
[2026-03-27 00:45:52,320] Epoch 199 | val  | Dice 0.8809 | IoU 0.8103 | N=61
[2026-03-27 00:45:53,591] Epoch 199 | test | Dice 0.9295 | IoU 0.8715 | N=62
[2026-03-27 00:46:18,232] Epoch 200 | val  | Dice 0.8844 | IoU 0.8195 | N=61
[2026-03-27 00:46:19,245] Epoch 200 | test | Dice 0.9342 | IoU 0.8796 | N=62
[2026-03-27 00:46:19,246] 
==================================================
FINAL RESULTS: ClinicDB_MK_UNet_bs8_lr0.0005_e200_augTrue_run1_t232031
Best Val  Dice : 0.8944
Test Dice @ Best Val : 0.9300
Total Train Time     : 4683.3s
==================================================
