[2026-03-28 20:10:58,474] flops: 0.742264794, params: 0.380686, Total params: : 0.3807
[2026-03-28 20:11:22,460] Epoch 001 | val  | Dice 0.2317 | IoU 0.1513 | N=61
[2026-03-28 20:11:23,528] Epoch 001 | test | Dice 0.2267 | IoU 0.1542 | N=62
[2026-03-28 20:11:23,529] Best model saved  val_dice 0.0000 → 0.2317
[2026-03-28 20:11:44,656] Epoch 002 | val  | Dice 0.4334 | IoU 0.3151 | N=61
[2026-03-28 20:11:45,752] Epoch 002 | test | Dice 0.3901 | IoU 0.2646 | N=62
[2026-03-28 20:11:45,752] Best model saved  val_dice 0.2317 → 0.4334
[2026-03-28 20:12:06,775] Epoch 003 | val  | Dice 0.4673 | IoU 0.3468 | N=61
[2026-03-28 20:12:07,773] Epoch 003 | test | Dice 0.4156 | IoU 0.3026 | N=62
[2026-03-28 20:12:07,773] Best model saved  val_dice 0.4334 → 0.4673
[2026-03-28 20:12:28,778] Epoch 004 | val  | Dice 0.5082 | IoU 0.3833 | N=61
[2026-03-28 20:12:29,762] Epoch 004 | test | Dice 0.4419 | IoU 0.3139 | N=62
[2026-03-28 20:12:29,762] Best model saved  val_dice 0.4673 → 0.5082
[2026-03-28 20:12:50,737] Epoch 005 | val  | Dice 0.4274 | IoU 0.3065 | N=61
[2026-03-28 20:12:51,757] Epoch 005 | test | Dice 0.3853 | IoU 0.2715 | N=62
[2026-03-28 20:13:12,649] Epoch 006 | val  | Dice 0.5372 | IoU 0.4127 | N=61
[2026-03-28 20:13:13,629] Epoch 006 | test | Dice 0.4668 | IoU 0.3453 | N=62
[2026-03-28 20:13:13,629] Best model saved  val_dice 0.5082 → 0.5372
[2026-03-28 20:13:34,613] Epoch 007 | val  | Dice 0.4653 | IoU 0.3534 | N=61
[2026-03-28 20:13:35,632] Epoch 007 | test | Dice 0.4360 | IoU 0.3179 | N=62
[2026-03-28 20:13:56,502] Epoch 008 | val  | Dice 0.4777 | IoU 0.3499 | N=61
[2026-03-28 20:13:57,486] Epoch 008 | test | Dice 0.4543 | IoU 0.3272 | N=62
[2026-03-28 20:14:18,317] Epoch 009 | val  | Dice 0.5625 | IoU 0.4344 | N=61
[2026-03-28 20:14:19,304] Epoch 009 | test | Dice 0.5375 | IoU 0.4047 | N=62
[2026-03-28 20:14:19,304] Best model saved  val_dice 0.5372 → 0.5625
[2026-03-28 20:14:40,208] Epoch 010 | val  | Dice 0.5623 | IoU 0.4403 | N=61
[2026-03-28 20:14:41,185] Epoch 010 | test | Dice 0.5517 | IoU 0.4257 | N=62
[2026-03-28 20:15:02,064] Epoch 011 | val  | Dice 0.6747 | IoU 0.5547 | N=61
[2026-03-28 20:15:03,059] Epoch 011 | test | Dice 0.6741 | IoU 0.5441 | N=62
[2026-03-28 20:15:03,059] Best model saved  val_dice 0.5625 → 0.6747
[2026-03-28 20:15:23,960] Epoch 012 | val  | Dice 0.6023 | IoU 0.4722 | N=61
[2026-03-28 20:15:24,961] Epoch 012 | test | Dice 0.6540 | IoU 0.5165 | N=62
[2026-03-28 20:15:45,766] Epoch 013 | val  | Dice 0.6411 | IoU 0.5095 | N=61
[2026-03-28 20:15:46,755] Epoch 013 | test | Dice 0.6144 | IoU 0.4853 | N=62
[2026-03-28 20:16:07,618] Epoch 014 | val  | Dice 0.6579 | IoU 0.5422 | N=61
[2026-03-28 20:16:08,610] Epoch 014 | test | Dice 0.6512 | IoU 0.5307 | N=62
[2026-03-28 20:16:29,398] Epoch 015 | val  | Dice 0.6833 | IoU 0.5701 | N=61
[2026-03-28 20:16:30,415] Epoch 015 | test | Dice 0.7316 | IoU 0.6192 | N=62
[2026-03-28 20:16:30,415] Best model saved  val_dice 0.6747 → 0.6833
[2026-03-28 20:16:51,353] Epoch 016 | val  | Dice 0.6529 | IoU 0.5261 | N=61
[2026-03-28 20:16:52,353] Epoch 016 | test | Dice 0.6847 | IoU 0.5584 | N=62
[2026-03-28 20:17:13,263] Epoch 017 | val  | Dice 0.6109 | IoU 0.4956 | N=61
[2026-03-28 20:17:14,263] Epoch 017 | test | Dice 0.6249 | IoU 0.5053 | N=62
[2026-03-28 20:17:35,194] Epoch 018 | val  | Dice 0.7037 | IoU 0.5897 | N=61
[2026-03-28 20:17:36,194] Epoch 018 | test | Dice 0.7404 | IoU 0.6262 | N=62
[2026-03-28 20:17:36,194] Best model saved  val_dice 0.6833 → 0.7037
[2026-03-28 20:17:57,111] Epoch 019 | val  | Dice 0.7162 | IoU 0.6022 | N=61
[2026-03-28 20:17:58,129] Epoch 019 | test | Dice 0.7886 | IoU 0.6818 | N=62
[2026-03-28 20:17:58,129] Best model saved  val_dice 0.7037 → 0.7162
[2026-03-28 20:18:19,082] Epoch 020 | val  | Dice 0.7401 | IoU 0.6366 | N=61
[2026-03-28 20:18:20,060] Epoch 020 | test | Dice 0.7737 | IoU 0.6662 | N=62
[2026-03-28 20:18:20,060] Best model saved  val_dice 0.7162 → 0.7401
[2026-03-28 20:18:40,973] Epoch 021 | val  | Dice 0.7373 | IoU 0.6267 | N=61
[2026-03-28 20:18:41,953] Epoch 021 | test | Dice 0.7926 | IoU 0.6899 | N=62
[2026-03-28 20:19:02,720] Epoch 022 | val  | Dice 0.7343 | IoU 0.6240 | N=61
[2026-03-28 20:19:03,714] Epoch 022 | test | Dice 0.8167 | IoU 0.7195 | N=62
[2026-03-28 20:19:24,589] Epoch 023 | val  | Dice 0.7141 | IoU 0.5952 | N=61
[2026-03-28 20:19:25,586] Epoch 023 | test | Dice 0.7987 | IoU 0.6985 | N=62
[2026-03-28 20:19:46,434] Epoch 024 | val  | Dice 0.7592 | IoU 0.6585 | N=61
[2026-03-28 20:19:47,433] Epoch 024 | test | Dice 0.7821 | IoU 0.6865 | N=62
[2026-03-28 20:19:47,433] Best model saved  val_dice 0.7401 → 0.7592
[2026-03-28 20:20:08,237] Epoch 025 | val  | Dice 0.6941 | IoU 0.5820 | N=61
[2026-03-28 20:20:09,238] Epoch 025 | test | Dice 0.7546 | IoU 0.6457 | N=62
[2026-03-28 20:20:30,100] Epoch 026 | val  | Dice 0.7514 | IoU 0.6432 | N=61
[2026-03-28 20:20:31,109] Epoch 026 | test | Dice 0.8055 | IoU 0.7110 | N=62
[2026-03-28 20:20:51,918] Epoch 027 | val  | Dice 0.7098 | IoU 0.5905 | N=61
[2026-03-28 20:20:52,948] Epoch 027 | test | Dice 0.7959 | IoU 0.6908 | N=62
[2026-03-28 20:21:13,893] Epoch 028 | val  | Dice 0.7928 | IoU 0.6969 | N=61
[2026-03-28 20:21:14,926] Epoch 028 | test | Dice 0.8388 | IoU 0.7533 | N=62
[2026-03-28 20:21:14,926] Best model saved  val_dice 0.7592 → 0.7928
[2026-03-28 20:21:35,817] Epoch 029 | val  | Dice 0.7602 | IoU 0.6573 | N=61
[2026-03-28 20:21:36,808] Epoch 029 | test | Dice 0.8103 | IoU 0.7123 | N=62
[2026-03-28 20:21:57,643] Epoch 030 | val  | Dice 0.7609 | IoU 0.6560 | N=61
[2026-03-28 20:21:58,624] Epoch 030 | test | Dice 0.8085 | IoU 0.7066 | N=62
[2026-03-28 20:22:19,500] Epoch 031 | val  | Dice 0.7668 | IoU 0.6632 | N=61
[2026-03-28 20:22:20,481] Epoch 031 | test | Dice 0.8296 | IoU 0.7395 | N=62
[2026-03-28 20:22:41,370] Epoch 032 | val  | Dice 0.7786 | IoU 0.6813 | N=61
[2026-03-28 20:22:42,374] Epoch 032 | test | Dice 0.8648 | IoU 0.7799 | N=62
[2026-03-28 20:23:03,195] Epoch 033 | val  | Dice 0.7397 | IoU 0.6333 | N=61
[2026-03-28 20:23:04,204] Epoch 033 | test | Dice 0.8314 | IoU 0.7452 | N=62
[2026-03-28 20:23:25,042] Epoch 034 | val  | Dice 0.8100 | IoU 0.7133 | N=61
[2026-03-28 20:23:26,055] Epoch 034 | test | Dice 0.8383 | IoU 0.7524 | N=62
[2026-03-28 20:23:26,055] Best model saved  val_dice 0.7928 → 0.8100
[2026-03-28 20:23:47,009] Epoch 035 | val  | Dice 0.7351 | IoU 0.6364 | N=61
[2026-03-28 20:23:48,016] Epoch 035 | test | Dice 0.7702 | IoU 0.6861 | N=62
[2026-03-28 20:24:08,873] Epoch 036 | val  | Dice 0.7900 | IoU 0.6922 | N=61
[2026-03-28 20:24:09,867] Epoch 036 | test | Dice 0.8574 | IoU 0.7699 | N=62
[2026-03-28 20:24:30,666] Epoch 037 | val  | Dice 0.7748 | IoU 0.6706 | N=61
[2026-03-28 20:24:31,645] Epoch 037 | test | Dice 0.8220 | IoU 0.7356 | N=62
[2026-03-28 20:24:52,504] Epoch 038 | val  | Dice 0.8017 | IoU 0.7041 | N=61
[2026-03-28 20:24:53,479] Epoch 038 | test | Dice 0.8376 | IoU 0.7539 | N=62
[2026-03-28 20:25:14,333] Epoch 039 | val  | Dice 0.7714 | IoU 0.6686 | N=61
[2026-03-28 20:25:15,310] Epoch 039 | test | Dice 0.8096 | IoU 0.7228 | N=62
[2026-03-28 20:25:36,101] Epoch 040 | val  | Dice 0.7936 | IoU 0.6992 | N=61
[2026-03-28 20:25:37,093] Epoch 040 | test | Dice 0.8468 | IoU 0.7588 | N=62
[2026-03-28 20:25:57,928] Epoch 041 | val  | Dice 0.7938 | IoU 0.7029 | N=61
[2026-03-28 20:25:58,930] Epoch 041 | test | Dice 0.8586 | IoU 0.7823 | N=62
[2026-03-28 20:26:19,756] Epoch 042 | val  | Dice 0.8105 | IoU 0.7285 | N=61
[2026-03-28 20:26:20,741] Epoch 042 | test | Dice 0.8398 | IoU 0.7570 | N=62
[2026-03-28 20:26:20,741] Best model saved  val_dice 0.8100 → 0.8105
[2026-03-28 20:26:41,669] Epoch 043 | val  | Dice 0.7459 | IoU 0.6503 | N=61
[2026-03-28 20:26:42,657] Epoch 043 | test | Dice 0.8391 | IoU 0.7634 | N=62
[2026-03-28 20:27:03,496] Epoch 044 | val  | Dice 0.7244 | IoU 0.6133 | N=61
[2026-03-28 20:27:04,480] Epoch 044 | test | Dice 0.7832 | IoU 0.6836 | N=62
[2026-03-28 20:27:25,303] Epoch 045 | val  | Dice 0.7570 | IoU 0.6493 | N=61
[2026-03-28 20:27:26,299] Epoch 045 | test | Dice 0.8095 | IoU 0.7134 | N=62
[2026-03-28 20:27:47,133] Epoch 046 | val  | Dice 0.7674 | IoU 0.6647 | N=61
[2026-03-28 20:27:48,131] Epoch 046 | test | Dice 0.8337 | IoU 0.7468 | N=62
[2026-03-28 20:28:09,008] Epoch 047 | val  | Dice 0.7751 | IoU 0.6791 | N=61
[2026-03-28 20:28:10,003] Epoch 047 | test | Dice 0.8469 | IoU 0.7615 | N=62
[2026-03-28 20:28:30,824] Epoch 048 | val  | Dice 0.7875 | IoU 0.6978 | N=61
[2026-03-28 20:28:31,804] Epoch 048 | test | Dice 0.8314 | IoU 0.7482 | N=62
[2026-03-28 20:28:57,855] Epoch 049 | val  | Dice 0.8232 | IoU 0.7331 | N=61
[2026-03-28 20:28:58,830] Epoch 049 | test | Dice 0.8652 | IoU 0.7907 | N=62
[2026-03-28 20:28:58,830] Best model saved  val_dice 0.8105 → 0.8232
[2026-03-28 20:29:19,786] Epoch 050 | val  | Dice 0.8138 | IoU 0.7333 | N=61
[2026-03-28 20:29:20,777] Epoch 050 | test | Dice 0.8879 | IoU 0.8143 | N=62
[2026-03-28 20:29:41,629] Epoch 051 | val  | Dice 0.7983 | IoU 0.7045 | N=61
[2026-03-28 20:29:42,606] Epoch 051 | test | Dice 0.8730 | IoU 0.7940 | N=62
[2026-03-28 20:30:03,814] Epoch 052 | val  | Dice 0.8034 | IoU 0.7137 | N=61
[2026-03-28 20:30:05,133] Epoch 052 | test | Dice 0.8335 | IoU 0.7599 | N=62
[2026-03-28 20:30:26,017] Epoch 053 | val  | Dice 0.8437 | IoU 0.7595 | N=61
[2026-03-28 20:30:26,998] Epoch 053 | test | Dice 0.9010 | IoU 0.8358 | N=62
[2026-03-28 20:30:26,998] Best model saved  val_dice 0.8232 → 0.8437
[2026-03-28 20:30:47,874] Epoch 054 | val  | Dice 0.8057 | IoU 0.7264 | N=61
[2026-03-28 20:30:48,862] Epoch 054 | test | Dice 0.8823 | IoU 0.8082 | N=62
[2026-03-28 20:31:09,728] Epoch 055 | val  | Dice 0.8439 | IoU 0.7605 | N=61
[2026-03-28 20:31:10,730] Epoch 055 | test | Dice 0.8735 | IoU 0.8032 | N=62
[2026-03-28 20:31:10,730] Best model saved  val_dice 0.8437 → 0.8439
[2026-03-28 20:31:31,754] Epoch 056 | val  | Dice 0.8254 | IoU 0.7296 | N=61
[2026-03-28 20:31:32,770] Epoch 056 | test | Dice 0.8419 | IoU 0.7579 | N=62
[2026-03-28 20:31:53,641] Epoch 057 | val  | Dice 0.8271 | IoU 0.7413 | N=61
[2026-03-28 20:31:54,642] Epoch 057 | test | Dice 0.8874 | IoU 0.8162 | N=62
[2026-03-28 20:32:15,548] Epoch 058 | val  | Dice 0.8270 | IoU 0.7367 | N=61
[2026-03-28 20:32:16,546] Epoch 058 | test | Dice 0.8901 | IoU 0.8158 | N=62
[2026-03-28 20:32:37,427] Epoch 059 | val  | Dice 0.8478 | IoU 0.7676 | N=61
[2026-03-28 20:32:38,411] Epoch 059 | test | Dice 0.9037 | IoU 0.8362 | N=62
[2026-03-28 20:32:38,411] Best model saved  val_dice 0.8439 → 0.8478
[2026-03-28 20:32:59,345] Epoch 060 | val  | Dice 0.8352 | IoU 0.7509 | N=61
[2026-03-28 20:33:00,332] Epoch 060 | test | Dice 0.8661 | IoU 0.7915 | N=62
[2026-03-28 20:33:21,175] Epoch 061 | val  | Dice 0.8078 | IoU 0.7267 | N=61
[2026-03-28 20:33:22,174] Epoch 061 | test | Dice 0.8487 | IoU 0.7681 | N=62
[2026-03-28 20:33:42,983] Epoch 062 | val  | Dice 0.8383 | IoU 0.7521 | N=61
[2026-03-28 20:33:43,967] Epoch 062 | test | Dice 0.8857 | IoU 0.8137 | N=62
[2026-03-28 20:34:04,798] Epoch 063 | val  | Dice 0.7940 | IoU 0.7010 | N=61
[2026-03-28 20:34:05,788] Epoch 063 | test | Dice 0.8820 | IoU 0.8040 | N=62
[2026-03-28 20:34:26,619] Epoch 064 | val  | Dice 0.8600 | IoU 0.7772 | N=61
[2026-03-28 20:34:27,600] Epoch 064 | test | Dice 0.8829 | IoU 0.8165 | N=62
[2026-03-28 20:34:27,600] Best model saved  val_dice 0.8478 → 0.8600
[2026-03-28 20:34:48,600] Epoch 065 | val  | Dice 0.8009 | IoU 0.7052 | N=61
[2026-03-28 20:34:49,591] Epoch 065 | test | Dice 0.8555 | IoU 0.7757 | N=62
[2026-03-28 20:35:10,426] Epoch 066 | val  | Dice 0.8316 | IoU 0.7450 | N=61
[2026-03-28 20:35:11,409] Epoch 066 | test | Dice 0.9004 | IoU 0.8312 | N=62
[2026-03-28 20:35:32,268] Epoch 067 | val  | Dice 0.8274 | IoU 0.7405 | N=61
[2026-03-28 20:35:33,260] Epoch 067 | test | Dice 0.8846 | IoU 0.8098 | N=62
[2026-03-28 20:35:54,146] Epoch 068 | val  | Dice 0.8280 | IoU 0.7438 | N=61
[2026-03-28 20:35:55,137] Epoch 068 | test | Dice 0.9130 | IoU 0.8496 | N=62
[2026-03-28 20:36:15,957] Epoch 069 | val  | Dice 0.8250 | IoU 0.7448 | N=61
[2026-03-28 20:36:16,944] Epoch 069 | test | Dice 0.8702 | IoU 0.7976 | N=62
[2026-03-28 20:36:37,786] Epoch 070 | val  | Dice 0.8324 | IoU 0.7618 | N=61
[2026-03-28 20:36:38,779] Epoch 070 | test | Dice 0.9106 | IoU 0.8444 | N=62
[2026-03-28 20:36:59,558] Epoch 071 | val  | Dice 0.8019 | IoU 0.7055 | N=61
[2026-03-28 20:37:00,595] Epoch 071 | test | Dice 0.8624 | IoU 0.7859 | N=62
[2026-03-28 20:37:21,456] Epoch 072 | val  | Dice 0.8266 | IoU 0.7411 | N=61
[2026-03-28 20:37:22,442] Epoch 072 | test | Dice 0.8866 | IoU 0.8142 | N=62
[2026-03-28 20:37:43,286] Epoch 073 | val  | Dice 0.8454 | IoU 0.7674 | N=61
[2026-03-28 20:37:44,277] Epoch 073 | test | Dice 0.9083 | IoU 0.8462 | N=62
[2026-03-28 20:38:05,079] Epoch 074 | val  | Dice 0.8438 | IoU 0.7652 | N=61
[2026-03-28 20:38:06,079] Epoch 074 | test | Dice 0.9006 | IoU 0.8313 | N=62
[2026-03-28 20:38:26,940] Epoch 075 | val  | Dice 0.8339 | IoU 0.7545 | N=61
[2026-03-28 20:38:27,918] Epoch 075 | test | Dice 0.9158 | IoU 0.8505 | N=62
[2026-03-28 20:38:48,762] Epoch 076 | val  | Dice 0.8324 | IoU 0.7479 | N=61
[2026-03-28 20:38:49,735] Epoch 076 | test | Dice 0.9199 | IoU 0.8559 | N=62
[2026-03-28 20:39:10,530] Epoch 077 | val  | Dice 0.8301 | IoU 0.7539 | N=61
[2026-03-28 20:39:11,536] Epoch 077 | test | Dice 0.8936 | IoU 0.8211 | N=62
[2026-03-28 20:39:32,454] Epoch 078 | val  | Dice 0.8441 | IoU 0.7578 | N=61
[2026-03-28 20:39:33,463] Epoch 078 | test | Dice 0.9060 | IoU 0.8379 | N=62
[2026-03-28 20:39:54,347] Epoch 079 | val  | Dice 0.8469 | IoU 0.7639 | N=61
[2026-03-28 20:39:55,408] Epoch 079 | test | Dice 0.8948 | IoU 0.8250 | N=62
[2026-03-28 20:40:16,427] Epoch 080 | val  | Dice 0.8598 | IoU 0.7841 | N=61
[2026-03-28 20:40:17,464] Epoch 080 | test | Dice 0.9123 | IoU 0.8499 | N=62
[2026-03-28 20:40:38,354] Epoch 081 | val  | Dice 0.8395 | IoU 0.7501 | N=61
[2026-03-28 20:40:39,412] Epoch 081 | test | Dice 0.8891 | IoU 0.8188 | N=62
[2026-03-28 20:41:00,337] Epoch 082 | val  | Dice 0.8699 | IoU 0.7942 | N=61
[2026-03-28 20:41:01,409] Epoch 082 | test | Dice 0.8947 | IoU 0.8321 | N=62
[2026-03-28 20:41:01,409] Best model saved  val_dice 0.8600 → 0.8699
[2026-03-28 20:41:22,420] Epoch 083 | val  | Dice 0.8493 | IoU 0.7630 | N=61
[2026-03-28 20:41:23,480] Epoch 083 | test | Dice 0.9055 | IoU 0.8366 | N=62
[2026-03-28 20:41:44,372] Epoch 084 | val  | Dice 0.8653 | IoU 0.7851 | N=61
[2026-03-28 20:41:45,408] Epoch 084 | test | Dice 0.9170 | IoU 0.8551 | N=62
[2026-03-28 20:42:06,187] Epoch 085 | val  | Dice 0.8344 | IoU 0.7562 | N=61
[2026-03-28 20:42:07,239] Epoch 085 | test | Dice 0.8958 | IoU 0.8329 | N=62
[2026-03-28 20:42:28,198] Epoch 086 | val  | Dice 0.8536 | IoU 0.7785 | N=61
[2026-03-28 20:42:29,221] Epoch 086 | test | Dice 0.8952 | IoU 0.8253 | N=62
[2026-03-28 20:42:50,070] Epoch 087 | val  | Dice 0.8508 | IoU 0.7733 | N=61
[2026-03-28 20:42:51,076] Epoch 087 | test | Dice 0.8940 | IoU 0.8312 | N=62
[2026-03-28 20:43:11,924] Epoch 088 | val  | Dice 0.8633 | IoU 0.7866 | N=61
[2026-03-28 20:43:12,905] Epoch 088 | test | Dice 0.9036 | IoU 0.8359 | N=62
[2026-03-28 20:43:33,819] Epoch 089 | val  | Dice 0.8603 | IoU 0.7879 | N=61
[2026-03-28 20:43:34,802] Epoch 089 | test | Dice 0.9098 | IoU 0.8485 | N=62
[2026-03-28 20:43:55,650] Epoch 090 | val  | Dice 0.8574 | IoU 0.7863 | N=61
[2026-03-28 20:43:56,633] Epoch 090 | test | Dice 0.8981 | IoU 0.8281 | N=62
[2026-03-28 20:44:17,448] Epoch 091 | val  | Dice 0.8609 | IoU 0.7855 | N=61
[2026-03-28 20:44:18,430] Epoch 091 | test | Dice 0.9215 | IoU 0.8604 | N=62
[2026-03-28 20:44:39,277] Epoch 092 | val  | Dice 0.8625 | IoU 0.7844 | N=61
[2026-03-28 20:44:40,263] Epoch 092 | test | Dice 0.9031 | IoU 0.8385 | N=62
[2026-03-28 20:45:01,109] Epoch 093 | val  | Dice 0.8197 | IoU 0.7330 | N=61
[2026-03-28 20:45:02,102] Epoch 093 | test | Dice 0.8801 | IoU 0.8056 | N=62
[2026-03-28 20:45:22,881] Epoch 094 | val  | Dice 0.8573 | IoU 0.7721 | N=61
[2026-03-28 20:45:23,900] Epoch 094 | test | Dice 0.8809 | IoU 0.8096 | N=62
[2026-03-28 20:45:44,763] Epoch 095 | val  | Dice 0.8638 | IoU 0.7914 | N=61
[2026-03-28 20:45:45,756] Epoch 095 | test | Dice 0.9157 | IoU 0.8501 | N=62
[2026-03-28 20:46:06,674] Epoch 096 | val  | Dice 0.8668 | IoU 0.7908 | N=61
[2026-03-28 20:46:07,670] Epoch 096 | test | Dice 0.9130 | IoU 0.8473 | N=62
[2026-03-28 20:46:28,522] Epoch 097 | val  | Dice 0.8701 | IoU 0.7922 | N=61
[2026-03-28 20:46:29,522] Epoch 097 | test | Dice 0.9098 | IoU 0.8473 | N=62
[2026-03-28 20:46:29,523] Best model saved  val_dice 0.8699 → 0.8701
[2026-03-28 20:46:50,547] Epoch 098 | val  | Dice 0.8654 | IoU 0.7872 | N=61
[2026-03-28 20:46:51,561] Epoch 098 | test | Dice 0.8968 | IoU 0.8371 | N=62
[2026-03-28 20:47:12,414] Epoch 099 | val  | Dice 0.8773 | IoU 0.8030 | N=61
[2026-03-28 20:47:13,441] Epoch 099 | test | Dice 0.9232 | IoU 0.8630 | N=62
[2026-03-28 20:47:13,441] Best model saved  val_dice 0.8701 → 0.8773
[2026-03-28 20:47:34,417] Epoch 100 | val  | Dice 0.8624 | IoU 0.7884 | N=61
[2026-03-28 20:47:35,445] Epoch 100 | test | Dice 0.9115 | IoU 0.8486 | N=62
[2026-03-28 20:47:56,301] Epoch 101 | val  | Dice 0.8541 | IoU 0.7829 | N=61
[2026-03-28 20:47:57,360] Epoch 101 | test | Dice 0.8862 | IoU 0.8204 | N=62
[2026-03-28 20:48:18,218] Epoch 102 | val  | Dice 0.8342 | IoU 0.7602 | N=61
[2026-03-28 20:48:19,261] Epoch 102 | test | Dice 0.9006 | IoU 0.8358 | N=62
[2026-03-28 20:48:40,116] Epoch 103 | val  | Dice 0.8744 | IoU 0.8036 | N=61
[2026-03-28 20:48:41,153] Epoch 103 | test | Dice 0.9227 | IoU 0.8660 | N=62
[2026-03-28 20:49:01,996] Epoch 104 | val  | Dice 0.8738 | IoU 0.8011 | N=61
[2026-03-28 20:49:02,988] Epoch 104 | test | Dice 0.9169 | IoU 0.8531 | N=62
[2026-03-28 20:49:23,846] Epoch 105 | val  | Dice 0.8720 | IoU 0.7950 | N=61
[2026-03-28 20:49:24,867] Epoch 105 | test | Dice 0.9184 | IoU 0.8579 | N=62
[2026-03-28 20:49:45,748] Epoch 106 | val  | Dice 0.8596 | IoU 0.7803 | N=61
[2026-03-28 20:49:46,744] Epoch 106 | test | Dice 0.8974 | IoU 0.8256 | N=62
[2026-03-28 20:50:07,580] Epoch 107 | val  | Dice 0.8691 | IoU 0.7918 | N=61
[2026-03-28 20:50:08,562] Epoch 107 | test | Dice 0.9065 | IoU 0.8413 | N=62
[2026-03-28 20:50:29,411] Epoch 108 | val  | Dice 0.8781 | IoU 0.8048 | N=61
[2026-03-28 20:50:30,413] Epoch 108 | test | Dice 0.9170 | IoU 0.8534 | N=62
[2026-03-28 20:50:30,413] Best model saved  val_dice 0.8773 → 0.8781
[2026-03-28 20:50:51,306] Epoch 109 | val  | Dice 0.8649 | IoU 0.7870 | N=61
[2026-03-28 20:50:52,303] Epoch 109 | test | Dice 0.9230 | IoU 0.8616 | N=62
[2026-03-28 20:51:13,160] Epoch 110 | val  | Dice 0.8768 | IoU 0.8029 | N=61
[2026-03-28 20:51:14,136] Epoch 110 | test | Dice 0.9201 | IoU 0.8600 | N=62
[2026-03-28 20:51:34,954] Epoch 111 | val  | Dice 0.8698 | IoU 0.7938 | N=61
[2026-03-28 20:51:35,931] Epoch 111 | test | Dice 0.9185 | IoU 0.8558 | N=62
[2026-03-28 20:51:56,844] Epoch 112 | val  | Dice 0.8828 | IoU 0.8104 | N=61
[2026-03-28 20:51:57,876] Epoch 112 | test | Dice 0.9159 | IoU 0.8587 | N=62
[2026-03-28 20:51:57,876] Best model saved  val_dice 0.8781 → 0.8828
[2026-03-28 20:52:18,894] Epoch 113 | val  | Dice 0.8765 | IoU 0.8024 | N=61
[2026-03-28 20:52:19,903] Epoch 113 | test | Dice 0.9198 | IoU 0.8581 | N=62
[2026-03-28 20:52:40,736] Epoch 114 | val  | Dice 0.8642 | IoU 0.7964 | N=61
[2026-03-28 20:52:41,744] Epoch 114 | test | Dice 0.9222 | IoU 0.8624 | N=62
[2026-03-28 20:53:02,612] Epoch 115 | val  | Dice 0.8753 | IoU 0.8041 | N=61
[2026-03-28 20:53:03,635] Epoch 115 | test | Dice 0.9270 | IoU 0.8688 | N=62
[2026-03-28 20:53:24,514] Epoch 116 | val  | Dice 0.8642 | IoU 0.7849 | N=61
[2026-03-28 20:53:25,526] Epoch 116 | test | Dice 0.9192 | IoU 0.8560 | N=62
[2026-03-28 20:53:46,390] Epoch 117 | val  | Dice 0.8849 | IoU 0.8148 | N=61
[2026-03-28 20:53:47,396] Epoch 117 | test | Dice 0.9202 | IoU 0.8591 | N=62
[2026-03-28 20:53:47,396] Best model saved  val_dice 0.8828 → 0.8849
[2026-03-28 20:54:08,363] Epoch 118 | val  | Dice 0.8836 | IoU 0.8107 | N=61
[2026-03-28 20:54:09,379] Epoch 118 | test | Dice 0.9286 | IoU 0.8717 | N=62
[2026-03-28 20:54:30,273] Epoch 119 | val  | Dice 0.8845 | IoU 0.8132 | N=61
[2026-03-28 20:54:31,263] Epoch 119 | test | Dice 0.9289 | IoU 0.8711 | N=62
[2026-03-28 20:54:52,103] Epoch 120 | val  | Dice 0.8790 | IoU 0.8072 | N=61
[2026-03-28 20:54:53,100] Epoch 120 | test | Dice 0.9172 | IoU 0.8555 | N=62
[2026-03-28 20:55:13,944] Epoch 121 | val  | Dice 0.8819 | IoU 0.8108 | N=61
[2026-03-28 20:55:14,927] Epoch 121 | test | Dice 0.9175 | IoU 0.8571 | N=62
[2026-03-28 20:55:35,779] Epoch 122 | val  | Dice 0.8854 | IoU 0.8159 | N=61
[2026-03-28 20:55:36,776] Epoch 122 | test | Dice 0.9142 | IoU 0.8529 | N=62
[2026-03-28 20:55:36,776] Best model saved  val_dice 0.8849 → 0.8854
[2026-03-28 20:55:57,685] Epoch 123 | val  | Dice 0.8759 | IoU 0.7991 | N=61
[2026-03-28 20:55:58,692] Epoch 123 | test | Dice 0.9234 | IoU 0.8625 | N=62
[2026-03-28 20:56:19,503] Epoch 124 | val  | Dice 0.8621 | IoU 0.7923 | N=61
[2026-03-28 20:56:20,489] Epoch 124 | test | Dice 0.9126 | IoU 0.8490 | N=62
[2026-03-28 20:56:41,378] Epoch 125 | val  | Dice 0.8653 | IoU 0.7939 | N=61
[2026-03-28 20:56:42,367] Epoch 125 | test | Dice 0.9212 | IoU 0.8581 | N=62
[2026-03-28 20:57:03,187] Epoch 126 | val  | Dice 0.8844 | IoU 0.8146 | N=61
[2026-03-28 20:57:04,187] Epoch 126 | test | Dice 0.9155 | IoU 0.8534 | N=62
[2026-03-28 20:57:25,016] Epoch 127 | val  | Dice 0.8754 | IoU 0.8018 | N=61
[2026-03-28 20:57:26,026] Epoch 127 | test | Dice 0.9164 | IoU 0.8559 | N=62
[2026-03-28 20:57:46,851] Epoch 128 | val  | Dice 0.8848 | IoU 0.8144 | N=61
[2026-03-28 20:57:47,834] Epoch 128 | test | Dice 0.9155 | IoU 0.8561 | N=62
[2026-03-28 20:58:08,751] Epoch 129 | val  | Dice 0.8836 | IoU 0.8109 | N=61
[2026-03-28 20:58:09,754] Epoch 129 | test | Dice 0.9259 | IoU 0.8664 | N=62
[2026-03-28 20:58:30,646] Epoch 130 | val  | Dice 0.8773 | IoU 0.8073 | N=61
[2026-03-28 20:58:31,664] Epoch 130 | test | Dice 0.9273 | IoU 0.8683 | N=62
[2026-03-28 20:58:52,549] Epoch 131 | val  | Dice 0.8721 | IoU 0.8009 | N=61
[2026-03-28 20:58:53,542] Epoch 131 | test | Dice 0.9190 | IoU 0.8571 | N=62
[2026-03-28 20:59:14,449] Epoch 132 | val  | Dice 0.8808 | IoU 0.8093 | N=61
[2026-03-28 20:59:15,430] Epoch 132 | test | Dice 0.9227 | IoU 0.8618 | N=62
[2026-03-28 20:59:36,272] Epoch 133 | val  | Dice 0.8920 | IoU 0.8236 | N=61
[2026-03-28 20:59:37,260] Epoch 133 | test | Dice 0.9247 | IoU 0.8658 | N=62
[2026-03-28 20:59:37,260] Best model saved  val_dice 0.8854 → 0.8920
[2026-03-28 20:59:58,214] Epoch 134 | val  | Dice 0.8905 | IoU 0.8213 | N=61
[2026-03-28 20:59:59,211] Epoch 134 | test | Dice 0.9284 | IoU 0.8707 | N=62
[2026-03-28 21:00:20,090] Epoch 135 | val  | Dice 0.8823 | IoU 0.8142 | N=61
[2026-03-28 21:00:21,085] Epoch 135 | test | Dice 0.9182 | IoU 0.8562 | N=62
[2026-03-28 21:00:41,947] Epoch 136 | val  | Dice 0.8878 | IoU 0.8195 | N=61
[2026-03-28 21:00:42,964] Epoch 136 | test | Dice 0.9183 | IoU 0.8595 | N=62
[2026-03-28 21:01:03,845] Epoch 137 | val  | Dice 0.8887 | IoU 0.8220 | N=61
[2026-03-28 21:01:04,859] Epoch 137 | test | Dice 0.9187 | IoU 0.8615 | N=62
[2026-03-28 21:01:25,658] Epoch 138 | val  | Dice 0.8893 | IoU 0.8199 | N=61
[2026-03-28 21:01:26,643] Epoch 138 | test | Dice 0.9203 | IoU 0.8615 | N=62
[2026-03-28 21:01:47,502] Epoch 139 | val  | Dice 0.8824 | IoU 0.8137 | N=61
[2026-03-28 21:01:48,496] Epoch 139 | test | Dice 0.9092 | IoU 0.8438 | N=62
[2026-03-28 21:02:09,341] Epoch 140 | val  | Dice 0.8741 | IoU 0.8069 | N=61
[2026-03-28 21:02:10,339] Epoch 140 | test | Dice 0.9272 | IoU 0.8690 | N=62
[2026-03-28 21:02:31,173] Epoch 141 | val  | Dice 0.8871 | IoU 0.8188 | N=61
[2026-03-28 21:02:32,149] Epoch 141 | test | Dice 0.9291 | IoU 0.8715 | N=62
[2026-03-28 21:02:52,996] Epoch 142 | val  | Dice 0.8874 | IoU 0.8193 | N=61
[2026-03-28 21:02:54,003] Epoch 142 | test | Dice 0.9247 | IoU 0.8657 | N=62
[2026-03-28 21:03:14,847] Epoch 143 | val  | Dice 0.8876 | IoU 0.8189 | N=61
[2026-03-28 21:03:15,832] Epoch 143 | test | Dice 0.9288 | IoU 0.8712 | N=62
[2026-03-28 21:03:36,749] Epoch 144 | val  | Dice 0.8875 | IoU 0.8201 | N=61
[2026-03-28 21:03:37,733] Epoch 144 | test | Dice 0.8965 | IoU 0.8369 | N=62
[2026-03-28 21:03:58,617] Epoch 145 | val  | Dice 0.8827 | IoU 0.8131 | N=61
[2026-03-28 21:03:59,625] Epoch 145 | test | Dice 0.9291 | IoU 0.8714 | N=62
[2026-03-28 21:04:20,487] Epoch 146 | val  | Dice 0.8921 | IoU 0.8258 | N=61
[2026-03-28 21:04:21,466] Epoch 146 | test | Dice 0.9195 | IoU 0.8577 | N=62
[2026-03-28 21:04:21,467] Best model saved  val_dice 0.8920 → 0.8921
[2026-03-28 21:04:42,405] Epoch 147 | val  | Dice 0.8960 | IoU 0.8296 | N=61
[2026-03-28 21:04:43,409] Epoch 147 | test | Dice 0.9195 | IoU 0.8598 | N=62
[2026-03-28 21:04:43,409] Best model saved  val_dice 0.8921 → 0.8960
[2026-03-28 21:05:04,365] Epoch 148 | val  | Dice 0.8864 | IoU 0.8181 | N=61
[2026-03-28 21:05:05,355] Epoch 148 | test | Dice 0.9310 | IoU 0.8742 | N=62
[2026-03-28 21:05:26,129] Epoch 149 | val  | Dice 0.8896 | IoU 0.8208 | N=61
[2026-03-28 21:05:27,112] Epoch 149 | test | Dice 0.9304 | IoU 0.8738 | N=62
[2026-03-28 21:05:47,933] Epoch 150 | val  | Dice 0.8879 | IoU 0.8211 | N=61
[2026-03-28 21:05:48,941] Epoch 150 | test | Dice 0.9225 | IoU 0.8629 | N=62
[2026-03-28 21:06:09,796] Epoch 151 | val  | Dice 0.8816 | IoU 0.8106 | N=61
[2026-03-28 21:06:10,801] Epoch 151 | test | Dice 0.9116 | IoU 0.8485 | N=62
[2026-03-28 21:06:31,605] Epoch 152 | val  | Dice 0.8821 | IoU 0.8111 | N=61
[2026-03-28 21:06:32,597] Epoch 152 | test | Dice 0.9099 | IoU 0.8477 | N=62
[2026-03-28 21:06:53,456] Epoch 153 | val  | Dice 0.8862 | IoU 0.8209 | N=61
[2026-03-28 21:06:54,458] Epoch 153 | test | Dice 0.9090 | IoU 0.8513 | N=62
[2026-03-28 21:07:20,320] Epoch 154 | val  | Dice 0.8904 | IoU 0.8255 | N=61
[2026-03-28 21:07:21,334] Epoch 154 | test | Dice 0.9277 | IoU 0.8698 | N=62
[2026-03-28 21:07:42,217] Epoch 155 | val  | Dice 0.8872 | IoU 0.8193 | N=61
[2026-03-28 21:07:43,209] Epoch 155 | test | Dice 0.9201 | IoU 0.8599 | N=62
[2026-03-28 21:08:04,069] Epoch 156 | val  | Dice 0.9004 | IoU 0.8354 | N=61
[2026-03-28 21:08:05,052] Epoch 156 | test | Dice 0.9306 | IoU 0.8738 | N=62
[2026-03-28 21:08:05,052] Best model saved  val_dice 0.8960 → 0.9004
[2026-03-28 21:08:26,030] Epoch 157 | val  | Dice 0.8861 | IoU 0.8189 | N=61
[2026-03-28 21:08:27,033] Epoch 157 | test | Dice 0.9229 | IoU 0.8621 | N=62
[2026-03-28 21:08:47,885] Epoch 158 | val  | Dice 0.8807 | IoU 0.8112 | N=61
[2026-03-28 21:08:48,903] Epoch 158 | test | Dice 0.9136 | IoU 0.8501 | N=62
[2026-03-28 21:09:09,917] Epoch 159 | val  | Dice 0.8926 | IoU 0.8248 | N=61
[2026-03-28 21:09:10,935] Epoch 159 | test | Dice 0.9279 | IoU 0.8717 | N=62
[2026-03-28 21:09:31,877] Epoch 160 | val  | Dice 0.8865 | IoU 0.8164 | N=61
[2026-03-28 21:09:32,851] Epoch 160 | test | Dice 0.9203 | IoU 0.8597 | N=62
[2026-03-28 21:09:53,685] Epoch 161 | val  | Dice 0.8875 | IoU 0.8214 | N=61
[2026-03-28 21:09:54,680] Epoch 161 | test | Dice 0.9327 | IoU 0.8779 | N=62
[2026-03-28 21:10:15,523] Epoch 162 | val  | Dice 0.8823 | IoU 0.8120 | N=61
[2026-03-28 21:10:16,521] Epoch 162 | test | Dice 0.9231 | IoU 0.8616 | N=62
[2026-03-28 21:10:37,402] Epoch 163 | val  | Dice 0.8850 | IoU 0.8139 | N=61
[2026-03-28 21:10:38,398] Epoch 163 | test | Dice 0.9260 | IoU 0.8680 | N=62
[2026-03-28 21:10:59,236] Epoch 164 | val  | Dice 0.8877 | IoU 0.8208 | N=61
[2026-03-28 21:11:00,217] Epoch 164 | test | Dice 0.9239 | IoU 0.8632 | N=62
[2026-03-28 21:11:21,096] Epoch 165 | val  | Dice 0.8867 | IoU 0.8190 | N=61
[2026-03-28 21:11:22,077] Epoch 165 | test | Dice 0.9238 | IoU 0.8641 | N=62
[2026-03-28 21:11:42,915] Epoch 166 | val  | Dice 0.8852 | IoU 0.8174 | N=61
[2026-03-28 21:11:43,895] Epoch 166 | test | Dice 0.9345 | IoU 0.8799 | N=62
[2026-03-28 21:12:04,733] Epoch 167 | val  | Dice 0.8885 | IoU 0.8216 | N=61
[2026-03-28 21:12:05,739] Epoch 167 | test | Dice 0.9167 | IoU 0.8546 | N=62
[2026-03-28 21:12:26,544] Epoch 168 | val  | Dice 0.8925 | IoU 0.8254 | N=61
[2026-03-28 21:12:27,572] Epoch 168 | test | Dice 0.9267 | IoU 0.8686 | N=62
[2026-03-28 21:12:48,406] Epoch 169 | val  | Dice 0.8887 | IoU 0.8220 | N=61
[2026-03-28 21:12:49,417] Epoch 169 | test | Dice 0.9236 | IoU 0.8633 | N=62
[2026-03-28 21:13:10,299] Epoch 170 | val  | Dice 0.8901 | IoU 0.8233 | N=61
[2026-03-28 21:13:11,327] Epoch 170 | test | Dice 0.9300 | IoU 0.8731 | N=62
[2026-03-28 21:13:32,291] Epoch 171 | val  | Dice 0.8876 | IoU 0.8185 | N=61
[2026-03-28 21:13:33,292] Epoch 171 | test | Dice 0.9228 | IoU 0.8625 | N=62
[2026-03-28 21:13:54,110] Epoch 172 | val  | Dice 0.8863 | IoU 0.8187 | N=61
[2026-03-28 21:13:55,162] Epoch 172 | test | Dice 0.9287 | IoU 0.8707 | N=62
[2026-03-28 21:14:16,044] Epoch 173 | val  | Dice 0.8835 | IoU 0.8139 | N=61
[2026-03-28 21:14:17,066] Epoch 173 | test | Dice 0.9280 | IoU 0.8702 | N=62
[2026-03-28 21:14:37,894] Epoch 174 | val  | Dice 0.8871 | IoU 0.8170 | N=61
[2026-03-28 21:14:38,882] Epoch 174 | test | Dice 0.9257 | IoU 0.8661 | N=62
[2026-03-28 21:14:59,725] Epoch 175 | val  | Dice 0.8824 | IoU 0.8131 | N=61
[2026-03-28 21:15:00,709] Epoch 175 | test | Dice 0.9279 | IoU 0.8701 | N=62
[2026-03-28 21:15:21,566] Epoch 176 | val  | Dice 0.8835 | IoU 0.8150 | N=61
[2026-03-28 21:15:22,559] Epoch 176 | test | Dice 0.9313 | IoU 0.8747 | N=62
[2026-03-28 21:15:43,367] Epoch 177 | val  | Dice 0.8944 | IoU 0.8270 | N=61
[2026-03-28 21:15:44,352] Epoch 177 | test | Dice 0.9323 | IoU 0.8772 | N=62
[2026-03-28 21:16:05,120] Epoch 178 | val  | Dice 0.8820 | IoU 0.8126 | N=61
[2026-03-28 21:16:06,115] Epoch 178 | test | Dice 0.9280 | IoU 0.8710 | N=62
[2026-03-28 21:16:26,883] Epoch 179 | val  | Dice 0.8881 | IoU 0.8195 | N=61
[2026-03-28 21:16:27,864] Epoch 179 | test | Dice 0.9298 | IoU 0.8726 | N=62
[2026-03-28 21:16:48,686] Epoch 180 | val  | Dice 0.8922 | IoU 0.8250 | N=61
[2026-03-28 21:16:49,675] Epoch 180 | test | Dice 0.9287 | IoU 0.8720 | N=62
[2026-03-28 21:17:10,538] Epoch 181 | val  | Dice 0.8894 | IoU 0.8207 | N=61
[2026-03-28 21:17:11,528] Epoch 181 | test | Dice 0.9211 | IoU 0.8602 | N=62
[2026-03-28 21:17:32,393] Epoch 182 | val  | Dice 0.8898 | IoU 0.8245 | N=61
[2026-03-28 21:17:33,390] Epoch 182 | test | Dice 0.9260 | IoU 0.8671 | N=62
[2026-03-28 21:17:54,211] Epoch 183 | val  | Dice 0.8899 | IoU 0.8233 | N=61
[2026-03-28 21:17:55,217] Epoch 183 | test | Dice 0.9332 | IoU 0.8783 | N=62
[2026-03-28 21:18:16,071] Epoch 184 | val  | Dice 0.8946 | IoU 0.8292 | N=61
[2026-03-28 21:18:17,061] Epoch 184 | test | Dice 0.9245 | IoU 0.8657 | N=62
[2026-03-28 21:18:38,009] Epoch 185 | val  | Dice 0.8899 | IoU 0.8246 | N=61
[2026-03-28 21:18:38,993] Epoch 185 | test | Dice 0.9278 | IoU 0.8702 | N=62
[2026-03-28 21:18:59,869] Epoch 186 | val  | Dice 0.8915 | IoU 0.8233 | N=61
[2026-03-28 21:19:00,917] Epoch 186 | test | Dice 0.9281 | IoU 0.8704 | N=62
[2026-03-28 21:19:21,843] Epoch 187 | val  | Dice 0.8913 | IoU 0.8257 | N=61
[2026-03-28 21:19:22,841] Epoch 187 | test | Dice 0.9308 | IoU 0.8747 | N=62
[2026-03-28 21:19:43,719] Epoch 188 | val  | Dice 0.8917 | IoU 0.8270 | N=61
[2026-03-28 21:19:44,699] Epoch 188 | test | Dice 0.9308 | IoU 0.8749 | N=62
[2026-03-28 21:20:05,520] Epoch 189 | val  | Dice 0.8729 | IoU 0.8018 | N=61
[2026-03-28 21:20:06,506] Epoch 189 | test | Dice 0.9232 | IoU 0.8635 | N=62
[2026-03-28 21:20:27,373] Epoch 190 | val  | Dice 0.8877 | IoU 0.8208 | N=61
[2026-03-28 21:20:28,350] Epoch 190 | test | Dice 0.9176 | IoU 0.8553 | N=62
[2026-03-28 21:20:49,210] Epoch 191 | val  | Dice 0.8900 | IoU 0.8229 | N=61
[2026-03-28 21:20:50,222] Epoch 191 | test | Dice 0.9228 | IoU 0.8622 | N=62
[2026-03-28 21:21:11,111] Epoch 192 | val  | Dice 0.8932 | IoU 0.8252 | N=61
[2026-03-28 21:21:12,113] Epoch 192 | test | Dice 0.9249 | IoU 0.8650 | N=62
[2026-03-28 21:21:32,930] Epoch 193 | val  | Dice 0.8929 | IoU 0.8269 | N=61
[2026-03-28 21:21:33,930] Epoch 193 | test | Dice 0.9283 | IoU 0.8711 | N=62
[2026-03-28 21:21:54,724] Epoch 194 | val  | Dice 0.8928 | IoU 0.8255 | N=61
[2026-03-28 21:21:55,737] Epoch 194 | test | Dice 0.9256 | IoU 0.8670 | N=62
[2026-03-28 21:22:16,664] Epoch 195 | val  | Dice 0.8880 | IoU 0.8210 | N=61
[2026-03-28 21:22:17,659] Epoch 195 | test | Dice 0.9296 | IoU 0.8729 | N=62
[2026-03-28 21:22:38,466] Epoch 196 | val  | Dice 0.8898 | IoU 0.8232 | N=61
[2026-03-28 21:22:39,462] Epoch 196 | test | Dice 0.9286 | IoU 0.8718 | N=62
[2026-03-28 21:23:00,330] Epoch 197 | val  | Dice 0.8911 | IoU 0.8223 | N=61
[2026-03-28 21:23:01,318] Epoch 197 | test | Dice 0.9310 | IoU 0.8743 | N=62
[2026-03-28 21:23:22,169] Epoch 198 | val  | Dice 0.8896 | IoU 0.8225 | N=61
[2026-03-28 21:23:23,205] Epoch 198 | test | Dice 0.9328 | IoU 0.8777 | N=62
[2026-03-28 21:23:44,083] Epoch 199 | val  | Dice 0.8866 | IoU 0.8193 | N=61
[2026-03-28 21:23:45,115] Epoch 199 | test | Dice 0.9250 | IoU 0.8660 | N=62
[2026-03-28 21:24:06,007] Epoch 200 | val  | Dice 0.8880 | IoU 0.8181 | N=61
[2026-03-28 21:24:07,022] Epoch 200 | test | Dice 0.9212 | IoU 0.8596 | N=62
[2026-03-28 21:24:07,022] 
==================================================
FINAL RESULTS: ClinicDB_MK_UNet_bs8_lr0.0005_e200_augTrue_run1_t201050
Best Val  Dice : 0.9004
Test Dice @ Best Val : 0.9306
Total Train Time     : 3964.2s
==================================================
