[2026-03-27 18:52:05,880] flops: 0.539834932, params: 0.333637, Total params: : 0.3370
[2026-03-27 18:52:32,986] Epoch 001 | val  | Dice 0.3469 | IoU 0.2463 | N=61
[2026-03-27 18:52:33,989] Epoch 001 | test | Dice 0.3491 | IoU 0.2396 | N=62
[2026-03-27 18:52:33,989] Best model saved  val_dice 0.0000 → 0.3469
[2026-03-27 18:52:59,301] Epoch 002 | val  | Dice 0.4574 | IoU 0.3260 | N=61
[2026-03-27 18:53:00,283] Epoch 002 | test | Dice 0.3940 | IoU 0.2719 | N=62
[2026-03-27 18:53:00,283] Best model saved  val_dice 0.3469 → 0.4574
[2026-03-27 18:53:24,795] Epoch 003 | val  | Dice 0.4796 | IoU 0.3546 | N=61
[2026-03-27 18:53:25,737] Epoch 003 | test | Dice 0.4141 | IoU 0.2937 | N=62
[2026-03-27 18:53:25,737] Best model saved  val_dice 0.4574 → 0.4796
[2026-03-27 18:53:50,115] Epoch 004 | val  | Dice 0.5350 | IoU 0.4076 | N=61
[2026-03-27 18:53:51,099] Epoch 004 | test | Dice 0.5386 | IoU 0.4097 | N=62
[2026-03-27 18:53:51,099] Best model saved  val_dice 0.4796 → 0.5350
[2026-03-27 18:54:15,594] Epoch 005 | val  | Dice 0.5065 | IoU 0.3868 | N=61
[2026-03-27 18:54:16,559] Epoch 005 | test | Dice 0.4548 | IoU 0.3406 | N=62
[2026-03-27 18:54:41,084] Epoch 006 | val  | Dice 0.3459 | IoU 0.2445 | N=61
[2026-03-27 18:54:47,211] Epoch 006 | test | Dice 0.3090 | IoU 0.2156 | N=62
[2026-03-27 18:55:11,839] Epoch 007 | val  | Dice 0.5532 | IoU 0.4187 | N=61
[2026-03-27 18:55:12,797] Epoch 007 | test | Dice 0.5668 | IoU 0.4277 | N=62
[2026-03-27 18:55:12,798] Best model saved  val_dice 0.5350 → 0.5532
[2026-03-27 18:55:37,133] Epoch 008 | val  | Dice 0.6339 | IoU 0.5104 | N=61
[2026-03-27 18:55:38,072] Epoch 008 | test | Dice 0.6496 | IoU 0.5241 | N=62
[2026-03-27 18:55:38,072] Best model saved  val_dice 0.5532 → 0.6339
[2026-03-27 18:56:02,403] Epoch 009 | val  | Dice 0.6437 | IoU 0.5263 | N=61
[2026-03-27 18:56:03,357] Epoch 009 | test | Dice 0.6856 | IoU 0.5629 | N=62
[2026-03-27 18:56:03,357] Best model saved  val_dice 0.6339 → 0.6437
[2026-03-27 18:56:27,757] Epoch 010 | val  | Dice 0.6733 | IoU 0.5557 | N=61
[2026-03-27 18:56:28,698] Epoch 010 | test | Dice 0.7550 | IoU 0.6375 | N=62
[2026-03-27 18:56:28,699] Best model saved  val_dice 0.6437 → 0.6733
[2026-03-27 18:56:53,094] Epoch 011 | val  | Dice 0.6790 | IoU 0.5573 | N=61
[2026-03-27 18:56:54,054] Epoch 011 | test | Dice 0.7198 | IoU 0.5963 | N=62
[2026-03-27 18:56:54,054] Best model saved  val_dice 0.6733 → 0.6790
[2026-03-27 18:57:19,774] Epoch 012 | val  | Dice 0.5680 | IoU 0.4573 | N=61
[2026-03-27 18:57:20,713] Epoch 012 | test | Dice 0.6960 | IoU 0.5733 | N=62
[2026-03-27 18:57:45,678] Epoch 013 | val  | Dice 0.6595 | IoU 0.5446 | N=61
[2026-03-27 18:57:46,627] Epoch 013 | test | Dice 0.6916 | IoU 0.5791 | N=62
[2026-03-27 18:58:11,063] Epoch 014 | val  | Dice 0.6476 | IoU 0.5300 | N=61
[2026-03-27 18:58:12,020] Epoch 014 | test | Dice 0.7492 | IoU 0.6268 | N=62
[2026-03-27 18:58:36,273] Epoch 015 | val  | Dice 0.6962 | IoU 0.5866 | N=61
[2026-03-27 18:58:37,241] Epoch 015 | test | Dice 0.7600 | IoU 0.6474 | N=62
[2026-03-27 18:58:37,241] Best model saved  val_dice 0.6790 → 0.6962
[2026-03-27 18:59:01,660] Epoch 016 | val  | Dice 0.7331 | IoU 0.6233 | N=61
[2026-03-27 18:59:02,622] Epoch 016 | test | Dice 0.7703 | IoU 0.6662 | N=62
[2026-03-27 18:59:02,622] Best model saved  val_dice 0.6962 → 0.7331
[2026-03-27 18:59:26,962] Epoch 017 | val  | Dice 0.7232 | IoU 0.6210 | N=61
[2026-03-27 18:59:27,905] Epoch 017 | test | Dice 0.8292 | IoU 0.7356 | N=62
[2026-03-27 18:59:52,498] Epoch 018 | val  | Dice 0.7472 | IoU 0.6377 | N=61
[2026-03-27 18:59:53,447] Epoch 018 | test | Dice 0.7761 | IoU 0.6796 | N=62
[2026-03-27 18:59:53,447] Best model saved  val_dice 0.7331 → 0.7472
[2026-03-27 19:00:17,804] Epoch 019 | val  | Dice 0.7813 | IoU 0.6798 | N=61
[2026-03-27 19:00:18,757] Epoch 019 | test | Dice 0.8310 | IoU 0.7397 | N=62
[2026-03-27 19:00:18,757] Best model saved  val_dice 0.7472 → 0.7813
[2026-03-27 19:00:43,275] Epoch 020 | val  | Dice 0.7313 | IoU 0.6266 | N=61
[2026-03-27 19:00:44,217] Epoch 020 | test | Dice 0.8348 | IoU 0.7439 | N=62
[2026-03-27 19:01:08,477] Epoch 021 | val  | Dice 0.7636 | IoU 0.6628 | N=61
[2026-03-27 19:01:09,437] Epoch 021 | test | Dice 0.8267 | IoU 0.7351 | N=62
[2026-03-27 19:01:33,677] Epoch 022 | val  | Dice 0.7219 | IoU 0.6085 | N=61
[2026-03-27 19:01:34,705] Epoch 022 | test | Dice 0.7448 | IoU 0.6410 | N=62
[2026-03-27 19:01:58,963] Epoch 023 | val  | Dice 0.7463 | IoU 0.6366 | N=61
[2026-03-27 19:01:59,944] Epoch 023 | test | Dice 0.8083 | IoU 0.7076 | N=62
[2026-03-27 19:02:24,241] Epoch 024 | val  | Dice 0.7466 | IoU 0.6333 | N=61
[2026-03-27 19:02:25,201] Epoch 024 | test | Dice 0.8068 | IoU 0.7032 | N=62
[2026-03-27 19:02:49,525] Epoch 025 | val  | Dice 0.6729 | IoU 0.5599 | N=61
[2026-03-27 19:02:50,478] Epoch 025 | test | Dice 0.6330 | IoU 0.5305 | N=62
[2026-03-27 19:03:14,770] Epoch 026 | val  | Dice 0.7957 | IoU 0.6980 | N=61
[2026-03-27 19:03:15,717] Epoch 026 | test | Dice 0.8402 | IoU 0.7536 | N=62
[2026-03-27 19:03:15,717] Best model saved  val_dice 0.7813 → 0.7957
[2026-03-27 19:03:40,105] Epoch 027 | val  | Dice 0.7914 | IoU 0.6963 | N=61
[2026-03-27 19:03:41,056] Epoch 027 | test | Dice 0.8526 | IoU 0.7707 | N=62
[2026-03-27 19:04:05,311] Epoch 028 | val  | Dice 0.6215 | IoU 0.4976 | N=61
[2026-03-27 19:04:06,270] Epoch 028 | test | Dice 0.6547 | IoU 0.5345 | N=62
[2026-03-27 19:04:30,948] Epoch 029 | val  | Dice 0.7555 | IoU 0.6446 | N=61
[2026-03-27 19:04:32,260] Epoch 029 | test | Dice 0.8012 | IoU 0.6982 | N=62
[2026-03-27 19:04:56,713] Epoch 030 | val  | Dice 0.7105 | IoU 0.6054 | N=61
[2026-03-27 19:04:57,705] Epoch 030 | test | Dice 0.8224 | IoU 0.7304 | N=62
[2026-03-27 19:05:22,051] Epoch 031 | val  | Dice 0.8227 | IoU 0.7301 | N=61
[2026-03-27 19:05:23,004] Epoch 031 | test | Dice 0.8841 | IoU 0.8041 | N=62
[2026-03-27 19:05:23,004] Best model saved  val_dice 0.7957 → 0.8227
[2026-03-27 19:05:47,484] Epoch 032 | val  | Dice 0.8045 | IoU 0.7109 | N=61
[2026-03-27 19:05:48,440] Epoch 032 | test | Dice 0.8635 | IoU 0.7792 | N=62
[2026-03-27 19:06:12,808] Epoch 033 | val  | Dice 0.7656 | IoU 0.6591 | N=61
[2026-03-27 19:06:13,756] Epoch 033 | test | Dice 0.8203 | IoU 0.7274 | N=62
[2026-03-27 19:06:38,116] Epoch 034 | val  | Dice 0.8052 | IoU 0.7146 | N=61
[2026-03-27 19:06:39,067] Epoch 034 | test | Dice 0.8679 | IoU 0.7904 | N=62
[2026-03-27 19:07:03,384] Epoch 035 | val  | Dice 0.7802 | IoU 0.6823 | N=61
[2026-03-27 19:07:04,350] Epoch 035 | test | Dice 0.8536 | IoU 0.7674 | N=62
[2026-03-27 19:07:28,589] Epoch 036 | val  | Dice 0.8105 | IoU 0.7164 | N=61
[2026-03-27 19:07:29,536] Epoch 036 | test | Dice 0.8599 | IoU 0.7760 | N=62
[2026-03-27 19:07:53,831] Epoch 037 | val  | Dice 0.8276 | IoU 0.7375 | N=61
[2026-03-27 19:07:54,806] Epoch 037 | test | Dice 0.8823 | IoU 0.8089 | N=62
[2026-03-27 19:07:54,806] Best model saved  val_dice 0.8227 → 0.8276
[2026-03-27 19:08:19,228] Epoch 038 | val  | Dice 0.8608 | IoU 0.7757 | N=61
[2026-03-27 19:08:20,195] Epoch 038 | test | Dice 0.8792 | IoU 0.8064 | N=62
[2026-03-27 19:08:20,195] Best model saved  val_dice 0.8276 → 0.8608
[2026-03-27 19:08:44,657] Epoch 039 | val  | Dice 0.8381 | IoU 0.7478 | N=61
[2026-03-27 19:08:45,616] Epoch 039 | test | Dice 0.8859 | IoU 0.8125 | N=62
[2026-03-27 19:09:09,890] Epoch 040 | val  | Dice 0.8186 | IoU 0.7315 | N=61
[2026-03-27 19:09:10,866] Epoch 040 | test | Dice 0.8598 | IoU 0.7845 | N=62
[2026-03-27 19:09:35,268] Epoch 041 | val  | Dice 0.8185 | IoU 0.7177 | N=61
[2026-03-27 19:09:36,238] Epoch 041 | test | Dice 0.8366 | IoU 0.7498 | N=62
[2026-03-27 19:10:00,544] Epoch 042 | val  | Dice 0.8186 | IoU 0.7240 | N=61
[2026-03-27 19:10:01,491] Epoch 042 | test | Dice 0.8688 | IoU 0.7878 | N=62
[2026-03-27 19:10:25,820] Epoch 043 | val  | Dice 0.8247 | IoU 0.7376 | N=61
[2026-03-27 19:10:26,779] Epoch 043 | test | Dice 0.8681 | IoU 0.7895 | N=62
[2026-03-27 19:10:51,103] Epoch 044 | val  | Dice 0.8061 | IoU 0.7024 | N=61
[2026-03-27 19:10:52,076] Epoch 044 | test | Dice 0.8555 | IoU 0.7730 | N=62
[2026-03-27 19:11:16,396] Epoch 045 | val  | Dice 0.7969 | IoU 0.6949 | N=61
[2026-03-27 19:11:17,355] Epoch 045 | test | Dice 0.8456 | IoU 0.7619 | N=62
[2026-03-27 19:11:41,626] Epoch 046 | val  | Dice 0.8016 | IoU 0.7117 | N=61
[2026-03-27 19:11:42,595] Epoch 046 | test | Dice 0.8730 | IoU 0.7923 | N=62
[2026-03-27 19:12:06,945] Epoch 047 | val  | Dice 0.8233 | IoU 0.7334 | N=61
[2026-03-27 19:12:07,918] Epoch 047 | test | Dice 0.8792 | IoU 0.7988 | N=62
[2026-03-27 19:12:32,235] Epoch 048 | val  | Dice 0.8398 | IoU 0.7530 | N=61
[2026-03-27 19:12:33,192] Epoch 048 | test | Dice 0.8898 | IoU 0.8196 | N=62
[2026-03-27 19:12:57,520] Epoch 049 | val  | Dice 0.8077 | IoU 0.7157 | N=61
[2026-03-27 19:12:58,472] Epoch 049 | test | Dice 0.8722 | IoU 0.7965 | N=62
[2026-03-27 19:13:22,809] Epoch 050 | val  | Dice 0.8402 | IoU 0.7522 | N=61
[2026-03-27 19:13:23,760] Epoch 050 | test | Dice 0.8674 | IoU 0.7860 | N=62
[2026-03-27 19:13:48,076] Epoch 051 | val  | Dice 0.8128 | IoU 0.7241 | N=61
[2026-03-27 19:13:49,035] Epoch 051 | test | Dice 0.8786 | IoU 0.8083 | N=62
[2026-03-27 19:14:13,409] Epoch 052 | val  | Dice 0.8601 | IoU 0.7842 | N=61
[2026-03-27 19:14:14,359] Epoch 052 | test | Dice 0.8754 | IoU 0.8017 | N=62
[2026-03-27 19:14:38,745] Epoch 053 | val  | Dice 0.8410 | IoU 0.7573 | N=61
[2026-03-27 19:14:39,704] Epoch 053 | test | Dice 0.8763 | IoU 0.8034 | N=62
[2026-03-27 19:15:04,084] Epoch 054 | val  | Dice 0.8533 | IoU 0.7700 | N=61
[2026-03-27 19:15:05,045] Epoch 054 | test | Dice 0.8988 | IoU 0.8317 | N=62
[2026-03-27 19:15:29,462] Epoch 055 | val  | Dice 0.8137 | IoU 0.7199 | N=61
[2026-03-27 19:15:30,416] Epoch 055 | test | Dice 0.8538 | IoU 0.7751 | N=62
[2026-03-27 19:15:54,746] Epoch 056 | val  | Dice 0.8505 | IoU 0.7711 | N=61
[2026-03-27 19:15:55,705] Epoch 056 | test | Dice 0.8853 | IoU 0.8211 | N=62
[2026-03-27 19:16:20,035] Epoch 057 | val  | Dice 0.8548 | IoU 0.7724 | N=61
[2026-03-27 19:16:20,984] Epoch 057 | test | Dice 0.8996 | IoU 0.8332 | N=62
[2026-03-27 19:16:45,280] Epoch 058 | val  | Dice 0.8281 | IoU 0.7403 | N=61
[2026-03-27 19:16:46,247] Epoch 058 | test | Dice 0.8918 | IoU 0.8191 | N=62
[2026-03-27 19:17:10,534] Epoch 059 | val  | Dice 0.8576 | IoU 0.7769 | N=61
[2026-03-27 19:17:11,486] Epoch 059 | test | Dice 0.9125 | IoU 0.8458 | N=62
[2026-03-27 19:17:35,897] Epoch 060 | val  | Dice 0.8467 | IoU 0.7625 | N=61
[2026-03-27 19:17:36,862] Epoch 060 | test | Dice 0.9070 | IoU 0.8409 | N=62
[2026-03-27 19:18:01,288] Epoch 061 | val  | Dice 0.8623 | IoU 0.7824 | N=61
[2026-03-27 19:18:02,254] Epoch 061 | test | Dice 0.9138 | IoU 0.8515 | N=62
[2026-03-27 19:18:02,254] Best model saved  val_dice 0.8608 → 0.8623
[2026-03-27 19:18:26,618] Epoch 062 | val  | Dice 0.8659 | IoU 0.7868 | N=61
[2026-03-27 19:18:27,574] Epoch 062 | test | Dice 0.8988 | IoU 0.8317 | N=62
[2026-03-27 19:18:27,575] Best model saved  val_dice 0.8623 → 0.8659
[2026-03-27 19:18:52,002] Epoch 063 | val  | Dice 0.8422 | IoU 0.7519 | N=61
[2026-03-27 19:18:52,960] Epoch 063 | test | Dice 0.8727 | IoU 0.8014 | N=62
[2026-03-27 19:19:17,302] Epoch 064 | val  | Dice 0.8443 | IoU 0.7611 | N=61
[2026-03-27 19:19:18,261] Epoch 064 | test | Dice 0.9172 | IoU 0.8563 | N=62
[2026-03-27 19:19:42,628] Epoch 065 | val  | Dice 0.8549 | IoU 0.7788 | N=61
[2026-03-27 19:19:43,602] Epoch 065 | test | Dice 0.9091 | IoU 0.8439 | N=62
[2026-03-27 19:20:07,910] Epoch 066 | val  | Dice 0.8558 | IoU 0.7754 | N=61
[2026-03-27 19:20:08,865] Epoch 066 | test | Dice 0.8892 | IoU 0.8169 | N=62
[2026-03-27 19:20:33,192] Epoch 067 | val  | Dice 0.8529 | IoU 0.7750 | N=61
[2026-03-27 19:20:34,148] Epoch 067 | test | Dice 0.9119 | IoU 0.8469 | N=62
[2026-03-27 19:20:58,427] Epoch 068 | val  | Dice 0.8465 | IoU 0.7681 | N=61
[2026-03-27 19:20:59,380] Epoch 068 | test | Dice 0.9102 | IoU 0.8465 | N=62
[2026-03-27 19:21:23,653] Epoch 069 | val  | Dice 0.8312 | IoU 0.7375 | N=61
[2026-03-27 19:21:24,628] Epoch 069 | test | Dice 0.8615 | IoU 0.7819 | N=62
[2026-03-27 19:21:48,932] Epoch 070 | val  | Dice 0.8468 | IoU 0.7682 | N=61
[2026-03-27 19:21:49,905] Epoch 070 | test | Dice 0.9089 | IoU 0.8445 | N=62
[2026-03-27 19:22:14,303] Epoch 071 | val  | Dice 0.8660 | IoU 0.7913 | N=61
[2026-03-27 19:22:15,251] Epoch 071 | test | Dice 0.9186 | IoU 0.8595 | N=62
[2026-03-27 19:22:15,251] Best model saved  val_dice 0.8659 → 0.8660
[2026-03-27 19:22:39,780] Epoch 072 | val  | Dice 0.8434 | IoU 0.7620 | N=61
[2026-03-27 19:22:40,732] Epoch 072 | test | Dice 0.9118 | IoU 0.8488 | N=62
[2026-03-27 19:23:05,115] Epoch 073 | val  | Dice 0.8550 | IoU 0.7800 | N=61
[2026-03-27 19:23:06,188] Epoch 073 | test | Dice 0.9075 | IoU 0.8454 | N=62
[2026-03-27 19:23:31,463] Epoch 074 | val  | Dice 0.8551 | IoU 0.7766 | N=61
[2026-03-27 19:23:32,421] Epoch 074 | test | Dice 0.9014 | IoU 0.8375 | N=62
[2026-03-27 19:23:57,152] Epoch 075 | val  | Dice 0.8546 | IoU 0.7762 | N=61
[2026-03-27 19:23:58,111] Epoch 075 | test | Dice 0.9020 | IoU 0.8346 | N=62
[2026-03-27 19:24:22,414] Epoch 076 | val  | Dice 0.8452 | IoU 0.7645 | N=61
[2026-03-27 19:24:23,411] Epoch 076 | test | Dice 0.9019 | IoU 0.8383 | N=62
[2026-03-27 19:24:47,931] Epoch 077 | val  | Dice 0.8508 | IoU 0.7690 | N=61
[2026-03-27 19:24:48,924] Epoch 077 | test | Dice 0.8789 | IoU 0.8077 | N=62
[2026-03-27 19:25:13,337] Epoch 078 | val  | Dice 0.8619 | IoU 0.7811 | N=61
[2026-03-27 19:25:14,302] Epoch 078 | test | Dice 0.8872 | IoU 0.8196 | N=62
[2026-03-27 19:25:38,620] Epoch 079 | val  | Dice 0.8493 | IoU 0.7722 | N=61
[2026-03-27 19:25:39,584] Epoch 079 | test | Dice 0.9080 | IoU 0.8508 | N=62
[2026-03-27 19:26:03,943] Epoch 080 | val  | Dice 0.8579 | IoU 0.7719 | N=61
[2026-03-27 19:26:04,896] Epoch 080 | test | Dice 0.9065 | IoU 0.8390 | N=62
[2026-03-27 19:26:29,291] Epoch 081 | val  | Dice 0.8537 | IoU 0.7733 | N=61
[2026-03-27 19:26:30,246] Epoch 081 | test | Dice 0.9108 | IoU 0.8444 | N=62
[2026-03-27 19:26:54,557] Epoch 082 | val  | Dice 0.8327 | IoU 0.7490 | N=61
[2026-03-27 19:26:55,507] Epoch 082 | test | Dice 0.9024 | IoU 0.8352 | N=62
[2026-03-27 19:27:19,759] Epoch 083 | val  | Dice 0.8636 | IoU 0.7879 | N=61
[2026-03-27 19:27:20,706] Epoch 083 | test | Dice 0.9182 | IoU 0.8573 | N=62
[2026-03-27 19:27:45,008] Epoch 084 | val  | Dice 0.8576 | IoU 0.7780 | N=61
[2026-03-27 19:27:45,957] Epoch 084 | test | Dice 0.9076 | IoU 0.8410 | N=62
[2026-03-27 19:28:14,001] Epoch 085 | val  | Dice 0.8439 | IoU 0.7566 | N=61
[2026-03-27 19:28:14,955] Epoch 085 | test | Dice 0.8720 | IoU 0.7954 | N=62
[2026-03-27 19:28:42,980] Epoch 086 | val  | Dice 0.8515 | IoU 0.7731 | N=61
[2026-03-27 19:28:43,929] Epoch 086 | test | Dice 0.9170 | IoU 0.8567 | N=62
[2026-03-27 19:29:13,603] Epoch 087 | val  | Dice 0.8588 | IoU 0.7801 | N=61
[2026-03-27 19:29:15,037] Epoch 087 | test | Dice 0.9074 | IoU 0.8393 | N=62
[2026-03-27 19:29:39,324] Epoch 088 | val  | Dice 0.8550 | IoU 0.7760 | N=61
[2026-03-27 19:29:40,291] Epoch 088 | test | Dice 0.9089 | IoU 0.8436 | N=62
[2026-03-27 19:30:04,636] Epoch 089 | val  | Dice 0.8569 | IoU 0.7787 | N=61
[2026-03-27 19:30:05,600] Epoch 089 | test | Dice 0.9154 | IoU 0.8553 | N=62
[2026-03-27 19:30:52,064] Epoch 090 | val  | Dice 0.8563 | IoU 0.7829 | N=61
[2026-03-27 19:30:53,013] Epoch 090 | test | Dice 0.9116 | IoU 0.8478 | N=62
[2026-03-27 19:31:32,220] Epoch 091 | val  | Dice 0.8523 | IoU 0.7744 | N=61
[2026-03-27 19:31:33,180] Epoch 091 | test | Dice 0.8905 | IoU 0.8233 | N=62
[2026-03-27 19:31:57,540] Epoch 092 | val  | Dice 0.8696 | IoU 0.7980 | N=61
[2026-03-27 19:31:58,497] Epoch 092 | test | Dice 0.9219 | IoU 0.8624 | N=62
[2026-03-27 19:31:58,497] Best model saved  val_dice 0.8660 → 0.8696
[2026-03-27 19:32:22,923] Epoch 093 | val  | Dice 0.8554 | IoU 0.7815 | N=61
[2026-03-27 19:32:23,873] Epoch 093 | test | Dice 0.9265 | IoU 0.8686 | N=62
[2026-03-27 19:32:48,213] Epoch 094 | val  | Dice 0.8667 | IoU 0.7938 | N=61
[2026-03-27 19:32:49,174] Epoch 094 | test | Dice 0.9287 | IoU 0.8722 | N=62
[2026-03-27 19:33:20,972] Epoch 095 | val  | Dice 0.8699 | IoU 0.7953 | N=61
[2026-03-27 19:33:21,931] Epoch 095 | test | Dice 0.9222 | IoU 0.8639 | N=62
[2026-03-27 19:33:21,931] Best model saved  val_dice 0.8696 → 0.8699
[2026-03-27 19:33:50,082] Epoch 096 | val  | Dice 0.8557 | IoU 0.7721 | N=61
[2026-03-27 19:33:51,041] Epoch 096 | test | Dice 0.9125 | IoU 0.8511 | N=62
[2026-03-27 19:34:29,683] Epoch 097 | val  | Dice 0.8700 | IoU 0.7950 | N=61
[2026-03-27 19:34:30,644] Epoch 097 | test | Dice 0.9207 | IoU 0.8632 | N=62
[2026-03-27 19:34:30,644] Best model saved  val_dice 0.8699 → 0.8700
[2026-03-27 19:35:14,035] Epoch 098 | val  | Dice 0.8462 | IoU 0.7666 | N=61
[2026-03-27 19:35:15,512] Epoch 098 | test | Dice 0.9063 | IoU 0.8431 | N=62
[2026-03-27 19:36:12,436] Epoch 099 | val  | Dice 0.8707 | IoU 0.7915 | N=61
[2026-03-27 19:36:13,908] Epoch 099 | test | Dice 0.9134 | IoU 0.8493 | N=62
[2026-03-27 19:36:13,908] Best model saved  val_dice 0.8700 → 0.8707
[2026-03-27 19:36:45,941] Epoch 100 | val  | Dice 0.8695 | IoU 0.7935 | N=61
[2026-03-27 19:36:47,375] Epoch 100 | test | Dice 0.9026 | IoU 0.8333 | N=62
[2026-03-27 19:37:16,893] Epoch 101 | val  | Dice 0.8607 | IoU 0.7853 | N=61
[2026-03-27 19:37:17,845] Epoch 101 | test | Dice 0.9220 | IoU 0.8599 | N=62
[2026-03-27 19:37:42,173] Epoch 102 | val  | Dice 0.8738 | IoU 0.8015 | N=61
[2026-03-27 19:37:43,124] Epoch 102 | test | Dice 0.9212 | IoU 0.8609 | N=62
[2026-03-27 19:37:43,124] Best model saved  val_dice 0.8707 → 0.8738
[2026-03-27 19:38:07,573] Epoch 103 | val  | Dice 0.8305 | IoU 0.7435 | N=61
[2026-03-27 19:38:08,511] Epoch 103 | test | Dice 0.8976 | IoU 0.8301 | N=62
[2026-03-27 19:38:32,821] Epoch 104 | val  | Dice 0.8620 | IoU 0.7869 | N=61
[2026-03-27 19:38:33,776] Epoch 104 | test | Dice 0.9157 | IoU 0.8567 | N=62
[2026-03-27 19:38:58,115] Epoch 105 | val  | Dice 0.8602 | IoU 0.7844 | N=61
[2026-03-27 19:38:59,073] Epoch 105 | test | Dice 0.9193 | IoU 0.8581 | N=62
[2026-03-27 19:39:23,407] Epoch 106 | val  | Dice 0.8781 | IoU 0.8041 | N=61
[2026-03-27 19:39:24,358] Epoch 106 | test | Dice 0.9321 | IoU 0.8781 | N=62
[2026-03-27 19:39:24,358] Best model saved  val_dice 0.8738 → 0.8781
[2026-03-27 19:39:48,733] Epoch 107 | val  | Dice 0.8536 | IoU 0.7721 | N=61
[2026-03-27 19:39:49,708] Epoch 107 | test | Dice 0.9133 | IoU 0.8474 | N=62
[2026-03-27 19:40:13,976] Epoch 108 | val  | Dice 0.8864 | IoU 0.8151 | N=61
[2026-03-27 19:40:14,961] Epoch 108 | test | Dice 0.9232 | IoU 0.8636 | N=62
[2026-03-27 19:40:14,961] Best model saved  val_dice 0.8781 → 0.8864
[2026-03-27 19:40:39,314] Epoch 109 | val  | Dice 0.8744 | IoU 0.7998 | N=61
[2026-03-27 19:40:40,267] Epoch 109 | test | Dice 0.9166 | IoU 0.8542 | N=62
[2026-03-27 19:41:04,639] Epoch 110 | val  | Dice 0.8473 | IoU 0.7620 | N=61
[2026-03-27 19:41:05,610] Epoch 110 | test | Dice 0.8902 | IoU 0.8265 | N=62
[2026-03-27 19:41:29,916] Epoch 111 | val  | Dice 0.8650 | IoU 0.7885 | N=61
[2026-03-27 19:41:30,898] Epoch 111 | test | Dice 0.9199 | IoU 0.8631 | N=62
[2026-03-27 19:41:55,183] Epoch 112 | val  | Dice 0.8731 | IoU 0.7985 | N=61
[2026-03-27 19:41:56,330] Epoch 112 | test | Dice 0.9153 | IoU 0.8564 | N=62
[2026-03-27 19:42:21,696] Epoch 113 | val  | Dice 0.8808 | IoU 0.8094 | N=61
[2026-03-27 19:42:22,999] Epoch 113 | test | Dice 0.9185 | IoU 0.8604 | N=62
[2026-03-27 19:42:47,815] Epoch 114 | val  | Dice 0.8781 | IoU 0.8075 | N=61
[2026-03-27 19:42:48,783] Epoch 114 | test | Dice 0.9266 | IoU 0.8704 | N=62
[2026-03-27 19:43:13,265] Epoch 115 | val  | Dice 0.8488 | IoU 0.7677 | N=61
[2026-03-27 19:43:14,235] Epoch 115 | test | Dice 0.9134 | IoU 0.8509 | N=62
[2026-03-27 19:43:38,546] Epoch 116 | val  | Dice 0.8611 | IoU 0.7896 | N=61
[2026-03-27 19:43:39,510] Epoch 116 | test | Dice 0.9157 | IoU 0.8571 | N=62
[2026-03-27 19:44:03,927] Epoch 117 | val  | Dice 0.8650 | IoU 0.7868 | N=61
[2026-03-27 19:44:04,914] Epoch 117 | test | Dice 0.9107 | IoU 0.8479 | N=62
[2026-03-27 19:44:29,524] Epoch 118 | val  | Dice 0.8710 | IoU 0.7968 | N=61
[2026-03-27 19:44:30,488] Epoch 118 | test | Dice 0.9246 | IoU 0.8685 | N=62
[2026-03-27 19:44:54,802] Epoch 119 | val  | Dice 0.8665 | IoU 0.7922 | N=61
[2026-03-27 19:44:55,787] Epoch 119 | test | Dice 0.9093 | IoU 0.8454 | N=62
[2026-03-27 19:45:20,109] Epoch 120 | val  | Dice 0.8591 | IoU 0.7793 | N=61
[2026-03-27 19:45:21,089] Epoch 120 | test | Dice 0.9229 | IoU 0.8629 | N=62
[2026-03-27 19:45:45,384] Epoch 121 | val  | Dice 0.8684 | IoU 0.7952 | N=61
[2026-03-27 19:45:46,339] Epoch 121 | test | Dice 0.9258 | IoU 0.8700 | N=62
[2026-03-27 19:46:10,729] Epoch 122 | val  | Dice 0.8784 | IoU 0.8093 | N=61
[2026-03-27 19:46:11,676] Epoch 122 | test | Dice 0.9254 | IoU 0.8683 | N=62
[2026-03-27 19:46:36,611] Epoch 123 | val  | Dice 0.8862 | IoU 0.8179 | N=61
[2026-03-27 19:46:37,800] Epoch 123 | test | Dice 0.9287 | IoU 0.8738 | N=62
[2026-03-27 19:47:02,160] Epoch 124 | val  | Dice 0.8696 | IoU 0.7939 | N=61
[2026-03-27 19:47:03,145] Epoch 124 | test | Dice 0.9118 | IoU 0.8471 | N=62
[2026-03-27 19:47:27,498] Epoch 125 | val  | Dice 0.8586 | IoU 0.7833 | N=61
[2026-03-27 19:47:28,461] Epoch 125 | test | Dice 0.9160 | IoU 0.8534 | N=62
[2026-03-27 19:47:52,745] Epoch 126 | val  | Dice 0.8831 | IoU 0.8117 | N=61
[2026-03-27 19:47:53,706] Epoch 126 | test | Dice 0.9237 | IoU 0.8654 | N=62
[2026-03-27 19:48:18,005] Epoch 127 | val  | Dice 0.8776 | IoU 0.8061 | N=61
[2026-03-27 19:48:18,971] Epoch 127 | test | Dice 0.9296 | IoU 0.8737 | N=62
[2026-03-27 19:48:43,557] Epoch 128 | val  | Dice 0.8808 | IoU 0.8140 | N=61
[2026-03-27 19:48:44,545] Epoch 128 | test | Dice 0.9237 | IoU 0.8684 | N=62
[2026-03-27 19:49:08,821] Epoch 129 | val  | Dice 0.8765 | IoU 0.8036 | N=61
[2026-03-27 19:49:09,787] Epoch 129 | test | Dice 0.9243 | IoU 0.8679 | N=62
[2026-03-27 19:49:34,156] Epoch 130 | val  | Dice 0.8775 | IoU 0.8047 | N=61
[2026-03-27 19:49:35,125] Epoch 130 | test | Dice 0.9217 | IoU 0.8605 | N=62
[2026-03-27 19:49:59,771] Epoch 131 | val  | Dice 0.8797 | IoU 0.8093 | N=61
[2026-03-27 19:50:00,729] Epoch 131 | test | Dice 0.9291 | IoU 0.8735 | N=62
[2026-03-27 19:50:25,009] Epoch 132 | val  | Dice 0.8707 | IoU 0.8033 | N=61
[2026-03-27 19:50:25,968] Epoch 132 | test | Dice 0.9229 | IoU 0.8648 | N=62
[2026-03-27 19:50:50,350] Epoch 133 | val  | Dice 0.8301 | IoU 0.7378 | N=61
[2026-03-27 19:50:51,316] Epoch 133 | test | Dice 0.8946 | IoU 0.8218 | N=62
[2026-03-27 19:51:15,627] Epoch 134 | val  | Dice 0.8663 | IoU 0.7887 | N=61
[2026-03-27 19:51:16,592] Epoch 134 | test | Dice 0.9286 | IoU 0.8725 | N=62
[2026-03-27 19:51:40,843] Epoch 135 | val  | Dice 0.8820 | IoU 0.8151 | N=61
[2026-03-27 19:51:41,800] Epoch 135 | test | Dice 0.9335 | IoU 0.8807 | N=62
[2026-03-27 19:52:06,106] Epoch 136 | val  | Dice 0.8709 | IoU 0.8041 | N=61
[2026-03-27 19:52:07,067] Epoch 136 | test | Dice 0.9322 | IoU 0.8773 | N=62
[2026-03-27 19:52:31,355] Epoch 137 | val  | Dice 0.8860 | IoU 0.8175 | N=61
[2026-03-27 19:52:32,320] Epoch 137 | test | Dice 0.9236 | IoU 0.8685 | N=62
[2026-03-27 19:52:56,656] Epoch 138 | val  | Dice 0.8826 | IoU 0.8121 | N=61
[2026-03-27 19:52:57,603] Epoch 138 | test | Dice 0.9214 | IoU 0.8613 | N=62
[2026-03-27 19:53:21,932] Epoch 139 | val  | Dice 0.8873 | IoU 0.8193 | N=61
[2026-03-27 19:53:22,888] Epoch 139 | test | Dice 0.9237 | IoU 0.8673 | N=62
[2026-03-27 19:53:22,888] Best model saved  val_dice 0.8864 → 0.8873
[2026-03-27 19:53:47,291] Epoch 140 | val  | Dice 0.8680 | IoU 0.7967 | N=61
[2026-03-27 19:53:48,258] Epoch 140 | test | Dice 0.9260 | IoU 0.8695 | N=62
[2026-03-27 19:54:12,620] Epoch 141 | val  | Dice 0.8864 | IoU 0.8163 | N=61
[2026-03-27 19:54:13,576] Epoch 141 | test | Dice 0.9265 | IoU 0.8711 | N=62
[2026-03-27 19:54:37,912] Epoch 142 | val  | Dice 0.8931 | IoU 0.8232 | N=61
[2026-03-27 19:54:38,885] Epoch 142 | test | Dice 0.9218 | IoU 0.8652 | N=62
[2026-03-27 19:54:38,886] Best model saved  val_dice 0.8873 → 0.8931
[2026-03-27 19:55:03,335] Epoch 143 | val  | Dice 0.8866 | IoU 0.8174 | N=61
[2026-03-27 19:55:04,294] Epoch 143 | test | Dice 0.9223 | IoU 0.8628 | N=62
[2026-03-27 19:55:28,665] Epoch 144 | val  | Dice 0.8707 | IoU 0.7960 | N=61
[2026-03-27 19:55:29,632] Epoch 144 | test | Dice 0.9302 | IoU 0.8739 | N=62
[2026-03-27 19:55:53,948] Epoch 145 | val  | Dice 0.8876 | IoU 0.8182 | N=61
[2026-03-27 19:55:54,901] Epoch 145 | test | Dice 0.9264 | IoU 0.8698 | N=62
[2026-03-27 19:56:19,181] Epoch 146 | val  | Dice 0.8702 | IoU 0.8012 | N=61
[2026-03-27 19:56:20,161] Epoch 146 | test | Dice 0.9244 | IoU 0.8681 | N=62
[2026-03-27 19:56:44,506] Epoch 147 | val  | Dice 0.8607 | IoU 0.7866 | N=61
[2026-03-27 19:56:45,463] Epoch 147 | test | Dice 0.9301 | IoU 0.8739 | N=62
[2026-03-27 19:57:09,813] Epoch 148 | val  | Dice 0.8635 | IoU 0.7943 | N=61
[2026-03-27 19:57:10,781] Epoch 148 | test | Dice 0.9026 | IoU 0.8392 | N=62
[2026-03-27 19:57:35,131] Epoch 149 | val  | Dice 0.8774 | IoU 0.8047 | N=61
[2026-03-27 19:57:36,095] Epoch 149 | test | Dice 0.9192 | IoU 0.8580 | N=62
[2026-03-27 19:58:01,006] Epoch 150 | val  | Dice 0.8959 | IoU 0.8276 | N=61
[2026-03-27 19:58:01,958] Epoch 150 | test | Dice 0.9283 | IoU 0.8747 | N=62
[2026-03-27 19:58:01,959] Best model saved  val_dice 0.8931 → 0.8959
[2026-03-27 19:58:26,547] Epoch 151 | val  | Dice 0.8841 | IoU 0.8139 | N=61
[2026-03-27 19:58:27,505] Epoch 151 | test | Dice 0.9269 | IoU 0.8726 | N=62
[2026-03-27 19:58:52,092] Epoch 152 | val  | Dice 0.8757 | IoU 0.8066 | N=61
[2026-03-27 19:58:53,072] Epoch 152 | test | Dice 0.9226 | IoU 0.8668 | N=62
[2026-03-27 19:59:17,497] Epoch 153 | val  | Dice 0.8785 | IoU 0.8067 | N=61
[2026-03-27 19:59:18,448] Epoch 153 | test | Dice 0.9350 | IoU 0.8819 | N=62
[2026-03-27 19:59:42,802] Epoch 154 | val  | Dice 0.8684 | IoU 0.7984 | N=61
[2026-03-27 19:59:43,769] Epoch 154 | test | Dice 0.9285 | IoU 0.8745 | N=62
[2026-03-27 20:00:08,123] Epoch 155 | val  | Dice 0.8774 | IoU 0.8095 | N=61
[2026-03-27 20:00:09,096] Epoch 155 | test | Dice 0.9251 | IoU 0.8694 | N=62
[2026-03-27 20:00:33,586] Epoch 156 | val  | Dice 0.8706 | IoU 0.7969 | N=61
[2026-03-27 20:00:34,555] Epoch 156 | test | Dice 0.9130 | IoU 0.8526 | N=62
[2026-03-27 20:00:59,070] Epoch 157 | val  | Dice 0.8717 | IoU 0.8044 | N=61
[2026-03-27 20:01:00,019] Epoch 157 | test | Dice 0.9250 | IoU 0.8697 | N=62
[2026-03-27 20:01:24,844] Epoch 158 | val  | Dice 0.8654 | IoU 0.7951 | N=61
[2026-03-27 20:01:25,829] Epoch 158 | test | Dice 0.9206 | IoU 0.8622 | N=62
[2026-03-27 20:01:50,224] Epoch 159 | val  | Dice 0.8724 | IoU 0.8015 | N=61
[2026-03-27 20:01:51,230] Epoch 159 | test | Dice 0.9129 | IoU 0.8528 | N=62
[2026-03-27 20:02:15,579] Epoch 160 | val  | Dice 0.8760 | IoU 0.8083 | N=61
[2026-03-27 20:02:16,533] Epoch 160 | test | Dice 0.9240 | IoU 0.8679 | N=62
[2026-03-27 20:02:41,070] Epoch 161 | val  | Dice 0.8725 | IoU 0.8002 | N=61
[2026-03-27 20:02:42,037] Epoch 161 | test | Dice 0.9154 | IoU 0.8575 | N=62
[2026-03-27 20:03:06,480] Epoch 162 | val  | Dice 0.8755 | IoU 0.8037 | N=61
[2026-03-27 20:03:07,452] Epoch 162 | test | Dice 0.9265 | IoU 0.8702 | N=62
[2026-03-27 20:03:31,752] Epoch 163 | val  | Dice 0.8699 | IoU 0.8021 | N=61
[2026-03-27 20:03:32,727] Epoch 163 | test | Dice 0.9313 | IoU 0.8772 | N=62
[2026-03-27 20:03:57,211] Epoch 164 | val  | Dice 0.8672 | IoU 0.7979 | N=61
[2026-03-27 20:03:58,198] Epoch 164 | test | Dice 0.9282 | IoU 0.8750 | N=62
[2026-03-27 20:04:22,670] Epoch 165 | val  | Dice 0.8792 | IoU 0.8135 | N=61
[2026-03-27 20:04:23,668] Epoch 165 | test | Dice 0.9286 | IoU 0.8726 | N=62
[2026-03-27 20:04:47,976] Epoch 166 | val  | Dice 0.8599 | IoU 0.7893 | N=61
[2026-03-27 20:04:48,946] Epoch 166 | test | Dice 0.9192 | IoU 0.8603 | N=62
[2026-03-27 20:05:13,321] Epoch 167 | val  | Dice 0.8776 | IoU 0.8086 | N=61
[2026-03-27 20:05:14,320] Epoch 167 | test | Dice 0.9292 | IoU 0.8745 | N=62
[2026-03-27 20:05:38,672] Epoch 168 | val  | Dice 0.8808 | IoU 0.8128 | N=61
[2026-03-27 20:05:39,644] Epoch 168 | test | Dice 0.9248 | IoU 0.8694 | N=62
[2026-03-27 20:06:04,035] Epoch 169 | val  | Dice 0.8640 | IoU 0.7954 | N=61
[2026-03-27 20:06:04,990] Epoch 169 | test | Dice 0.9232 | IoU 0.8633 | N=62
[2026-03-27 20:06:29,437] Epoch 170 | val  | Dice 0.8765 | IoU 0.8074 | N=61
[2026-03-27 20:06:30,397] Epoch 170 | test | Dice 0.9278 | IoU 0.8721 | N=62
[2026-03-27 20:06:54,826] Epoch 171 | val  | Dice 0.8761 | IoU 0.8088 | N=61
[2026-03-27 20:06:55,809] Epoch 171 | test | Dice 0.9350 | IoU 0.8828 | N=62
[2026-03-27 20:07:20,594] Epoch 172 | val  | Dice 0.8805 | IoU 0.8090 | N=61
[2026-03-27 20:07:21,561] Epoch 172 | test | Dice 0.9178 | IoU 0.8604 | N=62
[2026-03-27 20:07:47,446] Epoch 173 | val  | Dice 0.8830 | IoU 0.8155 | N=61
[2026-03-27 20:07:48,943] Epoch 173 | test | Dice 0.9284 | IoU 0.8749 | N=62
[2026-03-27 20:08:14,655] Epoch 174 | val  | Dice 0.8730 | IoU 0.8042 | N=61
[2026-03-27 20:08:15,722] Epoch 174 | test | Dice 0.9199 | IoU 0.8624 | N=62
[2026-03-27 20:08:43,083] Epoch 175 | val  | Dice 0.8736 | IoU 0.8083 | N=61
[2026-03-27 20:08:44,245] Epoch 175 | test | Dice 0.9249 | IoU 0.8703 | N=62
[2026-03-27 20:09:08,678] Epoch 176 | val  | Dice 0.8691 | IoU 0.7987 | N=61
[2026-03-27 20:09:11,000] Epoch 176 | test | Dice 0.9085 | IoU 0.8515 | N=62
[2026-03-27 20:09:35,589] Epoch 177 | val  | Dice 0.8742 | IoU 0.8079 | N=61
[2026-03-27 20:09:36,564] Epoch 177 | test | Dice 0.9355 | IoU 0.8829 | N=62
[2026-03-27 20:10:01,334] Epoch 178 | val  | Dice 0.8782 | IoU 0.8113 | N=61
[2026-03-27 20:10:02,346] Epoch 178 | test | Dice 0.9203 | IoU 0.8607 | N=62
[2026-03-27 20:10:26,957] Epoch 179 | val  | Dice 0.8966 | IoU 0.8303 | N=61
[2026-03-27 20:10:27,959] Epoch 179 | test | Dice 0.9256 | IoU 0.8720 | N=62
[2026-03-27 20:10:27,959] Best model saved  val_dice 0.8959 → 0.8966
[2026-03-27 20:10:52,846] Epoch 180 | val  | Dice 0.8876 | IoU 0.8171 | N=61
[2026-03-27 20:10:53,881] Epoch 180 | test | Dice 0.9267 | IoU 0.8716 | N=62
[2026-03-27 20:11:18,404] Epoch 181 | val  | Dice 0.8727 | IoU 0.8046 | N=61
[2026-03-27 20:11:19,346] Epoch 181 | test | Dice 0.9291 | IoU 0.8744 | N=62
[2026-03-27 20:11:43,954] Epoch 182 | val  | Dice 0.8812 | IoU 0.8112 | N=61
[2026-03-27 20:11:44,929] Epoch 182 | test | Dice 0.9262 | IoU 0.8706 | N=62
[2026-03-27 20:12:09,647] Epoch 183 | val  | Dice 0.8821 | IoU 0.8104 | N=61
[2026-03-27 20:12:10,604] Epoch 183 | test | Dice 0.9082 | IoU 0.8447 | N=62
[2026-03-27 20:12:35,036] Epoch 184 | val  | Dice 0.8523 | IoU 0.7716 | N=61
[2026-03-27 20:12:36,032] Epoch 184 | test | Dice 0.9122 | IoU 0.8514 | N=62
[2026-03-27 20:13:00,467] Epoch 185 | val  | Dice 0.8745 | IoU 0.8061 | N=61
[2026-03-27 20:13:01,439] Epoch 185 | test | Dice 0.9312 | IoU 0.8802 | N=62
[2026-03-27 20:13:26,273] Epoch 186 | val  | Dice 0.8745 | IoU 0.8050 | N=61
[2026-03-27 20:13:27,236] Epoch 186 | test | Dice 0.9214 | IoU 0.8642 | N=62
[2026-03-27 20:13:51,589] Epoch 187 | val  | Dice 0.8743 | IoU 0.8068 | N=61
[2026-03-27 20:13:52,541] Epoch 187 | test | Dice 0.9303 | IoU 0.8769 | N=62
[2026-03-27 20:14:16,876] Epoch 188 | val  | Dice 0.8790 | IoU 0.8114 | N=61
[2026-03-27 20:14:17,820] Epoch 188 | test | Dice 0.9283 | IoU 0.8731 | N=62
[2026-03-27 20:14:42,080] Epoch 189 | val  | Dice 0.8770 | IoU 0.8117 | N=61
[2026-03-27 20:14:43,044] Epoch 189 | test | Dice 0.9288 | IoU 0.8740 | N=62
[2026-03-27 20:15:07,369] Epoch 190 | val  | Dice 0.8754 | IoU 0.8076 | N=61
[2026-03-27 20:15:08,340] Epoch 190 | test | Dice 0.9215 | IoU 0.8645 | N=62
[2026-03-27 20:15:32,698] Epoch 191 | val  | Dice 0.8804 | IoU 0.8158 | N=61
[2026-03-27 20:15:33,691] Epoch 191 | test | Dice 0.9304 | IoU 0.8778 | N=62
[2026-03-27 20:15:57,981] Epoch 192 | val  | Dice 0.8684 | IoU 0.8035 | N=61
[2026-03-27 20:15:58,954] Epoch 192 | test | Dice 0.9272 | IoU 0.8731 | N=62
[2026-03-27 20:16:23,527] Epoch 193 | val  | Dice 0.8688 | IoU 0.8000 | N=61
[2026-03-27 20:16:24,478] Epoch 193 | test | Dice 0.9235 | IoU 0.8666 | N=62
[2026-03-27 20:16:48,845] Epoch 194 | val  | Dice 0.8703 | IoU 0.8034 | N=61
[2026-03-27 20:16:49,810] Epoch 194 | test | Dice 0.9340 | IoU 0.8805 | N=62
[2026-03-27 20:17:14,103] Epoch 195 | val  | Dice 0.8794 | IoU 0.8096 | N=61
[2026-03-27 20:17:15,072] Epoch 195 | test | Dice 0.9218 | IoU 0.8653 | N=62
[2026-03-27 20:17:39,400] Epoch 196 | val  | Dice 0.8752 | IoU 0.8049 | N=61
[2026-03-27 20:17:40,394] Epoch 196 | test | Dice 0.9292 | IoU 0.8752 | N=62
[2026-03-27 20:18:04,884] Epoch 197 | val  | Dice 0.8749 | IoU 0.8069 | N=61
[2026-03-27 20:18:06,012] Epoch 197 | test | Dice 0.9344 | IoU 0.8817 | N=62
[2026-03-27 20:18:30,594] Epoch 198 | val  | Dice 0.8850 | IoU 0.8185 | N=61
[2026-03-27 20:18:31,544] Epoch 198 | test | Dice 0.9279 | IoU 0.8720 | N=62
[2026-03-27 20:18:55,808] Epoch 199 | val  | Dice 0.8851 | IoU 0.8177 | N=61
[2026-03-27 20:18:56,758] Epoch 199 | test | Dice 0.9291 | IoU 0.8759 | N=62
[2026-03-27 20:19:21,153] Epoch 200 | val  | Dice 0.8879 | IoU 0.8209 | N=61
[2026-03-27 20:19:22,107] Epoch 200 | test | Dice 0.9328 | IoU 0.8818 | N=62
[2026-03-27 20:19:46,459] Epoch 201 | val  | Dice 0.8819 | IoU 0.8158 | N=61
[2026-03-27 20:19:47,421] Epoch 201 | test | Dice 0.9312 | IoU 0.8787 | N=62
[2026-03-27 20:20:11,796] Epoch 202 | val  | Dice 0.8845 | IoU 0.8214 | N=61
[2026-03-27 20:20:12,768] Epoch 202 | test | Dice 0.9326 | IoU 0.8816 | N=62
[2026-03-27 20:20:37,387] Epoch 203 | val  | Dice 0.8804 | IoU 0.8148 | N=61
[2026-03-27 20:20:38,333] Epoch 203 | test | Dice 0.9349 | IoU 0.8830 | N=62
[2026-03-27 20:21:02,885] Epoch 204 | val  | Dice 0.8702 | IoU 0.8024 | N=61
[2026-03-27 20:21:03,835] Epoch 204 | test | Dice 0.9227 | IoU 0.8654 | N=62
[2026-03-27 20:21:28,363] Epoch 205 | val  | Dice 0.8781 | IoU 0.8098 | N=61
[2026-03-27 20:21:29,312] Epoch 205 | test | Dice 0.9289 | IoU 0.8743 | N=62
[2026-03-27 20:21:55,082] Epoch 206 | val  | Dice 0.8765 | IoU 0.8088 | N=61
[2026-03-27 20:21:56,062] Epoch 206 | test | Dice 0.9317 | IoU 0.8788 | N=62
[2026-03-27 20:22:20,343] Epoch 207 | val  | Dice 0.8777 | IoU 0.8105 | N=61
[2026-03-27 20:22:21,312] Epoch 207 | test | Dice 0.9319 | IoU 0.8775 | N=62
[2026-03-27 20:22:45,599] Epoch 208 | val  | Dice 0.8800 | IoU 0.8145 | N=61
[2026-03-27 20:22:46,547] Epoch 208 | test | Dice 0.9309 | IoU 0.8776 | N=62
[2026-03-27 20:23:10,835] Epoch 209 | val  | Dice 0.8799 | IoU 0.8159 | N=61
[2026-03-27 20:23:11,784] Epoch 209 | test | Dice 0.9297 | IoU 0.8757 | N=62
[2026-03-27 20:23:36,246] Epoch 210 | val  | Dice 0.8761 | IoU 0.8090 | N=61
[2026-03-27 20:23:37,228] Epoch 210 | test | Dice 0.9300 | IoU 0.8762 | N=62
[2026-03-27 20:24:01,647] Epoch 211 | val  | Dice 0.8814 | IoU 0.8159 | N=61
[2026-03-27 20:24:02,600] Epoch 211 | test | Dice 0.9293 | IoU 0.8754 | N=62
[2026-03-27 20:25:01,024] Epoch 212 | val  | Dice 0.8764 | IoU 0.8103 | N=61
[2026-03-27 20:25:03,216] Epoch 212 | test | Dice 0.9317 | IoU 0.8788 | N=62
[2026-03-27 20:25:28,238] Epoch 213 | val  | Dice 0.8841 | IoU 0.8193 | N=61
[2026-03-27 20:25:29,210] Epoch 213 | test | Dice 0.9257 | IoU 0.8717 | N=62
[2026-03-27 20:25:53,560] Epoch 214 | val  | Dice 0.8729 | IoU 0.8078 | N=61
[2026-03-27 20:25:54,512] Epoch 214 | test | Dice 0.9297 | IoU 0.8760 | N=62
[2026-03-27 20:26:18,995] Epoch 215 | val  | Dice 0.8783 | IoU 0.8121 | N=61
[2026-03-27 20:26:19,962] Epoch 215 | test | Dice 0.9272 | IoU 0.8731 | N=62
[2026-03-27 20:26:44,239] Epoch 216 | val  | Dice 0.8657 | IoU 0.7967 | N=61
[2026-03-27 20:26:45,195] Epoch 216 | test | Dice 0.9234 | IoU 0.8665 | N=62
[2026-03-27 20:27:09,569] Epoch 217 | val  | Dice 0.8731 | IoU 0.8055 | N=61
[2026-03-27 20:27:10,701] Epoch 217 | test | Dice 0.9298 | IoU 0.8748 | N=62
[2026-03-27 20:27:34,986] Epoch 218 | val  | Dice 0.8779 | IoU 0.8092 | N=61
[2026-03-27 20:27:36,196] Epoch 218 | test | Dice 0.9248 | IoU 0.8707 | N=62
[2026-03-27 20:28:00,465] Epoch 219 | val  | Dice 0.8773 | IoU 0.8111 | N=61
[2026-03-27 20:28:03,123] Epoch 219 | test | Dice 0.9331 | IoU 0.8796 | N=62
[2026-03-27 20:28:28,132] Epoch 220 | val  | Dice 0.8783 | IoU 0.8134 | N=61
[2026-03-27 20:28:29,117] Epoch 220 | test | Dice 0.9304 | IoU 0.8788 | N=62
[2026-03-27 20:28:53,694] Epoch 221 | val  | Dice 0.8757 | IoU 0.8087 | N=61
[2026-03-27 20:28:54,645] Epoch 221 | test | Dice 0.9296 | IoU 0.8758 | N=62
[2026-03-27 20:29:18,994] Epoch 222 | val  | Dice 0.8721 | IoU 0.8063 | N=61
[2026-03-27 20:29:19,933] Epoch 222 | test | Dice 0.9314 | IoU 0.8781 | N=62
[2026-03-27 20:29:44,227] Epoch 223 | val  | Dice 0.8753 | IoU 0.8079 | N=61
[2026-03-27 20:29:45,185] Epoch 223 | test | Dice 0.9277 | IoU 0.8741 | N=62
[2026-03-27 20:30:09,485] Epoch 224 | val  | Dice 0.8731 | IoU 0.8059 | N=61
[2026-03-27 20:30:10,444] Epoch 224 | test | Dice 0.9297 | IoU 0.8767 | N=62
[2026-03-27 20:30:34,813] Epoch 225 | val  | Dice 0.8806 | IoU 0.8143 | N=61
[2026-03-27 20:30:35,800] Epoch 225 | test | Dice 0.9278 | IoU 0.8732 | N=62
[2026-03-27 20:31:00,118] Epoch 226 | val  | Dice 0.8782 | IoU 0.8130 | N=61
[2026-03-27 20:31:01,077] Epoch 226 | test | Dice 0.9291 | IoU 0.8765 | N=62
[2026-03-27 20:31:25,377] Epoch 227 | val  | Dice 0.8665 | IoU 0.7992 | N=61
[2026-03-27 20:31:26,332] Epoch 227 | test | Dice 0.9287 | IoU 0.8747 | N=62
[2026-03-27 20:31:50,769] Epoch 228 | val  | Dice 0.8661 | IoU 0.7979 | N=61
[2026-03-27 20:31:51,721] Epoch 228 | test | Dice 0.9276 | IoU 0.8733 | N=62
[2026-03-27 20:32:16,073] Epoch 229 | val  | Dice 0.8774 | IoU 0.8118 | N=61
[2026-03-27 20:32:17,026] Epoch 229 | test | Dice 0.9301 | IoU 0.8768 | N=62
[2026-03-27 20:32:41,303] Epoch 230 | val  | Dice 0.8696 | IoU 0.8051 | N=61
[2026-03-27 20:32:42,247] Epoch 230 | test | Dice 0.9313 | IoU 0.8779 | N=62
[2026-03-27 20:33:06,614] Epoch 231 | val  | Dice 0.8778 | IoU 0.8120 | N=61
[2026-03-27 20:33:07,572] Epoch 231 | test | Dice 0.9307 | IoU 0.8776 | N=62
[2026-03-27 20:33:31,954] Epoch 232 | val  | Dice 0.8824 | IoU 0.8155 | N=61
[2026-03-27 20:33:32,928] Epoch 232 | test | Dice 0.9290 | IoU 0.8752 | N=62
[2026-03-27 20:33:57,172] Epoch 233 | val  | Dice 0.8834 | IoU 0.8201 | N=61
[2026-03-27 20:33:58,126] Epoch 233 | test | Dice 0.9311 | IoU 0.8784 | N=62
[2026-03-27 20:34:22,416] Epoch 234 | val  | Dice 0.8816 | IoU 0.8140 | N=61
[2026-03-27 20:34:23,368] Epoch 234 | test | Dice 0.9278 | IoU 0.8750 | N=62
[2026-03-27 20:34:47,718] Epoch 235 | val  | Dice 0.8847 | IoU 0.8180 | N=61
[2026-03-27 20:34:48,670] Epoch 235 | test | Dice 0.9290 | IoU 0.8767 | N=62
[2026-03-27 20:35:12,998] Epoch 236 | val  | Dice 0.8801 | IoU 0.8154 | N=61
[2026-03-27 20:35:13,966] Epoch 236 | test | Dice 0.9324 | IoU 0.8806 | N=62
[2026-03-27 20:35:38,292] Epoch 237 | val  | Dice 0.8800 | IoU 0.8168 | N=61
[2026-03-27 20:35:39,251] Epoch 237 | test | Dice 0.9349 | IoU 0.8825 | N=62
[2026-03-27 20:36:03,581] Epoch 238 | val  | Dice 0.8785 | IoU 0.8161 | N=61
[2026-03-27 20:36:04,528] Epoch 238 | test | Dice 0.9314 | IoU 0.8785 | N=62
[2026-03-27 20:36:28,917] Epoch 239 | val  | Dice 0.8768 | IoU 0.8156 | N=61
[2026-03-27 20:36:29,875] Epoch 239 | test | Dice 0.9292 | IoU 0.8747 | N=62
[2026-03-27 20:36:54,313] Epoch 240 | val  | Dice 0.8799 | IoU 0.8151 | N=61
[2026-03-27 20:36:55,254] Epoch 240 | test | Dice 0.9324 | IoU 0.8793 | N=62
[2026-03-27 20:37:21,272] Epoch 241 | val  | Dice 0.8753 | IoU 0.8133 | N=61
[2026-03-27 20:37:22,222] Epoch 241 | test | Dice 0.9327 | IoU 0.8802 | N=62
[2026-03-27 20:37:46,606] Epoch 242 | val  | Dice 0.8723 | IoU 0.8044 | N=61
[2026-03-27 20:37:47,548] Epoch 242 | test | Dice 0.9319 | IoU 0.8799 | N=62
[2026-03-27 20:38:11,844] Epoch 243 | val  | Dice 0.8774 | IoU 0.8119 | N=61
[2026-03-27 20:38:12,796] Epoch 243 | test | Dice 0.9322 | IoU 0.8793 | N=62
[2026-03-27 20:38:37,242] Epoch 244 | val  | Dice 0.8785 | IoU 0.8128 | N=61
[2026-03-27 20:38:38,218] Epoch 244 | test | Dice 0.9310 | IoU 0.8773 | N=62
[2026-03-27 20:39:02,532] Epoch 245 | val  | Dice 0.8841 | IoU 0.8188 | N=61
[2026-03-27 20:39:03,474] Epoch 245 | test | Dice 0.9319 | IoU 0.8788 | N=62
[2026-03-27 20:39:27,852] Epoch 246 | val  | Dice 0.8752 | IoU 0.8132 | N=61
[2026-03-27 20:39:28,804] Epoch 246 | test | Dice 0.9372 | IoU 0.8853 | N=62
[2026-03-27 20:39:53,453] Epoch 247 | val  | Dice 0.8773 | IoU 0.8119 | N=61
[2026-03-27 20:39:54,415] Epoch 247 | test | Dice 0.9357 | IoU 0.8836 | N=62
[2026-03-27 20:40:18,690] Epoch 248 | val  | Dice 0.8757 | IoU 0.8107 | N=61
[2026-03-27 20:40:19,653] Epoch 248 | test | Dice 0.9344 | IoU 0.8823 | N=62
[2026-03-27 20:40:43,975] Epoch 249 | val  | Dice 0.8722 | IoU 0.8051 | N=61
[2026-03-27 20:40:44,929] Epoch 249 | test | Dice 0.9328 | IoU 0.8802 | N=62
[2026-03-27 20:41:09,260] Epoch 250 | val  | Dice 0.8719 | IoU 0.8084 | N=61
[2026-03-27 20:41:10,216] Epoch 250 | test | Dice 0.9316 | IoU 0.8783 | N=62
[2026-03-27 20:41:34,583] Epoch 251 | val  | Dice 0.8752 | IoU 0.8125 | N=61
[2026-03-27 20:41:35,537] Epoch 251 | test | Dice 0.9342 | IoU 0.8820 | N=62
[2026-03-27 20:41:59,941] Epoch 252 | val  | Dice 0.8794 | IoU 0.8155 | N=61
[2026-03-27 20:42:00,905] Epoch 252 | test | Dice 0.9345 | IoU 0.8833 | N=62
[2026-03-27 20:42:25,220] Epoch 253 | val  | Dice 0.8772 | IoU 0.8124 | N=61
[2026-03-27 20:42:26,172] Epoch 253 | test | Dice 0.9352 | IoU 0.8852 | N=62
[2026-03-27 20:42:50,529] Epoch 254 | val  | Dice 0.8831 | IoU 0.8185 | N=61
[2026-03-27 20:42:51,485] Epoch 254 | test | Dice 0.9374 | IoU 0.8860 | N=62
[2026-03-27 20:43:15,786] Epoch 255 | val  | Dice 0.8750 | IoU 0.8124 | N=61
[2026-03-27 20:43:16,744] Epoch 255 | test | Dice 0.9402 | IoU 0.8907 | N=62
[2026-03-27 20:43:41,058] Epoch 256 | val  | Dice 0.8741 | IoU 0.8095 | N=61
[2026-03-27 20:43:42,020] Epoch 256 | test | Dice 0.9316 | IoU 0.8799 | N=62
[2026-03-27 20:44:06,244] Epoch 257 | val  | Dice 0.8824 | IoU 0.8187 | N=61
[2026-03-27 20:44:07,198] Epoch 257 | test | Dice 0.9320 | IoU 0.8789 | N=62
[2026-03-27 20:44:31,596] Epoch 258 | val  | Dice 0.8774 | IoU 0.8155 | N=61
[2026-03-27 20:44:32,547] Epoch 258 | test | Dice 0.9346 | IoU 0.8826 | N=62
[2026-03-27 20:44:56,969] Epoch 259 | val  | Dice 0.8761 | IoU 0.8113 | N=61
[2026-03-27 20:44:57,932] Epoch 259 | test | Dice 0.9318 | IoU 0.8791 | N=62
[2026-03-27 20:45:22,329] Epoch 260 | val  | Dice 0.8829 | IoU 0.8181 | N=61
[2026-03-27 20:45:23,280] Epoch 260 | test | Dice 0.9307 | IoU 0.8780 | N=62
[2026-03-27 20:45:47,812] Epoch 261 | val  | Dice 0.8737 | IoU 0.8108 | N=61
[2026-03-27 20:45:48,762] Epoch 261 | test | Dice 0.9323 | IoU 0.8806 | N=62
[2026-03-27 20:46:13,113] Epoch 262 | val  | Dice 0.8807 | IoU 0.8161 | N=61
[2026-03-27 20:46:14,073] Epoch 262 | test | Dice 0.9319 | IoU 0.8791 | N=62
[2026-03-27 20:46:38,687] Epoch 263 | val  | Dice 0.8724 | IoU 0.8093 | N=61
[2026-03-27 20:46:39,640] Epoch 263 | test | Dice 0.9367 | IoU 0.8850 | N=62
[2026-03-27 20:47:04,631] Epoch 264 | val  | Dice 0.8791 | IoU 0.8126 | N=61
[2026-03-27 20:47:05,586] Epoch 264 | test | Dice 0.9293 | IoU 0.8766 | N=62
[2026-03-27 20:47:29,901] Epoch 265 | val  | Dice 0.8798 | IoU 0.8153 | N=61
[2026-03-27 20:47:30,878] Epoch 265 | test | Dice 0.9330 | IoU 0.8803 | N=62
[2026-03-27 20:47:55,286] Epoch 266 | val  | Dice 0.8765 | IoU 0.8143 | N=61
[2026-03-27 20:47:56,244] Epoch 266 | test | Dice 0.9347 | IoU 0.8831 | N=62
[2026-03-27 20:48:20,517] Epoch 267 | val  | Dice 0.8780 | IoU 0.8168 | N=61
[2026-03-27 20:48:21,484] Epoch 267 | test | Dice 0.9354 | IoU 0.8831 | N=62
[2026-03-27 20:48:45,809] Epoch 268 | val  | Dice 0.8775 | IoU 0.8096 | N=61
[2026-03-27 20:48:46,789] Epoch 268 | test | Dice 0.9301 | IoU 0.8778 | N=62
[2026-03-27 20:49:11,248] Epoch 269 | val  | Dice 0.8726 | IoU 0.8098 | N=61
[2026-03-27 20:49:12,208] Epoch 269 | test | Dice 0.9368 | IoU 0.8854 | N=62
[2026-03-27 20:49:36,947] Epoch 270 | val  | Dice 0.8818 | IoU 0.8174 | N=61
[2026-03-27 20:49:37,919] Epoch 270 | test | Dice 0.9361 | IoU 0.8839 | N=62
[2026-03-27 20:50:02,296] Epoch 271 | val  | Dice 0.8746 | IoU 0.8122 | N=61
[2026-03-27 20:50:03,253] Epoch 271 | test | Dice 0.9326 | IoU 0.8784 | N=62
[2026-03-27 20:50:27,685] Epoch 272 | val  | Dice 0.8767 | IoU 0.8150 | N=61
[2026-03-27 20:50:28,826] Epoch 272 | test | Dice 0.9322 | IoU 0.8781 | N=62
[2026-03-27 20:50:56,797] Epoch 273 | val  | Dice 0.8803 | IoU 0.8163 | N=61
[2026-03-27 20:50:57,939] Epoch 273 | test | Dice 0.9331 | IoU 0.8815 | N=62
[2026-03-27 20:51:22,292] Epoch 274 | val  | Dice 0.8777 | IoU 0.8127 | N=61
[2026-03-27 20:51:23,259] Epoch 274 | test | Dice 0.9382 | IoU 0.8877 | N=62
[2026-03-27 20:51:47,967] Epoch 275 | val  | Dice 0.8831 | IoU 0.8165 | N=61
[2026-03-27 20:51:48,963] Epoch 275 | test | Dice 0.9274 | IoU 0.8721 | N=62
[2026-03-27 20:52:13,603] Epoch 276 | val  | Dice 0.8812 | IoU 0.8177 | N=61
[2026-03-27 20:52:14,634] Epoch 276 | test | Dice 0.9358 | IoU 0.8835 | N=62
[2026-03-27 20:52:39,406] Epoch 277 | val  | Dice 0.8769 | IoU 0.8134 | N=61
[2026-03-27 20:52:40,439] Epoch 277 | test | Dice 0.9285 | IoU 0.8738 | N=62
[2026-03-27 20:53:04,798] Epoch 278 | val  | Dice 0.8752 | IoU 0.8113 | N=61
[2026-03-27 20:53:05,772] Epoch 278 | test | Dice 0.9354 | IoU 0.8830 | N=62
[2026-03-27 20:53:30,102] Epoch 279 | val  | Dice 0.8784 | IoU 0.8174 | N=61
[2026-03-27 20:53:31,061] Epoch 279 | test | Dice 0.9321 | IoU 0.8794 | N=62
[2026-03-27 20:53:55,584] Epoch 280 | val  | Dice 0.8718 | IoU 0.8057 | N=61
[2026-03-27 20:53:56,552] Epoch 280 | test | Dice 0.9381 | IoU 0.8866 | N=62
[2026-03-27 20:54:20,878] Epoch 281 | val  | Dice 0.8772 | IoU 0.8149 | N=61
[2026-03-27 20:54:21,841] Epoch 281 | test | Dice 0.9379 | IoU 0.8869 | N=62
[2026-03-27 20:54:46,147] Epoch 282 | val  | Dice 0.8780 | IoU 0.8137 | N=61
[2026-03-27 20:54:47,104] Epoch 282 | test | Dice 0.9318 | IoU 0.8781 | N=62
[2026-03-27 20:55:11,428] Epoch 283 | val  | Dice 0.8812 | IoU 0.8173 | N=61
[2026-03-27 20:55:12,387] Epoch 283 | test | Dice 0.9329 | IoU 0.8808 | N=62
[2026-03-27 20:55:36,634] Epoch 284 | val  | Dice 0.8664 | IoU 0.7924 | N=61
[2026-03-27 20:55:37,598] Epoch 284 | test | Dice 0.9120 | IoU 0.8557 | N=62
[2026-03-27 20:56:02,079] Epoch 285 | val  | Dice 0.8724 | IoU 0.8085 | N=61
[2026-03-27 20:56:03,039] Epoch 285 | test | Dice 0.9330 | IoU 0.8797 | N=62
[2026-03-27 20:56:27,386] Epoch 286 | val  | Dice 0.8804 | IoU 0.8165 | N=61
[2026-03-27 20:56:28,332] Epoch 286 | test | Dice 0.9346 | IoU 0.8829 | N=62
[2026-03-27 20:56:52,662] Epoch 287 | val  | Dice 0.8750 | IoU 0.8128 | N=61
[2026-03-27 20:56:53,622] Epoch 287 | test | Dice 0.9377 | IoU 0.8867 | N=62
[2026-03-27 20:57:18,010] Epoch 288 | val  | Dice 0.8780 | IoU 0.8138 | N=61
[2026-03-27 20:57:18,963] Epoch 288 | test | Dice 0.9373 | IoU 0.8858 | N=62
[2026-03-27 20:57:43,333] Epoch 289 | val  | Dice 0.8786 | IoU 0.8148 | N=61
[2026-03-27 20:57:44,286] Epoch 289 | test | Dice 0.9347 | IoU 0.8833 | N=62
[2026-03-27 20:58:08,592] Epoch 290 | val  | Dice 0.8773 | IoU 0.8125 | N=61
[2026-03-27 20:58:09,574] Epoch 290 | test | Dice 0.9352 | IoU 0.8831 | N=62
[2026-03-27 20:58:33,864] Epoch 291 | val  | Dice 0.8727 | IoU 0.8079 | N=61
[2026-03-27 20:58:34,833] Epoch 291 | test | Dice 0.9398 | IoU 0.8895 | N=62
[2026-03-27 20:58:59,192] Epoch 292 | val  | Dice 0.8784 | IoU 0.8133 | N=61
[2026-03-27 20:59:00,162] Epoch 292 | test | Dice 0.9328 | IoU 0.8809 | N=62
[2026-03-27 20:59:24,539] Epoch 293 | val  | Dice 0.8842 | IoU 0.8221 | N=61
[2026-03-27 20:59:25,500] Epoch 293 | test | Dice 0.9324 | IoU 0.8796 | N=62
[2026-03-27 20:59:49,840] Epoch 294 | val  | Dice 0.8798 | IoU 0.8155 | N=61
[2026-03-27 20:59:50,796] Epoch 294 | test | Dice 0.9317 | IoU 0.8795 | N=62
[2026-03-27 21:00:15,124] Epoch 295 | val  | Dice 0.8752 | IoU 0.8123 | N=61
[2026-03-27 21:00:16,096] Epoch 295 | test | Dice 0.9345 | IoU 0.8818 | N=62
[2026-03-27 21:00:40,459] Epoch 296 | val  | Dice 0.8792 | IoU 0.8140 | N=61
[2026-03-27 21:00:41,431] Epoch 296 | test | Dice 0.9346 | IoU 0.8826 | N=62
[2026-03-27 21:01:06,252] Epoch 297 | val  | Dice 0.8819 | IoU 0.8167 | N=61
[2026-03-27 21:01:07,312] Epoch 297 | test | Dice 0.9318 | IoU 0.8780 | N=62
[2026-03-27 21:01:32,177] Epoch 298 | val  | Dice 0.8817 | IoU 0.8170 | N=61
[2026-03-27 21:01:33,722] Epoch 298 | test | Dice 0.9356 | IoU 0.8835 | N=62
[2026-03-27 21:01:58,003] Epoch 299 | val  | Dice 0.8831 | IoU 0.8179 | N=61
[2026-03-27 21:01:59,320] Epoch 299 | test | Dice 0.9329 | IoU 0.8799 | N=62
[2026-03-27 21:02:23,657] Epoch 300 | val  | Dice 0.8799 | IoU 0.8177 | N=61
[2026-03-27 21:02:24,598] Epoch 300 | test | Dice 0.9336 | IoU 0.8811 | N=62
[2026-03-27 21:02:24,599] 
==================================================
FINAL RESULTS: ClinicDB_MK_UNet_bs8_lr0.0005_e300_augTrue_run1_t185158
Best Val  Dice : 0.8966
Test Dice @ Best Val : 0.9256
Total Train Time     : 7152.6s
==================================================
