[2026-03-10 20:21:37,845] flops: 0.619251354, params: 0.315566, Total params: : 0.3156
[2026-03-10 20:21:54,724] Epoch: 1, Dataset: test, Dice: 0.2606, IoU: 0.1686
[2026-03-10 20:21:55,755] Epoch: 1, Dataset: val, Dice: 0.3389, IoU: 0.2305
[2026-03-10 20:21:55,755] ### Best Model Saved (Dice improved from 0.0000 to 0.3389) ###
[2026-03-10 20:22:12,779] Epoch: 2, Dataset: test, Dice: 0.3638, IoU: 0.2493
[2026-03-10 20:22:13,785] Epoch: 2, Dataset: val, Dice: 0.4426, IoU: 0.3223
[2026-03-10 20:22:13,786] ### Best Model Saved (Dice improved from 0.3389 to 0.4426) ###
[2026-03-10 20:22:30,918] Epoch: 3, Dataset: test, Dice: 0.4607, IoU: 0.3307
[2026-03-10 20:22:31,918] Epoch: 3, Dataset: val, Dice: 0.3999, IoU: 0.2830
[2026-03-10 20:22:48,959] Epoch: 4, Dataset: test, Dice: 0.4917, IoU: 0.3568
[2026-03-10 20:22:49,966] Epoch: 4, Dataset: val, Dice: 0.4716, IoU: 0.3540
[2026-03-10 20:22:49,966] ### Best Model Saved (Dice improved from 0.4426 to 0.4716) ###
[2026-03-10 20:23:07,038] Epoch: 5, Dataset: test, Dice: 0.5253, IoU: 0.3809
[2026-03-10 20:23:08,033] Epoch: 5, Dataset: val, Dice: 0.5268, IoU: 0.3934
[2026-03-10 20:23:08,033] ### Best Model Saved (Dice improved from 0.4716 to 0.5268) ###
[2026-03-10 20:23:25,027] Epoch: 6, Dataset: test, Dice: 0.6375, IoU: 0.5078
[2026-03-10 20:23:26,041] Epoch: 6, Dataset: val, Dice: 0.6599, IoU: 0.5366
[2026-03-10 20:23:26,041] ### Best Model Saved (Dice improved from 0.5268 to 0.6599) ###
[2026-03-10 20:23:43,037] Epoch: 7, Dataset: test, Dice: 0.6256, IoU: 0.4900
[2026-03-10 20:23:44,011] Epoch: 7, Dataset: val, Dice: 0.6209, IoU: 0.4943
[2026-03-10 20:24:00,904] Epoch: 8, Dataset: test, Dice: 0.7090, IoU: 0.5924
[2026-03-10 20:24:01,906] Epoch: 8, Dataset: val, Dice: 0.5897, IoU: 0.4773
[2026-03-10 20:24:18,824] Epoch: 9, Dataset: test, Dice: 0.6256, IoU: 0.4876
[2026-03-10 20:24:19,868] Epoch: 9, Dataset: val, Dice: 0.6195, IoU: 0.4823
[2026-03-10 20:24:36,816] Epoch: 10, Dataset: test, Dice: 0.6882, IoU: 0.5775
[2026-03-10 20:24:37,840] Epoch: 10, Dataset: val, Dice: 0.6560, IoU: 0.5356
[2026-03-10 20:24:54,854] Epoch: 11, Dataset: test, Dice: 0.7346, IoU: 0.6306
[2026-03-10 20:24:55,887] Epoch: 11, Dataset: val, Dice: 0.7025, IoU: 0.5875
[2026-03-10 20:24:55,887] ### Best Model Saved (Dice improved from 0.6599 to 0.7025) ###
[2026-03-10 20:25:13,019] Epoch: 12, Dataset: test, Dice: 0.7817, IoU: 0.6863
[2026-03-10 20:25:14,015] Epoch: 12, Dataset: val, Dice: 0.7129, IoU: 0.6017
[2026-03-10 20:25:14,015] ### Best Model Saved (Dice improved from 0.7025 to 0.7129) ###
[2026-03-10 20:25:30,988] Epoch: 13, Dataset: test, Dice: 0.7521, IoU: 0.6381
[2026-03-10 20:25:32,132] Epoch: 13, Dataset: val, Dice: 0.6878, IoU: 0.5693
[2026-03-10 20:25:49,048] Epoch: 14, Dataset: test, Dice: 0.7818, IoU: 0.6838
[2026-03-10 20:25:50,040] Epoch: 14, Dataset: val, Dice: 0.7178, IoU: 0.6199
[2026-03-10 20:25:50,040] ### Best Model Saved (Dice improved from 0.7129 to 0.7178) ###
[2026-03-10 20:26:07,099] Epoch: 15, Dataset: test, Dice: 0.7273, IoU: 0.6136
[2026-03-10 20:26:08,156] Epoch: 15, Dataset: val, Dice: 0.6220, IoU: 0.5139
[2026-03-10 20:26:25,203] Epoch: 16, Dataset: test, Dice: 0.8275, IoU: 0.7346
[2026-03-10 20:26:26,222] Epoch: 16, Dataset: val, Dice: 0.7468, IoU: 0.6406
[2026-03-10 20:26:26,222] ### Best Model Saved (Dice improved from 0.7178 to 0.7468) ###
[2026-03-10 20:26:43,154] Epoch: 17, Dataset: test, Dice: 0.8076, IoU: 0.7056
[2026-03-10 20:26:44,215] Epoch: 17, Dataset: val, Dice: 0.7578, IoU: 0.6532
[2026-03-10 20:26:44,216] ### Best Model Saved (Dice improved from 0.7468 to 0.7578) ###
[2026-03-10 20:27:01,237] Epoch: 18, Dataset: test, Dice: 0.7982, IoU: 0.6974
[2026-03-10 20:27:02,260] Epoch: 18, Dataset: val, Dice: 0.7161, IoU: 0.5951
[2026-03-10 20:27:19,145] Epoch: 19, Dataset: test, Dice: 0.7988, IoU: 0.6990
[2026-03-10 20:27:20,178] Epoch: 19, Dataset: val, Dice: 0.7590, IoU: 0.6537
[2026-03-10 20:27:20,179] ### Best Model Saved (Dice improved from 0.7578 to 0.7590) ###
[2026-03-10 20:27:37,119] Epoch: 20, Dataset: test, Dice: 0.7630, IoU: 0.6620
[2026-03-10 20:27:38,119] Epoch: 20, Dataset: val, Dice: 0.5944, IoU: 0.4928
[2026-03-10 20:27:55,083] Epoch: 21, Dataset: test, Dice: 0.8127, IoU: 0.7098
[2026-03-10 20:27:56,106] Epoch: 21, Dataset: val, Dice: 0.7652, IoU: 0.6597
[2026-03-10 20:27:56,106] ### Best Model Saved (Dice improved from 0.7590 to 0.7652) ###
[2026-03-10 20:28:13,057] Epoch: 22, Dataset: test, Dice: 0.8469, IoU: 0.7606
[2026-03-10 20:28:14,078] Epoch: 22, Dataset: val, Dice: 0.7861, IoU: 0.6826
[2026-03-10 20:28:14,078] ### Best Model Saved (Dice improved from 0.7652 to 0.7861) ###
[2026-03-10 20:28:31,130] Epoch: 23, Dataset: test, Dice: 0.7955, IoU: 0.6970
[2026-03-10 20:28:32,154] Epoch: 23, Dataset: val, Dice: 0.7565, IoU: 0.6490
[2026-03-10 20:28:49,037] Epoch: 24, Dataset: test, Dice: 0.8734, IoU: 0.7904
[2026-03-10 20:28:50,032] Epoch: 24, Dataset: val, Dice: 0.7890, IoU: 0.6840
[2026-03-10 20:28:50,032] ### Best Model Saved (Dice improved from 0.7861 to 0.7890) ###
[2026-03-10 20:29:07,015] Epoch: 25, Dataset: test, Dice: 0.8472, IoU: 0.7596
[2026-03-10 20:29:08,043] Epoch: 25, Dataset: val, Dice: 0.7682, IoU: 0.6578
[2026-03-10 20:29:24,969] Epoch: 26, Dataset: test, Dice: 0.8715, IoU: 0.7901
[2026-03-10 20:29:26,065] Epoch: 26, Dataset: val, Dice: 0.7942, IoU: 0.6860
[2026-03-10 20:29:26,065] ### Best Model Saved (Dice improved from 0.7890 to 0.7942) ###
[2026-03-10 20:29:43,064] Epoch: 27, Dataset: test, Dice: 0.8778, IoU: 0.7966
[2026-03-10 20:29:44,151] Epoch: 27, Dataset: val, Dice: 0.8034, IoU: 0.7085
[2026-03-10 20:29:44,151] ### Best Model Saved (Dice improved from 0.7942 to 0.8034) ###
[2026-03-10 20:30:01,053] Epoch: 28, Dataset: test, Dice: 0.8521, IoU: 0.7723
[2026-03-10 20:30:02,099] Epoch: 28, Dataset: val, Dice: 0.8040, IoU: 0.7151
[2026-03-10 20:30:02,099] ### Best Model Saved (Dice improved from 0.8034 to 0.8040) ###
[2026-03-10 20:30:19,019] Epoch: 29, Dataset: test, Dice: 0.8411, IoU: 0.7526
[2026-03-10 20:30:19,995] Epoch: 29, Dataset: val, Dice: 0.7674, IoU: 0.6595
[2026-03-10 20:30:36,915] Epoch: 30, Dataset: test, Dice: 0.8845, IoU: 0.8120
[2026-03-10 20:30:37,952] Epoch: 30, Dataset: val, Dice: 0.8107, IoU: 0.7214
[2026-03-10 20:30:37,952] ### Best Model Saved (Dice improved from 0.8040 to 0.8107) ###
[2026-03-10 20:30:54,913] Epoch: 31, Dataset: test, Dice: 0.8759, IoU: 0.7979
[2026-03-10 20:30:55,916] Epoch: 31, Dataset: val, Dice: 0.7818, IoU: 0.6767
[2026-03-10 20:31:12,821] Epoch: 32, Dataset: test, Dice: 0.8409, IoU: 0.7476
[2026-03-10 20:31:13,855] Epoch: 32, Dataset: val, Dice: 0.7696, IoU: 0.6675
[2026-03-10 20:31:30,768] Epoch: 33, Dataset: test, Dice: 0.8978, IoU: 0.8326
[2026-03-10 20:31:31,845] Epoch: 33, Dataset: val, Dice: 0.8209, IoU: 0.7389
[2026-03-10 20:31:31,845] ### Best Model Saved (Dice improved from 0.8107 to 0.8209) ###
[2026-03-10 20:31:48,778] Epoch: 34, Dataset: test, Dice: 0.8121, IoU: 0.7254
[2026-03-10 20:31:49,751] Epoch: 34, Dataset: val, Dice: 0.7199, IoU: 0.6159
[2026-03-10 20:32:06,663] Epoch: 35, Dataset: test, Dice: 0.8660, IoU: 0.7937
[2026-03-10 20:32:07,671] Epoch: 35, Dataset: val, Dice: 0.8323, IoU: 0.7375
[2026-03-10 20:32:07,671] ### Best Model Saved (Dice improved from 0.8209 to 0.8323) ###
[2026-03-10 20:32:24,710] Epoch: 36, Dataset: test, Dice: 0.8228, IoU: 0.7237
[2026-03-10 20:32:25,718] Epoch: 36, Dataset: val, Dice: 0.7577, IoU: 0.6624
[2026-03-10 20:32:42,607] Epoch: 37, Dataset: test, Dice: 0.8719, IoU: 0.7954
[2026-03-10 20:32:43,639] Epoch: 37, Dataset: val, Dice: 0.8201, IoU: 0.7355
[2026-03-10 20:33:00,574] Epoch: 38, Dataset: test, Dice: 0.9050, IoU: 0.8371
[2026-03-10 20:33:01,563] Epoch: 38, Dataset: val, Dice: 0.8495, IoU: 0.7636
[2026-03-10 20:33:01,563] ### Best Model Saved (Dice improved from 0.8323 to 0.8495) ###
[2026-03-10 20:33:18,507] Epoch: 39, Dataset: test, Dice: 0.8537, IoU: 0.7644
[2026-03-10 20:33:19,586] Epoch: 39, Dataset: val, Dice: 0.7755, IoU: 0.6762
[2026-03-10 20:33:36,500] Epoch: 40, Dataset: test, Dice: 0.8249, IoU: 0.7334
[2026-03-10 20:33:37,482] Epoch: 40, Dataset: val, Dice: 0.7760, IoU: 0.6700
[2026-03-10 20:34:05,049] Epoch: 41, Dataset: test, Dice: 0.8777, IoU: 0.8061
[2026-03-10 20:34:06,456] Epoch: 41, Dataset: val, Dice: 0.8113, IoU: 0.7217
[2026-03-10 20:34:24,003] Epoch: 42, Dataset: test, Dice: 0.8842, IoU: 0.8061
[2026-03-10 20:34:25,027] Epoch: 42, Dataset: val, Dice: 0.8106, IoU: 0.7206
[2026-03-10 20:34:41,902] Epoch: 43, Dataset: test, Dice: 0.8926, IoU: 0.8243
[2026-03-10 20:34:48,132] Epoch: 43, Dataset: val, Dice: 0.8261, IoU: 0.7383
[2026-03-10 20:35:04,971] Epoch: 44, Dataset: test, Dice: 0.8789, IoU: 0.8062
[2026-03-10 20:35:05,971] Epoch: 44, Dataset: val, Dice: 0.8259, IoU: 0.7303
[2026-03-10 20:35:22,851] Epoch: 45, Dataset: test, Dice: 0.9163, IoU: 0.8532
[2026-03-10 20:35:23,866] Epoch: 45, Dataset: val, Dice: 0.8663, IoU: 0.7911
[2026-03-10 20:35:23,867] ### Best Model Saved (Dice improved from 0.8495 to 0.8663) ###
[2026-03-10 20:35:40,921] Epoch: 46, Dataset: test, Dice: 0.9128, IoU: 0.8510
[2026-03-10 20:35:41,954] Epoch: 46, Dataset: val, Dice: 0.8539, IoU: 0.7743
[2026-03-10 20:35:58,792] Epoch: 47, Dataset: test, Dice: 0.9043, IoU: 0.8400
[2026-03-10 20:35:59,812] Epoch: 47, Dataset: val, Dice: 0.8300, IoU: 0.7442
[2026-03-10 20:36:16,682] Epoch: 48, Dataset: test, Dice: 0.8810, IoU: 0.8027
[2026-03-10 20:36:17,772] Epoch: 48, Dataset: val, Dice: 0.8151, IoU: 0.7208
[2026-03-10 20:36:34,742] Epoch: 49, Dataset: test, Dice: 0.9123, IoU: 0.8478
[2026-03-10 20:36:35,807] Epoch: 49, Dataset: val, Dice: 0.8399, IoU: 0.7548
[2026-03-10 20:36:52,766] Epoch: 50, Dataset: test, Dice: 0.9210, IoU: 0.8598
[2026-03-10 20:36:53,882] Epoch: 50, Dataset: val, Dice: 0.8744, IoU: 0.8046
[2026-03-10 20:36:53,882] ### Best Model Saved (Dice improved from 0.8663 to 0.8744) ###
[2026-03-10 20:37:10,862] Epoch: 51, Dataset: test, Dice: 0.9049, IoU: 0.8397
[2026-03-10 20:37:11,870] Epoch: 51, Dataset: val, Dice: 0.8595, IoU: 0.7845
[2026-03-10 20:37:28,765] Epoch: 52, Dataset: test, Dice: 0.8879, IoU: 0.8215
[2026-03-10 20:37:29,848] Epoch: 52, Dataset: val, Dice: 0.8240, IoU: 0.7306
[2026-03-10 20:37:46,721] Epoch: 53, Dataset: test, Dice: 0.8953, IoU: 0.8273
[2026-03-10 20:37:47,716] Epoch: 53, Dataset: val, Dice: 0.8272, IoU: 0.7371
[2026-03-10 20:38:04,785] Epoch: 54, Dataset: test, Dice: 0.9174, IoU: 0.8555
[2026-03-10 20:38:05,908] Epoch: 54, Dataset: val, Dice: 0.8400, IoU: 0.7606
[2026-03-10 20:38:23,135] Epoch: 55, Dataset: test, Dice: 0.8949, IoU: 0.8289
[2026-03-10 20:38:24,188] Epoch: 55, Dataset: val, Dice: 0.8344, IoU: 0.7572
[2026-03-10 20:38:41,236] Epoch: 56, Dataset: test, Dice: 0.9063, IoU: 0.8408
[2026-03-10 20:38:42,420] Epoch: 56, Dataset: val, Dice: 0.8227, IoU: 0.7380
[2026-03-10 20:38:59,725] Epoch: 57, Dataset: test, Dice: 0.9206, IoU: 0.8600
[2026-03-10 20:39:00,820] Epoch: 57, Dataset: val, Dice: 0.8787, IoU: 0.8075
[2026-03-10 20:39:00,820] ### Best Model Saved (Dice improved from 0.8744 to 0.8787) ###
[2026-03-10 20:39:17,805] Epoch: 58, Dataset: test, Dice: 0.9222, IoU: 0.8643
[2026-03-10 20:39:18,857] Epoch: 58, Dataset: val, Dice: 0.8743, IoU: 0.7994
[2026-03-10 20:39:35,772] Epoch: 59, Dataset: test, Dice: 0.9001, IoU: 0.8297
[2026-03-10 20:39:36,836] Epoch: 59, Dataset: val, Dice: 0.8696, IoU: 0.7925
[2026-03-10 20:39:54,648] Epoch: 60, Dataset: test, Dice: 0.9061, IoU: 0.8390
[2026-03-10 20:39:55,699] Epoch: 60, Dataset: val, Dice: 0.8521, IoU: 0.7716
[2026-03-10 20:40:12,678] Epoch: 61, Dataset: test, Dice: 0.9143, IoU: 0.8517
[2026-03-10 20:40:13,704] Epoch: 61, Dataset: val, Dice: 0.8630, IoU: 0.7841
[2026-03-10 20:40:30,708] Epoch: 62, Dataset: test, Dice: 0.9188, IoU: 0.8569
[2026-03-10 20:40:31,716] Epoch: 62, Dataset: val, Dice: 0.8727, IoU: 0.7967
[2026-03-10 20:40:48,785] Epoch: 63, Dataset: test, Dice: 0.9247, IoU: 0.8706
[2026-03-10 20:40:49,828] Epoch: 63, Dataset: val, Dice: 0.8898, IoU: 0.8214
[2026-03-10 20:40:49,828] ### Best Model Saved (Dice improved from 0.8787 to 0.8898) ###
[2026-03-10 20:41:12,173] Epoch: 64, Dataset: test, Dice: 0.9151, IoU: 0.8566
[2026-03-10 20:41:18,949] Epoch: 64, Dataset: val, Dice: 0.8887, IoU: 0.8216
[2026-03-10 20:41:36,360] Epoch: 65, Dataset: test, Dice: 0.8226, IoU: 0.7251
[2026-03-10 20:41:37,417] Epoch: 65, Dataset: val, Dice: 0.7701, IoU: 0.6568
[2026-03-10 20:41:54,399] Epoch: 66, Dataset: test, Dice: 0.9200, IoU: 0.8624
[2026-03-10 20:41:55,407] Epoch: 66, Dataset: val, Dice: 0.8808, IoU: 0.8085
[2026-03-10 20:42:12,296] Epoch: 67, Dataset: test, Dice: 0.9198, IoU: 0.8588
[2026-03-10 20:42:13,343] Epoch: 67, Dataset: val, Dice: 0.8513, IoU: 0.7671
[2026-03-10 20:42:30,240] Epoch: 68, Dataset: test, Dice: 0.9112, IoU: 0.8496
[2026-03-10 20:42:31,313] Epoch: 68, Dataset: val, Dice: 0.8659, IoU: 0.7940
[2026-03-10 20:42:48,281] Epoch: 69, Dataset: test, Dice: 0.9291, IoU: 0.8759
[2026-03-10 20:42:49,327] Epoch: 69, Dataset: val, Dice: 0.8812, IoU: 0.8113
[2026-03-10 20:43:06,330] Epoch: 70, Dataset: test, Dice: 0.9147, IoU: 0.8544
[2026-03-10 20:43:07,406] Epoch: 70, Dataset: val, Dice: 0.8479, IoU: 0.7643
[2026-03-10 20:43:24,400] Epoch: 71, Dataset: test, Dice: 0.8912, IoU: 0.8279
[2026-03-10 20:43:25,408] Epoch: 71, Dataset: val, Dice: 0.8620, IoU: 0.7823
[2026-03-10 20:43:42,387] Epoch: 72, Dataset: test, Dice: 0.9297, IoU: 0.8746
[2026-03-10 20:43:43,408] Epoch: 72, Dataset: val, Dice: 0.8842, IoU: 0.8164
[2026-03-10 20:44:00,349] Epoch: 73, Dataset: test, Dice: 0.9135, IoU: 0.8516
[2026-03-10 20:44:01,349] Epoch: 73, Dataset: val, Dice: 0.8719, IoU: 0.7956
[2026-03-10 20:44:18,295] Epoch: 74, Dataset: test, Dice: 0.9295, IoU: 0.8736
[2026-03-10 20:44:19,308] Epoch: 74, Dataset: val, Dice: 0.8685, IoU: 0.7946
[2026-03-10 20:44:36,306] Epoch: 75, Dataset: test, Dice: 0.9329, IoU: 0.8800
[2026-03-10 20:44:37,309] Epoch: 75, Dataset: val, Dice: 0.8841, IoU: 0.8160
[2026-03-10 20:44:54,314] Epoch: 76, Dataset: test, Dice: 0.9068, IoU: 0.8397
[2026-03-10 20:44:55,302] Epoch: 76, Dataset: val, Dice: 0.8660, IoU: 0.7928
[2026-03-10 20:45:12,252] Epoch: 77, Dataset: test, Dice: 0.9103, IoU: 0.8484
[2026-03-10 20:45:13,254] Epoch: 77, Dataset: val, Dice: 0.8915, IoU: 0.8244
[2026-03-10 20:45:13,254] ### Best Model Saved (Dice improved from 0.8898 to 0.8915) ###
[2026-03-10 20:45:30,249] Epoch: 78, Dataset: test, Dice: 0.9198, IoU: 0.8615
[2026-03-10 20:45:31,241] Epoch: 78, Dataset: val, Dice: 0.8804, IoU: 0.8148
[2026-03-10 20:45:48,219] Epoch: 79, Dataset: test, Dice: 0.9331, IoU: 0.8805
[2026-03-10 20:45:49,193] Epoch: 79, Dataset: val, Dice: 0.8882, IoU: 0.8239
[2026-03-10 20:46:06,100] Epoch: 80, Dataset: test, Dice: 0.9405, IoU: 0.8904
[2026-03-10 20:46:07,173] Epoch: 80, Dataset: val, Dice: 0.8861, IoU: 0.8197
[2026-03-10 20:46:25,185] Epoch: 81, Dataset: test, Dice: 0.9299, IoU: 0.8747
[2026-03-10 20:46:32,067] Epoch: 81, Dataset: val, Dice: 0.9028, IoU: 0.8402
[2026-03-10 20:46:32,068] ### Best Model Saved (Dice improved from 0.8915 to 0.9028) ###
[2026-03-10 20:46:50,044] Epoch: 82, Dataset: test, Dice: 0.9112, IoU: 0.8525
[2026-03-10 20:47:00,966] Epoch: 82, Dataset: val, Dice: 0.8776, IoU: 0.8046
[2026-03-10 20:47:18,569] Epoch: 83, Dataset: test, Dice: 0.9202, IoU: 0.8607
[2026-03-10 20:47:19,585] Epoch: 83, Dataset: val, Dice: 0.8806, IoU: 0.8101
[2026-03-10 20:47:36,537] Epoch: 84, Dataset: test, Dice: 0.9280, IoU: 0.8725
[2026-03-10 20:47:37,578] Epoch: 84, Dataset: val, Dice: 0.8767, IoU: 0.8069
[2026-03-10 20:47:54,480] Epoch: 85, Dataset: test, Dice: 0.9381, IoU: 0.8872
[2026-03-10 20:47:55,527] Epoch: 85, Dataset: val, Dice: 0.8930, IoU: 0.8250
[2026-03-10 20:48:12,429] Epoch: 86, Dataset: test, Dice: 0.9298, IoU: 0.8760
[2026-03-10 20:48:13,430] Epoch: 86, Dataset: val, Dice: 0.8888, IoU: 0.8222
[2026-03-10 20:48:30,352] Epoch: 87, Dataset: test, Dice: 0.9224, IoU: 0.8665
[2026-03-10 20:48:31,363] Epoch: 87, Dataset: val, Dice: 0.8780, IoU: 0.8068
[2026-03-10 20:48:48,377] Epoch: 88, Dataset: test, Dice: 0.9318, IoU: 0.8772
[2026-03-10 20:48:49,426] Epoch: 88, Dataset: val, Dice: 0.8806, IoU: 0.8132
[2026-03-10 20:49:06,383] Epoch: 89, Dataset: test, Dice: 0.9202, IoU: 0.8624
[2026-03-10 20:49:07,379] Epoch: 89, Dataset: val, Dice: 0.8803, IoU: 0.8101
[2026-03-10 20:49:24,305] Epoch: 90, Dataset: test, Dice: 0.9123, IoU: 0.8486
[2026-03-10 20:49:25,344] Epoch: 90, Dataset: val, Dice: 0.8743, IoU: 0.7966
[2026-03-10 20:49:42,272] Epoch: 91, Dataset: test, Dice: 0.9245, IoU: 0.8676
[2026-03-10 20:49:43,266] Epoch: 91, Dataset: val, Dice: 0.8716, IoU: 0.7979
[2026-03-10 20:50:00,228] Epoch: 92, Dataset: test, Dice: 0.9328, IoU: 0.8787
[2026-03-10 20:50:01,229] Epoch: 92, Dataset: val, Dice: 0.8943, IoU: 0.8303
[2026-03-10 20:50:18,194] Epoch: 93, Dataset: test, Dice: 0.9162, IoU: 0.8595
[2026-03-10 20:50:19,279] Epoch: 93, Dataset: val, Dice: 0.8620, IoU: 0.7852
[2026-03-10 20:50:36,169] Epoch: 94, Dataset: test, Dice: 0.9295, IoU: 0.8752
[2026-03-10 20:50:37,227] Epoch: 94, Dataset: val, Dice: 0.8776, IoU: 0.8063
[2026-03-10 20:50:54,112] Epoch: 95, Dataset: test, Dice: 0.9327, IoU: 0.8789
[2026-03-10 20:50:55,167] Epoch: 95, Dataset: val, Dice: 0.8941, IoU: 0.8306
[2026-03-10 20:51:12,138] Epoch: 96, Dataset: test, Dice: 0.8981, IoU: 0.8320
[2026-03-10 20:51:13,120] Epoch: 96, Dataset: val, Dice: 0.8633, IoU: 0.7847
[2026-03-10 20:51:30,032] Epoch: 97, Dataset: test, Dice: 0.9335, IoU: 0.8811
[2026-03-10 20:51:31,072] Epoch: 97, Dataset: val, Dice: 0.8995, IoU: 0.8364
[2026-03-10 20:51:47,987] Epoch: 98, Dataset: test, Dice: 0.9295, IoU: 0.8736
[2026-03-10 20:51:49,005] Epoch: 98, Dataset: val, Dice: 0.8703, IoU: 0.7971
[2026-03-10 20:52:05,930] Epoch: 99, Dataset: test, Dice: 0.9318, IoU: 0.8776
[2026-03-10 20:52:06,975] Epoch: 99, Dataset: val, Dice: 0.8820, IoU: 0.8136
[2026-03-10 20:52:23,913] Epoch: 100, Dataset: test, Dice: 0.9230, IoU: 0.8646
[2026-03-10 20:52:24,945] Epoch: 100, Dataset: val, Dice: 0.8876, IoU: 0.8187
[2026-03-10 20:52:41,918] Epoch: 101, Dataset: test, Dice: 0.9265, IoU: 0.8697
[2026-03-10 20:52:42,997] Epoch: 101, Dataset: val, Dice: 0.8883, IoU: 0.8233
[2026-03-10 20:52:59,948] Epoch: 102, Dataset: test, Dice: 0.9263, IoU: 0.8692
[2026-03-10 20:53:00,957] Epoch: 102, Dataset: val, Dice: 0.8947, IoU: 0.8293
[2026-03-10 20:53:17,897] Epoch: 103, Dataset: test, Dice: 0.9310, IoU: 0.8788
[2026-03-10 20:53:18,903] Epoch: 103, Dataset: val, Dice: 0.8873, IoU: 0.8238
[2026-03-10 20:53:35,762] Epoch: 104, Dataset: test, Dice: 0.9376, IoU: 0.8868
[2026-03-10 20:53:36,820] Epoch: 104, Dataset: val, Dice: 0.8976, IoU: 0.8334
[2026-03-10 20:53:53,753] Epoch: 105, Dataset: test, Dice: 0.9231, IoU: 0.8716
[2026-03-10 20:53:54,755] Epoch: 105, Dataset: val, Dice: 0.8807, IoU: 0.8119
[2026-03-10 20:54:11,656] Epoch: 106, Dataset: test, Dice: 0.9336, IoU: 0.8808
[2026-03-10 20:54:12,706] Epoch: 106, Dataset: val, Dice: 0.8965, IoU: 0.8344
[2026-03-10 20:54:29,718] Epoch: 107, Dataset: test, Dice: 0.9285, IoU: 0.8734
[2026-03-10 20:54:30,747] Epoch: 107, Dataset: val, Dice: 0.8890, IoU: 0.8221
[2026-03-10 20:54:47,615] Epoch: 108, Dataset: test, Dice: 0.9266, IoU: 0.8713
[2026-03-10 20:54:48,617] Epoch: 108, Dataset: val, Dice: 0.8814, IoU: 0.8110
[2026-03-10 20:55:05,475] Epoch: 109, Dataset: test, Dice: 0.9282, IoU: 0.8723
[2026-03-10 20:55:06,496] Epoch: 109, Dataset: val, Dice: 0.8996, IoU: 0.8369
[2026-03-10 20:55:23,418] Epoch: 110, Dataset: test, Dice: 0.9237, IoU: 0.8657
[2026-03-10 20:55:24,434] Epoch: 110, Dataset: val, Dice: 0.8878, IoU: 0.8196
[2026-03-10 20:55:41,340] Epoch: 111, Dataset: test, Dice: 0.9337, IoU: 0.8817
[2026-03-10 20:55:42,351] Epoch: 111, Dataset: val, Dice: 0.8978, IoU: 0.8365
[2026-03-10 20:55:59,348] Epoch: 112, Dataset: test, Dice: 0.9375, IoU: 0.8866
[2026-03-10 20:56:00,434] Epoch: 112, Dataset: val, Dice: 0.9008, IoU: 0.8384
[2026-03-10 20:56:17,388] Epoch: 113, Dataset: test, Dice: 0.9342, IoU: 0.8829
[2026-03-10 20:56:18,464] Epoch: 113, Dataset: val, Dice: 0.8975, IoU: 0.8297
[2026-03-10 20:56:35,377] Epoch: 114, Dataset: test, Dice: 0.9386, IoU: 0.8877
[2026-03-10 20:56:36,401] Epoch: 114, Dataset: val, Dice: 0.8994, IoU: 0.8337
[2026-03-10 20:56:53,287] Epoch: 115, Dataset: test, Dice: 0.9309, IoU: 0.8768
[2026-03-10 20:56:54,296] Epoch: 115, Dataset: val, Dice: 0.8883, IoU: 0.8254
[2026-03-10 20:57:11,193] Epoch: 116, Dataset: test, Dice: 0.9233, IoU: 0.8667
[2026-03-10 20:57:12,231] Epoch: 116, Dataset: val, Dice: 0.8991, IoU: 0.8342
[2026-03-10 20:57:29,233] Epoch: 117, Dataset: test, Dice: 0.9344, IoU: 0.8816
[2026-03-10 20:57:30,258] Epoch: 117, Dataset: val, Dice: 0.9030, IoU: 0.8411
[2026-03-10 20:57:30,258] ### Best Model Saved (Dice improved from 0.9028 to 0.9030) ###
[2026-03-10 20:57:47,301] Epoch: 118, Dataset: test, Dice: 0.9315, IoU: 0.8782
[2026-03-10 20:57:48,310] Epoch: 118, Dataset: val, Dice: 0.9014, IoU: 0.8401
[2026-03-10 20:58:05,205] Epoch: 119, Dataset: test, Dice: 0.9401, IoU: 0.8903
[2026-03-10 20:58:06,237] Epoch: 119, Dataset: val, Dice: 0.8995, IoU: 0.8373
[2026-03-10 20:58:23,117] Epoch: 120, Dataset: test, Dice: 0.9391, IoU: 0.8887
[2026-03-10 20:58:24,147] Epoch: 120, Dataset: val, Dice: 0.8995, IoU: 0.8354
[2026-03-10 20:58:41,087] Epoch: 121, Dataset: test, Dice: 0.9376, IoU: 0.8861
[2026-03-10 20:58:42,119] Epoch: 121, Dataset: val, Dice: 0.9042, IoU: 0.8416
[2026-03-10 20:58:42,119] ### Best Model Saved (Dice improved from 0.9030 to 0.9042) ###
[2026-03-10 20:59:04,321] Epoch: 122, Dataset: test, Dice: 0.9390, IoU: 0.8890
[2026-03-10 20:59:05,378] Epoch: 122, Dataset: val, Dice: 0.8937, IoU: 0.8290
[2026-03-10 20:59:22,367] Epoch: 123, Dataset: test, Dice: 0.9331, IoU: 0.8802
[2026-03-10 20:59:23,363] Epoch: 123, Dataset: val, Dice: 0.8866, IoU: 0.8221
[2026-03-10 20:59:40,329] Epoch: 124, Dataset: test, Dice: 0.9385, IoU: 0.8873
[2026-03-10 20:59:41,450] Epoch: 124, Dataset: val, Dice: 0.9001, IoU: 0.8378
[2026-03-10 20:59:58,412] Epoch: 125, Dataset: test, Dice: 0.9317, IoU: 0.8789
[2026-03-10 20:59:59,448] Epoch: 125, Dataset: val, Dice: 0.8900, IoU: 0.8238
[2026-03-10 21:00:16,336] Epoch: 126, Dataset: test, Dice: 0.9259, IoU: 0.8683
[2026-03-10 21:00:17,415] Epoch: 126, Dataset: val, Dice: 0.8886, IoU: 0.8260
[2026-03-10 21:00:34,361] Epoch: 127, Dataset: test, Dice: 0.9357, IoU: 0.8836
[2026-03-10 21:00:35,361] Epoch: 127, Dataset: val, Dice: 0.8930, IoU: 0.8322
[2026-03-10 21:00:52,311] Epoch: 128, Dataset: test, Dice: 0.9373, IoU: 0.8858
[2026-03-10 21:00:53,320] Epoch: 128, Dataset: val, Dice: 0.9013, IoU: 0.8386
[2026-03-10 21:01:10,250] Epoch: 129, Dataset: test, Dice: 0.9345, IoU: 0.8821
[2026-03-10 21:01:11,240] Epoch: 129, Dataset: val, Dice: 0.8969, IoU: 0.8348
[2026-03-10 21:01:38,474] Epoch: 130, Dataset: test, Dice: 0.9382, IoU: 0.8870
[2026-03-10 21:01:39,845] Epoch: 130, Dataset: val, Dice: 0.8892, IoU: 0.8246
[2026-03-10 21:01:56,912] Epoch: 131, Dataset: test, Dice: 0.9373, IoU: 0.8863
[2026-03-10 21:01:57,962] Epoch: 131, Dataset: val, Dice: 0.8987, IoU: 0.8377
[2026-03-10 21:02:14,915] Epoch: 132, Dataset: test, Dice: 0.9362, IoU: 0.8844
[2026-03-10 21:02:15,909] Epoch: 132, Dataset: val, Dice: 0.8871, IoU: 0.8224
[2026-03-10 21:02:32,820] Epoch: 133, Dataset: test, Dice: 0.9408, IoU: 0.8920
[2026-03-10 21:02:33,850] Epoch: 133, Dataset: val, Dice: 0.8996, IoU: 0.8370
[2026-03-10 21:02:50,772] Epoch: 134, Dataset: test, Dice: 0.9286, IoU: 0.8717
[2026-03-10 21:02:51,818] Epoch: 134, Dataset: val, Dice: 0.8743, IoU: 0.8053
[2026-03-10 21:03:08,799] Epoch: 135, Dataset: test, Dice: 0.9303, IoU: 0.8763
[2026-03-10 21:03:09,824] Epoch: 135, Dataset: val, Dice: 0.8957, IoU: 0.8334
[2026-03-10 21:03:26,709] Epoch: 136, Dataset: test, Dice: 0.9315, IoU: 0.8765
[2026-03-10 21:03:27,739] Epoch: 136, Dataset: val, Dice: 0.9026, IoU: 0.8419
[2026-03-10 21:03:44,660] Epoch: 137, Dataset: test, Dice: 0.9339, IoU: 0.8816
[2026-03-10 21:03:45,675] Epoch: 137, Dataset: val, Dice: 0.8948, IoU: 0.8347
[2026-03-10 21:04:07,942] Epoch: 138, Dataset: test, Dice: 0.9375, IoU: 0.8858
[2026-03-10 21:04:08,974] Epoch: 138, Dataset: val, Dice: 0.9002, IoU: 0.8391
[2026-03-10 21:04:25,919] Epoch: 139, Dataset: test, Dice: 0.9392, IoU: 0.8887
[2026-03-10 21:04:27,095] Epoch: 139, Dataset: val, Dice: 0.9054, IoU: 0.8491
[2026-03-10 21:04:27,095] ### Best Model Saved (Dice improved from 0.9042 to 0.9054) ###
[2026-03-10 21:04:44,105] Epoch: 140, Dataset: test, Dice: 0.9392, IoU: 0.8887
[2026-03-10 21:04:45,090] Epoch: 140, Dataset: val, Dice: 0.8856, IoU: 0.8206
[2026-03-10 21:05:02,021] Epoch: 141, Dataset: test, Dice: 0.9327, IoU: 0.8793
[2026-03-10 21:05:03,089] Epoch: 141, Dataset: val, Dice: 0.9044, IoU: 0.8415
[2026-03-10 21:05:19,984] Epoch: 142, Dataset: test, Dice: 0.9366, IoU: 0.8860
[2026-03-10 21:05:20,995] Epoch: 142, Dataset: val, Dice: 0.8988, IoU: 0.8399
[2026-03-10 21:05:37,873] Epoch: 143, Dataset: test, Dice: 0.9380, IoU: 0.8880
[2026-03-10 21:05:38,954] Epoch: 143, Dataset: val, Dice: 0.9002, IoU: 0.8432
[2026-03-10 21:05:55,836] Epoch: 144, Dataset: test, Dice: 0.9362, IoU: 0.8849
[2026-03-10 21:05:56,839] Epoch: 144, Dataset: val, Dice: 0.8989, IoU: 0.8414
[2026-03-10 21:06:19,198] Epoch: 145, Dataset: test, Dice: 0.9402, IoU: 0.8913
[2026-03-10 21:06:20,228] Epoch: 145, Dataset: val, Dice: 0.9000, IoU: 0.8413
[2026-03-10 21:06:37,166] Epoch: 146, Dataset: test, Dice: 0.9343, IoU: 0.8829
[2026-03-10 21:06:38,181] Epoch: 146, Dataset: val, Dice: 0.9027, IoU: 0.8430
[2026-03-10 21:06:55,140] Epoch: 147, Dataset: test, Dice: 0.9385, IoU: 0.8890
[2026-03-10 21:06:56,140] Epoch: 147, Dataset: val, Dice: 0.8958, IoU: 0.8368
[2026-03-10 21:07:13,008] Epoch: 148, Dataset: test, Dice: 0.9360, IoU: 0.8854
[2026-03-10 21:07:14,024] Epoch: 148, Dataset: val, Dice: 0.8984, IoU: 0.8378
[2026-03-10 21:07:30,971] Epoch: 149, Dataset: test, Dice: 0.9375, IoU: 0.8867
[2026-03-10 21:07:31,983] Epoch: 149, Dataset: val, Dice: 0.9017, IoU: 0.8445
[2026-03-10 21:07:48,828] Epoch: 150, Dataset: test, Dice: 0.9378, IoU: 0.8879
[2026-03-10 21:07:49,865] Epoch: 150, Dataset: val, Dice: 0.8971, IoU: 0.8348
[2026-03-10 21:08:06,780] Epoch: 151, Dataset: test, Dice: 0.9390, IoU: 0.8884
[2026-03-10 21:08:13,189] Epoch: 151, Dataset: val, Dice: 0.8936, IoU: 0.8310
[2026-03-10 21:08:30,032] Epoch: 152, Dataset: test, Dice: 0.9342, IoU: 0.8821
[2026-03-10 21:08:31,084] Epoch: 152, Dataset: val, Dice: 0.9010, IoU: 0.8415
[2026-03-10 21:08:47,978] Epoch: 153, Dataset: test, Dice: 0.9392, IoU: 0.8889
[2026-03-10 21:08:48,973] Epoch: 153, Dataset: val, Dice: 0.8966, IoU: 0.8366
[2026-03-10 21:09:05,811] Epoch: 154, Dataset: test, Dice: 0.9389, IoU: 0.8884
[2026-03-10 21:09:06,820] Epoch: 154, Dataset: val, Dice: 0.8968, IoU: 0.8359
[2026-03-10 21:09:23,695] Epoch: 155, Dataset: test, Dice: 0.9395, IoU: 0.8895
[2026-03-10 21:09:24,725] Epoch: 155, Dataset: val, Dice: 0.9014, IoU: 0.8410
[2026-03-10 21:09:41,645] Epoch: 156, Dataset: test, Dice: 0.9405, IoU: 0.8910
[2026-03-10 21:09:42,667] Epoch: 156, Dataset: val, Dice: 0.9044, IoU: 0.8431
[2026-03-10 21:09:59,537] Epoch: 157, Dataset: test, Dice: 0.9380, IoU: 0.8876
[2026-03-10 21:10:00,553] Epoch: 157, Dataset: val, Dice: 0.9072, IoU: 0.8482
[2026-03-10 21:10:00,553] ### Best Model Saved (Dice improved from 0.9054 to 0.9072) ###
[2026-03-10 21:10:17,505] Epoch: 158, Dataset: test, Dice: 0.9386, IoU: 0.8886
[2026-03-10 21:10:18,520] Epoch: 158, Dataset: val, Dice: 0.8967, IoU: 0.8366
[2026-03-10 21:10:35,505] Epoch: 159, Dataset: test, Dice: 0.9382, IoU: 0.8888
[2026-03-10 21:10:36,549] Epoch: 159, Dataset: val, Dice: 0.8988, IoU: 0.8412
[2026-03-10 21:10:53,451] Epoch: 160, Dataset: test, Dice: 0.9395, IoU: 0.8896
[2026-03-10 21:10:54,536] Epoch: 160, Dataset: val, Dice: 0.8948, IoU: 0.8332
[2026-03-10 21:11:11,470] Epoch: 161, Dataset: test, Dice: 0.9414, IoU: 0.8923
[2026-03-10 21:11:12,473] Epoch: 161, Dataset: val, Dice: 0.8989, IoU: 0.8405
[2026-03-10 21:11:29,347] Epoch: 162, Dataset: test, Dice: 0.9396, IoU: 0.8900
[2026-03-10 21:11:30,414] Epoch: 162, Dataset: val, Dice: 0.8990, IoU: 0.8404
[2026-03-10 21:11:47,240] Epoch: 163, Dataset: test, Dice: 0.9382, IoU: 0.8884
[2026-03-10 21:11:48,252] Epoch: 163, Dataset: val, Dice: 0.8915, IoU: 0.8289
[2026-03-10 21:12:05,115] Epoch: 164, Dataset: test, Dice: 0.9374, IoU: 0.8872
[2026-03-10 21:12:06,217] Epoch: 164, Dataset: val, Dice: 0.8934, IoU: 0.8326
[2026-03-10 21:12:23,125] Epoch: 165, Dataset: test, Dice: 0.9434, IoU: 0.8954
[2026-03-10 21:12:24,177] Epoch: 165, Dataset: val, Dice: 0.8979, IoU: 0.8375
[2026-03-10 21:12:41,137] Epoch: 166, Dataset: test, Dice: 0.9403, IoU: 0.8907
[2026-03-10 21:12:42,160] Epoch: 166, Dataset: val, Dice: 0.8940, IoU: 0.8334
[2026-03-10 21:12:59,077] Epoch: 167, Dataset: test, Dice: 0.9410, IoU: 0.8915
[2026-03-10 21:13:00,124] Epoch: 167, Dataset: val, Dice: 0.8924, IoU: 0.8310
[2026-03-10 21:13:17,087] Epoch: 168, Dataset: test, Dice: 0.9387, IoU: 0.8890
[2026-03-10 21:13:18,098] Epoch: 168, Dataset: val, Dice: 0.8999, IoU: 0.8410
[2026-03-10 21:13:35,014] Epoch: 169, Dataset: test, Dice: 0.9374, IoU: 0.8874
[2026-03-10 21:13:36,042] Epoch: 169, Dataset: val, Dice: 0.9007, IoU: 0.8424
[2026-03-10 21:13:58,367] Epoch: 170, Dataset: test, Dice: 0.9401, IoU: 0.8909
[2026-03-10 21:13:59,424] Epoch: 170, Dataset: val, Dice: 0.8947, IoU: 0.8359
[2026-03-10 21:14:16,322] Epoch: 171, Dataset: test, Dice: 0.9394, IoU: 0.8890
[2026-03-10 21:14:17,349] Epoch: 171, Dataset: val, Dice: 0.8924, IoU: 0.8316
[2026-03-10 21:14:34,325] Epoch: 172, Dataset: test, Dice: 0.9389, IoU: 0.8889
[2026-03-10 21:14:35,380] Epoch: 172, Dataset: val, Dice: 0.8972, IoU: 0.8391
[2026-03-10 21:14:52,308] Epoch: 173, Dataset: test, Dice: 0.9368, IoU: 0.8849
[2026-03-10 21:14:53,325] Epoch: 173, Dataset: val, Dice: 0.8957, IoU: 0.8334
[2026-03-10 21:15:10,245] Epoch: 174, Dataset: test, Dice: 0.9336, IoU: 0.8796
[2026-03-10 21:15:11,318] Epoch: 174, Dataset: val, Dice: 0.8798, IoU: 0.8125
[2026-03-10 21:15:28,232] Epoch: 175, Dataset: test, Dice: 0.9430, IoU: 0.8950
[2026-03-10 21:15:29,285] Epoch: 175, Dataset: val, Dice: 0.8981, IoU: 0.8377
[2026-03-10 21:15:46,268] Epoch: 176, Dataset: test, Dice: 0.9395, IoU: 0.8889
[2026-03-10 21:15:47,266] Epoch: 176, Dataset: val, Dice: 0.8939, IoU: 0.8311
[2026-03-10 21:16:04,186] Epoch: 177, Dataset: test, Dice: 0.9369, IoU: 0.8855
[2026-03-10 21:16:05,203] Epoch: 177, Dataset: val, Dice: 0.9026, IoU: 0.8414
[2026-03-10 21:16:22,155] Epoch: 178, Dataset: test, Dice: 0.9428, IoU: 0.8942
[2026-03-10 21:16:28,294] Epoch: 178, Dataset: val, Dice: 0.8950, IoU: 0.8344
[2026-03-10 21:16:45,143] Epoch: 179, Dataset: test, Dice: 0.9339, IoU: 0.8813
[2026-03-10 21:16:46,164] Epoch: 179, Dataset: val, Dice: 0.8987, IoU: 0.8381
[2026-03-10 21:17:03,174] Epoch: 180, Dataset: test, Dice: 0.9395, IoU: 0.8893
[2026-03-10 21:17:04,218] Epoch: 180, Dataset: val, Dice: 0.8916, IoU: 0.8302
[2026-03-10 21:17:21,137] Epoch: 181, Dataset: test, Dice: 0.9406, IoU: 0.8919
[2026-03-10 21:17:22,183] Epoch: 181, Dataset: val, Dice: 0.9013, IoU: 0.8414
[2026-03-10 21:17:39,441] Epoch: 182, Dataset: test, Dice: 0.9371, IoU: 0.8858
[2026-03-10 21:17:40,549] Epoch: 182, Dataset: val, Dice: 0.8908, IoU: 0.8299
[2026-03-10 21:17:57,439] Epoch: 183, Dataset: test, Dice: 0.9390, IoU: 0.8890
[2026-03-10 21:17:58,454] Epoch: 183, Dataset: val, Dice: 0.8973, IoU: 0.8379
[2026-03-10 21:18:15,714] Epoch: 184, Dataset: test, Dice: 0.9377, IoU: 0.8869
[2026-03-10 21:18:17,101] Epoch: 184, Dataset: val, Dice: 0.8964, IoU: 0.8369
[2026-03-10 21:18:39,331] Epoch: 185, Dataset: test, Dice: 0.9418, IoU: 0.8931
[2026-03-10 21:18:40,388] Epoch: 185, Dataset: val, Dice: 0.8950, IoU: 0.8342
[2026-03-10 21:19:08,011] Epoch: 186, Dataset: test, Dice: 0.9398, IoU: 0.8895
[2026-03-10 21:19:09,361] Epoch: 186, Dataset: val, Dice: 0.8901, IoU: 0.8268
[2026-03-10 21:19:26,724] Epoch: 187, Dataset: test, Dice: 0.9369, IoU: 0.8849
[2026-03-10 21:19:27,737] Epoch: 187, Dataset: val, Dice: 0.8921, IoU: 0.8315
[2026-03-10 21:19:44,634] Epoch: 188, Dataset: test, Dice: 0.9368, IoU: 0.8854
[2026-03-10 21:19:45,638] Epoch: 188, Dataset: val, Dice: 0.8964, IoU: 0.8347
[2026-03-10 21:20:02,509] Epoch: 189, Dataset: test, Dice: 0.9436, IoU: 0.8959
[2026-03-10 21:20:03,570] Epoch: 189, Dataset: val, Dice: 0.8970, IoU: 0.8369
[2026-03-10 21:20:20,455] Epoch: 190, Dataset: test, Dice: 0.9401, IoU: 0.8901
[2026-03-10 21:20:21,483] Epoch: 190, Dataset: val, Dice: 0.8952, IoU: 0.8344
[2026-03-10 21:20:38,306] Epoch: 191, Dataset: test, Dice: 0.9388, IoU: 0.8883
[2026-03-10 21:20:39,381] Epoch: 191, Dataset: val, Dice: 0.8984, IoU: 0.8372
[2026-03-10 21:20:56,402] Epoch: 192, Dataset: test, Dice: 0.9397, IoU: 0.8898
[2026-03-10 21:20:57,461] Epoch: 192, Dataset: val, Dice: 0.8956, IoU: 0.8352
[2026-03-10 21:21:14,356] Epoch: 193, Dataset: test, Dice: 0.9413, IoU: 0.8924
[2026-03-10 21:21:15,401] Epoch: 193, Dataset: val, Dice: 0.8987, IoU: 0.8379
[2026-03-10 21:21:32,313] Epoch: 194, Dataset: test, Dice: 0.9415, IoU: 0.8931
[2026-03-10 21:21:33,316] Epoch: 194, Dataset: val, Dice: 0.8967, IoU: 0.8378
[2026-03-10 21:21:50,221] Epoch: 195, Dataset: test, Dice: 0.9410, IoU: 0.8918
[2026-03-10 21:21:51,227] Epoch: 195, Dataset: val, Dice: 0.8907, IoU: 0.8287
[2026-03-10 21:22:08,129] Epoch: 196, Dataset: test, Dice: 0.9401, IoU: 0.8907
[2026-03-10 21:22:09,250] Epoch: 196, Dataset: val, Dice: 0.8990, IoU: 0.8386
[2026-03-10 21:22:26,311] Epoch: 197, Dataset: test, Dice: 0.9425, IoU: 0.8943
[2026-03-10 21:22:27,419] Epoch: 197, Dataset: val, Dice: 0.8958, IoU: 0.8353
[2026-03-10 21:22:44,392] Epoch: 198, Dataset: test, Dice: 0.9420, IoU: 0.8934
[2026-03-10 21:22:45,387] Epoch: 198, Dataset: val, Dice: 0.8941, IoU: 0.8342
[2026-03-10 21:23:07,668] Epoch: 199, Dataset: test, Dice: 0.9385, IoU: 0.8881
[2026-03-10 21:23:08,731] Epoch: 199, Dataset: val, Dice: 0.8926, IoU: 0.8321
[2026-03-10 21:23:35,918] Epoch: 200, Dataset: test, Dice: 0.9382, IoU: 0.8875
[2026-03-10 21:23:37,338] Epoch: 200, Dataset: val, Dice: 0.8908, IoU: 0.8297
[2026-03-10 21:23:37,339] 
========================================
FINAL RESULTS: ClinicDB_MK_UNet_bs8_lr0.0005_e200_augTrue_run2_t202137
Best Val Dice: 0.9072
Test Dice at Best Val: 0.9380
Total Train Time: 3211.69s
========================================
