[2026-03-10 23:29:28,933] flops: 0.619251354, params: 0.315566, Total params: : 0.3156
[2026-03-10 23:29:45,845] Epoch: 1, Dataset: test, Dice: 0.3457, IoU: 0.2317
[2026-03-10 23:29:46,895] Epoch: 1, Dataset: val, Dice: 0.4074, IoU: 0.2850
[2026-03-10 23:29:46,895] ### Best Model Saved (Dice improved from 0.0000 to 0.4074) ###
[2026-03-10 23:30:03,954] Epoch: 2, Dataset: test, Dice: 0.4153, IoU: 0.2944
[2026-03-10 23:30:05,044] Epoch: 2, Dataset: val, Dice: 0.4696, IoU: 0.3461
[2026-03-10 23:30:05,044] ### Best Model Saved (Dice improved from 0.4074 to 0.4696) ###
[2026-03-10 23:30:22,035] Epoch: 3, Dataset: test, Dice: 0.5192, IoU: 0.3882
[2026-03-10 23:30:23,071] Epoch: 3, Dataset: val, Dice: 0.5514, IoU: 0.4204
[2026-03-10 23:30:23,071] ### Best Model Saved (Dice improved from 0.4696 to 0.5514) ###
[2026-03-10 23:30:40,255] Epoch: 4, Dataset: test, Dice: 0.4565, IoU: 0.3271
[2026-03-10 23:30:41,285] Epoch: 4, Dataset: val, Dice: 0.4695, IoU: 0.3401
[2026-03-10 23:30:58,355] Epoch: 5, Dataset: test, Dice: 0.4604, IoU: 0.3348
[2026-03-10 23:30:59,376] Epoch: 5, Dataset: val, Dice: 0.5358, IoU: 0.4107
[2026-03-10 23:31:16,299] Epoch: 6, Dataset: test, Dice: 0.5130, IoU: 0.3818
[2026-03-10 23:31:17,336] Epoch: 6, Dataset: val, Dice: 0.5229, IoU: 0.3973
[2026-03-10 23:31:34,331] Epoch: 7, Dataset: test, Dice: 0.6087, IoU: 0.4766
[2026-03-10 23:31:35,454] Epoch: 7, Dataset: val, Dice: 0.6068, IoU: 0.4838
[2026-03-10 23:31:35,454] ### Best Model Saved (Dice improved from 0.5514 to 0.6068) ###
[2026-03-10 23:31:52,498] Epoch: 8, Dataset: test, Dice: 0.6805, IoU: 0.5545
[2026-03-10 23:31:53,583] Epoch: 8, Dataset: val, Dice: 0.6570, IoU: 0.5330
[2026-03-10 23:31:53,584] ### Best Model Saved (Dice improved from 0.6068 to 0.6570) ###
[2026-03-10 23:32:10,526] Epoch: 9, Dataset: test, Dice: 0.7141, IoU: 0.5974
[2026-03-10 23:32:11,560] Epoch: 9, Dataset: val, Dice: 0.6973, IoU: 0.5871
[2026-03-10 23:32:11,560] ### Best Model Saved (Dice improved from 0.6570 to 0.6973) ###
[2026-03-10 23:32:28,679] Epoch: 10, Dataset: test, Dice: 0.7637, IoU: 0.6591
[2026-03-10 23:32:29,720] Epoch: 10, Dataset: val, Dice: 0.7057, IoU: 0.5970
[2026-03-10 23:32:29,720] ### Best Model Saved (Dice improved from 0.6973 to 0.7057) ###
[2026-03-10 23:32:46,767] Epoch: 11, Dataset: test, Dice: 0.7455, IoU: 0.6373
[2026-03-10 23:32:47,775] Epoch: 11, Dataset: val, Dice: 0.6813, IoU: 0.5674
[2026-03-10 23:33:04,707] Epoch: 12, Dataset: test, Dice: 0.7691, IoU: 0.6582
[2026-03-10 23:33:05,746] Epoch: 12, Dataset: val, Dice: 0.6918, IoU: 0.5746
[2026-03-10 23:33:22,621] Epoch: 13, Dataset: test, Dice: 0.7614, IoU: 0.6548
[2026-03-10 23:33:23,685] Epoch: 13, Dataset: val, Dice: 0.7205, IoU: 0.6023
[2026-03-10 23:33:23,685] ### Best Model Saved (Dice improved from 0.7057 to 0.7205) ###
[2026-03-10 23:33:40,746] Epoch: 14, Dataset: test, Dice: 0.7953, IoU: 0.6937
[2026-03-10 23:33:41,784] Epoch: 14, Dataset: val, Dice: 0.7471, IoU: 0.6460
[2026-03-10 23:33:41,784] ### Best Model Saved (Dice improved from 0.7205 to 0.7471) ###
[2026-03-10 23:33:58,894] Epoch: 15, Dataset: test, Dice: 0.6673, IoU: 0.5513
[2026-03-10 23:33:59,940] Epoch: 15, Dataset: val, Dice: 0.6109, IoU: 0.4880
[2026-03-10 23:34:16,864] Epoch: 16, Dataset: test, Dice: 0.7864, IoU: 0.6763
[2026-03-10 23:34:17,882] Epoch: 16, Dataset: val, Dice: 0.7489, IoU: 0.6415
[2026-03-10 23:34:17,882] ### Best Model Saved (Dice improved from 0.7471 to 0.7489) ###
[2026-03-10 23:34:34,972] Epoch: 17, Dataset: test, Dice: 0.8126, IoU: 0.7158
[2026-03-10 23:34:36,058] Epoch: 17, Dataset: val, Dice: 0.7726, IoU: 0.6726
[2026-03-10 23:34:36,058] ### Best Model Saved (Dice improved from 0.7489 to 0.7726) ###
[2026-03-10 23:34:53,092] Epoch: 18, Dataset: test, Dice: 0.7982, IoU: 0.7041
[2026-03-10 23:34:54,152] Epoch: 18, Dataset: val, Dice: 0.7595, IoU: 0.6523
[2026-03-10 23:35:16,493] Epoch: 19, Dataset: test, Dice: 0.8395, IoU: 0.7463
[2026-03-10 23:35:17,547] Epoch: 19, Dataset: val, Dice: 0.7367, IoU: 0.6237
[2026-03-10 23:35:34,540] Epoch: 20, Dataset: test, Dice: 0.7024, IoU: 0.5946
[2026-03-10 23:35:35,629] Epoch: 20, Dataset: val, Dice: 0.6619, IoU: 0.5452
[2026-03-10 23:35:52,636] Epoch: 21, Dataset: test, Dice: 0.7980, IoU: 0.6973
[2026-03-10 23:35:53,697] Epoch: 21, Dataset: val, Dice: 0.7592, IoU: 0.6486
[2026-03-10 23:36:10,695] Epoch: 22, Dataset: test, Dice: 0.8482, IoU: 0.7662
[2026-03-10 23:36:11,758] Epoch: 22, Dataset: val, Dice: 0.7962, IoU: 0.6993
[2026-03-10 23:36:11,758] ### Best Model Saved (Dice improved from 0.7726 to 0.7962) ###
[2026-03-10 23:36:28,957] Epoch: 23, Dataset: test, Dice: 0.8466, IoU: 0.7581
[2026-03-10 23:36:35,391] Epoch: 23, Dataset: val, Dice: 0.7937, IoU: 0.6942
[2026-03-10 23:36:53,376] Epoch: 24, Dataset: test, Dice: 0.8353, IoU: 0.7443
[2026-03-10 23:36:54,397] Epoch: 24, Dataset: val, Dice: 0.7430, IoU: 0.6491
[2026-03-10 23:37:16,132] Epoch: 25, Dataset: test, Dice: 0.8168, IoU: 0.7249
[2026-03-10 23:37:17,306] Epoch: 25, Dataset: val, Dice: 0.7778, IoU: 0.6790
[2026-03-10 23:37:34,181] Epoch: 26, Dataset: test, Dice: 0.8503, IoU: 0.7643
[2026-03-10 23:37:35,193] Epoch: 26, Dataset: val, Dice: 0.7387, IoU: 0.6263
[2026-03-10 23:37:52,144] Epoch: 27, Dataset: test, Dice: 0.8371, IoU: 0.7524
[2026-03-10 23:37:53,171] Epoch: 27, Dataset: val, Dice: 0.7725, IoU: 0.6654
[2026-03-10 23:38:10,153] Epoch: 28, Dataset: test, Dice: 0.8600, IoU: 0.7783
[2026-03-10 23:38:11,185] Epoch: 28, Dataset: val, Dice: 0.8101, IoU: 0.7165
[2026-03-10 23:38:11,185] ### Best Model Saved (Dice improved from 0.7962 to 0.8101) ###
[2026-03-10 23:38:28,267] Epoch: 29, Dataset: test, Dice: 0.8262, IoU: 0.7463
[2026-03-10 23:38:29,287] Epoch: 29, Dataset: val, Dice: 0.7359, IoU: 0.6372
[2026-03-10 23:38:46,302] Epoch: 30, Dataset: test, Dice: 0.8480, IoU: 0.7559
[2026-03-10 23:38:47,352] Epoch: 30, Dataset: val, Dice: 0.8063, IoU: 0.7095
[2026-03-10 23:39:04,463] Epoch: 31, Dataset: test, Dice: 0.8710, IoU: 0.7966
[2026-03-10 23:39:05,534] Epoch: 31, Dataset: val, Dice: 0.8268, IoU: 0.7403
[2026-03-10 23:39:05,534] ### Best Model Saved (Dice improved from 0.8101 to 0.8268) ###
[2026-03-10 23:39:22,566] Epoch: 32, Dataset: test, Dice: 0.8503, IoU: 0.7744
[2026-03-10 23:39:23,616] Epoch: 32, Dataset: val, Dice: 0.8167, IoU: 0.7253
[2026-03-10 23:39:45,970] Epoch: 33, Dataset: test, Dice: 0.8185, IoU: 0.7260
[2026-03-10 23:39:46,995] Epoch: 33, Dataset: val, Dice: 0.7836, IoU: 0.6776
[2026-03-10 23:40:03,979] Epoch: 34, Dataset: test, Dice: 0.8767, IoU: 0.8088
[2026-03-10 23:40:05,005] Epoch: 34, Dataset: val, Dice: 0.8320, IoU: 0.7355
[2026-03-10 23:40:05,005] ### Best Model Saved (Dice improved from 0.8268 to 0.8320) ###
[2026-03-10 23:40:22,015] Epoch: 35, Dataset: test, Dice: 0.8974, IoU: 0.8325
[2026-03-10 23:40:23,057] Epoch: 35, Dataset: val, Dice: 0.8127, IoU: 0.7337
[2026-03-10 23:40:40,112] Epoch: 36, Dataset: test, Dice: 0.8730, IoU: 0.8023
[2026-03-10 23:40:41,136] Epoch: 36, Dataset: val, Dice: 0.8294, IoU: 0.7438
[2026-03-10 23:40:58,171] Epoch: 37, Dataset: test, Dice: 0.8943, IoU: 0.8333
[2026-03-10 23:40:59,236] Epoch: 37, Dataset: val, Dice: 0.8214, IoU: 0.7345
[2026-03-10 23:41:16,207] Epoch: 38, Dataset: test, Dice: 0.9074, IoU: 0.8454
[2026-03-10 23:41:17,320] Epoch: 38, Dataset: val, Dice: 0.8494, IoU: 0.7738
[2026-03-10 23:41:17,320] ### Best Model Saved (Dice improved from 0.8320 to 0.8494) ###
[2026-03-10 23:41:34,404] Epoch: 39, Dataset: test, Dice: 0.8110, IoU: 0.7297
[2026-03-10 23:41:35,408] Epoch: 39, Dataset: val, Dice: 0.7711, IoU: 0.6738
[2026-03-10 23:41:54,157] Epoch: 40, Dataset: test, Dice: 0.9094, IoU: 0.8431
[2026-03-10 23:41:55,973] Epoch: 40, Dataset: val, Dice: 0.8393, IoU: 0.7615
[2026-03-10 23:42:15,280] Epoch: 41, Dataset: test, Dice: 0.8628, IoU: 0.7839
[2026-03-10 23:42:17,235] Epoch: 41, Dataset: val, Dice: 0.8155, IoU: 0.7256
[2026-03-10 23:42:36,904] Epoch: 42, Dataset: test, Dice: 0.9089, IoU: 0.8455
[2026-03-10 23:42:39,301] Epoch: 42, Dataset: val, Dice: 0.8504, IoU: 0.7688
[2026-03-10 23:42:39,301] ### Best Model Saved (Dice improved from 0.8494 to 0.8504) ###
[2026-03-10 23:42:58,713] Epoch: 43, Dataset: test, Dice: 0.8843, IoU: 0.8134
[2026-03-10 23:43:00,693] Epoch: 43, Dataset: val, Dice: 0.8593, IoU: 0.7816
[2026-03-10 23:43:00,693] ### Best Model Saved (Dice improved from 0.8504 to 0.8593) ###
[2026-03-10 23:43:19,011] Epoch: 44, Dataset: test, Dice: 0.9024, IoU: 0.8398
[2026-03-10 23:43:20,235] Epoch: 44, Dataset: val, Dice: 0.8394, IoU: 0.7610
[2026-03-10 23:43:38,351] Epoch: 45, Dataset: test, Dice: 0.9213, IoU: 0.8597
[2026-03-10 23:43:39,570] Epoch: 45, Dataset: val, Dice: 0.8612, IoU: 0.7862
[2026-03-10 23:43:39,571] ### Best Model Saved (Dice improved from 0.8593 to 0.8612) ###
[2026-03-10 23:43:57,582] Epoch: 46, Dataset: test, Dice: 0.8891, IoU: 0.8198
[2026-03-10 23:43:58,600] Epoch: 46, Dataset: val, Dice: 0.8078, IoU: 0.7172
[2026-03-10 23:44:16,681] Epoch: 47, Dataset: test, Dice: 0.9013, IoU: 0.8311
[2026-03-10 23:44:18,078] Epoch: 47, Dataset: val, Dice: 0.8131, IoU: 0.7233
[2026-03-10 23:44:36,799] Epoch: 48, Dataset: test, Dice: 0.9213, IoU: 0.8610
[2026-03-10 23:44:38,336] Epoch: 48, Dataset: val, Dice: 0.8494, IoU: 0.7671
[2026-03-10 23:44:56,866] Epoch: 49, Dataset: test, Dice: 0.9094, IoU: 0.8511
[2026-03-10 23:44:58,974] Epoch: 49, Dataset: val, Dice: 0.8615, IoU: 0.7870
[2026-03-10 23:44:58,974] ### Best Model Saved (Dice improved from 0.8612 to 0.8615) ###
[2026-03-10 23:45:18,280] Epoch: 50, Dataset: test, Dice: 0.9265, IoU: 0.8679
[2026-03-10 23:45:19,790] Epoch: 50, Dataset: val, Dice: 0.8625, IoU: 0.7907
[2026-03-10 23:45:19,790] ### Best Model Saved (Dice improved from 0.8615 to 0.8625) ###
[2026-03-10 23:45:38,599] Epoch: 51, Dataset: test, Dice: 0.9238, IoU: 0.8653
[2026-03-10 23:45:39,637] Epoch: 51, Dataset: val, Dice: 0.8541, IoU: 0.7793
[2026-03-10 23:45:57,573] Epoch: 52, Dataset: test, Dice: 0.8610, IoU: 0.7906
[2026-03-10 23:45:58,938] Epoch: 52, Dataset: val, Dice: 0.8327, IoU: 0.7533
[2026-03-10 23:46:17,879] Epoch: 53, Dataset: test, Dice: 0.9150, IoU: 0.8568
[2026-03-10 23:46:19,819] Epoch: 53, Dataset: val, Dice: 0.8680, IoU: 0.7922
[2026-03-10 23:46:19,819] ### Best Model Saved (Dice improved from 0.8625 to 0.8680) ###
[2026-03-10 23:46:39,845] Epoch: 54, Dataset: test, Dice: 0.8498, IoU: 0.7694
[2026-03-10 23:46:42,128] Epoch: 54, Dataset: val, Dice: 0.8002, IoU: 0.6965
[2026-03-10 23:47:01,629] Epoch: 55, Dataset: test, Dice: 0.9056, IoU: 0.8376
[2026-03-10 23:47:05,088] Epoch: 55, Dataset: val, Dice: 0.8346, IoU: 0.7497
[2026-03-10 23:47:35,176] Epoch: 56, Dataset: test, Dice: 0.9323, IoU: 0.8771
[2026-03-10 23:47:37,367] Epoch: 56, Dataset: val, Dice: 0.8669, IoU: 0.7949
[2026-03-10 23:47:57,492] Epoch: 57, Dataset: test, Dice: 0.9208, IoU: 0.8612
[2026-03-10 23:47:59,220] Epoch: 57, Dataset: val, Dice: 0.8583, IoU: 0.7810
[2026-03-10 23:48:18,907] Epoch: 58, Dataset: test, Dice: 0.9249, IoU: 0.8670
[2026-03-10 23:48:20,912] Epoch: 58, Dataset: val, Dice: 0.8581, IoU: 0.7852
[2026-03-10 23:48:41,004] Epoch: 59, Dataset: test, Dice: 0.9157, IoU: 0.8558
[2026-03-10 23:48:43,184] Epoch: 59, Dataset: val, Dice: 0.8419, IoU: 0.7660
[2026-03-10 23:49:02,880] Epoch: 60, Dataset: test, Dice: 0.8993, IoU: 0.8363
[2026-03-10 23:49:04,913] Epoch: 60, Dataset: val, Dice: 0.8571, IoU: 0.7784
[2026-03-10 23:49:24,450] Epoch: 61, Dataset: test, Dice: 0.9232, IoU: 0.8639
[2026-03-10 23:49:26,351] Epoch: 61, Dataset: val, Dice: 0.8342, IoU: 0.7507
[2026-03-10 23:49:46,405] Epoch: 62, Dataset: test, Dice: 0.9062, IoU: 0.8470
[2026-03-10 23:49:48,683] Epoch: 62, Dataset: val, Dice: 0.8863, IoU: 0.8166
[2026-03-10 23:49:48,683] ### Best Model Saved (Dice improved from 0.8680 to 0.8863) ###
[2026-03-10 23:50:08,755] Epoch: 63, Dataset: test, Dice: 0.9411, IoU: 0.8915
[2026-03-10 23:50:10,812] Epoch: 63, Dataset: val, Dice: 0.8699, IoU: 0.8010
[2026-03-10 23:50:31,124] Epoch: 64, Dataset: test, Dice: 0.9201, IoU: 0.8588
[2026-03-10 23:50:32,829] Epoch: 64, Dataset: val, Dice: 0.8827, IoU: 0.8104
[2026-03-10 23:50:52,507] Epoch: 65, Dataset: test, Dice: 0.9295, IoU: 0.8769
[2026-03-10 23:50:53,987] Epoch: 65, Dataset: val, Dice: 0.8743, IoU: 0.8030
[2026-03-10 23:51:11,628] Epoch: 66, Dataset: test, Dice: 0.9301, IoU: 0.8735
[2026-03-10 23:51:12,912] Epoch: 66, Dataset: val, Dice: 0.8668, IoU: 0.7957
[2026-03-10 23:51:30,857] Epoch: 67, Dataset: test, Dice: 0.9253, IoU: 0.8706
[2026-03-10 23:51:32,187] Epoch: 67, Dataset: val, Dice: 0.8645, IoU: 0.7882
[2026-03-10 23:51:50,093] Epoch: 68, Dataset: test, Dice: 0.9190, IoU: 0.8657
[2026-03-10 23:51:51,482] Epoch: 68, Dataset: val, Dice: 0.8701, IoU: 0.7968
[2026-03-10 23:52:14,709] Epoch: 69, Dataset: test, Dice: 0.8864, IoU: 0.8248
[2026-03-10 23:52:16,411] Epoch: 69, Dataset: val, Dice: 0.8829, IoU: 0.8087
[2026-03-10 23:52:37,607] Epoch: 70, Dataset: test, Dice: 0.9098, IoU: 0.8460
[2026-03-10 23:52:39,407] Epoch: 70, Dataset: val, Dice: 0.8528, IoU: 0.7717
[2026-03-10 23:52:58,355] Epoch: 71, Dataset: test, Dice: 0.8869, IoU: 0.8223
[2026-03-10 23:52:59,687] Epoch: 71, Dataset: val, Dice: 0.8552, IoU: 0.7787
[2026-03-10 23:53:17,304] Epoch: 72, Dataset: test, Dice: 0.9376, IoU: 0.8872
[2026-03-10 23:53:18,384] Epoch: 72, Dataset: val, Dice: 0.8739, IoU: 0.8016
[2026-03-10 23:53:36,055] Epoch: 73, Dataset: test, Dice: 0.9264, IoU: 0.8751
[2026-03-10 23:53:37,155] Epoch: 73, Dataset: val, Dice: 0.8881, IoU: 0.8190
[2026-03-10 23:53:37,155] ### Best Model Saved (Dice improved from 0.8863 to 0.8881) ###
[2026-03-10 23:53:54,211] Epoch: 74, Dataset: test, Dice: 0.9091, IoU: 0.8493
[2026-03-10 23:53:55,216] Epoch: 74, Dataset: val, Dice: 0.8671, IoU: 0.7956
[2026-03-10 23:54:12,334] Epoch: 75, Dataset: test, Dice: 0.9242, IoU: 0.8690
[2026-03-10 23:54:13,365] Epoch: 75, Dataset: val, Dice: 0.8695, IoU: 0.7987
[2026-03-10 23:54:30,437] Epoch: 76, Dataset: test, Dice: 0.9258, IoU: 0.8701
[2026-03-10 23:54:31,455] Epoch: 76, Dataset: val, Dice: 0.8718, IoU: 0.8018
[2026-03-10 23:54:48,407] Epoch: 77, Dataset: test, Dice: 0.9164, IoU: 0.8545
[2026-03-10 23:54:49,397] Epoch: 77, Dataset: val, Dice: 0.8546, IoU: 0.7781
[2026-03-10 23:55:06,374] Epoch: 78, Dataset: test, Dice: 0.9223, IoU: 0.8679
[2026-03-10 23:55:07,390] Epoch: 78, Dataset: val, Dice: 0.8885, IoU: 0.8214
[2026-03-10 23:55:07,390] ### Best Model Saved (Dice improved from 0.8881 to 0.8885) ###
[2026-03-10 23:55:24,470] Epoch: 79, Dataset: test, Dice: 0.9345, IoU: 0.8817
[2026-03-10 23:55:25,526] Epoch: 79, Dataset: val, Dice: 0.8827, IoU: 0.8148
[2026-03-10 23:55:42,423] Epoch: 80, Dataset: test, Dice: 0.9039, IoU: 0.8426
[2026-03-10 23:55:43,537] Epoch: 80, Dataset: val, Dice: 0.8788, IoU: 0.8086
[2026-03-10 23:56:00,587] Epoch: 81, Dataset: test, Dice: 0.9120, IoU: 0.8514
[2026-03-10 23:56:01,631] Epoch: 81, Dataset: val, Dice: 0.8634, IoU: 0.7854
[2026-03-10 23:56:18,618] Epoch: 82, Dataset: test, Dice: 0.9277, IoU: 0.8734
[2026-03-10 23:56:19,622] Epoch: 82, Dataset: val, Dice: 0.8805, IoU: 0.8072
[2026-03-10 23:56:36,661] Epoch: 83, Dataset: test, Dice: 0.9254, IoU: 0.8698
[2026-03-10 23:56:37,725] Epoch: 83, Dataset: val, Dice: 0.8732, IoU: 0.8019
[2026-03-10 23:56:54,811] Epoch: 84, Dataset: test, Dice: 0.9303, IoU: 0.8806
[2026-03-10 23:56:55,828] Epoch: 84, Dataset: val, Dice: 0.8770, IoU: 0.8119
[2026-03-10 23:57:12,991] Epoch: 85, Dataset: test, Dice: 0.9391, IoU: 0.8894
[2026-03-10 23:57:14,043] Epoch: 85, Dataset: val, Dice: 0.8906, IoU: 0.8254
[2026-03-10 23:57:14,043] ### Best Model Saved (Dice improved from 0.8885 to 0.8906) ###
[2026-03-10 23:57:31,121] Epoch: 86, Dataset: test, Dice: 0.9316, IoU: 0.8794
[2026-03-10 23:57:32,116] Epoch: 86, Dataset: val, Dice: 0.8876, IoU: 0.8215
[2026-03-10 23:57:49,061] Epoch: 87, Dataset: test, Dice: 0.9282, IoU: 0.8737
[2026-03-10 23:57:50,149] Epoch: 87, Dataset: val, Dice: 0.8827, IoU: 0.8121
[2026-03-10 23:58:07,088] Epoch: 88, Dataset: test, Dice: 0.9370, IoU: 0.8876
[2026-03-10 23:58:08,130] Epoch: 88, Dataset: val, Dice: 0.8947, IoU: 0.8289
[2026-03-10 23:58:08,130] ### Best Model Saved (Dice improved from 0.8906 to 0.8947) ###
[2026-03-10 23:58:25,222] Epoch: 89, Dataset: test, Dice: 0.9324, IoU: 0.8797
[2026-03-10 23:58:26,224] Epoch: 89, Dataset: val, Dice: 0.9033, IoU: 0.8423
[2026-03-10 23:58:26,224] ### Best Model Saved (Dice improved from 0.8947 to 0.9033) ###
[2026-03-10 23:58:43,204] Epoch: 90, Dataset: test, Dice: 0.9349, IoU: 0.8823
[2026-03-10 23:58:44,275] Epoch: 90, Dataset: val, Dice: 0.8981, IoU: 0.8323
[2026-03-10 23:59:01,224] Epoch: 91, Dataset: test, Dice: 0.9317, IoU: 0.8796
[2026-03-10 23:59:02,238] Epoch: 91, Dataset: val, Dice: 0.8864, IoU: 0.8142
[2026-03-10 23:59:19,249] Epoch: 92, Dataset: test, Dice: 0.9316, IoU: 0.8794
[2026-03-10 23:59:20,354] Epoch: 92, Dataset: val, Dice: 0.8887, IoU: 0.8244
[2026-03-10 23:59:37,453] Epoch: 93, Dataset: test, Dice: 0.9326, IoU: 0.8818
[2026-03-10 23:59:38,472] Epoch: 93, Dataset: val, Dice: 0.8799, IoU: 0.8131
[2026-03-10 23:59:55,376] Epoch: 94, Dataset: test, Dice: 0.9023, IoU: 0.8484
[2026-03-10 23:59:56,424] Epoch: 94, Dataset: val, Dice: 0.8886, IoU: 0.8198
[2026-03-11 00:00:13,516] Epoch: 95, Dataset: test, Dice: 0.9161, IoU: 0.8553
[2026-03-11 00:00:14,601] Epoch: 95, Dataset: val, Dice: 0.8870, IoU: 0.8164
[2026-03-11 00:00:31,748] Epoch: 96, Dataset: test, Dice: 0.9227, IoU: 0.8669
[2026-03-11 00:00:32,864] Epoch: 96, Dataset: val, Dice: 0.8804, IoU: 0.8109
[2026-03-11 00:00:49,983] Epoch: 97, Dataset: test, Dice: 0.9223, IoU: 0.8657
[2026-03-11 00:00:51,110] Epoch: 97, Dataset: val, Dice: 0.8897, IoU: 0.8241
[2026-03-11 00:01:08,137] Epoch: 98, Dataset: test, Dice: 0.9386, IoU: 0.8884
[2026-03-11 00:01:09,320] Epoch: 98, Dataset: val, Dice: 0.8842, IoU: 0.8216
[2026-03-11 00:01:26,414] Epoch: 99, Dataset: test, Dice: 0.9372, IoU: 0.8870
[2026-03-11 00:01:27,759] Epoch: 99, Dataset: val, Dice: 0.8772, IoU: 0.8077
[2026-03-11 00:01:44,829] Epoch: 100, Dataset: test, Dice: 0.9245, IoU: 0.8681
[2026-03-11 00:01:45,958] Epoch: 100, Dataset: val, Dice: 0.8801, IoU: 0.8127
[2026-03-11 00:02:03,260] Epoch: 101, Dataset: test, Dice: 0.9360, IoU: 0.8846
[2026-03-11 00:02:04,394] Epoch: 101, Dataset: val, Dice: 0.8796, IoU: 0.8147
[2026-03-11 00:02:21,406] Epoch: 102, Dataset: test, Dice: 0.9275, IoU: 0.8732
[2026-03-11 00:02:22,457] Epoch: 102, Dataset: val, Dice: 0.8665, IoU: 0.8002
[2026-03-11 00:02:39,563] Epoch: 103, Dataset: test, Dice: 0.9341, IoU: 0.8824
[2026-03-11 00:02:40,713] Epoch: 103, Dataset: val, Dice: 0.8845, IoU: 0.8205
[2026-03-11 00:02:57,927] Epoch: 104, Dataset: test, Dice: 0.9362, IoU: 0.8846
[2026-03-11 00:02:59,118] Epoch: 104, Dataset: val, Dice: 0.8887, IoU: 0.8228
[2026-03-11 00:03:16,288] Epoch: 105, Dataset: test, Dice: 0.9347, IoU: 0.8821
[2026-03-11 00:03:17,406] Epoch: 105, Dataset: val, Dice: 0.8956, IoU: 0.8269
[2026-03-11 00:03:34,524] Epoch: 106, Dataset: test, Dice: 0.9354, IoU: 0.8847
[2026-03-11 00:03:35,611] Epoch: 106, Dataset: val, Dice: 0.8951, IoU: 0.8286
[2026-03-11 00:03:52,783] Epoch: 107, Dataset: test, Dice: 0.9325, IoU: 0.8823
[2026-03-11 00:03:53,902] Epoch: 107, Dataset: val, Dice: 0.8833, IoU: 0.8151
[2026-03-11 00:04:10,917] Epoch: 108, Dataset: test, Dice: 0.9348, IoU: 0.8823
[2026-03-11 00:04:12,068] Epoch: 108, Dataset: val, Dice: 0.8665, IoU: 0.7980
[2026-03-11 00:04:29,264] Epoch: 109, Dataset: test, Dice: 0.9375, IoU: 0.8870
[2026-03-11 00:04:30,406] Epoch: 109, Dataset: val, Dice: 0.8895, IoU: 0.8278
[2026-03-11 00:04:47,494] Epoch: 110, Dataset: test, Dice: 0.9379, IoU: 0.8869
[2026-03-11 00:04:48,651] Epoch: 110, Dataset: val, Dice: 0.8980, IoU: 0.8354
[2026-03-11 00:05:05,889] Epoch: 111, Dataset: test, Dice: 0.9362, IoU: 0.8851
[2026-03-11 00:05:07,061] Epoch: 111, Dataset: val, Dice: 0.8976, IoU: 0.8344
[2026-03-11 00:05:24,357] Epoch: 112, Dataset: test, Dice: 0.9315, IoU: 0.8786
[2026-03-11 00:05:25,473] Epoch: 112, Dataset: val, Dice: 0.8892, IoU: 0.8222
[2026-03-11 00:05:42,652] Epoch: 113, Dataset: test, Dice: 0.9180, IoU: 0.8585
[2026-03-11 00:05:43,745] Epoch: 113, Dataset: val, Dice: 0.8801, IoU: 0.8088
[2026-03-11 00:06:00,872] Epoch: 114, Dataset: test, Dice: 0.9413, IoU: 0.8924
[2026-03-11 00:06:01,990] Epoch: 114, Dataset: val, Dice: 0.8936, IoU: 0.8294
[2026-03-11 00:06:19,188] Epoch: 115, Dataset: test, Dice: 0.9250, IoU: 0.8716
[2026-03-11 00:06:20,444] Epoch: 115, Dataset: val, Dice: 0.8908, IoU: 0.8259
[2026-03-11 00:06:37,500] Epoch: 116, Dataset: test, Dice: 0.9352, IoU: 0.8866
[2026-03-11 00:06:38,612] Epoch: 116, Dataset: val, Dice: 0.8908, IoU: 0.8278
[2026-03-11 00:06:55,680] Epoch: 117, Dataset: test, Dice: 0.9329, IoU: 0.8801
[2026-03-11 00:06:56,840] Epoch: 117, Dataset: val, Dice: 0.9043, IoU: 0.8411
[2026-03-11 00:06:56,840] ### Best Model Saved (Dice improved from 0.9033 to 0.9043) ###
[2026-03-11 00:07:14,101] Epoch: 118, Dataset: test, Dice: 0.9337, IoU: 0.8808
[2026-03-11 00:07:15,197] Epoch: 118, Dataset: val, Dice: 0.8977, IoU: 0.8367
[2026-03-11 00:07:32,322] Epoch: 119, Dataset: test, Dice: 0.9338, IoU: 0.8834
[2026-03-11 00:07:33,470] Epoch: 119, Dataset: val, Dice: 0.8986, IoU: 0.8365
[2026-03-11 00:07:50,619] Epoch: 120, Dataset: test, Dice: 0.9385, IoU: 0.8884
[2026-03-11 00:07:51,757] Epoch: 120, Dataset: val, Dice: 0.9004, IoU: 0.8391
[2026-03-11 00:08:08,813] Epoch: 121, Dataset: test, Dice: 0.9379, IoU: 0.8868
[2026-03-11 00:08:09,947] Epoch: 121, Dataset: val, Dice: 0.9006, IoU: 0.8342
[2026-03-11 00:08:27,124] Epoch: 122, Dataset: test, Dice: 0.9369, IoU: 0.8862
[2026-03-11 00:08:28,226] Epoch: 122, Dataset: val, Dice: 0.9068, IoU: 0.8444
[2026-03-11 00:08:28,226] ### Best Model Saved (Dice improved from 0.9043 to 0.9068) ###
[2026-03-11 00:08:45,430] Epoch: 123, Dataset: test, Dice: 0.9385, IoU: 0.8879
[2026-03-11 00:08:46,551] Epoch: 123, Dataset: val, Dice: 0.8989, IoU: 0.8362
[2026-03-11 00:09:03,687] Epoch: 124, Dataset: test, Dice: 0.9374, IoU: 0.8864
[2026-03-11 00:09:04,802] Epoch: 124, Dataset: val, Dice: 0.9007, IoU: 0.8385
[2026-03-11 00:09:21,868] Epoch: 125, Dataset: test, Dice: 0.9353, IoU: 0.8835
[2026-03-11 00:09:22,941] Epoch: 125, Dataset: val, Dice: 0.8980, IoU: 0.8335
[2026-03-11 00:09:40,006] Epoch: 126, Dataset: test, Dice: 0.9352, IoU: 0.8828
[2026-03-11 00:09:46,444] Epoch: 126, Dataset: val, Dice: 0.9064, IoU: 0.8442
[2026-03-11 00:10:04,352] Epoch: 127, Dataset: test, Dice: 0.9346, IoU: 0.8830
[2026-03-11 00:10:05,470] Epoch: 127, Dataset: val, Dice: 0.8979, IoU: 0.8390
[2026-03-11 00:10:22,517] Epoch: 128, Dataset: test, Dice: 0.9319, IoU: 0.8795
[2026-03-11 00:10:23,610] Epoch: 128, Dataset: val, Dice: 0.8827, IoU: 0.8178
[2026-03-11 00:10:40,761] Epoch: 129, Dataset: test, Dice: 0.9361, IoU: 0.8842
[2026-03-11 00:10:42,208] Epoch: 129, Dataset: val, Dice: 0.8847, IoU: 0.8179
[2026-03-11 00:10:59,479] Epoch: 130, Dataset: test, Dice: 0.9368, IoU: 0.8878
[2026-03-11 00:11:00,659] Epoch: 130, Dataset: val, Dice: 0.9025, IoU: 0.8432
[2026-03-11 00:11:17,834] Epoch: 131, Dataset: test, Dice: 0.9347, IoU: 0.8842
[2026-03-11 00:11:19,153] Epoch: 131, Dataset: val, Dice: 0.9054, IoU: 0.8432
[2026-03-11 00:11:36,589] Epoch: 132, Dataset: test, Dice: 0.9331, IoU: 0.8815
[2026-03-11 00:11:37,704] Epoch: 132, Dataset: val, Dice: 0.8926, IoU: 0.8310
[2026-03-11 00:11:54,966] Epoch: 133, Dataset: test, Dice: 0.9324, IoU: 0.8795
[2026-03-11 00:11:56,166] Epoch: 133, Dataset: val, Dice: 0.9000, IoU: 0.8346
[2026-03-11 00:12:13,421] Epoch: 134, Dataset: test, Dice: 0.9370, IoU: 0.8866
[2026-03-11 00:12:14,534] Epoch: 134, Dataset: val, Dice: 0.9009, IoU: 0.8374
[2026-03-11 00:12:31,738] Epoch: 135, Dataset: test, Dice: 0.9398, IoU: 0.8898
[2026-03-11 00:12:32,867] Epoch: 135, Dataset: val, Dice: 0.8944, IoU: 0.8333
[2026-03-11 00:12:49,918] Epoch: 136, Dataset: test, Dice: 0.9378, IoU: 0.8884
[2026-03-11 00:12:51,048] Epoch: 136, Dataset: val, Dice: 0.8854, IoU: 0.8227
[2026-03-11 00:13:08,176] Epoch: 137, Dataset: test, Dice: 0.9384, IoU: 0.8888
[2026-03-11 00:13:09,354] Epoch: 137, Dataset: val, Dice: 0.8987, IoU: 0.8356
[2026-03-11 00:13:26,451] Epoch: 138, Dataset: test, Dice: 0.9367, IoU: 0.8871
[2026-03-11 00:13:27,525] Epoch: 138, Dataset: val, Dice: 0.9003, IoU: 0.8403
[2026-03-11 00:13:44,626] Epoch: 139, Dataset: test, Dice: 0.9351, IoU: 0.8847
[2026-03-11 00:13:45,848] Epoch: 139, Dataset: val, Dice: 0.8932, IoU: 0.8339
[2026-03-11 00:14:02,979] Epoch: 140, Dataset: test, Dice: 0.9392, IoU: 0.8894
[2026-03-11 00:14:04,111] Epoch: 140, Dataset: val, Dice: 0.8975, IoU: 0.8357
[2026-03-11 00:14:21,277] Epoch: 141, Dataset: test, Dice: 0.9341, IoU: 0.8826
[2026-03-11 00:14:22,386] Epoch: 141, Dataset: val, Dice: 0.8991, IoU: 0.8422
[2026-03-11 00:14:39,532] Epoch: 142, Dataset: test, Dice: 0.9390, IoU: 0.8897
[2026-03-11 00:14:40,697] Epoch: 142, Dataset: val, Dice: 0.9029, IoU: 0.8444
[2026-03-11 00:14:57,842] Epoch: 143, Dataset: test, Dice: 0.9431, IoU: 0.8954
[2026-03-11 00:14:58,922] Epoch: 143, Dataset: val, Dice: 0.9106, IoU: 0.8532
[2026-03-11 00:14:58,923] ### Best Model Saved (Dice improved from 0.9068 to 0.9106) ###
[2026-03-11 00:15:16,502] Epoch: 144, Dataset: test, Dice: 0.9368, IoU: 0.8858
[2026-03-11 00:15:17,996] Epoch: 144, Dataset: val, Dice: 0.8938, IoU: 0.8320
[2026-03-11 00:15:35,259] Epoch: 145, Dataset: test, Dice: 0.9322, IoU: 0.8794
[2026-03-11 00:15:36,361] Epoch: 145, Dataset: val, Dice: 0.8899, IoU: 0.8294
[2026-03-11 00:15:53,853] Epoch: 146, Dataset: test, Dice: 0.9405, IoU: 0.8912
[2026-03-11 00:15:54,942] Epoch: 146, Dataset: val, Dice: 0.8939, IoU: 0.8312
[2026-03-11 00:16:12,140] Epoch: 147, Dataset: test, Dice: 0.9358, IoU: 0.8851
[2026-03-11 00:16:13,299] Epoch: 147, Dataset: val, Dice: 0.8951, IoU: 0.8370
[2026-03-11 00:16:30,493] Epoch: 148, Dataset: test, Dice: 0.9417, IoU: 0.8930
[2026-03-11 00:16:31,639] Epoch: 148, Dataset: val, Dice: 0.9075, IoU: 0.8478
[2026-03-11 00:16:48,624] Epoch: 149, Dataset: test, Dice: 0.9351, IoU: 0.8839
[2026-03-11 00:16:49,735] Epoch: 149, Dataset: val, Dice: 0.8986, IoU: 0.8371
[2026-03-11 00:17:06,985] Epoch: 150, Dataset: test, Dice: 0.9336, IoU: 0.8814
[2026-03-11 00:17:08,131] Epoch: 150, Dataset: val, Dice: 0.8955, IoU: 0.8380
[2026-03-11 00:17:36,101] Epoch: 151, Dataset: test, Dice: 0.9376, IoU: 0.8879
[2026-03-11 00:17:37,587] Epoch: 151, Dataset: val, Dice: 0.9072, IoU: 0.8485
[2026-03-11 00:17:55,313] Epoch: 152, Dataset: test, Dice: 0.9372, IoU: 0.8874
[2026-03-11 00:17:56,430] Epoch: 152, Dataset: val, Dice: 0.8989, IoU: 0.8405
[2026-03-11 00:18:13,519] Epoch: 153, Dataset: test, Dice: 0.9363, IoU: 0.8860
[2026-03-11 00:18:14,671] Epoch: 153, Dataset: val, Dice: 0.9040, IoU: 0.8434
[2026-03-11 00:18:31,764] Epoch: 154, Dataset: test, Dice: 0.9401, IoU: 0.8919
[2026-03-11 00:18:32,876] Epoch: 154, Dataset: val, Dice: 0.9034, IoU: 0.8438
[2026-03-11 00:18:50,085] Epoch: 155, Dataset: test, Dice: 0.9352, IoU: 0.8837
[2026-03-11 00:18:51,165] Epoch: 155, Dataset: val, Dice: 0.8936, IoU: 0.8286
[2026-03-11 00:19:08,344] Epoch: 156, Dataset: test, Dice: 0.9355, IoU: 0.8860
[2026-03-11 00:19:09,449] Epoch: 156, Dataset: val, Dice: 0.9004, IoU: 0.8408
[2026-03-11 00:19:26,582] Epoch: 157, Dataset: test, Dice: 0.9389, IoU: 0.8892
[2026-03-11 00:19:27,686] Epoch: 157, Dataset: val, Dice: 0.8951, IoU: 0.8384
[2026-03-11 00:19:44,945] Epoch: 158, Dataset: test, Dice: 0.9391, IoU: 0.8896
[2026-03-11 00:19:46,194] Epoch: 158, Dataset: val, Dice: 0.9026, IoU: 0.8403
[2026-03-11 00:20:03,341] Epoch: 159, Dataset: test, Dice: 0.9381, IoU: 0.8883
[2026-03-11 00:20:04,589] Epoch: 159, Dataset: val, Dice: 0.8959, IoU: 0.8361
[2026-03-11 00:20:21,774] Epoch: 160, Dataset: test, Dice: 0.9346, IoU: 0.8825
[2026-03-11 00:20:22,865] Epoch: 160, Dataset: val, Dice: 0.9010, IoU: 0.8382
[2026-03-11 00:20:39,915] Epoch: 161, Dataset: test, Dice: 0.9409, IoU: 0.8923
[2026-03-11 00:20:41,067] Epoch: 161, Dataset: val, Dice: 0.8980, IoU: 0.8404
[2026-03-11 00:20:58,209] Epoch: 162, Dataset: test, Dice: 0.9354, IoU: 0.8855
[2026-03-11 00:20:59,437] Epoch: 162, Dataset: val, Dice: 0.9001, IoU: 0.8441
[2026-03-11 00:21:16,550] Epoch: 163, Dataset: test, Dice: 0.9351, IoU: 0.8841
[2026-03-11 00:21:17,792] Epoch: 163, Dataset: val, Dice: 0.8921, IoU: 0.8336
[2026-03-11 00:21:34,966] Epoch: 164, Dataset: test, Dice: 0.9378, IoU: 0.8884
[2026-03-11 00:21:36,099] Epoch: 164, Dataset: val, Dice: 0.8952, IoU: 0.8363
[2026-03-11 00:21:53,266] Epoch: 165, Dataset: test, Dice: 0.9338, IoU: 0.8822
[2026-03-11 00:21:54,369] Epoch: 165, Dataset: val, Dice: 0.8888, IoU: 0.8294
[2026-03-11 00:22:11,471] Epoch: 166, Dataset: test, Dice: 0.9369, IoU: 0.8871
[2026-03-11 00:22:12,567] Epoch: 166, Dataset: val, Dice: 0.8903, IoU: 0.8332
[2026-03-11 00:22:29,615] Epoch: 167, Dataset: test, Dice: 0.9348, IoU: 0.8844
[2026-03-11 00:22:30,771] Epoch: 167, Dataset: val, Dice: 0.8898, IoU: 0.8316
[2026-03-11 00:22:48,116] Epoch: 168, Dataset: test, Dice: 0.9356, IoU: 0.8851
[2026-03-11 00:22:49,700] Epoch: 168, Dataset: val, Dice: 0.8924, IoU: 0.8355
[2026-03-11 00:23:07,838] Epoch: 169, Dataset: test, Dice: 0.9402, IoU: 0.8916
[2026-03-11 00:23:09,254] Epoch: 169, Dataset: val, Dice: 0.8971, IoU: 0.8382
[2026-03-11 00:23:26,822] Epoch: 170, Dataset: test, Dice: 0.9372, IoU: 0.8870
[2026-03-11 00:23:27,927] Epoch: 170, Dataset: val, Dice: 0.9007, IoU: 0.8399
[2026-03-11 00:23:45,374] Epoch: 171, Dataset: test, Dice: 0.9377, IoU: 0.8883
[2026-03-11 00:23:46,629] Epoch: 171, Dataset: val, Dice: 0.8968, IoU: 0.8393
[2026-03-11 00:24:03,740] Epoch: 172, Dataset: test, Dice: 0.9367, IoU: 0.8857
[2026-03-11 00:24:04,819] Epoch: 172, Dataset: val, Dice: 0.8977, IoU: 0.8400
[2026-03-11 00:24:22,202] Epoch: 173, Dataset: test, Dice: 0.9366, IoU: 0.8867
[2026-03-11 00:24:23,381] Epoch: 173, Dataset: val, Dice: 0.8963, IoU: 0.8387
[2026-03-11 00:24:40,467] Epoch: 174, Dataset: test, Dice: 0.9370, IoU: 0.8875
[2026-03-11 00:24:41,558] Epoch: 174, Dataset: val, Dice: 0.8900, IoU: 0.8309
[2026-03-11 00:24:59,093] Epoch: 175, Dataset: test, Dice: 0.9392, IoU: 0.8902
[2026-03-11 00:25:00,198] Epoch: 175, Dataset: val, Dice: 0.9076, IoU: 0.8495
[2026-03-11 00:25:17,203] Epoch: 176, Dataset: test, Dice: 0.9318, IoU: 0.8810
[2026-03-11 00:25:18,289] Epoch: 176, Dataset: val, Dice: 0.9044, IoU: 0.8427
[2026-03-11 00:25:35,657] Epoch: 177, Dataset: test, Dice: 0.9377, IoU: 0.8877
[2026-03-11 00:25:36,754] Epoch: 177, Dataset: val, Dice: 0.8960, IoU: 0.8368
[2026-03-11 00:25:53,926] Epoch: 178, Dataset: test, Dice: 0.9337, IoU: 0.8829
[2026-03-11 00:25:55,023] Epoch: 178, Dataset: val, Dice: 0.8977, IoU: 0.8378
[2026-03-11 00:26:12,468] Epoch: 179, Dataset: test, Dice: 0.9367, IoU: 0.8867
[2026-03-11 00:26:13,627] Epoch: 179, Dataset: val, Dice: 0.8958, IoU: 0.8378
[2026-03-11 00:26:30,825] Epoch: 180, Dataset: test, Dice: 0.9330, IoU: 0.8809
[2026-03-11 00:26:31,922] Epoch: 180, Dataset: val, Dice: 0.9015, IoU: 0.8421
[2026-03-11 00:26:49,453] Epoch: 181, Dataset: test, Dice: 0.9385, IoU: 0.8899
[2026-03-11 00:26:50,685] Epoch: 181, Dataset: val, Dice: 0.8957, IoU: 0.8390
[2026-03-11 00:27:07,833] Epoch: 182, Dataset: test, Dice: 0.9323, IoU: 0.8799
[2026-03-11 00:27:09,058] Epoch: 182, Dataset: val, Dice: 0.9013, IoU: 0.8415
[2026-03-11 00:27:26,466] Epoch: 183, Dataset: test, Dice: 0.9369, IoU: 0.8858
[2026-03-11 00:27:27,580] Epoch: 183, Dataset: val, Dice: 0.9013, IoU: 0.8402
[2026-03-11 00:27:44,677] Epoch: 184, Dataset: test, Dice: 0.9406, IoU: 0.8915
[2026-03-11 00:27:46,025] Epoch: 184, Dataset: val, Dice: 0.8982, IoU: 0.8408
[2026-03-11 00:28:03,187] Epoch: 185, Dataset: test, Dice: 0.9360, IoU: 0.8848
[2026-03-11 00:28:09,370] Epoch: 185, Dataset: val, Dice: 0.9021, IoU: 0.8397
[2026-03-11 00:28:27,357] Epoch: 186, Dataset: test, Dice: 0.9373, IoU: 0.8875
[2026-03-11 00:28:28,763] Epoch: 186, Dataset: val, Dice: 0.9009, IoU: 0.8408
[2026-03-11 00:28:45,984] Epoch: 187, Dataset: test, Dice: 0.9287, IoU: 0.8778
[2026-03-11 00:28:47,058] Epoch: 187, Dataset: val, Dice: 0.9037, IoU: 0.8426
[2026-03-11 00:29:04,442] Epoch: 188, Dataset: test, Dice: 0.9392, IoU: 0.8896
[2026-03-11 00:29:05,842] Epoch: 188, Dataset: val, Dice: 0.8944, IoU: 0.8333
[2026-03-11 00:29:23,273] Epoch: 189, Dataset: test, Dice: 0.9401, IoU: 0.8918
[2026-03-11 00:29:24,455] Epoch: 189, Dataset: val, Dice: 0.8971, IoU: 0.8406
[2026-03-11 00:29:41,753] Epoch: 190, Dataset: test, Dice: 0.9397, IoU: 0.8915
[2026-03-11 00:29:43,181] Epoch: 190, Dataset: val, Dice: 0.8949, IoU: 0.8374
[2026-03-11 00:30:00,794] Epoch: 191, Dataset: test, Dice: 0.9355, IoU: 0.8854
[2026-03-11 00:30:01,957] Epoch: 191, Dataset: val, Dice: 0.8973, IoU: 0.8380
[2026-03-11 00:30:19,340] Epoch: 192, Dataset: test, Dice: 0.9412, IoU: 0.8930
[2026-03-11 00:30:20,927] Epoch: 192, Dataset: val, Dice: 0.8946, IoU: 0.8348
[2026-03-11 00:30:38,739] Epoch: 193, Dataset: test, Dice: 0.9417, IoU: 0.8940
[2026-03-11 00:30:40,055] Epoch: 193, Dataset: val, Dice: 0.9057, IoU: 0.8469
[2026-03-11 00:30:57,821] Epoch: 194, Dataset: test, Dice: 0.9384, IoU: 0.8887
[2026-03-11 00:30:59,308] Epoch: 194, Dataset: val, Dice: 0.8978, IoU: 0.8367
[2026-03-11 00:31:17,060] Epoch: 195, Dataset: test, Dice: 0.9370, IoU: 0.8869
[2026-03-11 00:31:18,402] Epoch: 195, Dataset: val, Dice: 0.8990, IoU: 0.8390
[2026-03-11 00:31:36,127] Epoch: 196, Dataset: test, Dice: 0.9417, IoU: 0.8937
[2026-03-11 00:31:37,542] Epoch: 196, Dataset: val, Dice: 0.8952, IoU: 0.8383
[2026-03-11 00:31:55,321] Epoch: 197, Dataset: test, Dice: 0.9317, IoU: 0.8831
[2026-03-11 00:31:56,838] Epoch: 197, Dataset: val, Dice: 0.8967, IoU: 0.8361
[2026-03-11 00:32:14,691] Epoch: 198, Dataset: test, Dice: 0.9363, IoU: 0.8852
[2026-03-11 00:32:16,190] Epoch: 198, Dataset: val, Dice: 0.9037, IoU: 0.8409
[2026-03-11 00:32:33,978] Epoch: 199, Dataset: test, Dice: 0.9373, IoU: 0.8877
[2026-03-11 00:32:35,435] Epoch: 199, Dataset: val, Dice: 0.8954, IoU: 0.8359
[2026-03-11 00:32:53,034] Epoch: 200, Dataset: test, Dice: 0.9373, IoU: 0.8879
[2026-03-11 00:32:54,571] Epoch: 200, Dataset: val, Dice: 0.8975, IoU: 0.8403
[2026-03-11 00:32:54,572] 
========================================
FINAL RESULTS: ClinicDB_MK_UNet_bs8_lr0.0005_e200_augTrue_run5_t232928
Best Val Dice: 0.9106
Test Dice at Best Val: 0.9431
Total Train Time: 3251.08s
========================================
