[2026-03-10 19:19:28,009] flops: 0.619251354, params: 0.315566, Total params: : 0.3156
[2026-03-10 19:19:48,805] Epoch: 1, Dataset: test, Dice: 0.2445, IoU: 0.1524
[2026-03-10 19:19:49,831] Epoch: 1, Dataset: val, Dice: 0.3222, IoU: 0.2111
[2026-03-10 19:19:49,831] ### Best Model Saved (Dice improved from 0.0000 to 0.3222) ###
[2026-03-10 19:20:07,017] Epoch: 2, Dataset: test, Dice: 0.2294, IoU: 0.1396
[2026-03-10 19:20:08,058] Epoch: 2, Dataset: val, Dice: 0.3023, IoU: 0.1970
[2026-03-10 19:20:24,990] Epoch: 3, Dataset: test, Dice: 0.3203, IoU: 0.2274
[2026-03-10 19:20:26,032] Epoch: 3, Dataset: val, Dice: 0.3694, IoU: 0.2641
[2026-03-10 19:20:26,033] ### Best Model Saved (Dice improved from 0.3222 to 0.3694) ###
[2026-03-10 19:20:43,066] Epoch: 4, Dataset: test, Dice: 0.4199, IoU: 0.2972
[2026-03-10 19:20:44,100] Epoch: 4, Dataset: val, Dice: 0.4913, IoU: 0.3602
[2026-03-10 19:20:44,100] ### Best Model Saved (Dice improved from 0.3694 to 0.4913) ###
[2026-03-10 19:21:01,088] Epoch: 5, Dataset: test, Dice: 0.3840, IoU: 0.2608
[2026-03-10 19:21:02,084] Epoch: 5, Dataset: val, Dice: 0.4649, IoU: 0.3362
[2026-03-10 19:21:19,037] Epoch: 6, Dataset: test, Dice: 0.5708, IoU: 0.4311
[2026-03-10 19:21:20,066] Epoch: 6, Dataset: val, Dice: 0.6001, IoU: 0.4685
[2026-03-10 19:21:20,066] ### Best Model Saved (Dice improved from 0.4913 to 0.6001) ###
[2026-03-10 19:21:37,085] Epoch: 7, Dataset: test, Dice: 0.5561, IoU: 0.4264
[2026-03-10 19:21:38,114] Epoch: 7, Dataset: val, Dice: 0.5175, IoU: 0.4009
[2026-03-10 19:21:55,069] Epoch: 8, Dataset: test, Dice: 0.5598, IoU: 0.4315
[2026-03-10 19:21:56,062] Epoch: 8, Dataset: val, Dice: 0.5982, IoU: 0.4695
[2026-03-10 19:22:12,955] Epoch: 9, Dataset: test, Dice: 0.6836, IoU: 0.5588
[2026-03-10 19:22:13,987] Epoch: 9, Dataset: val, Dice: 0.6411, IoU: 0.5152
[2026-03-10 19:22:13,987] ### Best Model Saved (Dice improved from 0.6001 to 0.6411) ###
[2026-03-10 19:22:30,953] Epoch: 10, Dataset: test, Dice: 0.6941, IoU: 0.5788
[2026-03-10 19:22:31,997] Epoch: 10, Dataset: val, Dice: 0.6837, IoU: 0.5610
[2026-03-10 19:22:31,997] ### Best Model Saved (Dice improved from 0.6411 to 0.6837) ###
[2026-03-10 19:22:49,049] Epoch: 11, Dataset: test, Dice: 0.6851, IoU: 0.5576
[2026-03-10 19:22:50,051] Epoch: 11, Dataset: val, Dice: 0.6688, IoU: 0.5468
[2026-03-10 19:23:07,045] Epoch: 12, Dataset: test, Dice: 0.7006, IoU: 0.5902
[2026-03-10 19:23:08,041] Epoch: 12, Dataset: val, Dice: 0.6664, IoU: 0.5479
[2026-03-10 19:23:24,986] Epoch: 13, Dataset: test, Dice: 0.7279, IoU: 0.6148
[2026-03-10 19:23:26,007] Epoch: 13, Dataset: val, Dice: 0.6998, IoU: 0.5792
[2026-03-10 19:23:26,007] ### Best Model Saved (Dice improved from 0.6837 to 0.6998) ###
[2026-03-10 19:23:42,999] Epoch: 14, Dataset: test, Dice: 0.7729, IoU: 0.6743
[2026-03-10 19:23:44,027] Epoch: 14, Dataset: val, Dice: 0.7483, IoU: 0.6359
[2026-03-10 19:23:44,028] ### Best Model Saved (Dice improved from 0.6998 to 0.7483) ###
[2026-03-10 19:24:00,936] Epoch: 15, Dataset: test, Dice: 0.7354, IoU: 0.6216
[2026-03-10 19:24:02,014] Epoch: 15, Dataset: val, Dice: 0.7046, IoU: 0.5847
[2026-03-10 19:24:18,890] Epoch: 16, Dataset: test, Dice: 0.7862, IoU: 0.6871
[2026-03-10 19:24:19,958] Epoch: 16, Dataset: val, Dice: 0.7389, IoU: 0.6308
[2026-03-10 19:24:36,988] Epoch: 17, Dataset: test, Dice: 0.7724, IoU: 0.6564
[2026-03-10 19:24:38,131] Epoch: 17, Dataset: val, Dice: 0.6624, IoU: 0.5497
[2026-03-10 19:24:55,150] Epoch: 18, Dataset: test, Dice: 0.6971, IoU: 0.5835
[2026-03-10 19:24:56,208] Epoch: 18, Dataset: val, Dice: 0.6491, IoU: 0.5259
[2026-03-10 19:25:13,057] Epoch: 19, Dataset: test, Dice: 0.7836, IoU: 0.6850
[2026-03-10 19:25:14,087] Epoch: 19, Dataset: val, Dice: 0.7411, IoU: 0.6313
[2026-03-10 19:25:30,993] Epoch: 20, Dataset: test, Dice: 0.8295, IoU: 0.7416
[2026-03-10 19:25:32,026] Epoch: 20, Dataset: val, Dice: 0.7579, IoU: 0.6548
[2026-03-10 19:25:32,026] ### Best Model Saved (Dice improved from 0.7483 to 0.7579) ###
[2026-03-10 19:25:48,978] Epoch: 21, Dataset: test, Dice: 0.8522, IoU: 0.7600
[2026-03-10 19:25:50,010] Epoch: 21, Dataset: val, Dice: 0.7517, IoU: 0.6463
[2026-03-10 19:26:06,894] Epoch: 22, Dataset: test, Dice: 0.8173, IoU: 0.7229
[2026-03-10 19:26:07,882] Epoch: 22, Dataset: val, Dice: 0.7564, IoU: 0.6484
[2026-03-10 19:26:24,790] Epoch: 23, Dataset: test, Dice: 0.8667, IoU: 0.7880
[2026-03-10 19:26:25,816] Epoch: 23, Dataset: val, Dice: 0.7973, IoU: 0.7061
[2026-03-10 19:26:25,816] ### Best Model Saved (Dice improved from 0.7579 to 0.7973) ###
[2026-03-10 19:26:42,821] Epoch: 24, Dataset: test, Dice: 0.8564, IoU: 0.7725
[2026-03-10 19:26:43,851] Epoch: 24, Dataset: val, Dice: 0.7908, IoU: 0.6907
[2026-03-10 19:27:00,798] Epoch: 25, Dataset: test, Dice: 0.5937, IoU: 0.4602
[2026-03-10 19:27:01,820] Epoch: 25, Dataset: val, Dice: 0.5964, IoU: 0.4628
[2026-03-10 19:27:18,716] Epoch: 26, Dataset: test, Dice: 0.8440, IoU: 0.7623
[2026-03-10 19:27:19,705] Epoch: 26, Dataset: val, Dice: 0.7732, IoU: 0.6803
[2026-03-10 19:27:36,604] Epoch: 27, Dataset: test, Dice: 0.8498, IoU: 0.7592
[2026-03-10 19:27:42,841] Epoch: 27, Dataset: val, Dice: 0.7818, IoU: 0.6797
[2026-03-10 19:27:59,680] Epoch: 28, Dataset: test, Dice: 0.8312, IoU: 0.7437
[2026-03-10 19:28:00,679] Epoch: 28, Dataset: val, Dice: 0.7945, IoU: 0.6994
[2026-03-10 19:28:17,939] Epoch: 29, Dataset: test, Dice: 0.8716, IoU: 0.7872
[2026-03-10 19:28:18,933] Epoch: 29, Dataset: val, Dice: 0.7825, IoU: 0.6845
[2026-03-10 19:28:35,835] Epoch: 30, Dataset: test, Dice: 0.7788, IoU: 0.6709
[2026-03-10 19:28:36,867] Epoch: 30, Dataset: val, Dice: 0.7390, IoU: 0.6222
[2026-03-10 19:28:53,837] Epoch: 31, Dataset: test, Dice: 0.8138, IoU: 0.7230
[2026-03-10 19:28:54,862] Epoch: 31, Dataset: val, Dice: 0.7486, IoU: 0.6375
[2026-03-10 19:29:11,789] Epoch: 32, Dataset: test, Dice: 0.8530, IoU: 0.7667
[2026-03-10 19:29:12,799] Epoch: 32, Dataset: val, Dice: 0.8014, IoU: 0.7071
[2026-03-10 19:29:12,799] ### Best Model Saved (Dice improved from 0.7973 to 0.8014) ###
[2026-03-10 19:29:29,751] Epoch: 33, Dataset: test, Dice: 0.8857, IoU: 0.8089
[2026-03-10 19:29:30,820] Epoch: 33, Dataset: val, Dice: 0.8256, IoU: 0.7407
[2026-03-10 19:29:30,820] ### Best Model Saved (Dice improved from 0.8014 to 0.8256) ###
[2026-03-10 19:29:47,780] Epoch: 34, Dataset: test, Dice: 0.8983, IoU: 0.8289
[2026-03-10 19:29:48,801] Epoch: 34, Dataset: val, Dice: 0.8326, IoU: 0.7512
[2026-03-10 19:29:48,801] ### Best Model Saved (Dice improved from 0.8256 to 0.8326) ###
[2026-03-10 19:30:05,813] Epoch: 35, Dataset: test, Dice: 0.8794, IoU: 0.7999
[2026-03-10 19:30:06,845] Epoch: 35, Dataset: val, Dice: 0.7998, IoU: 0.7088
[2026-03-10 19:30:23,674] Epoch: 36, Dataset: test, Dice: 0.8857, IoU: 0.8096
[2026-03-10 19:30:24,667] Epoch: 36, Dataset: val, Dice: 0.7987, IoU: 0.7124
[2026-03-10 19:30:41,595] Epoch: 37, Dataset: test, Dice: 0.8604, IoU: 0.7805
[2026-03-10 19:30:47,679] Epoch: 37, Dataset: val, Dice: 0.8012, IoU: 0.7035
[2026-03-10 19:31:05,137] Epoch: 38, Dataset: test, Dice: 0.8869, IoU: 0.8135
[2026-03-10 19:31:06,334] Epoch: 38, Dataset: val, Dice: 0.8253, IoU: 0.7368
[2026-03-10 19:31:23,405] Epoch: 39, Dataset: test, Dice: 0.8874, IoU: 0.8084
[2026-03-10 19:31:24,456] Epoch: 39, Dataset: val, Dice: 0.7841, IoU: 0.6928
[2026-03-10 19:31:41,331] Epoch: 40, Dataset: test, Dice: 0.8905, IoU: 0.8158
[2026-03-10 19:31:42,355] Epoch: 40, Dataset: val, Dice: 0.8431, IoU: 0.7575
[2026-03-10 19:31:42,356] ### Best Model Saved (Dice improved from 0.8326 to 0.8431) ###
[2026-03-10 19:31:59,318] Epoch: 41, Dataset: test, Dice: 0.8534, IoU: 0.7779
[2026-03-10 19:32:00,392] Epoch: 41, Dataset: val, Dice: 0.8292, IoU: 0.7427
[2026-03-10 19:32:17,379] Epoch: 42, Dataset: test, Dice: 0.9012, IoU: 0.8303
[2026-03-10 19:32:18,372] Epoch: 42, Dataset: val, Dice: 0.8207, IoU: 0.7316
[2026-03-10 19:32:35,263] Epoch: 43, Dataset: test, Dice: 0.8469, IoU: 0.7580
[2026-03-10 19:32:36,281] Epoch: 43, Dataset: val, Dice: 0.8015, IoU: 0.7045
[2026-03-10 19:32:53,241] Epoch: 44, Dataset: test, Dice: 0.8795, IoU: 0.8054
[2026-03-10 19:32:54,344] Epoch: 44, Dataset: val, Dice: 0.7818, IoU: 0.6845
[2026-03-10 19:33:11,352] Epoch: 45, Dataset: test, Dice: 0.8857, IoU: 0.8111
[2026-03-10 19:33:12,420] Epoch: 45, Dataset: val, Dice: 0.8411, IoU: 0.7535
[2026-03-10 19:33:29,324] Epoch: 46, Dataset: test, Dice: 0.8946, IoU: 0.8240
[2026-03-10 19:33:30,409] Epoch: 46, Dataset: val, Dice: 0.8347, IoU: 0.7520
[2026-03-10 19:33:47,268] Epoch: 47, Dataset: test, Dice: 0.8919, IoU: 0.8228
[2026-03-10 19:33:48,283] Epoch: 47, Dataset: val, Dice: 0.8370, IoU: 0.7556
[2026-03-10 19:34:05,182] Epoch: 48, Dataset: test, Dice: 0.9038, IoU: 0.8361
[2026-03-10 19:34:06,177] Epoch: 48, Dataset: val, Dice: 0.8601, IoU: 0.7798
[2026-03-10 19:34:06,177] ### Best Model Saved (Dice improved from 0.8431 to 0.8601) ###
[2026-03-10 19:34:23,224] Epoch: 49, Dataset: test, Dice: 0.8980, IoU: 0.8312
[2026-03-10 19:34:24,306] Epoch: 49, Dataset: val, Dice: 0.8376, IoU: 0.7512
[2026-03-10 19:34:41,237] Epoch: 50, Dataset: test, Dice: 0.9125, IoU: 0.8494
[2026-03-10 19:34:42,267] Epoch: 50, Dataset: val, Dice: 0.8760, IoU: 0.7974
[2026-03-10 19:34:42,267] ### Best Model Saved (Dice improved from 0.8601 to 0.8760) ###
[2026-03-10 19:34:59,231] Epoch: 51, Dataset: test, Dice: 0.8980, IoU: 0.8354
[2026-03-10 19:35:00,239] Epoch: 51, Dataset: val, Dice: 0.8741, IoU: 0.7978
[2026-03-10 19:35:17,150] Epoch: 52, Dataset: test, Dice: 0.8303, IoU: 0.7493
[2026-03-10 19:35:18,284] Epoch: 52, Dataset: val, Dice: 0.7736, IoU: 0.6716
[2026-03-10 19:35:35,303] Epoch: 53, Dataset: test, Dice: 0.9260, IoU: 0.8659
[2026-03-10 19:35:36,353] Epoch: 53, Dataset: val, Dice: 0.8504, IoU: 0.7723
[2026-03-10 19:35:53,270] Epoch: 54, Dataset: test, Dice: 0.8790, IoU: 0.8077
[2026-03-10 19:35:59,439] Epoch: 54, Dataset: val, Dice: 0.8620, IoU: 0.7833
[2026-03-10 19:36:16,396] Epoch: 55, Dataset: test, Dice: 0.8669, IoU: 0.7945
[2026-03-10 19:36:17,403] Epoch: 55, Dataset: val, Dice: 0.8303, IoU: 0.7385
[2026-03-10 19:36:34,308] Epoch: 56, Dataset: test, Dice: 0.8995, IoU: 0.8327
[2026-03-10 19:36:35,370] Epoch: 56, Dataset: val, Dice: 0.8583, IoU: 0.7786
[2026-03-10 19:36:52,402] Epoch: 57, Dataset: test, Dice: 0.9105, IoU: 0.8490
[2026-03-10 19:36:53,423] Epoch: 57, Dataset: val, Dice: 0.8815, IoU: 0.8090
[2026-03-10 19:36:53,423] ### Best Model Saved (Dice improved from 0.8760 to 0.8815) ###
[2026-03-10 19:37:10,373] Epoch: 58, Dataset: test, Dice: 0.9114, IoU: 0.8546
[2026-03-10 19:37:11,486] Epoch: 58, Dataset: val, Dice: 0.8538, IoU: 0.7718
[2026-03-10 19:37:28,379] Epoch: 59, Dataset: test, Dice: 0.8870, IoU: 0.8139
[2026-03-10 19:37:29,364] Epoch: 59, Dataset: val, Dice: 0.8560, IoU: 0.7732
[2026-03-10 19:37:46,419] Epoch: 60, Dataset: test, Dice: 0.9025, IoU: 0.8367
[2026-03-10 19:37:47,534] Epoch: 60, Dataset: val, Dice: 0.8631, IoU: 0.7769
[2026-03-10 19:38:04,532] Epoch: 61, Dataset: test, Dice: 0.8620, IoU: 0.7897
[2026-03-10 19:38:05,527] Epoch: 61, Dataset: val, Dice: 0.8411, IoU: 0.7485
[2026-03-10 19:38:22,513] Epoch: 62, Dataset: test, Dice: 0.8954, IoU: 0.8263
[2026-03-10 19:38:23,593] Epoch: 62, Dataset: val, Dice: 0.8694, IoU: 0.7884
[2026-03-10 19:38:40,542] Epoch: 63, Dataset: test, Dice: 0.9165, IoU: 0.8553
[2026-03-10 19:38:41,559] Epoch: 63, Dataset: val, Dice: 0.8754, IoU: 0.8025
[2026-03-10 19:38:58,443] Epoch: 64, Dataset: test, Dice: 0.9135, IoU: 0.8478
[2026-03-10 19:38:59,531] Epoch: 64, Dataset: val, Dice: 0.8773, IoU: 0.8005
[2026-03-10 19:39:16,532] Epoch: 65, Dataset: test, Dice: 0.9180, IoU: 0.8571
[2026-03-10 19:39:17,542] Epoch: 65, Dataset: val, Dice: 0.8726, IoU: 0.7923
[2026-03-10 19:39:34,420] Epoch: 66, Dataset: test, Dice: 0.9243, IoU: 0.8666
[2026-03-10 19:39:35,440] Epoch: 66, Dataset: val, Dice: 0.8637, IoU: 0.7868
[2026-03-10 19:39:52,345] Epoch: 67, Dataset: test, Dice: 0.9282, IoU: 0.8725
[2026-03-10 19:39:53,344] Epoch: 67, Dataset: val, Dice: 0.8748, IoU: 0.8034
[2026-03-10 19:40:10,354] Epoch: 68, Dataset: test, Dice: 0.8932, IoU: 0.8294
[2026-03-10 19:40:11,387] Epoch: 68, Dataset: val, Dice: 0.8328, IoU: 0.7537
[2026-03-10 19:40:28,399] Epoch: 69, Dataset: test, Dice: 0.8911, IoU: 0.8192
[2026-03-10 19:40:29,441] Epoch: 69, Dataset: val, Dice: 0.8460, IoU: 0.7639
[2026-03-10 19:40:46,527] Epoch: 70, Dataset: test, Dice: 0.9147, IoU: 0.8553
[2026-03-10 19:40:47,600] Epoch: 70, Dataset: val, Dice: 0.8708, IoU: 0.7973
[2026-03-10 19:41:09,012] Epoch: 71, Dataset: test, Dice: 0.9141, IoU: 0.8505
[2026-03-10 19:41:11,302] Epoch: 71, Dataset: val, Dice: 0.8683, IoU: 0.7928
[2026-03-10 19:41:28,224] Epoch: 72, Dataset: test, Dice: 0.9107, IoU: 0.8480
[2026-03-10 19:41:34,340] Epoch: 72, Dataset: val, Dice: 0.8584, IoU: 0.7803
[2026-03-10 19:41:51,224] Epoch: 73, Dataset: test, Dice: 0.8832, IoU: 0.8146
[2026-03-10 19:41:52,256] Epoch: 73, Dataset: val, Dice: 0.8243, IoU: 0.7405
[2026-03-10 19:42:09,192] Epoch: 74, Dataset: test, Dice: 0.9183, IoU: 0.8582
[2026-03-10 19:42:10,249] Epoch: 74, Dataset: val, Dice: 0.8684, IoU: 0.7943
[2026-03-10 19:42:27,166] Epoch: 75, Dataset: test, Dice: 0.9245, IoU: 0.8665
[2026-03-10 19:42:28,181] Epoch: 75, Dataset: val, Dice: 0.8861, IoU: 0.8139
[2026-03-10 19:42:28,181] ### Best Model Saved (Dice improved from 0.8815 to 0.8861) ###
[2026-03-10 19:42:45,216] Epoch: 76, Dataset: test, Dice: 0.9249, IoU: 0.8674
[2026-03-10 19:42:46,239] Epoch: 76, Dataset: val, Dice: 0.8603, IoU: 0.7831
[2026-03-10 19:43:03,158] Epoch: 77, Dataset: test, Dice: 0.9196, IoU: 0.8587
[2026-03-10 19:43:04,293] Epoch: 77, Dataset: val, Dice: 0.8831, IoU: 0.8077
[2026-03-10 19:43:21,184] Epoch: 78, Dataset: test, Dice: 0.8861, IoU: 0.8157
[2026-03-10 19:43:22,175] Epoch: 78, Dataset: val, Dice: 0.8648, IoU: 0.7807
[2026-03-10 19:43:44,141] Epoch: 79, Dataset: test, Dice: 0.9014, IoU: 0.8354
[2026-03-10 19:43:45,182] Epoch: 79, Dataset: val, Dice: 0.8659, IoU: 0.7887
[2026-03-10 19:44:02,083] Epoch: 80, Dataset: test, Dice: 0.9228, IoU: 0.8624
[2026-03-10 19:44:03,145] Epoch: 80, Dataset: val, Dice: 0.8589, IoU: 0.7809
[2026-03-10 19:44:20,037] Epoch: 81, Dataset: test, Dice: 0.8961, IoU: 0.8294
[2026-03-10 19:44:21,107] Epoch: 81, Dataset: val, Dice: 0.8479, IoU: 0.7620
[2026-03-10 19:44:37,989] Epoch: 82, Dataset: test, Dice: 0.9222, IoU: 0.8634
[2026-03-10 19:44:38,967] Epoch: 82, Dataset: val, Dice: 0.8666, IoU: 0.7936
[2026-03-10 19:44:55,824] Epoch: 83, Dataset: test, Dice: 0.9163, IoU: 0.8549
[2026-03-10 19:45:01,924] Epoch: 83, Dataset: val, Dice: 0.8814, IoU: 0.8027
[2026-03-10 19:45:18,839] Epoch: 84, Dataset: test, Dice: 0.9238, IoU: 0.8651
[2026-03-10 19:45:19,879] Epoch: 84, Dataset: val, Dice: 0.8788, IoU: 0.8062
[2026-03-10 19:45:36,766] Epoch: 85, Dataset: test, Dice: 0.9157, IoU: 0.8543
[2026-03-10 19:45:37,768] Epoch: 85, Dataset: val, Dice: 0.8615, IoU: 0.7822
[2026-03-10 19:45:54,687] Epoch: 86, Dataset: test, Dice: 0.9236, IoU: 0.8657
[2026-03-10 19:45:55,774] Epoch: 86, Dataset: val, Dice: 0.8733, IoU: 0.8012
[2026-03-10 19:46:12,744] Epoch: 87, Dataset: test, Dice: 0.9271, IoU: 0.8706
[2026-03-10 19:46:13,767] Epoch: 87, Dataset: val, Dice: 0.8797, IoU: 0.8089
[2026-03-10 19:46:30,692] Epoch: 88, Dataset: test, Dice: 0.9188, IoU: 0.8593
[2026-03-10 19:46:31,739] Epoch: 88, Dataset: val, Dice: 0.8732, IoU: 0.7967
[2026-03-10 19:46:48,657] Epoch: 89, Dataset: test, Dice: 0.9147, IoU: 0.8571
[2026-03-10 19:46:49,721] Epoch: 89, Dataset: val, Dice: 0.8746, IoU: 0.7991
[2026-03-10 19:47:06,648] Epoch: 90, Dataset: test, Dice: 0.9273, IoU: 0.8719
[2026-03-10 19:47:07,628] Epoch: 90, Dataset: val, Dice: 0.8710, IoU: 0.8032
[2026-03-10 19:47:24,585] Epoch: 91, Dataset: test, Dice: 0.9307, IoU: 0.8760
[2026-03-10 19:47:30,959] Epoch: 91, Dataset: val, Dice: 0.8833, IoU: 0.8131
[2026-03-10 19:47:47,891] Epoch: 92, Dataset: test, Dice: 0.9072, IoU: 0.8469
[2026-03-10 19:47:48,950] Epoch: 92, Dataset: val, Dice: 0.8835, IoU: 0.8121
[2026-03-10 19:48:16,367] Epoch: 93, Dataset: test, Dice: 0.9109, IoU: 0.8517
[2026-03-10 19:48:17,874] Epoch: 93, Dataset: val, Dice: 0.8784, IoU: 0.8076
[2026-03-10 19:48:35,467] Epoch: 94, Dataset: test, Dice: 0.9177, IoU: 0.8606
[2026-03-10 19:48:36,485] Epoch: 94, Dataset: val, Dice: 0.8756, IoU: 0.8016
[2026-03-10 19:48:53,373] Epoch: 95, Dataset: test, Dice: 0.9279, IoU: 0.8737
[2026-03-10 19:48:54,362] Epoch: 95, Dataset: val, Dice: 0.8612, IoU: 0.7869
[2026-03-10 19:49:11,270] Epoch: 96, Dataset: test, Dice: 0.9328, IoU: 0.8801
[2026-03-10 19:49:12,405] Epoch: 96, Dataset: val, Dice: 0.8945, IoU: 0.8266
[2026-03-10 19:49:12,405] ### Best Model Saved (Dice improved from 0.8861 to 0.8945) ###
[2026-03-10 19:49:29,400] Epoch: 97, Dataset: test, Dice: 0.9270, IoU: 0.8697
[2026-03-10 19:49:30,446] Epoch: 97, Dataset: val, Dice: 0.8862, IoU: 0.8164
[2026-03-10 19:49:52,678] Epoch: 98, Dataset: test, Dice: 0.9331, IoU: 0.8801
[2026-03-10 19:49:53,750] Epoch: 98, Dataset: val, Dice: 0.8520, IoU: 0.7787
[2026-03-10 19:50:10,635] Epoch: 99, Dataset: test, Dice: 0.9183, IoU: 0.8597
[2026-03-10 19:50:11,681] Epoch: 99, Dataset: val, Dice: 0.8738, IoU: 0.8025
[2026-03-10 19:50:28,581] Epoch: 100, Dataset: test, Dice: 0.9215, IoU: 0.8638
[2026-03-10 19:50:29,583] Epoch: 100, Dataset: val, Dice: 0.8617, IoU: 0.7864
[2026-03-10 19:50:46,516] Epoch: 101, Dataset: test, Dice: 0.9187, IoU: 0.8611
[2026-03-10 19:50:47,519] Epoch: 101, Dataset: val, Dice: 0.8674, IoU: 0.7943
[2026-03-10 19:51:04,457] Epoch: 102, Dataset: test, Dice: 0.9377, IoU: 0.8869
[2026-03-10 19:51:05,528] Epoch: 102, Dataset: val, Dice: 0.8819, IoU: 0.8125
[2026-03-10 19:51:22,472] Epoch: 103, Dataset: test, Dice: 0.9286, IoU: 0.8740
[2026-03-10 19:51:23,522] Epoch: 103, Dataset: val, Dice: 0.8738, IoU: 0.8007
[2026-03-10 19:51:40,477] Epoch: 104, Dataset: test, Dice: 0.8920, IoU: 0.8264
[2026-03-10 19:51:41,521] Epoch: 104, Dataset: val, Dice: 0.8647, IoU: 0.7942
[2026-03-10 19:51:58,450] Epoch: 105, Dataset: test, Dice: 0.9302, IoU: 0.8759
[2026-03-10 19:51:59,507] Epoch: 105, Dataset: val, Dice: 0.8812, IoU: 0.8108
[2026-03-10 19:52:22,077] Epoch: 106, Dataset: test, Dice: 0.9171, IoU: 0.8584
[2026-03-10 19:52:23,511] Epoch: 106, Dataset: val, Dice: 0.8906, IoU: 0.8237
[2026-03-10 19:52:40,953] Epoch: 107, Dataset: test, Dice: 0.9022, IoU: 0.8456
[2026-03-10 19:52:41,978] Epoch: 107, Dataset: val, Dice: 0.8594, IoU: 0.7855
[2026-03-10 19:52:58,890] Epoch: 108, Dataset: test, Dice: 0.9286, IoU: 0.8747
[2026-03-10 19:52:59,945] Epoch: 108, Dataset: val, Dice: 0.8898, IoU: 0.8236
[2026-03-10 19:53:18,498] Epoch: 109, Dataset: test, Dice: 0.9239, IoU: 0.8679
[2026-03-10 19:53:20,837] Epoch: 109, Dataset: val, Dice: 0.8934, IoU: 0.8284
[2026-03-10 19:53:37,917] Epoch: 110, Dataset: test, Dice: 0.9255, IoU: 0.8707
[2026-03-10 19:53:39,051] Epoch: 110, Dataset: val, Dice: 0.8838, IoU: 0.8195
[2026-03-10 19:53:56,006] Epoch: 111, Dataset: test, Dice: 0.9294, IoU: 0.8751
[2026-03-10 19:53:57,045] Epoch: 111, Dataset: val, Dice: 0.8977, IoU: 0.8342
[2026-03-10 19:53:57,045] ### Best Model Saved (Dice improved from 0.8945 to 0.8977) ###
[2026-03-10 19:54:14,019] Epoch: 112, Dataset: test, Dice: 0.9224, IoU: 0.8656
[2026-03-10 19:54:15,064] Epoch: 112, Dataset: val, Dice: 0.8916, IoU: 0.8250
[2026-03-10 19:54:31,950] Epoch: 113, Dataset: test, Dice: 0.9186, IoU: 0.8607
[2026-03-10 19:54:33,006] Epoch: 113, Dataset: val, Dice: 0.8605, IoU: 0.7900
[2026-03-10 19:54:49,979] Epoch: 114, Dataset: test, Dice: 0.9319, IoU: 0.8778
[2026-03-10 19:54:50,991] Epoch: 114, Dataset: val, Dice: 0.8784, IoU: 0.8090
[2026-03-10 19:55:07,926] Epoch: 115, Dataset: test, Dice: 0.9243, IoU: 0.8698
[2026-03-10 19:55:08,957] Epoch: 115, Dataset: val, Dice: 0.8816, IoU: 0.8114
[2026-03-10 19:55:25,951] Epoch: 116, Dataset: test, Dice: 0.9311, IoU: 0.8781
[2026-03-10 19:55:27,024] Epoch: 116, Dataset: val, Dice: 0.8937, IoU: 0.8254
[2026-03-10 19:55:44,010] Epoch: 117, Dataset: test, Dice: 0.9277, IoU: 0.8733
[2026-03-10 19:55:45,067] Epoch: 117, Dataset: val, Dice: 0.8930, IoU: 0.8249
[2026-03-10 19:56:02,045] Epoch: 118, Dataset: test, Dice: 0.9312, IoU: 0.8784
[2026-03-10 19:56:03,066] Epoch: 118, Dataset: val, Dice: 0.8883, IoU: 0.8214
[2026-03-10 19:56:19,979] Epoch: 119, Dataset: test, Dice: 0.9337, IoU: 0.8814
[2026-03-10 19:56:21,011] Epoch: 119, Dataset: val, Dice: 0.8755, IoU: 0.8037
[2026-03-10 19:56:37,894] Epoch: 120, Dataset: test, Dice: 0.9299, IoU: 0.8763
[2026-03-10 19:56:38,900] Epoch: 120, Dataset: val, Dice: 0.8837, IoU: 0.8178
[2026-03-10 19:56:55,817] Epoch: 121, Dataset: test, Dice: 0.9287, IoU: 0.8747
[2026-03-10 19:56:56,864] Epoch: 121, Dataset: val, Dice: 0.8638, IoU: 0.7942
[2026-03-10 19:57:13,782] Epoch: 122, Dataset: test, Dice: 0.9297, IoU: 0.8766
[2026-03-10 19:57:14,797] Epoch: 122, Dataset: val, Dice: 0.8930, IoU: 0.8262
[2026-03-10 19:57:31,694] Epoch: 123, Dataset: test, Dice: 0.9240, IoU: 0.8685
[2026-03-10 19:57:32,740] Epoch: 123, Dataset: val, Dice: 0.8795, IoU: 0.8112
[2026-03-10 19:57:49,645] Epoch: 124, Dataset: test, Dice: 0.9345, IoU: 0.8829
[2026-03-10 19:57:50,678] Epoch: 124, Dataset: val, Dice: 0.8806, IoU: 0.8103
[2026-03-10 19:58:07,576] Epoch: 125, Dataset: test, Dice: 0.9269, IoU: 0.8712
[2026-03-10 19:58:08,613] Epoch: 125, Dataset: val, Dice: 0.8868, IoU: 0.8172
[2026-03-10 19:58:25,591] Epoch: 126, Dataset: test, Dice: 0.9334, IoU: 0.8814
[2026-03-10 19:58:26,620] Epoch: 126, Dataset: val, Dice: 0.8868, IoU: 0.8191
[2026-03-10 19:58:43,829] Epoch: 127, Dataset: test, Dice: 0.9306, IoU: 0.8774
[2026-03-10 19:58:45,324] Epoch: 127, Dataset: val, Dice: 0.8925, IoU: 0.8293
[2026-03-10 19:59:02,314] Epoch: 128, Dataset: test, Dice: 0.9225, IoU: 0.8681
[2026-03-10 19:59:03,445] Epoch: 128, Dataset: val, Dice: 0.8797, IoU: 0.8108
[2026-03-10 19:59:20,360] Epoch: 129, Dataset: test, Dice: 0.9295, IoU: 0.8759
[2026-03-10 19:59:21,351] Epoch: 129, Dataset: val, Dice: 0.8742, IoU: 0.8056
[2026-03-10 19:59:38,246] Epoch: 130, Dataset: test, Dice: 0.9149, IoU: 0.8593
[2026-03-10 19:59:39,245] Epoch: 130, Dataset: val, Dice: 0.8814, IoU: 0.8134
[2026-03-10 19:59:56,992] Epoch: 131, Dataset: test, Dice: 0.9249, IoU: 0.8690
[2026-03-10 19:59:59,065] Epoch: 131, Dataset: val, Dice: 0.8790, IoU: 0.8107
[2026-03-10 20:00:15,943] Epoch: 132, Dataset: test, Dice: 0.9317, IoU: 0.8792
[2026-03-10 20:00:16,940] Epoch: 132, Dataset: val, Dice: 0.8842, IoU: 0.8159
[2026-03-10 20:00:33,869] Epoch: 133, Dataset: test, Dice: 0.9319, IoU: 0.8800
[2026-03-10 20:00:34,871] Epoch: 133, Dataset: val, Dice: 0.8788, IoU: 0.8137
[2026-03-10 20:00:51,802] Epoch: 134, Dataset: test, Dice: 0.9315, IoU: 0.8789
[2026-03-10 20:00:52,849] Epoch: 134, Dataset: val, Dice: 0.8826, IoU: 0.8165
[2026-03-10 20:01:09,878] Epoch: 135, Dataset: test, Dice: 0.9341, IoU: 0.8815
[2026-03-10 20:01:10,968] Epoch: 135, Dataset: val, Dice: 0.8680, IoU: 0.7981
[2026-03-10 20:01:27,870] Epoch: 136, Dataset: test, Dice: 0.9303, IoU: 0.8760
[2026-03-10 20:01:28,965] Epoch: 136, Dataset: val, Dice: 0.8834, IoU: 0.8157
[2026-03-10 20:01:45,900] Epoch: 137, Dataset: test, Dice: 0.9309, IoU: 0.8782
[2026-03-10 20:01:46,913] Epoch: 137, Dataset: val, Dice: 0.8851, IoU: 0.8186
[2026-03-10 20:02:03,853] Epoch: 138, Dataset: test, Dice: 0.9331, IoU: 0.8813
[2026-03-10 20:02:04,879] Epoch: 138, Dataset: val, Dice: 0.8656, IoU: 0.7950
[2026-03-10 20:02:21,794] Epoch: 139, Dataset: test, Dice: 0.9286, IoU: 0.8744
[2026-03-10 20:02:22,773] Epoch: 139, Dataset: val, Dice: 0.8727, IoU: 0.8034
[2026-03-10 20:02:39,676] Epoch: 140, Dataset: test, Dice: 0.9243, IoU: 0.8685
[2026-03-10 20:02:40,678] Epoch: 140, Dataset: val, Dice: 0.8765, IoU: 0.8073
[2026-03-10 20:02:57,558] Epoch: 141, Dataset: test, Dice: 0.9351, IoU: 0.8834
[2026-03-10 20:02:58,608] Epoch: 141, Dataset: val, Dice: 0.8759, IoU: 0.8095
[2026-03-10 20:03:21,019] Epoch: 142, Dataset: test, Dice: 0.9296, IoU: 0.8764
[2026-03-10 20:03:22,432] Epoch: 142, Dataset: val, Dice: 0.8667, IoU: 0.7960
[2026-03-10 20:03:39,994] Epoch: 143, Dataset: test, Dice: 0.9327, IoU: 0.8793
[2026-03-10 20:03:41,057] Epoch: 143, Dataset: val, Dice: 0.8835, IoU: 0.8173
[2026-03-10 20:03:57,996] Epoch: 144, Dataset: test, Dice: 0.9352, IoU: 0.8852
[2026-03-10 20:03:59,021] Epoch: 144, Dataset: val, Dice: 0.8716, IoU: 0.8019
[2026-03-10 20:04:15,971] Epoch: 145, Dataset: test, Dice: 0.9282, IoU: 0.8742
[2026-03-10 20:04:16,996] Epoch: 145, Dataset: val, Dice: 0.8908, IoU: 0.8227
[2026-03-10 20:04:33,936] Epoch: 146, Dataset: test, Dice: 0.9314, IoU: 0.8784
[2026-03-10 20:04:34,944] Epoch: 146, Dataset: val, Dice: 0.8744, IoU: 0.8052
[2026-03-10 20:04:51,863] Epoch: 147, Dataset: test, Dice: 0.9327, IoU: 0.8799
[2026-03-10 20:04:52,889] Epoch: 147, Dataset: val, Dice: 0.8702, IoU: 0.8009
[2026-03-10 20:05:09,834] Epoch: 148, Dataset: test, Dice: 0.9340, IoU: 0.8819
[2026-03-10 20:05:10,823] Epoch: 148, Dataset: val, Dice: 0.8853, IoU: 0.8170
[2026-03-10 20:05:27,733] Epoch: 149, Dataset: test, Dice: 0.9346, IoU: 0.8839
[2026-03-10 20:05:28,801] Epoch: 149, Dataset: val, Dice: 0.8829, IoU: 0.8164
[2026-03-10 20:05:45,765] Epoch: 150, Dataset: test, Dice: 0.9348, IoU: 0.8840
[2026-03-10 20:05:46,799] Epoch: 150, Dataset: val, Dice: 0.8791, IoU: 0.8113
[2026-03-10 20:06:03,774] Epoch: 151, Dataset: test, Dice: 0.9333, IoU: 0.8807
[2026-03-10 20:06:04,781] Epoch: 151, Dataset: val, Dice: 0.8867, IoU: 0.8211
[2026-03-10 20:06:21,730] Epoch: 152, Dataset: test, Dice: 0.9325, IoU: 0.8802
[2026-03-10 20:06:22,815] Epoch: 152, Dataset: val, Dice: 0.8839, IoU: 0.8145
[2026-03-10 20:06:39,761] Epoch: 153, Dataset: test, Dice: 0.9335, IoU: 0.8806
[2026-03-10 20:06:40,784] Epoch: 153, Dataset: val, Dice: 0.8866, IoU: 0.8195
[2026-03-10 20:06:57,785] Epoch: 154, Dataset: test, Dice: 0.9350, IoU: 0.8844
[2026-03-10 20:06:58,794] Epoch: 154, Dataset: val, Dice: 0.8806, IoU: 0.8126
[2026-03-10 20:07:15,709] Epoch: 155, Dataset: test, Dice: 0.9329, IoU: 0.8811
[2026-03-10 20:07:16,735] Epoch: 155, Dataset: val, Dice: 0.8835, IoU: 0.8176
[2026-03-10 20:07:33,715] Epoch: 156, Dataset: test, Dice: 0.9318, IoU: 0.8791
[2026-03-10 20:07:34,765] Epoch: 156, Dataset: val, Dice: 0.8832, IoU: 0.8136
[2026-03-10 20:07:51,655] Epoch: 157, Dataset: test, Dice: 0.9301, IoU: 0.8765
[2026-03-10 20:07:52,740] Epoch: 157, Dataset: val, Dice: 0.8843, IoU: 0.8139
[2026-03-10 20:08:09,699] Epoch: 158, Dataset: test, Dice: 0.9329, IoU: 0.8799
[2026-03-10 20:08:10,797] Epoch: 158, Dataset: val, Dice: 0.8768, IoU: 0.8054
[2026-03-10 20:08:27,652] Epoch: 159, Dataset: test, Dice: 0.9325, IoU: 0.8799
[2026-03-10 20:08:28,800] Epoch: 159, Dataset: val, Dice: 0.8851, IoU: 0.8162
[2026-03-10 20:08:45,677] Epoch: 160, Dataset: test, Dice: 0.9351, IoU: 0.8837
[2026-03-10 20:08:46,706] Epoch: 160, Dataset: val, Dice: 0.8734, IoU: 0.8034
[2026-03-10 20:09:03,613] Epoch: 161, Dataset: test, Dice: 0.9312, IoU: 0.8785
[2026-03-10 20:09:04,610] Epoch: 161, Dataset: val, Dice: 0.8776, IoU: 0.8109
[2026-03-10 20:09:21,478] Epoch: 162, Dataset: test, Dice: 0.9352, IoU: 0.8841
[2026-03-10 20:09:22,528] Epoch: 162, Dataset: val, Dice: 0.8837, IoU: 0.8172
[2026-03-10 20:09:46,437] Epoch: 163, Dataset: test, Dice: 0.9358, IoU: 0.8854
[2026-03-10 20:09:49,158] Epoch: 163, Dataset: val, Dice: 0.8806, IoU: 0.8158
[2026-03-10 20:10:06,605] Epoch: 164, Dataset: test, Dice: 0.9347, IoU: 0.8834
[2026-03-10 20:10:07,779] Epoch: 164, Dataset: val, Dice: 0.8747, IoU: 0.8040
[2026-03-10 20:10:24,669] Epoch: 165, Dataset: test, Dice: 0.9308, IoU: 0.8778
[2026-03-10 20:10:25,721] Epoch: 165, Dataset: val, Dice: 0.8783, IoU: 0.8097
[2026-03-10 20:10:42,657] Epoch: 166, Dataset: test, Dice: 0.9358, IoU: 0.8855
[2026-03-10 20:10:43,656] Epoch: 166, Dataset: val, Dice: 0.8805, IoU: 0.8132
[2026-03-10 20:11:00,548] Epoch: 167, Dataset: test, Dice: 0.9368, IoU: 0.8873
[2026-03-10 20:11:01,617] Epoch: 167, Dataset: val, Dice: 0.8829, IoU: 0.8196
[2026-03-10 20:11:18,550] Epoch: 168, Dataset: test, Dice: 0.9345, IoU: 0.8835
[2026-03-10 20:11:19,564] Epoch: 168, Dataset: val, Dice: 0.8755, IoU: 0.8075
[2026-03-10 20:11:36,463] Epoch: 169, Dataset: test, Dice: 0.9365, IoU: 0.8858
[2026-03-10 20:11:37,474] Epoch: 169, Dataset: val, Dice: 0.8799, IoU: 0.8116
[2026-03-10 20:11:54,334] Epoch: 170, Dataset: test, Dice: 0.9342, IoU: 0.8822
[2026-03-10 20:11:55,394] Epoch: 170, Dataset: val, Dice: 0.8738, IoU: 0.8053
[2026-03-10 20:12:12,361] Epoch: 171, Dataset: test, Dice: 0.9275, IoU: 0.8732
[2026-03-10 20:12:13,453] Epoch: 171, Dataset: val, Dice: 0.8725, IoU: 0.8019
[2026-03-10 20:12:30,385] Epoch: 172, Dataset: test, Dice: 0.9331, IoU: 0.8813
[2026-03-10 20:12:31,438] Epoch: 172, Dataset: val, Dice: 0.8747, IoU: 0.8073
[2026-03-10 20:12:48,351] Epoch: 173, Dataset: test, Dice: 0.9340, IoU: 0.8821
[2026-03-10 20:12:49,367] Epoch: 173, Dataset: val, Dice: 0.8786, IoU: 0.8129
[2026-03-10 20:13:06,448] Epoch: 174, Dataset: test, Dice: 0.9315, IoU: 0.8791
[2026-03-10 20:13:07,510] Epoch: 174, Dataset: val, Dice: 0.8803, IoU: 0.8149
[2026-03-10 20:13:24,422] Epoch: 175, Dataset: test, Dice: 0.9375, IoU: 0.8873
[2026-03-10 20:13:25,488] Epoch: 175, Dataset: val, Dice: 0.8742, IoU: 0.8036
[2026-03-10 20:13:48,221] Epoch: 176, Dataset: test, Dice: 0.9368, IoU: 0.8863
[2026-03-10 20:13:49,804] Epoch: 176, Dataset: val, Dice: 0.8769, IoU: 0.8072
[2026-03-10 20:14:07,410] Epoch: 177, Dataset: test, Dice: 0.9341, IoU: 0.8829
[2026-03-10 20:14:08,413] Epoch: 177, Dataset: val, Dice: 0.8927, IoU: 0.8261
[2026-03-10 20:14:25,274] Epoch: 178, Dataset: test, Dice: 0.9337, IoU: 0.8818
[2026-03-10 20:14:26,304] Epoch: 178, Dataset: val, Dice: 0.8768, IoU: 0.8092
[2026-03-10 20:14:43,213] Epoch: 179, Dataset: test, Dice: 0.9360, IoU: 0.8851
[2026-03-10 20:14:44,248] Epoch: 179, Dataset: val, Dice: 0.8832, IoU: 0.8144
[2026-03-10 20:15:01,240] Epoch: 180, Dataset: test, Dice: 0.9307, IoU: 0.8768
[2026-03-10 20:15:02,295] Epoch: 180, Dataset: val, Dice: 0.8788, IoU: 0.8089
[2026-03-10 20:15:24,506] Epoch: 181, Dataset: test, Dice: 0.9324, IoU: 0.8801
[2026-03-10 20:15:25,617] Epoch: 181, Dataset: val, Dice: 0.8854, IoU: 0.8193
[2026-03-10 20:15:42,924] Epoch: 182, Dataset: test, Dice: 0.9329, IoU: 0.8809
[2026-03-10 20:15:44,437] Epoch: 182, Dataset: val, Dice: 0.8841, IoU: 0.8202
[2026-03-10 20:16:01,358] Epoch: 183, Dataset: test, Dice: 0.9353, IoU: 0.8836
[2026-03-10 20:16:02,365] Epoch: 183, Dataset: val, Dice: 0.8841, IoU: 0.8172
[2026-03-10 20:16:19,227] Epoch: 184, Dataset: test, Dice: 0.9328, IoU: 0.8801
[2026-03-10 20:16:20,289] Epoch: 184, Dataset: val, Dice: 0.8852, IoU: 0.8151
[2026-03-10 20:16:37,216] Epoch: 185, Dataset: test, Dice: 0.9371, IoU: 0.8862
[2026-03-10 20:16:38,242] Epoch: 185, Dataset: val, Dice: 0.8897, IoU: 0.8214
[2026-03-10 20:16:55,170] Epoch: 186, Dataset: test, Dice: 0.9328, IoU: 0.8807
[2026-03-10 20:16:56,214] Epoch: 186, Dataset: val, Dice: 0.8837, IoU: 0.8150
[2026-03-10 20:17:13,131] Epoch: 187, Dataset: test, Dice: 0.9336, IoU: 0.8827
[2026-03-10 20:17:14,196] Epoch: 187, Dataset: val, Dice: 0.8712, IoU: 0.7999
[2026-03-10 20:17:31,049] Epoch: 188, Dataset: test, Dice: 0.9346, IoU: 0.8822
[2026-03-10 20:17:32,088] Epoch: 188, Dataset: val, Dice: 0.8817, IoU: 0.8117
[2026-03-10 20:17:54,775] Epoch: 189, Dataset: test, Dice: 0.9354, IoU: 0.8845
[2026-03-10 20:17:56,188] Epoch: 189, Dataset: val, Dice: 0.8763, IoU: 0.8083
[2026-03-10 20:18:13,682] Epoch: 190, Dataset: test, Dice: 0.9345, IoU: 0.8833
[2026-03-10 20:18:14,733] Epoch: 190, Dataset: val, Dice: 0.8925, IoU: 0.8263
[2026-03-10 20:18:31,653] Epoch: 191, Dataset: test, Dice: 0.9356, IoU: 0.8843
[2026-03-10 20:18:32,702] Epoch: 191, Dataset: val, Dice: 0.8888, IoU: 0.8220
[2026-03-10 20:18:49,580] Epoch: 192, Dataset: test, Dice: 0.9350, IoU: 0.8841
[2026-03-10 20:19:01,581] Epoch: 192, Dataset: val, Dice: 0.8846, IoU: 0.8168
[2026-03-10 20:19:19,118] Epoch: 193, Dataset: test, Dice: 0.9333, IoU: 0.8812
[2026-03-10 20:19:20,167] Epoch: 193, Dataset: val, Dice: 0.8877, IoU: 0.8217
[2026-03-10 20:19:37,118] Epoch: 194, Dataset: test, Dice: 0.9315, IoU: 0.8791
[2026-03-10 20:19:38,157] Epoch: 194, Dataset: val, Dice: 0.8868, IoU: 0.8192
[2026-03-10 20:19:55,029] Epoch: 195, Dataset: test, Dice: 0.9329, IoU: 0.8809
[2026-03-10 20:19:56,072] Epoch: 195, Dataset: val, Dice: 0.8911, IoU: 0.8264
[2026-03-10 20:20:12,999] Epoch: 196, Dataset: test, Dice: 0.9329, IoU: 0.8807
[2026-03-10 20:20:14,013] Epoch: 196, Dataset: val, Dice: 0.8866, IoU: 0.8194
[2026-03-10 20:20:31,243] Epoch: 197, Dataset: test, Dice: 0.9340, IoU: 0.8826
[2026-03-10 20:20:32,663] Epoch: 197, Dataset: val, Dice: 0.8787, IoU: 0.8119
[2026-03-10 20:20:49,603] Epoch: 198, Dataset: test, Dice: 0.9318, IoU: 0.8802
[2026-03-10 20:20:50,634] Epoch: 198, Dataset: val, Dice: 0.8972, IoU: 0.8327
[2026-03-10 20:21:17,802] Epoch: 199, Dataset: test, Dice: 0.9346, IoU: 0.8831
[2026-03-10 20:21:19,239] Epoch: 199, Dataset: val, Dice: 0.8806, IoU: 0.8128
[2026-03-10 20:21:36,749] Epoch: 200, Dataset: test, Dice: 0.9307, IoU: 0.8772
[2026-03-10 20:21:37,782] Epoch: 200, Dataset: val, Dice: 0.8816, IoU: 0.8134
[2026-03-10 20:21:37,783] 
========================================
FINAL RESULTS: ClinicDB_MK_UNet_bs8_lr0.0005_e200_augTrue_run1_t191912
Best Val Dice: 0.8977
Test Dice at Best Val: 0.9294
Total Train Time: 3212.18s
========================================
