[2026-03-10 21:23:37,443] flops: 0.619251354, params: 0.315566, Total params: : 0.3156
[2026-03-10 21:23:54,966] Epoch: 1, Dataset: test, Dice: 0.2452, IoU: 0.1656
[2026-03-10 21:23:56,034] Epoch: 1, Dataset: val, Dice: 0.3267, IoU: 0.2276
[2026-03-10 21:23:56,034] ### Best Model Saved (Dice improved from 0.0000 to 0.3267) ###
[2026-03-10 21:24:13,026] Epoch: 2, Dataset: test, Dice: 0.4169, IoU: 0.2980
[2026-03-10 21:24:14,037] Epoch: 2, Dataset: val, Dice: 0.4440, IoU: 0.3279
[2026-03-10 21:24:14,038] ### Best Model Saved (Dice improved from 0.3267 to 0.4440) ###
[2026-03-10 21:24:31,060] Epoch: 3, Dataset: test, Dice: 0.5737, IoU: 0.4361
[2026-03-10 21:24:32,100] Epoch: 3, Dataset: val, Dice: 0.5421, IoU: 0.4209
[2026-03-10 21:24:32,100] ### Best Model Saved (Dice improved from 0.4440 to 0.5421) ###
[2026-03-10 21:24:54,610] Epoch: 4, Dataset: test, Dice: 0.5775, IoU: 0.4463
[2026-03-10 21:24:55,684] Epoch: 4, Dataset: val, Dice: 0.5524, IoU: 0.4333
[2026-03-10 21:24:55,684] ### Best Model Saved (Dice improved from 0.5421 to 0.5524) ###
[2026-03-10 21:25:12,751] Epoch: 5, Dataset: test, Dice: 0.6067, IoU: 0.4798
[2026-03-10 21:25:13,794] Epoch: 5, Dataset: val, Dice: 0.6196, IoU: 0.4993
[2026-03-10 21:25:13,794] ### Best Model Saved (Dice improved from 0.5524 to 0.6196) ###
[2026-03-10 21:25:30,825] Epoch: 6, Dataset: test, Dice: 0.6589, IoU: 0.5292
[2026-03-10 21:25:31,939] Epoch: 6, Dataset: val, Dice: 0.5889, IoU: 0.4731
[2026-03-10 21:25:49,151] Epoch: 7, Dataset: test, Dice: 0.6094, IoU: 0.4807
[2026-03-10 21:25:50,164] Epoch: 7, Dataset: val, Dice: 0.5439, IoU: 0.4232
[2026-03-10 21:26:07,182] Epoch: 8, Dataset: test, Dice: 0.5819, IoU: 0.4629
[2026-03-10 21:26:08,442] Epoch: 8, Dataset: val, Dice: 0.5265, IoU: 0.4111
[2026-03-10 21:26:25,547] Epoch: 9, Dataset: test, Dice: 0.7161, IoU: 0.5952
[2026-03-10 21:26:26,632] Epoch: 9, Dataset: val, Dice: 0.6690, IoU: 0.5446
[2026-03-10 21:26:26,632] ### Best Model Saved (Dice improved from 0.6196 to 0.6690) ###
[2026-03-10 21:26:43,682] Epoch: 10, Dataset: test, Dice: 0.7210, IoU: 0.6037
[2026-03-10 21:26:44,724] Epoch: 10, Dataset: val, Dice: 0.6243, IoU: 0.5003
[2026-03-10 21:27:01,758] Epoch: 11, Dataset: test, Dice: 0.7617, IoU: 0.6639
[2026-03-10 21:27:03,021] Epoch: 11, Dataset: val, Dice: 0.6940, IoU: 0.5742
[2026-03-10 21:27:03,021] ### Best Model Saved (Dice improved from 0.6690 to 0.6940) ###
[2026-03-10 21:27:20,140] Epoch: 12, Dataset: test, Dice: 0.8260, IoU: 0.7296
[2026-03-10 21:27:21,256] Epoch: 12, Dataset: val, Dice: 0.7078, IoU: 0.5980
[2026-03-10 21:27:21,256] ### Best Model Saved (Dice improved from 0.6940 to 0.7078) ###
[2026-03-10 21:27:38,266] Epoch: 13, Dataset: test, Dice: 0.5876, IoU: 0.4465
[2026-03-10 21:27:39,322] Epoch: 13, Dataset: val, Dice: 0.5712, IoU: 0.4381
[2026-03-10 21:27:56,449] Epoch: 14, Dataset: test, Dice: 0.8227, IoU: 0.7338
[2026-03-10 21:27:57,541] Epoch: 14, Dataset: val, Dice: 0.7302, IoU: 0.6203
[2026-03-10 21:27:57,541] ### Best Model Saved (Dice improved from 0.7078 to 0.7302) ###
[2026-03-10 21:28:14,643] Epoch: 15, Dataset: test, Dice: 0.8463, IoU: 0.7573
[2026-03-10 21:28:15,692] Epoch: 15, Dataset: val, Dice: 0.7736, IoU: 0.6699
[2026-03-10 21:28:15,692] ### Best Model Saved (Dice improved from 0.7302 to 0.7736) ###
[2026-03-10 21:28:32,813] Epoch: 16, Dataset: test, Dice: 0.7207, IoU: 0.6159
[2026-03-10 21:28:33,916] Epoch: 16, Dataset: val, Dice: 0.6640, IoU: 0.5408
[2026-03-10 21:28:50,998] Epoch: 17, Dataset: test, Dice: 0.6898, IoU: 0.5742
[2026-03-10 21:28:52,100] Epoch: 17, Dataset: val, Dice: 0.6704, IoU: 0.5437
[2026-03-10 21:29:14,309] Epoch: 18, Dataset: test, Dice: 0.8114, IoU: 0.7154
[2026-03-10 21:29:15,372] Epoch: 18, Dataset: val, Dice: 0.7312, IoU: 0.6196
[2026-03-10 21:29:32,340] Epoch: 19, Dataset: test, Dice: 0.8702, IoU: 0.7918
[2026-03-10 21:29:33,387] Epoch: 19, Dataset: val, Dice: 0.8186, IoU: 0.7320
[2026-03-10 21:29:33,387] ### Best Model Saved (Dice improved from 0.7736 to 0.8186) ###
[2026-03-10 21:29:50,464] Epoch: 20, Dataset: test, Dice: 0.7692, IoU: 0.6628
[2026-03-10 21:29:51,583] Epoch: 20, Dataset: val, Dice: 0.6639, IoU: 0.5458
[2026-03-10 21:30:13,709] Epoch: 21, Dataset: test, Dice: 0.8768, IoU: 0.8047
[2026-03-10 21:30:14,768] Epoch: 21, Dataset: val, Dice: 0.8133, IoU: 0.7125
[2026-03-10 21:30:31,792] Epoch: 22, Dataset: test, Dice: 0.8790, IoU: 0.7991
[2026-03-10 21:30:32,876] Epoch: 22, Dataset: val, Dice: 0.8293, IoU: 0.7341
[2026-03-10 21:30:32,877] ### Best Model Saved (Dice improved from 0.8186 to 0.8293) ###
[2026-03-10 21:30:50,045] Epoch: 23, Dataset: test, Dice: 0.8845, IoU: 0.8134
[2026-03-10 21:30:51,095] Epoch: 23, Dataset: val, Dice: 0.7942, IoU: 0.7061
[2026-03-10 21:31:08,089] Epoch: 24, Dataset: test, Dice: 0.8795, IoU: 0.8029
[2026-03-10 21:31:09,173] Epoch: 24, Dataset: val, Dice: 0.7893, IoU: 0.6867
[2026-03-10 21:31:26,209] Epoch: 25, Dataset: test, Dice: 0.8767, IoU: 0.7983
[2026-03-10 21:31:27,370] Epoch: 25, Dataset: val, Dice: 0.7968, IoU: 0.7044
[2026-03-10 21:31:44,383] Epoch: 26, Dataset: test, Dice: 0.8393, IoU: 0.7504
[2026-03-10 21:31:50,937] Epoch: 26, Dataset: val, Dice: 0.7745, IoU: 0.6668
[2026-03-10 21:32:08,142] Epoch: 27, Dataset: test, Dice: 0.8846, IoU: 0.8121
[2026-03-10 21:32:09,246] Epoch: 27, Dataset: val, Dice: 0.8330, IoU: 0.7390
[2026-03-10 21:32:09,246] ### Best Model Saved (Dice improved from 0.8293 to 0.8330) ###
[2026-03-10 21:32:26,397] Epoch: 28, Dataset: test, Dice: 0.8635, IoU: 0.7825
[2026-03-10 21:32:27,453] Epoch: 28, Dataset: val, Dice: 0.7858, IoU: 0.6824
[2026-03-10 21:32:44,449] Epoch: 29, Dataset: test, Dice: 0.8774, IoU: 0.7972
[2026-03-10 21:32:45,572] Epoch: 29, Dataset: val, Dice: 0.7919, IoU: 0.6923
[2026-03-10 21:33:02,939] Epoch: 30, Dataset: test, Dice: 0.8624, IoU: 0.7905
[2026-03-10 21:33:04,603] Epoch: 30, Dataset: val, Dice: 0.7982, IoU: 0.6998
[2026-03-10 21:33:22,904] Epoch: 31, Dataset: test, Dice: 0.8405, IoU: 0.7530
[2026-03-10 21:33:24,163] Epoch: 31, Dataset: val, Dice: 0.7790, IoU: 0.6708
[2026-03-10 21:33:41,366] Epoch: 32, Dataset: test, Dice: 0.8770, IoU: 0.8074
[2026-03-10 21:33:42,625] Epoch: 32, Dataset: val, Dice: 0.8164, IoU: 0.7234
[2026-03-10 21:33:59,783] Epoch: 33, Dataset: test, Dice: 0.8576, IoU: 0.7838
[2026-03-10 21:34:00,908] Epoch: 33, Dataset: val, Dice: 0.8193, IoU: 0.7345
[2026-03-10 21:34:17,992] Epoch: 34, Dataset: test, Dice: 0.8129, IoU: 0.7287
[2026-03-10 21:34:19,084] Epoch: 34, Dataset: val, Dice: 0.7790, IoU: 0.6731
[2026-03-10 21:34:36,325] Epoch: 35, Dataset: test, Dice: 0.9039, IoU: 0.8368
[2026-03-10 21:34:38,236] Epoch: 35, Dataset: val, Dice: 0.8065, IoU: 0.7156
[2026-03-10 21:35:01,344] Epoch: 36, Dataset: test, Dice: 0.8661, IoU: 0.7861
[2026-03-10 21:35:02,664] Epoch: 36, Dataset: val, Dice: 0.8112, IoU: 0.7169
[2026-03-10 21:35:20,529] Epoch: 37, Dataset: test, Dice: 0.8907, IoU: 0.8179
[2026-03-10 21:35:21,616] Epoch: 37, Dataset: val, Dice: 0.8051, IoU: 0.7117
[2026-03-10 21:35:38,746] Epoch: 38, Dataset: test, Dice: 0.8845, IoU: 0.8169
[2026-03-10 21:35:39,748] Epoch: 38, Dataset: val, Dice: 0.8499, IoU: 0.7662
[2026-03-10 21:35:39,748] ### Best Model Saved (Dice improved from 0.8330 to 0.8499) ###
[2026-03-10 21:35:56,988] Epoch: 39, Dataset: test, Dice: 0.8805, IoU: 0.8086
[2026-03-10 21:35:58,050] Epoch: 39, Dataset: val, Dice: 0.8195, IoU: 0.7251
[2026-03-10 21:36:15,124] Epoch: 40, Dataset: test, Dice: 0.8782, IoU: 0.8146
[2026-03-10 21:36:16,258] Epoch: 40, Dataset: val, Dice: 0.8535, IoU: 0.7689
[2026-03-10 21:36:16,258] ### Best Model Saved (Dice improved from 0.8499 to 0.8535) ###
[2026-03-10 21:36:33,421] Epoch: 41, Dataset: test, Dice: 0.8794, IoU: 0.8050
[2026-03-10 21:36:34,435] Epoch: 41, Dataset: val, Dice: 0.8160, IoU: 0.7180
[2026-03-10 21:36:51,534] Epoch: 42, Dataset: test, Dice: 0.9120, IoU: 0.8509
[2026-03-10 21:36:52,595] Epoch: 42, Dataset: val, Dice: 0.8270, IoU: 0.7345
[2026-03-10 21:37:09,685] Epoch: 43, Dataset: test, Dice: 0.8722, IoU: 0.8077
[2026-03-10 21:37:10,786] Epoch: 43, Dataset: val, Dice: 0.8204, IoU: 0.7307
[2026-03-10 21:37:27,775] Epoch: 44, Dataset: test, Dice: 0.8962, IoU: 0.8287
[2026-03-10 21:37:28,946] Epoch: 44, Dataset: val, Dice: 0.8597, IoU: 0.7744
[2026-03-10 21:37:28,946] ### Best Model Saved (Dice improved from 0.8535 to 0.8597) ###
[2026-03-10 21:37:46,094] Epoch: 45, Dataset: test, Dice: 0.8785, IoU: 0.8152
[2026-03-10 21:37:52,336] Epoch: 45, Dataset: val, Dice: 0.8333, IoU: 0.7385
[2026-03-10 21:38:09,506] Epoch: 46, Dataset: test, Dice: 0.9282, IoU: 0.8701
[2026-03-10 21:38:10,625] Epoch: 46, Dataset: val, Dice: 0.8759, IoU: 0.8004
[2026-03-10 21:38:10,625] ### Best Model Saved (Dice improved from 0.8597 to 0.8759) ###
[2026-03-10 21:38:27,694] Epoch: 47, Dataset: test, Dice: 0.9220, IoU: 0.8662
[2026-03-10 21:38:28,852] Epoch: 47, Dataset: val, Dice: 0.8696, IoU: 0.7947
[2026-03-10 21:38:45,929] Epoch: 48, Dataset: test, Dice: 0.9198, IoU: 0.8596
[2026-03-10 21:38:52,235] Epoch: 48, Dataset: val, Dice: 0.8739, IoU: 0.7985
[2026-03-10 21:39:09,501] Epoch: 49, Dataset: test, Dice: 0.8945, IoU: 0.8244
[2026-03-10 21:39:10,602] Epoch: 49, Dataset: val, Dice: 0.8575, IoU: 0.7761
[2026-03-10 21:39:27,676] Epoch: 50, Dataset: test, Dice: 0.9191, IoU: 0.8578
[2026-03-10 21:39:28,753] Epoch: 50, Dataset: val, Dice: 0.8648, IoU: 0.7850
[2026-03-10 21:39:45,735] Epoch: 51, Dataset: test, Dice: 0.8914, IoU: 0.8286
[2026-03-10 21:39:46,746] Epoch: 51, Dataset: val, Dice: 0.8535, IoU: 0.7711
[2026-03-10 21:40:03,696] Epoch: 52, Dataset: test, Dice: 0.9156, IoU: 0.8547
[2026-03-10 21:40:04,772] Epoch: 52, Dataset: val, Dice: 0.8526, IoU: 0.7692
[2026-03-10 21:40:21,918] Epoch: 53, Dataset: test, Dice: 0.9152, IoU: 0.8552
[2026-03-10 21:40:23,009] Epoch: 53, Dataset: val, Dice: 0.8148, IoU: 0.7280
[2026-03-10 21:40:39,970] Epoch: 54, Dataset: test, Dice: 0.8949, IoU: 0.8296
[2026-03-10 21:40:41,072] Epoch: 54, Dataset: val, Dice: 0.8174, IoU: 0.7259
[2026-03-10 21:40:58,046] Epoch: 55, Dataset: test, Dice: 0.9207, IoU: 0.8627
[2026-03-10 21:41:04,326] Epoch: 55, Dataset: val, Dice: 0.8461, IoU: 0.7627
[2026-03-10 21:41:21,275] Epoch: 56, Dataset: test, Dice: 0.9292, IoU: 0.8746
[2026-03-10 21:41:22,375] Epoch: 56, Dataset: val, Dice: 0.8734, IoU: 0.8028
[2026-03-10 21:41:39,457] Epoch: 57, Dataset: test, Dice: 0.9177, IoU: 0.8563
[2026-03-10 21:41:40,526] Epoch: 57, Dataset: val, Dice: 0.8539, IoU: 0.7748
[2026-03-10 21:41:57,505] Epoch: 58, Dataset: test, Dice: 0.9292, IoU: 0.8726
[2026-03-10 21:41:58,600] Epoch: 58, Dataset: val, Dice: 0.8635, IoU: 0.7842
[2026-03-10 21:42:15,662] Epoch: 59, Dataset: test, Dice: 0.9085, IoU: 0.8476
[2026-03-10 21:42:16,807] Epoch: 59, Dataset: val, Dice: 0.8728, IoU: 0.7970
[2026-03-10 21:42:33,774] Epoch: 60, Dataset: test, Dice: 0.9106, IoU: 0.8498
[2026-03-10 21:42:34,819] Epoch: 60, Dataset: val, Dice: 0.8761, IoU: 0.8008
[2026-03-10 21:42:34,819] ### Best Model Saved (Dice improved from 0.8759 to 0.8761) ###
[2026-03-10 21:42:51,799] Epoch: 61, Dataset: test, Dice: 0.9215, IoU: 0.8614
[2026-03-10 21:42:52,869] Epoch: 61, Dataset: val, Dice: 0.8708, IoU: 0.7954
[2026-03-10 21:43:09,924] Epoch: 62, Dataset: test, Dice: 0.9104, IoU: 0.8485
[2026-03-10 21:43:11,126] Epoch: 62, Dataset: val, Dice: 0.8766, IoU: 0.8005
[2026-03-10 21:43:11,126] ### Best Model Saved (Dice improved from 0.8761 to 0.8766) ###
[2026-03-10 21:43:28,196] Epoch: 63, Dataset: test, Dice: 0.9216, IoU: 0.8671
[2026-03-10 21:43:29,295] Epoch: 63, Dataset: val, Dice: 0.8795, IoU: 0.8040
[2026-03-10 21:43:29,295] ### Best Model Saved (Dice improved from 0.8766 to 0.8795) ###
[2026-03-10 21:43:46,390] Epoch: 64, Dataset: test, Dice: 0.9229, IoU: 0.8658
[2026-03-10 21:43:47,443] Epoch: 64, Dataset: val, Dice: 0.8842, IoU: 0.8120
[2026-03-10 21:43:47,443] ### Best Model Saved (Dice improved from 0.8795 to 0.8842) ###
[2026-03-10 21:44:04,500] Epoch: 65, Dataset: test, Dice: 0.9059, IoU: 0.8476
[2026-03-10 21:44:05,590] Epoch: 65, Dataset: val, Dice: 0.8586, IoU: 0.7791
[2026-03-10 21:44:22,562] Epoch: 66, Dataset: test, Dice: 0.9195, IoU: 0.8638
[2026-03-10 21:44:23,654] Epoch: 66, Dataset: val, Dice: 0.8943, IoU: 0.8267
[2026-03-10 21:44:23,654] ### Best Model Saved (Dice improved from 0.8842 to 0.8943) ###
[2026-03-10 21:44:40,768] Epoch: 67, Dataset: test, Dice: 0.9145, IoU: 0.8554
[2026-03-10 21:44:41,803] Epoch: 67, Dataset: val, Dice: 0.8823, IoU: 0.8122
[2026-03-10 21:44:58,855] Epoch: 68, Dataset: test, Dice: 0.9319, IoU: 0.8793
[2026-03-10 21:44:59,917] Epoch: 68, Dataset: val, Dice: 0.8805, IoU: 0.8100
[2026-03-10 21:45:17,034] Epoch: 69, Dataset: test, Dice: 0.9103, IoU: 0.8502
[2026-03-10 21:45:18,084] Epoch: 69, Dataset: val, Dice: 0.8815, IoU: 0.8075
[2026-03-10 21:45:35,164] Epoch: 70, Dataset: test, Dice: 0.9087, IoU: 0.8445
[2026-03-10 21:45:36,257] Epoch: 70, Dataset: val, Dice: 0.8637, IoU: 0.7824
[2026-03-10 21:45:58,403] Epoch: 71, Dataset: test, Dice: 0.9241, IoU: 0.8665
[2026-03-10 21:45:59,534] Epoch: 71, Dataset: val, Dice: 0.8808, IoU: 0.8072
[2026-03-10 21:46:16,525] Epoch: 72, Dataset: test, Dice: 0.9336, IoU: 0.8788
[2026-03-10 21:46:17,588] Epoch: 72, Dataset: val, Dice: 0.9002, IoU: 0.8301
[2026-03-10 21:46:17,588] ### Best Model Saved (Dice improved from 0.8943 to 0.9002) ###
[2026-03-10 21:46:34,702] Epoch: 73, Dataset: test, Dice: 0.9274, IoU: 0.8711
[2026-03-10 21:46:35,777] Epoch: 73, Dataset: val, Dice: 0.8563, IoU: 0.7759
[2026-03-10 21:46:52,780] Epoch: 74, Dataset: test, Dice: 0.9310, IoU: 0.8760
[2026-03-10 21:46:59,047] Epoch: 74, Dataset: val, Dice: 0.8888, IoU: 0.8115
[2026-03-10 21:47:16,400] Epoch: 75, Dataset: test, Dice: 0.9195, IoU: 0.8646
[2026-03-10 21:47:17,472] Epoch: 75, Dataset: val, Dice: 0.8473, IoU: 0.7645
[2026-03-10 21:47:34,487] Epoch: 76, Dataset: test, Dice: 0.9381, IoU: 0.8881
[2026-03-10 21:47:35,551] Epoch: 76, Dataset: val, Dice: 0.8846, IoU: 0.8113
[2026-03-10 21:47:52,566] Epoch: 77, Dataset: test, Dice: 0.9367, IoU: 0.8864
[2026-03-10 21:47:53,594] Epoch: 77, Dataset: val, Dice: 0.8897, IoU: 0.8231
[2026-03-10 21:48:10,606] Epoch: 78, Dataset: test, Dice: 0.9377, IoU: 0.8856
[2026-03-10 21:48:11,663] Epoch: 78, Dataset: val, Dice: 0.8913, IoU: 0.8191
[2026-03-10 21:48:28,584] Epoch: 79, Dataset: test, Dice: 0.9277, IoU: 0.8711
[2026-03-10 21:48:29,659] Epoch: 79, Dataset: val, Dice: 0.8747, IoU: 0.8025
[2026-03-10 21:48:46,610] Epoch: 80, Dataset: test, Dice: 0.9271, IoU: 0.8710
[2026-03-10 21:48:47,602] Epoch: 80, Dataset: val, Dice: 0.8844, IoU: 0.8127
[2026-03-10 21:49:04,568] Epoch: 81, Dataset: test, Dice: 0.9271, IoU: 0.8745
[2026-03-10 21:49:05,589] Epoch: 81, Dataset: val, Dice: 0.8948, IoU: 0.8246
[2026-03-10 21:49:22,527] Epoch: 82, Dataset: test, Dice: 0.9369, IoU: 0.8865
[2026-03-10 21:49:23,532] Epoch: 82, Dataset: val, Dice: 0.8943, IoU: 0.8265
[2026-03-10 21:49:40,510] Epoch: 83, Dataset: test, Dice: 0.9202, IoU: 0.8627
[2026-03-10 21:49:41,533] Epoch: 83, Dataset: val, Dice: 0.8900, IoU: 0.8220
[2026-03-10 21:49:58,493] Epoch: 84, Dataset: test, Dice: 0.9178, IoU: 0.8607
[2026-03-10 21:49:59,504] Epoch: 84, Dataset: val, Dice: 0.8939, IoU: 0.8238
[2026-03-10 21:50:16,435] Epoch: 85, Dataset: test, Dice: 0.9243, IoU: 0.8727
[2026-03-10 21:50:17,461] Epoch: 85, Dataset: val, Dice: 0.8810, IoU: 0.8040
[2026-03-10 21:50:34,456] Epoch: 86, Dataset: test, Dice: 0.9181, IoU: 0.8636
[2026-03-10 21:50:35,469] Epoch: 86, Dataset: val, Dice: 0.8788, IoU: 0.8008
[2026-03-10 21:50:52,477] Epoch: 87, Dataset: test, Dice: 0.9292, IoU: 0.8761
[2026-03-10 21:50:53,500] Epoch: 87, Dataset: val, Dice: 0.8822, IoU: 0.8111
[2026-03-10 21:51:10,443] Epoch: 88, Dataset: test, Dice: 0.9348, IoU: 0.8810
[2026-03-10 21:51:12,126] Epoch: 88, Dataset: val, Dice: 0.8530, IoU: 0.7765
[2026-03-10 21:51:29,083] Epoch: 89, Dataset: test, Dice: 0.9269, IoU: 0.8725
[2026-03-10 21:51:35,184] Epoch: 89, Dataset: val, Dice: 0.8908, IoU: 0.8224
[2026-03-10 21:51:52,152] Epoch: 90, Dataset: test, Dice: 0.9244, IoU: 0.8641
[2026-03-10 21:51:53,175] Epoch: 90, Dataset: val, Dice: 0.8797, IoU: 0.8038
[2026-03-10 21:52:10,099] Epoch: 91, Dataset: test, Dice: 0.9391, IoU: 0.8884
[2026-03-10 21:52:11,169] Epoch: 91, Dataset: val, Dice: 0.8833, IoU: 0.8155
[2026-03-10 21:52:28,200] Epoch: 92, Dataset: test, Dice: 0.9312, IoU: 0.8783
[2026-03-10 21:52:29,224] Epoch: 92, Dataset: val, Dice: 0.8985, IoU: 0.8360
[2026-03-10 21:52:52,472] Epoch: 93, Dataset: test, Dice: 0.9307, IoU: 0.8757
[2026-03-10 21:52:54,146] Epoch: 93, Dataset: val, Dice: 0.9028, IoU: 0.8397
[2026-03-10 21:52:54,147] ### Best Model Saved (Dice improved from 0.9002 to 0.9028) ###
[2026-03-10 21:53:13,266] Epoch: 94, Dataset: test, Dice: 0.9181, IoU: 0.8583
[2026-03-10 21:53:17,915] Epoch: 94, Dataset: val, Dice: 0.8804, IoU: 0.8116
[2026-03-10 21:53:36,972] Epoch: 95, Dataset: test, Dice: 0.9295, IoU: 0.8767
[2026-03-10 21:53:38,517] Epoch: 95, Dataset: val, Dice: 0.8981, IoU: 0.8329
[2026-03-10 21:53:56,609] Epoch: 96, Dataset: test, Dice: 0.9336, IoU: 0.8823
[2026-03-10 21:53:58,646] Epoch: 96, Dataset: val, Dice: 0.8877, IoU: 0.8203
[2026-03-10 21:54:18,360] Epoch: 97, Dataset: test, Dice: 0.9400, IoU: 0.8909
[2026-03-10 21:54:20,209] Epoch: 97, Dataset: val, Dice: 0.8883, IoU: 0.8238
[2026-03-10 21:54:39,086] Epoch: 98, Dataset: test, Dice: 0.9345, IoU: 0.8814
[2026-03-10 21:54:40,636] Epoch: 98, Dataset: val, Dice: 0.8751, IoU: 0.8053
[2026-03-10 21:54:58,364] Epoch: 99, Dataset: test, Dice: 0.9353, IoU: 0.8838
[2026-03-10 21:55:10,122] Epoch: 99, Dataset: val, Dice: 0.8929, IoU: 0.8256
[2026-03-10 21:55:29,122] Epoch: 100, Dataset: test, Dice: 0.9358, IoU: 0.8860
[2026-03-10 21:55:30,520] Epoch: 100, Dataset: val, Dice: 0.9067, IoU: 0.8420
[2026-03-10 21:55:30,520] ### Best Model Saved (Dice improved from 0.9028 to 0.9067) ###
[2026-03-10 21:55:50,895] Epoch: 101, Dataset: test, Dice: 0.9261, IoU: 0.8732
[2026-03-10 21:55:52,501] Epoch: 101, Dataset: val, Dice: 0.8957, IoU: 0.8297
[2026-03-10 21:56:10,987] Epoch: 102, Dataset: test, Dice: 0.9347, IoU: 0.8834
[2026-03-10 21:56:12,078] Epoch: 102, Dataset: val, Dice: 0.9010, IoU: 0.8363
[2026-03-10 21:56:30,518] Epoch: 103, Dataset: test, Dice: 0.9341, IoU: 0.8834
[2026-03-10 21:56:31,705] Epoch: 103, Dataset: val, Dice: 0.9093, IoU: 0.8479
[2026-03-10 21:56:31,705] ### Best Model Saved (Dice improved from 0.9067 to 0.9093) ###
[2026-03-10 21:56:50,053] Epoch: 104, Dataset: test, Dice: 0.9298, IoU: 0.8791
[2026-03-10 21:56:51,435] Epoch: 104, Dataset: val, Dice: 0.8870, IoU: 0.8210
[2026-03-10 21:57:09,635] Epoch: 105, Dataset: test, Dice: 0.9334, IoU: 0.8804
[2026-03-10 21:57:10,920] Epoch: 105, Dataset: val, Dice: 0.9033, IoU: 0.8411
[2026-03-10 21:57:30,193] Epoch: 106, Dataset: test, Dice: 0.9230, IoU: 0.8669
[2026-03-10 21:57:32,676] Epoch: 106, Dataset: val, Dice: 0.9012, IoU: 0.8354
[2026-03-10 21:57:50,593] Epoch: 107, Dataset: test, Dice: 0.9369, IoU: 0.8862
[2026-03-10 21:57:51,641] Epoch: 107, Dataset: val, Dice: 0.9072, IoU: 0.8451
[2026-03-10 21:58:20,294] Epoch: 108, Dataset: test, Dice: 0.9419, IoU: 0.8930
[2026-03-10 21:58:22,379] Epoch: 108, Dataset: val, Dice: 0.9031, IoU: 0.8386
[2026-03-10 21:58:42,107] Epoch: 109, Dataset: test, Dice: 0.9407, IoU: 0.8917
[2026-03-10 21:58:44,109] Epoch: 109, Dataset: val, Dice: 0.9062, IoU: 0.8439
[2026-03-10 21:59:03,583] Epoch: 110, Dataset: test, Dice: 0.9313, IoU: 0.8782
[2026-03-10 21:59:05,040] Epoch: 110, Dataset: val, Dice: 0.8988, IoU: 0.8329
[2026-03-10 21:59:23,617] Epoch: 111, Dataset: test, Dice: 0.9354, IoU: 0.8833
[2026-03-10 21:59:25,484] Epoch: 111, Dataset: val, Dice: 0.8980, IoU: 0.8327
[2026-03-10 21:59:45,234] Epoch: 112, Dataset: test, Dice: 0.9375, IoU: 0.8870
[2026-03-10 21:59:47,228] Epoch: 112, Dataset: val, Dice: 0.9047, IoU: 0.8394
[2026-03-10 22:00:07,095] Epoch: 113, Dataset: test, Dice: 0.9208, IoU: 0.8672
[2026-03-10 22:00:09,004] Epoch: 113, Dataset: val, Dice: 0.8969, IoU: 0.8318
[2026-03-10 22:00:29,029] Epoch: 114, Dataset: test, Dice: 0.9294, IoU: 0.8783
[2026-03-10 22:00:30,871] Epoch: 114, Dataset: val, Dice: 0.8977, IoU: 0.8364
[2026-03-10 22:00:50,708] Epoch: 115, Dataset: test, Dice: 0.9285, IoU: 0.8788
[2026-03-10 22:00:52,857] Epoch: 115, Dataset: val, Dice: 0.9091, IoU: 0.8492
[2026-03-10 22:01:12,799] Epoch: 116, Dataset: test, Dice: 0.9257, IoU: 0.8751
[2026-03-10 22:01:14,712] Epoch: 116, Dataset: val, Dice: 0.8978, IoU: 0.8347
[2026-03-10 22:01:34,305] Epoch: 117, Dataset: test, Dice: 0.9161, IoU: 0.8567
[2026-03-10 22:01:36,192] Epoch: 117, Dataset: val, Dice: 0.8919, IoU: 0.8231
[2026-03-10 22:01:55,927] Epoch: 118, Dataset: test, Dice: 0.9329, IoU: 0.8811
[2026-03-10 22:01:57,799] Epoch: 118, Dataset: val, Dice: 0.9001, IoU: 0.8341
[2026-03-10 22:02:20,000] Epoch: 119, Dataset: test, Dice: 0.9315, IoU: 0.8819
[2026-03-10 22:02:22,266] Epoch: 119, Dataset: val, Dice: 0.8952, IoU: 0.8284
[2026-03-10 22:02:41,372] Epoch: 120, Dataset: test, Dice: 0.9318, IoU: 0.8777
[2026-03-10 22:02:42,629] Epoch: 120, Dataset: val, Dice: 0.9045, IoU: 0.8393
[2026-03-10 22:03:00,287] Epoch: 121, Dataset: test, Dice: 0.9188, IoU: 0.8665
[2026-03-10 22:03:01,563] Epoch: 121, Dataset: val, Dice: 0.9100, IoU: 0.8497
[2026-03-10 22:03:01,563] ### Best Model Saved (Dice improved from 0.9093 to 0.9100) ###
[2026-03-10 22:03:20,371] Epoch: 122, Dataset: test, Dice: 0.9391, IoU: 0.8896
[2026-03-10 22:03:22,114] Epoch: 122, Dataset: val, Dice: 0.9024, IoU: 0.8375
[2026-03-10 22:03:39,950] Epoch: 123, Dataset: test, Dice: 0.9350, IoU: 0.8820
[2026-03-10 22:03:41,254] Epoch: 123, Dataset: val, Dice: 0.9025, IoU: 0.8387
[2026-03-10 22:03:59,147] Epoch: 124, Dataset: test, Dice: 0.9327, IoU: 0.8790
[2026-03-10 22:04:00,627] Epoch: 124, Dataset: val, Dice: 0.8943, IoU: 0.8203
[2026-03-10 22:04:18,666] Epoch: 125, Dataset: test, Dice: 0.9274, IoU: 0.8723
[2026-03-10 22:04:22,550] Epoch: 125, Dataset: val, Dice: 0.8775, IoU: 0.8064
[2026-03-10 22:04:41,443] Epoch: 126, Dataset: test, Dice: 0.9360, IoU: 0.8831
[2026-03-10 22:04:42,516] Epoch: 126, Dataset: val, Dice: 0.8940, IoU: 0.8287
[2026-03-10 22:04:59,603] Epoch: 127, Dataset: test, Dice: 0.9407, IoU: 0.8914
[2026-03-10 22:05:00,788] Epoch: 127, Dataset: val, Dice: 0.9036, IoU: 0.8400
[2026-03-10 22:05:17,904] Epoch: 128, Dataset: test, Dice: 0.9427, IoU: 0.8955
[2026-03-10 22:05:18,967] Epoch: 128, Dataset: val, Dice: 0.9013, IoU: 0.8386
[2026-03-10 22:05:35,852] Epoch: 129, Dataset: test, Dice: 0.9250, IoU: 0.8714
[2026-03-10 22:05:36,871] Epoch: 129, Dataset: val, Dice: 0.9030, IoU: 0.8362
[2026-03-10 22:05:53,849] Epoch: 130, Dataset: test, Dice: 0.9310, IoU: 0.8787
[2026-03-10 22:05:54,899] Epoch: 130, Dataset: val, Dice: 0.9077, IoU: 0.8459
[2026-03-10 22:06:11,876] Epoch: 131, Dataset: test, Dice: 0.9382, IoU: 0.8900
[2026-03-10 22:06:12,966] Epoch: 131, Dataset: val, Dice: 0.9084, IoU: 0.8462
[2026-03-10 22:06:29,935] Epoch: 132, Dataset: test, Dice: 0.9413, IoU: 0.8937
[2026-03-10 22:06:31,036] Epoch: 132, Dataset: val, Dice: 0.9054, IoU: 0.8449
[2026-03-10 22:06:48,013] Epoch: 133, Dataset: test, Dice: 0.9429, IoU: 0.8954
[2026-03-10 22:06:49,114] Epoch: 133, Dataset: val, Dice: 0.9005, IoU: 0.8367
[2026-03-10 22:07:06,117] Epoch: 134, Dataset: test, Dice: 0.9343, IoU: 0.8847
[2026-03-10 22:07:07,216] Epoch: 134, Dataset: val, Dice: 0.8832, IoU: 0.8123
[2026-03-10 22:07:24,130] Epoch: 135, Dataset: test, Dice: 0.9248, IoU: 0.8701
[2026-03-10 22:07:25,177] Epoch: 135, Dataset: val, Dice: 0.8893, IoU: 0.8232
[2026-03-10 22:07:42,143] Epoch: 136, Dataset: test, Dice: 0.9400, IoU: 0.8911
[2026-03-10 22:07:43,195] Epoch: 136, Dataset: val, Dice: 0.9128, IoU: 0.8545
[2026-03-10 22:07:43,195] ### Best Model Saved (Dice improved from 0.9100 to 0.9128) ###
[2026-03-10 22:08:00,211] Epoch: 137, Dataset: test, Dice: 0.9384, IoU: 0.8887
[2026-03-10 22:08:01,265] Epoch: 137, Dataset: val, Dice: 0.9121, IoU: 0.8521
[2026-03-10 22:08:18,240] Epoch: 138, Dataset: test, Dice: 0.9379, IoU: 0.8875
[2026-03-10 22:08:19,298] Epoch: 138, Dataset: val, Dice: 0.9063, IoU: 0.8470
[2026-03-10 22:08:36,291] Epoch: 139, Dataset: test, Dice: 0.9411, IoU: 0.8924
[2026-03-10 22:08:37,324] Epoch: 139, Dataset: val, Dice: 0.9049, IoU: 0.8402
[2026-03-10 22:08:54,325] Epoch: 140, Dataset: test, Dice: 0.9397, IoU: 0.8913
[2026-03-10 22:08:55,364] Epoch: 140, Dataset: val, Dice: 0.9112, IoU: 0.8506
[2026-03-10 22:09:12,336] Epoch: 141, Dataset: test, Dice: 0.9353, IoU: 0.8849
[2026-03-10 22:09:13,362] Epoch: 141, Dataset: val, Dice: 0.9042, IoU: 0.8421
[2026-03-10 22:09:30,400] Epoch: 142, Dataset: test, Dice: 0.9416, IoU: 0.8925
[2026-03-10 22:09:31,489] Epoch: 142, Dataset: val, Dice: 0.8981, IoU: 0.8336
[2026-03-10 22:09:48,483] Epoch: 143, Dataset: test, Dice: 0.9396, IoU: 0.8902
[2026-03-10 22:09:49,533] Epoch: 143, Dataset: val, Dice: 0.9088, IoU: 0.8457
[2026-03-10 22:10:06,520] Epoch: 144, Dataset: test, Dice: 0.9387, IoU: 0.8895
[2026-03-10 22:10:07,609] Epoch: 144, Dataset: val, Dice: 0.9087, IoU: 0.8467
[2026-03-10 22:10:24,593] Epoch: 145, Dataset: test, Dice: 0.9403, IoU: 0.8912
[2026-03-10 22:10:25,651] Epoch: 145, Dataset: val, Dice: 0.9012, IoU: 0.8389
[2026-03-10 22:10:42,702] Epoch: 146, Dataset: test, Dice: 0.9155, IoU: 0.8560
[2026-03-10 22:10:43,727] Epoch: 146, Dataset: val, Dice: 0.8858, IoU: 0.8123
[2026-03-10 22:11:00,698] Epoch: 147, Dataset: test, Dice: 0.9260, IoU: 0.8730
[2026-03-10 22:11:01,732] Epoch: 147, Dataset: val, Dice: 0.8905, IoU: 0.8216
[2026-03-10 22:11:18,704] Epoch: 148, Dataset: test, Dice: 0.9388, IoU: 0.8889
[2026-03-10 22:11:19,801] Epoch: 148, Dataset: val, Dice: 0.9011, IoU: 0.8353
[2026-03-10 22:11:36,751] Epoch: 149, Dataset: test, Dice: 0.9393, IoU: 0.8898
[2026-03-10 22:11:37,749] Epoch: 149, Dataset: val, Dice: 0.9064, IoU: 0.8434
[2026-03-10 22:11:54,677] Epoch: 150, Dataset: test, Dice: 0.9411, IoU: 0.8932
[2026-03-10 22:11:55,729] Epoch: 150, Dataset: val, Dice: 0.9073, IoU: 0.8451
[2026-03-10 22:12:12,637] Epoch: 151, Dataset: test, Dice: 0.9424, IoU: 0.8948
[2026-03-10 22:12:13,675] Epoch: 151, Dataset: val, Dice: 0.9073, IoU: 0.8449
[2026-03-10 22:12:30,595] Epoch: 152, Dataset: test, Dice: 0.9394, IoU: 0.8901
[2026-03-10 22:12:31,698] Epoch: 152, Dataset: val, Dice: 0.9101, IoU: 0.8480
[2026-03-10 22:12:48,581] Epoch: 153, Dataset: test, Dice: 0.9389, IoU: 0.8891
[2026-03-10 22:12:49,654] Epoch: 153, Dataset: val, Dice: 0.9012, IoU: 0.8371
[2026-03-10 22:13:06,586] Epoch: 154, Dataset: test, Dice: 0.9363, IoU: 0.8854
[2026-03-10 22:13:07,642] Epoch: 154, Dataset: val, Dice: 0.9086, IoU: 0.8464
[2026-03-10 22:13:24,568] Epoch: 155, Dataset: test, Dice: 0.9412, IoU: 0.8925
[2026-03-10 22:13:25,616] Epoch: 155, Dataset: val, Dice: 0.9113, IoU: 0.8522
[2026-03-10 22:13:47,905] Epoch: 156, Dataset: test, Dice: 0.9408, IoU: 0.8918
[2026-03-10 22:13:48,979] Epoch: 156, Dataset: val, Dice: 0.9094, IoU: 0.8478
[2026-03-10 22:14:06,004] Epoch: 157, Dataset: test, Dice: 0.9388, IoU: 0.8897
[2026-03-10 22:14:07,092] Epoch: 157, Dataset: val, Dice: 0.9067, IoU: 0.8453
[2026-03-10 22:14:24,007] Epoch: 158, Dataset: test, Dice: 0.9412, IoU: 0.8931
[2026-03-10 22:14:25,093] Epoch: 158, Dataset: val, Dice: 0.9033, IoU: 0.8413
[2026-03-10 22:14:42,168] Epoch: 159, Dataset: test, Dice: 0.9405, IoU: 0.8926
[2026-03-10 22:14:43,188] Epoch: 159, Dataset: val, Dice: 0.9069, IoU: 0.8444
[2026-03-10 22:15:00,153] Epoch: 160, Dataset: test, Dice: 0.9392, IoU: 0.8906
[2026-03-10 22:15:06,237] Epoch: 160, Dataset: val, Dice: 0.9093, IoU: 0.8492
[2026-03-10 22:15:23,180] Epoch: 161, Dataset: test, Dice: 0.9388, IoU: 0.8893
[2026-03-10 22:15:24,276] Epoch: 161, Dataset: val, Dice: 0.9080, IoU: 0.8462
[2026-03-10 22:15:41,231] Epoch: 162, Dataset: test, Dice: 0.9323, IoU: 0.8809
[2026-03-10 22:15:42,271] Epoch: 162, Dataset: val, Dice: 0.9070, IoU: 0.8443
[2026-03-10 22:15:59,327] Epoch: 163, Dataset: test, Dice: 0.9372, IoU: 0.8876
[2026-03-10 22:16:00,416] Epoch: 163, Dataset: val, Dice: 0.9043, IoU: 0.8412
[2026-03-10 22:16:17,427] Epoch: 164, Dataset: test, Dice: 0.9381, IoU: 0.8883
[2026-03-10 22:16:18,444] Epoch: 164, Dataset: val, Dice: 0.9113, IoU: 0.8492
[2026-03-10 22:16:35,334] Epoch: 165, Dataset: test, Dice: 0.9383, IoU: 0.8882
[2026-03-10 22:16:36,355] Epoch: 165, Dataset: val, Dice: 0.9060, IoU: 0.8425
[2026-03-10 22:16:53,342] Epoch: 166, Dataset: test, Dice: 0.9323, IoU: 0.8806
[2026-03-10 22:16:54,344] Epoch: 166, Dataset: val, Dice: 0.9024, IoU: 0.8373
[2026-03-10 22:17:11,270] Epoch: 167, Dataset: test, Dice: 0.9409, IoU: 0.8916
[2026-03-10 22:17:12,269] Epoch: 167, Dataset: val, Dice: 0.8995, IoU: 0.8360
[2026-03-10 22:17:29,565] Epoch: 168, Dataset: test, Dice: 0.9362, IoU: 0.8879
[2026-03-10 22:17:30,965] Epoch: 168, Dataset: val, Dice: 0.9100, IoU: 0.8502
[2026-03-10 22:17:47,979] Epoch: 169, Dataset: test, Dice: 0.9385, IoU: 0.8875
[2026-03-10 22:17:49,009] Epoch: 169, Dataset: val, Dice: 0.9107, IoU: 0.8490
[2026-03-10 22:18:06,030] Epoch: 170, Dataset: test, Dice: 0.9312, IoU: 0.8787
[2026-03-10 22:18:07,074] Epoch: 170, Dataset: val, Dice: 0.9023, IoU: 0.8366
[2026-03-10 22:18:24,076] Epoch: 171, Dataset: test, Dice: 0.9362, IoU: 0.8871
[2026-03-10 22:18:25,152] Epoch: 171, Dataset: val, Dice: 0.9082, IoU: 0.8466
[2026-03-10 22:18:42,094] Epoch: 172, Dataset: test, Dice: 0.9418, IoU: 0.8935
[2026-03-10 22:18:43,098] Epoch: 172, Dataset: val, Dice: 0.9053, IoU: 0.8424
[2026-03-10 22:19:00,068] Epoch: 173, Dataset: test, Dice: 0.9395, IoU: 0.8910
[2026-03-10 22:19:01,107] Epoch: 173, Dataset: val, Dice: 0.9045, IoU: 0.8445
[2026-03-10 22:19:18,029] Epoch: 174, Dataset: test, Dice: 0.9424, IoU: 0.8945
[2026-03-10 22:19:19,088] Epoch: 174, Dataset: val, Dice: 0.9006, IoU: 0.8399
[2026-03-10 22:19:36,086] Epoch: 175, Dataset: test, Dice: 0.9414, IoU: 0.8937
[2026-03-10 22:19:37,113] Epoch: 175, Dataset: val, Dice: 0.8939, IoU: 0.8305
[2026-03-10 22:19:54,177] Epoch: 176, Dataset: test, Dice: 0.9400, IoU: 0.8906
[2026-03-10 22:19:55,175] Epoch: 176, Dataset: val, Dice: 0.9041, IoU: 0.8433
[2026-03-10 22:20:12,199] Epoch: 177, Dataset: test, Dice: 0.9393, IoU: 0.8904
[2026-03-10 22:20:13,230] Epoch: 177, Dataset: val, Dice: 0.9027, IoU: 0.8427
[2026-03-10 22:20:30,212] Epoch: 178, Dataset: test, Dice: 0.9382, IoU: 0.8890
[2026-03-10 22:20:31,247] Epoch: 178, Dataset: val, Dice: 0.9002, IoU: 0.8361
[2026-03-10 22:20:48,157] Epoch: 179, Dataset: test, Dice: 0.9383, IoU: 0.8904
[2026-03-10 22:20:49,220] Epoch: 179, Dataset: val, Dice: 0.9040, IoU: 0.8432
[2026-03-10 22:21:06,191] Epoch: 180, Dataset: test, Dice: 0.9450, IoU: 0.8986
[2026-03-10 22:21:07,232] Epoch: 180, Dataset: val, Dice: 0.9078, IoU: 0.8473
[2026-03-10 22:21:24,243] Epoch: 181, Dataset: test, Dice: 0.9406, IoU: 0.8920
[2026-03-10 22:21:25,281] Epoch: 181, Dataset: val, Dice: 0.9069, IoU: 0.8456
[2026-03-10 22:21:42,250] Epoch: 182, Dataset: test, Dice: 0.9418, IoU: 0.8936
[2026-03-10 22:21:43,301] Epoch: 182, Dataset: val, Dice: 0.9115, IoU: 0.8501
[2026-03-10 22:22:00,218] Epoch: 183, Dataset: test, Dice: 0.9416, IoU: 0.8937
[2026-03-10 22:22:01,238] Epoch: 183, Dataset: val, Dice: 0.9087, IoU: 0.8466
[2026-03-10 22:22:18,253] Epoch: 184, Dataset: test, Dice: 0.9421, IoU: 0.8937
[2026-03-10 22:22:19,299] Epoch: 184, Dataset: val, Dice: 0.9011, IoU: 0.8407
[2026-03-10 22:22:36,326] Epoch: 185, Dataset: test, Dice: 0.9429, IoU: 0.8954
[2026-03-10 22:22:37,379] Epoch: 185, Dataset: val, Dice: 0.9042, IoU: 0.8438
[2026-03-10 22:22:54,390] Epoch: 186, Dataset: test, Dice: 0.9331, IoU: 0.8796
[2026-03-10 22:22:55,414] Epoch: 186, Dataset: val, Dice: 0.9038, IoU: 0.8393
[2026-03-10 22:23:12,381] Epoch: 187, Dataset: test, Dice: 0.9379, IoU: 0.8878
[2026-03-10 22:23:13,401] Epoch: 187, Dataset: val, Dice: 0.9117, IoU: 0.8517
[2026-03-10 22:23:30,430] Epoch: 188, Dataset: test, Dice: 0.9413, IoU: 0.8932
[2026-03-10 22:23:31,492] Epoch: 188, Dataset: val, Dice: 0.9065, IoU: 0.8459
[2026-03-10 22:23:48,741] Epoch: 189, Dataset: test, Dice: 0.9389, IoU: 0.8894
[2026-03-10 22:23:50,751] Epoch: 189, Dataset: val, Dice: 0.9087, IoU: 0.8487
[2026-03-10 22:24:08,538] Epoch: 190, Dataset: test, Dice: 0.9398, IoU: 0.8912
[2026-03-10 22:24:09,579] Epoch: 190, Dataset: val, Dice: 0.9111, IoU: 0.8510
[2026-03-10 22:24:28,813] Epoch: 191, Dataset: test, Dice: 0.9368, IoU: 0.8867
[2026-03-10 22:24:31,251] Epoch: 191, Dataset: val, Dice: 0.9106, IoU: 0.8503
[2026-03-10 22:24:50,412] Epoch: 192, Dataset: test, Dice: 0.9409, IoU: 0.8922
[2026-03-10 22:24:51,759] Epoch: 192, Dataset: val, Dice: 0.9048, IoU: 0.8446
[2026-03-10 22:25:09,600] Epoch: 193, Dataset: test, Dice: 0.9390, IoU: 0.8899
[2026-03-10 22:25:11,010] Epoch: 193, Dataset: val, Dice: 0.9053, IoU: 0.8446
[2026-03-10 22:25:29,967] Epoch: 194, Dataset: test, Dice: 0.9385, IoU: 0.8890
[2026-03-10 22:25:31,268] Epoch: 194, Dataset: val, Dice: 0.9014, IoU: 0.8368
[2026-03-10 22:25:49,158] Epoch: 195, Dataset: test, Dice: 0.9425, IoU: 0.8949
[2026-03-10 22:25:50,465] Epoch: 195, Dataset: val, Dice: 0.9029, IoU: 0.8419
[2026-03-10 22:26:08,428] Epoch: 196, Dataset: test, Dice: 0.9365, IoU: 0.8864
[2026-03-10 22:26:09,872] Epoch: 196, Dataset: val, Dice: 0.9028, IoU: 0.8392
[2026-03-10 22:26:27,333] Epoch: 197, Dataset: test, Dice: 0.9394, IoU: 0.8908
[2026-03-10 22:26:31,853] Epoch: 197, Dataset: val, Dice: 0.9065, IoU: 0.8435
[2026-03-10 22:26:51,527] Epoch: 198, Dataset: test, Dice: 0.9402, IoU: 0.8917
[2026-03-10 22:26:53,318] Epoch: 198, Dataset: val, Dice: 0.9081, IoU: 0.8472
[2026-03-10 22:27:12,417] Epoch: 199, Dataset: test, Dice: 0.9411, IoU: 0.8930
[2026-03-10 22:27:13,769] Epoch: 199, Dataset: val, Dice: 0.9039, IoU: 0.8411
[2026-03-10 22:27:31,738] Epoch: 200, Dataset: test, Dice: 0.9387, IoU: 0.8895
[2026-03-10 22:27:32,817] Epoch: 200, Dataset: val, Dice: 0.9022, IoU: 0.8401
[2026-03-10 22:27:32,817] 
========================================
FINAL RESULTS: ClinicDB_MK_UNet_bs8_lr0.0005_e200_augTrue_run3_t212337
Best Val Dice: 0.9128
Test Dice at Best Val: 0.9400
Total Train Time: 3260.64s
========================================
